

Microchip Technology PIC LITE Macro Assembler V1.37 build -260352376 
                                                                                               Mon Mar 23 16:48:14 2020

Microchip Technology Omniscient Code Generator v1.37 (Free mode) build 201603110536
     1                           	processor	12F1840
     2                           	opt	pw 120
     3                           	opt	lm
     4                           	psect	cinit,global,class=CODE,merge=1,delta=2
     5                           	psect	bssCOMMON,global,class=COMMON,space=1,delta=1
     6                           	psect	cstackCOMMON,global,class=COMMON,space=1,delta=1
     7                           	psect	maintext,global,class=CODE,merge=1,split=1,delta=2
     8                           	psect	text1,local,class=CODE,merge=1,delta=2
     9                           	psect	text2,local,class=CODE,merge=1,delta=2
    10                           	dabs	1,0x7E,2
    11  0000                     	;# 
    12  0001                     	;# 
    13  0002                     	;# 
    14  0003                     	;# 
    15  0004                     	;# 
    16  0005                     	;# 
    17  0006                     	;# 
    18  0007                     	;# 
    19  0008                     	;# 
    20  0009                     	;# 
    21  000A                     	;# 
    22  000B                     	;# 
    23  000C                     	;# 
    24  0011                     	;# 
    25  0012                     	;# 
    26  0015                     	;# 
    27  0016                     	;# 
    28  0016                     	;# 
    29  0017                     	;# 
    30  0018                     	;# 
    31  0019                     	;# 
    32  001A                     	;# 
    33  001B                     	;# 
    34  001C                     	;# 
    35  001E                     	;# 
    36  001F                     	;# 
    37  008C                     	;# 
    38  0091                     	;# 
    39  0092                     	;# 
    40  0095                     	;# 
    41  0096                     	;# 
    42  0097                     	;# 
    43  0098                     	;# 
    44  0099                     	;# 
    45  009A                     	;# 
    46  009B                     	;# 
    47  009B                     	;# 
    48  009C                     	;# 
    49  009D                     	;# 
    50  009E                     	;# 
    51  010C                     	;# 
    52  0111                     	;# 
    53  0112                     	;# 
    54  0115                     	;# 
    55  0116                     	;# 
    56  0117                     	;# 
    57  0118                     	;# 
    58  0119                     	;# 
    59  011A                     	;# 
    60  011B                     	;# 
    61  011D                     	;# 
    62  011D                     	;# 
    63  018C                     	;# 
    64  0191                     	;# 
    65  0191                     	;# 
    66  0192                     	;# 
    67  0193                     	;# 
    68  0193                     	;# 
    69  0193                     	;# 
    70  0194                     	;# 
    71  0195                     	;# 
    72  0196                     	;# 
    73  0197                     	;# 
    74  0199                     	;# 
    75  019A                     	;# 
    76  019B                     	;# 
    77  019B                     	;# 
    78  019B                     	;# 
    79  019B                     	;# 
    80  019C                     	;# 
    81  019C                     	;# 
    82  019D                     	;# 
    83  019E                     	;# 
    84  019F                     	;# 
    85  020C                     	;# 
    86  0211                     	;# 
    87  0211                     	;# 
    88  0212                     	;# 
    89  0212                     	;# 
    90  0213                     	;# 
    91  0213                     	;# 
    92  0214                     	;# 
    93  0214                     	;# 
    94  0215                     	;# 
    95  0215                     	;# 
    96  0215                     	;# 
    97  0216                     	;# 
    98  0216                     	;# 
    99  0217                     	;# 
   100  0217                     	;# 
   101  0291                     	;# 
   102  0291                     	;# 
   103  0292                     	;# 
   104  0293                     	;# 
   105  0294                     	;# 
   106  0295                     	;# 
   107  0295                     	;# 
   108  0296                     	;# 
   109  0391                     	;# 
   110  0392                     	;# 
   111  0393                     	;# 
   112  039A                     	;# 
   113  039C                     	;# 
   114  039D                     	;# 
   115  039E                     	;# 
   116  039F                     	;# 
   117  0FE4                     	;# 
   118  0FE5                     	;# 
   119  0FE6                     	;# 
   120  0FE7                     	;# 
   121  0FE8                     	;# 
   122  0FE9                     	;# 
   123  0FEA                     	;# 
   124  0FEB                     	;# 
   125  0FED                     	;# 
   126  0FEE                     	;# 
   127  0FEF                     	;# 
   128  008E                     _ADIF	set	142
   129  0060                     _RA0	set	96
   130  0061                     _RA1	set	97
   131  0062                     _RA2	set	98
   132  0064                     _RA4	set	100
   133  0065                     _RA5	set	101
   134  008D                     _RCIF	set	141
   135  008C                     _TXIF	set	140
   136  009C                     _ADRESH	set	156
   137  009B                     _ADRESL	set	155
   138  008C                     _TRISA	set	140
   139  04F4                     _ADCS0	set	1268
   140  04F5                     _ADCS1	set	1269
   141  04F6                     _ADCS2	set	1270
   142  04F7                     _ADFM	set	1271
   143  04E9                     _ADGO	set	1257
   144  04E8                     _ADON	set	1256
   145  04EA                     _CHS0	set	1258
   146  04EB                     _CHS1	set	1259
   147  04EC                     _CHS2	set	1260
   148  04CB                     _IRCF0	set	1227
   149  04CC                     _IRCF1	set	1228
   150  04CD                     _IRCF2	set	1229
   151  04CE                     _IRCF3	set	1230
   152  048D                     _RCIE	set	1165
   153  04C8                     _SCS0	set	1224
   154  04C9                     _SCS1	set	1225
   155  04CF                     _SPLLEN	set	1231
   156  0460                     _TRISA0	set	1120
   157  0461                     _TRISA1	set	1121
   158  0462                     _TRISA2	set	1122
   159  0464                     _TRISA4	set	1124
   160  0465                     _TRISA5	set	1125
   161  018C                     _ANSELA	set	396
   162  0199                     _RCREG	set	409
   163  019B                     _SPBRG	set	411
   164  019A                     _TXREG	set	410
   165  0C61                     _ANSA1	set	3169
   166  0CFB                     _BRG16	set	3323
   167  0CF2                     _BRGH	set	3314
   168  0CEC                     _CREN	set	3308
   169  0CEF                     _SPEN	set	3311
   170  0CF4                     _SYNC	set	3316
   171  0CF5                     _TXEN	set	3317
   172                           
   173                           	psect	cinit
   174  07FB                     start_initialization:	
   175                           ; #config settings
   176                           
   177  07FB                     __initialization:	
   178                           
   179                           ; Clear objects allocated to COMMON
   180  07FB  01F6               	clrf	__pbssCOMMON& (0+127)
   181  07FC  01F7               	clrf	(__pbssCOMMON+1)& (0+127)
   182  07FD                     end_of_initialization:	
   183                           ;End of C runtime variable initialization code
   184                           
   185  07FD                     __end_of__initialization:	
   186  07FD  0020               	movlb	0
   187  07FE  3187  2FBD         	ljmp	_main	;jump to C main() function
   188                           
   189                           	psect	bssCOMMON
   190  0076                     __pbssCOMMON:	
   191  0076                     _measured_adc_value:	
   192  0076                     	ds	2
   193                           
   194                           	psect	cstackCOMMON
   195  0070                     __pcstackCOMMON:	
   196  0070                     ?_DELAY:	
   197  0070                     ??_DELAY:	
   198                           ; 1 bytes @ 0x0
   199                           
   200  0070                     ?_DELAY100:	
   201                           ; 1 bytes @ 0x0
   202                           
   203  0070                     ??_DELAY100:	
   204                           ; 1 bytes @ 0x0
   205                           
   206  0070                     ?_main:	
   207                           ; 1 bytes @ 0x0
   208                           
   209                           
   210                           ; 1 bytes @ 0x0
   211  0070                     	ds	1
   212  0071                     DELAY@number:	
   213                           
   214                           ; 1 bytes @ 0x1
   215  0071                     	ds	1
   216  0072                     DELAY@k:	
   217  0072                     DELAY100@number:	
   218                           ; 1 bytes @ 0x2
   219                           
   220                           
   221                           ; 1 bytes @ 0x2
   222  0072                     	ds	1
   223  0073                     DELAY100@k:	
   224                           
   225                           ; 1 bytes @ 0x3
   226  0073                     	ds	1
   227  0074                     ??_main:	
   228                           
   229                           ; 1 bytes @ 0x4
   230  0074                     	ds	2
   231                           
   232                           	psect	maintext
   233  07BD                     __pmaintext:	
   234 ;;
   235 ;;Main: autosize = 0, tempsize = 2, incstack = 0, save=0
   236 ;;
   237 ;; *************** function _main *****************
   238 ;; Defined at:
   239 ;;		line 21 in file "PIC12F18403StateBuffer.c"
   240 ;; Parameters:    Size  Location     Type
   241 ;;		None
   242 ;; Auto vars:     Size  Location     Type
   243 ;;		None
   244 ;; Return value:  Size  Location     Type
   245 ;;                  1    wreg      void 
   246 ;; Registers used:
   247 ;;		wreg, status,2, status,0, pclath, cstack
   248 ;; Tracked objects:
   249 ;;		On entry : B1F/0
   250 ;;		On exit  : 0/0
   251 ;;		Unchanged: 0/0
   252 ;; Data sizes:     COMMON   BANK0   BANK1   BANK2
   253 ;;      Params:         0       0       0       0
   254 ;;      Locals:         0       0       0       0
   255 ;;      Temps:          2       0       0       0
   256 ;;      Totals:         2       0       0       0
   257 ;;Total ram usage:        2 bytes
   258 ;; Hardware stack levels required when called:    1
   259 ;; This function calls:
   260 ;;		_DELAY
   261 ;;		_DELAY100
   262 ;; This function is called by:
   263 ;;		Startup code after reset
   264 ;; This function uses a non-reentrant model
   265 ;;
   266                           
   267                           
   268                           ;psect for function _main
   269  07BD                     _main:	
   270                           
   271                           ;PIC12F18403StateBuffer.c: 23: ANSELA = 0;
   272                           
   273                           ;incstack = 0
   274                           ; Regs used in _main: [wreg+status,2+status,0+pclath+cstack]
   275  07BD  0023               	movlb	3	; select bank3
   276  07BE  018C               	clrf	12	;volatile
   277                           
   278                           ;PIC12F18403StateBuffer.c: 25: TRISA = 0b00111110;
   279  07BF  303E               	movlw	62
   280  07C0  0021               	movlb	1	; select bank1
   281  07C1  008C               	movwf	12	;volatile
   282                           
   283                           ;PIC12F18403StateBuffer.c: 27: SPLLEN = 0;
   284  07C2  1399               	bcf	25,7	;volatile
   285                           
   286                           ;PIC12F18403StateBuffer.c: 32: IRCF3 = 1;
   287  07C3  1719               	bsf	25,6	;volatile
   288                           
   289                           ;PIC12F18403StateBuffer.c: 33: IRCF2 = 1;
   290  07C4  1699               	bsf	25,5	;volatile
   291                           
   292                           ;PIC12F18403StateBuffer.c: 34: IRCF1 = 0;
   293  07C5  1219               	bcf	25,4	;volatile
   294                           
   295                           ;PIC12F18403StateBuffer.c: 35: IRCF0 = 1;
   296  07C6  1599               	bsf	25,3	;volatile
   297                           
   298                           ;PIC12F18403StateBuffer.c: 37: SCS1 = 1 ;
   299  07C7  1499               	bsf	25,1	;volatile
   300                           
   301                           ;PIC12F18403StateBuffer.c: 38: SCS0 = 0;
   302  07C8  1019               	bcf	25,0	;volatile
   303                           
   304                           ;PIC12F18403StateBuffer.c: 40: DELAY(120);
   305  07C9  3078               	movlw	120
   306  07CA  3187  2797  3187   	fcall	_DELAY
   307                           
   308                           ;PIC12F18403StateBuffer.c: 45: TRISA0 = 0; RA0 = 1;
   309  07CD  0021               	movlb	1	; select bank1
   310  07CE  100C               	bcf	12,0	;volatile
   311  07CF  0020               	movlb	0	; select bank0
   312  07D0  140C               	bsf	12,0	;volatile
   313                           
   314                           ;PIC12F18403StateBuffer.c: 46: TRISA2 = 0; RA2 = 1;
   315  07D1  0021               	movlb	1	; select bank1
   316  07D2  110C               	bcf	12,2	;volatile
   317  07D3  0020               	movlb	0	; select bank0
   318  07D4  150C               	bsf	12,2	;volatile
   319                           
   320                           ;PIC12F18403StateBuffer.c: 48: TRISA4 = 0; RA4 = 0;
   321  07D5  0021               	movlb	1	; select bank1
   322  07D6  120C               	bcf	12,4	;volatile
   323  07D7  0020               	movlb	0	; select bank0
   324  07D8  120C               	bcf	12,4	;volatile
   325                           
   326                           ;PIC12F18403StateBuffer.c: 50: RA0 = 1;
   327  07D9  140C               	bsf	12,0	;volatile
   328                           
   329                           ;PIC12F18403StateBuffer.c: 51: RA2 = 1;
   330  07DA  150C               	bsf	12,2	;volatile
   331                           
   332                           ;PIC12F18403StateBuffer.c: 53: TRISA1 = 0; RA1 = 1;
   333  07DB  0021               	movlb	1	; select bank1
   334  07DC  108C               	bcf	12,1	;volatile
   335  07DD  0020               	movlb	0	; select bank0
   336  07DE  148C               	bsf	12,1	;volatile
   337                           
   338                           ;PIC12F18403StateBuffer.c: 58: _delay((unsigned long)((25)*(4000000/4000.0)));
   339  07DF  3021               	movlw	33
   340  07E0  00F5               	movwf	??_main+1
   341  07E1  3076               	movlw	118
   342  07E2  00F4               	movwf	??_main
   343  07E3                     u87:	
   344  07E3  0BF4               	decfsz	??_main,f
   345  07E4  2FE3               	goto	u87
   346  07E5  0BF5               	decfsz	??_main+1,f
   347  07E6  2FE3               	goto	u87
   348  07E7  0000               	nop
   349                           
   350                           ;PIC12F18403StateBuffer.c: 60: RA4 = 1;
   351  07E8  0020               	movlb	0	; select bank0
   352  07E9  160C               	bsf	12,4	;volatile
   353                           
   354                           ;PIC12F18403StateBuffer.c: 62: TRISA5 = 0;
   355  07EA  0021               	movlb	1	; select bank1
   356  07EB                     L1:	
   357  07EB  128C               	bcf	12,5	;volatile
   358  07EC                     l702:	
   359                           ;PIC12F18403StateBuffer.c: 63: while(1)
   360                           
   361                           
   362                           ;PIC12F18403StateBuffer.c: 64: {
   363                           ;PIC12F18403StateBuffer.c: 66: RA1 = ~RA1;
   364  07EC  3002               	movlw	2
   365  07ED  0020               	movlb	0	; select bank0
   366  07EE  068C               	xorwf	12,f
   367                           
   368                           ;PIC12F18403StateBuffer.c: 67: DELAY100(5);
   369  07EF  3005               	movlw	5
   370  07F0  3187  27A9  3187   	fcall	_DELAY100
   371                           
   372                           ;PIC12F18403StateBuffer.c: 69: RA5 = RA1;
   373  07F3  0020               	movlb	0	; select bank0
   374  07F4  1C8C               	btfss	12,1	;volatile
   375  07F5  2FF9               	goto	u60
   376  07F6  0020               	movlb	0	; select bank0
   377  07F7  168C               	bsf	12,5	;volatile
   378  07F8  2FEC               	goto	l702
   379  07F9                     u60:	
   380  07F9  0020               	movlb	0	; select bank0
   381  07FA  2FEB               	goto	L1
   382  07FB                     __end_of_main:	
   383                           
   384                           	psect	text1
   385  07A9                     __ptext1:	
   386 ;; *************** function _DELAY100 *****************
   387 ;; Defined at:
   388 ;;		line 14 in file "PIC12F18403StateBuffer.c"
   389 ;; Parameters:    Size  Location     Type
   390 ;;  number          1    wreg     unsigned char 
   391 ;; Auto vars:     Size  Location     Type
   392 ;;  number          1    2[COMMON] unsigned char 
   393 ;;  k               1    3[COMMON] unsigned char 
   394 ;; Return value:  Size  Location     Type
   395 ;;                  1    wreg      void 
   396 ;; Registers used:
   397 ;;		wreg, status,2, status,0
   398 ;; Tracked objects:
   399 ;;		On entry : 0/0
   400 ;;		On exit  : 0/0
   401 ;;		Unchanged: 0/0
   402 ;; Data sizes:     COMMON   BANK0   BANK1   BANK2
   403 ;;      Params:         0       0       0       0
   404 ;;      Locals:         2       0       0       0
   405 ;;      Temps:          2       0       0       0
   406 ;;      Totals:         4       0       0       0
   407 ;;Total ram usage:        4 bytes
   408 ;; Hardware stack levels used:    1
   409 ;; This function calls:
   410 ;;		Nothing
   411 ;; This function is called by:
   412 ;;		_main
   413 ;; This function uses a non-reentrant model
   414 ;;
   415                           
   416                           
   417                           ;psect for function _DELAY100
   418  07A9                     _DELAY100:	
   419                           
   420                           ;incstack = 0
   421                           ; Regs used in _DELAY100: [wreg+status,2+status,0]
   422                           ;DELAY100@number stored from wreg
   423  07A9  00F2               	movwf	DELAY100@number
   424                           
   425                           ;PIC12F18403StateBuffer.c: 16: for(byte k=0; k != number; k++)
   426  07AA  01F3               	clrf	DELAY100@k
   427  07AB                     l608:	
   428  07AB  0873               	movf	DELAY100@k,w
   429  07AC  0672               	xorwf	DELAY100@number,w
   430  07AD  1903               	btfsc	3,2
   431  07AE  0008               	return
   432                           
   433                           ;PIC12F18403StateBuffer.c: 17: _delay((unsigned long)((100)*(4000000/4000.0)));
   434  07AF  3082               	movlw	130
   435  07B0  00F1               	movwf	??_DELAY100+1
   436  07B1  30DD               	movlw	221
   437  07B2  00F0               	movwf	??_DELAY100
   438  07B3                     u97:	
   439  07B3  0BF0               	decfsz	??_DELAY100,f
   440  07B4  2FB3               	goto	u97
   441  07B5  0BF1               	decfsz	??_DELAY100+1,f
   442  07B6  2FB3               	goto	u97
   443  07B7  3200               	nop2
   444  07B8  3001               	movlw	1
   445  07B9  00F0               	movwf	??_DELAY100
   446  07BA  0870               	movf	??_DELAY100,w
   447  07BB  07F3               	addwf	DELAY100@k,f
   448  07BC  2FAB               	goto	l608
   449  07BD                     __end_of_DELAY100:	
   450                           
   451                           	psect	text2
   452  0797                     __ptext2:	
   453 ;; *************** function _DELAY *****************
   454 ;; Defined at:
   455 ;;		line 9 in file "PIC12F18403StateBuffer.c"
   456 ;; Parameters:    Size  Location     Type
   457 ;;  number          1    wreg     unsigned char 
   458 ;; Auto vars:     Size  Location     Type
   459 ;;  number          1    1[COMMON] unsigned char 
   460 ;;  k               1    2[COMMON] unsigned char 
   461 ;; Return value:  Size  Location     Type
   462 ;;                  1    wreg      void 
   463 ;; Registers used:
   464 ;;		wreg, status,2, status,0
   465 ;; Tracked objects:
   466 ;;		On entry : 0/0
   467 ;;		On exit  : 0/0
   468 ;;		Unchanged: 0/0
   469 ;; Data sizes:     COMMON   BANK0   BANK1   BANK2
   470 ;;      Params:         0       0       0       0
   471 ;;      Locals:         2       0       0       0
   472 ;;      Temps:          1       0       0       0
   473 ;;      Totals:         3       0       0       0
   474 ;;Total ram usage:        3 bytes
   475 ;; Hardware stack levels used:    1
   476 ;; This function calls:
   477 ;;		Nothing
   478 ;; This function is called by:
   479 ;;		_main
   480 ;;		_ADC_init
   481 ;;		_ADC_read
   482 ;; This function uses a non-reentrant model
   483 ;;
   484                           
   485                           
   486                           ;psect for function _DELAY
   487  0797                     _DELAY:	
   488                           
   489                           ;incstack = 0
   490                           ; Regs used in _DELAY: [wreg+status,2+status,0]
   491                           ;DELAY@number stored from wreg
   492  0797  00F1               	movwf	DELAY@number
   493                           
   494                           ;PIC12F18403StateBuffer.c: 11: for(byte k=0; k != number; k++)
   495  0798  01F2               	clrf	DELAY@k
   496  0799                     l600:	
   497  0799  0872               	movf	DELAY@k,w
   498  079A  0671               	xorwf	DELAY@number,w
   499  079B  1903               	btfsc	3,2
   500  079C  0008               	return
   501                           
   502                           ;PIC12F18403StateBuffer.c: 12: _delay((unsigned long)((1)*(4000000/4000.0)));
   503  079D  30F9               	movlw	249
   504  079E  00F0               	movwf	??_DELAY
   505  079F                     u107:	
   506  079F  0000               	nop
   507  07A0  0BF0               	decfsz	??_DELAY,f
   508  07A1  2F9F               	goto	u107
   509  07A2  3200               	nop2	;nop
   510  07A3  0000               	nop
   511  07A4  3001               	movlw	1
   512  07A5  00F0               	movwf	??_DELAY
   513  07A6  0870               	movf	??_DELAY,w
   514  07A7  07F2               	addwf	DELAY@k,f
   515  07A8  2F99               	goto	l600
   516  07A9                     __end_of_DELAY:	
   517  007E                     btemp	set	126	;btemp
   518  007E                     wtemp	set	126
   519  007E                     wtemp0	set	126
   520  0080                     wtemp1	set	128
   521  0082                     wtemp2	set	130
   522  0084                     wtemp3	set	132
   523  0086                     wtemp4	set	134
   524  0088                     wtemp5	set	136
   525  007F                     wtemp6	set	127
   526  007E                     ttemp	set	126
   527  007E                     ttemp0	set	126
   528  0081                     ttemp1	set	129
   529  0084                     ttemp2	set	132
   530  0087                     ttemp3	set	135
   531  007F                     ttemp4	set	127
   532  007E                     ltemp	set	126
   533  007E                     ltemp0	set	126
   534  0082                     ltemp1	set	130
   535  0086                     ltemp2	set	134
   536  0080                     ltemp3	set	128


Data Sizes:
    Strings     0
    Constant    0
    Data        0
    BSS         2
    Persistent  0
    Stack       0

Auto Spaces:
    Space          Size  Autos    Used
    COMMON           14      6       8
    BANK0            80      0       0
    BANK1            80      0       0
    BANK2            64      0       0

Pointer List with Targets:

    None.

Critical Paths under _main in COMMON

    _main->_DELAY100

Critical Paths under _main in BANK0

    None.

Critical Paths under _main in BANK1

    None.

Critical Paths under _main in BANK2

    None.

Call Graph Tables:

 ---------------------------------------------------------------------------------
 (Depth) Function   	        Calls       Base Space   Used Autos Params    Refs
 ---------------------------------------------------------------------------------
 (0) _main                                                 2     2      0      60
                                              4 COMMON     2     2      0
                              _DELAY
                           _DELAY100
 ---------------------------------------------------------------------------------
 (1) _DELAY100                                             4     4      0      30
                                              0 COMMON     4     4      0
 ---------------------------------------------------------------------------------
 (1) _DELAY                                                3     3      0      30
                                              0 COMMON     3     3      0
 ---------------------------------------------------------------------------------
 Estimated maximum stack depth 1
 ---------------------------------------------------------------------------------

 Call Graph Graphs:

 _main (ROOT)
   _DELAY
   _DELAY100

 Address spaces:
Name               Size   Autos  Total    Cost      Usage
BIGRAM              E0      0       0       0        0.0%
EEDATA             100      0       0       0        0.0%
NULL                 0      0       0       0        0.0%
CODE                 0      0       0       0        0.0%
BITCOMMON            E      0       0       1        0.0%
BITSFR0              0      0       0       1        0.0%
SFR0                 0      0       0       1        0.0%
COMMON               E      6       8       2       57.1%
BITSFR1              0      0       0       2        0.0%
SFR1                 0      0       0       2        0.0%
BITSFR2              0      0       0       3        0.0%
SFR2                 0      0       0       3        0.0%
STACK                0      0       0       3        0.0%
BITSFR3              0      0       0       4        0.0%
SFR3                 0      0       0       4        0.0%
ABS                  0      0       8       4        0.0%
BITBANK0            50      0       0       5        0.0%
BITSFR4              0      0       0       5        0.0%
SFR4                 0      0       0       5        0.0%
BANK0               50      0       0       6        0.0%
BITSFR5              0      0       0       6        0.0%
SFR5                 0      0       0       6        0.0%
BITBANK1            50      0       0       7        0.0%
BITSFR6              0      0       0       7        0.0%
SFR6                 0      0       0       7        0.0%
BANK1               50      0       0       8        0.0%
BITSFR7              0      0       0       8        0.0%
SFR7                 0      0       0       8        0.0%
BITBANK2            40      0       0       9        0.0%
BITSFR8              0      0       0       9        0.0%
SFR8                 0      0       0       9        0.0%
BANK2               40      0       0      10        0.0%
BITSFR9              0      0       0      10        0.0%
SFR9                 0      0       0      10        0.0%
BITSFR10             0      0       0      11        0.0%
SFR10                0      0       0      11        0.0%
DATA                 0      0       8      11        0.0%
BITSFR11             0      0       0      12        0.0%
SFR11                0      0       0      12        0.0%
BITSFR12             0      0       0      13        0.0%
SFR12                0      0       0      13        0.0%
BITSFR13             0      0       0      14        0.0%
SFR13                0      0       0      14        0.0%
BITSFR14             0      0       0      15        0.0%
SFR14                0      0       0      15        0.0%
BITSFR15             0      0       0      16        0.0%
SFR15                0      0       0      16        0.0%
BITSFR16             0      0       0      17        0.0%
SFR16                0      0       0      17        0.0%
BITSFR17             0      0       0      18        0.0%
SFR17                0      0       0      18        0.0%
BITSFR18             0      0       0      19        0.0%
SFR18                0      0       0      19        0.0%
BITSFR19             0      0       0      20        0.0%
SFR19                0      0       0      20        0.0%
BITSFR20             0      0       0      21        0.0%
SFR20                0      0       0      21        0.0%
BITSFR21             0      0       0      22        0.0%
SFR21                0      0       0      22        0.0%
BITSFR22             0      0       0      23        0.0%
SFR22                0      0       0      23        0.0%
BITSFR23             0      0       0      24        0.0%
SFR23                0      0       0      24        0.0%
BITSFR24             0      0       0      25        0.0%
SFR24                0      0       0      25        0.0%
BITSFR25             0      0       0      26        0.0%
SFR25                0      0       0      26        0.0%
BITSFR26             0      0       0      27        0.0%
SFR26                0      0       0      27        0.0%
BITSFR27             0      0       0      28        0.0%
SFR27                0      0       0      28        0.0%
BITSFR28             0      0       0      29        0.0%
SFR28                0      0       0      29        0.0%
BITSFR29             0      0       0      30        0.0%
SFR29                0      0       0      30        0.0%
BITSFR30             0      0       0      31        0.0%
SFR30                0      0       0      31        0.0%
BITSFR31             0      0       0      32        0.0%
SFR31                0      0       0      32        0.0%


Microchip Technology PIC Macro Assembler V1.37 build -260352376 
Symbol Table                                                                                   Mon Mar 23 16:48:14 2020

                     u60 07F9                       u87 07E3                       u97 07B3  
                    l600 0799                      l702 07EC                      l608 07AB  
                    _RA0 0060                      _RA1 0061                      _RA2 0062  
                    _RA4 0064                      _RA5 0065                      u107 079F  
                   _ADIF 008E                     _ADFM 04F7                     _ADGO 04E9  
                   _ADON 04E8                     _CHS0 04EA                     _CHS1 04EB  
                   _CHS2 04EC                     _BRGH 0CF2                     _CREN 0CEC  
                   _RCIE 048D                     _RCIF 008D                     _SCS0 04C8  
                   _SCS1 04C9                     _SPEN 0CEF                     _TXEN 0CF5  
                   _TXIF 008C                     _SYNC 0CF4                     _main 07BD  
                   btemp 007E         __end_of_DELAY100 07BD                     ltemp 007E  
                   start 0003                     ttemp 007E                     wtemp 007E  
                  _ADCS0 04F4                    _ADCS1 04F5                    _ADCS2 04F6  
                  ?_main 0070                    _BRG16 0CFB                    _DELAY 0797  
                  _ANSA1 0C61                    _IRCF0 04CB                    _IRCF1 04CC  
                  _IRCF2 04CD                    _IRCF3 04CE                    _RCREG 0199  
                  _SPBRG 019B                    _TRISA 008C                    _TXREG 019A  
                  ltemp0 007E                    ltemp1 0082                    ltemp2 0086  
                  ltemp3 0080                    ttemp0 007E                    ttemp1 0081  
                  ttemp2 0084                    ttemp3 0087                    ttemp4 007F  
                  wtemp0 007E                    wtemp1 0080                    wtemp2 0082  
                  wtemp3 0084                    wtemp4 0086                    wtemp5 0088  
                  wtemp6 007F          __initialization 07FB             __end_of_main 07FB  
                 DELAY@k 0072                   ??_main 0074                   ?_DELAY 0070  
              DELAY100@k 0073                   _ADRESH 009C                   _ADRESL 009B  
                 _ANSELA 018C                   _SPLLEN 04CF                   _TRISA0 0460  
                 _TRISA1 0461                   _TRISA2 0462                   _TRISA4 0464  
                 _TRISA5 0465                ?_DELAY100 0070  __end_of__initialization 07FD  
          __end_of_DELAY 07A9           __pcstackCOMMON 0070       _measured_adc_value 0076  
                ??_DELAY 0070               ??_DELAY100 0070               __pmaintext 07BD  
                __ptext1 07A9                  __ptext2 0797     end_of_initialization 07FD  
      __size_of_DELAY100 0014           DELAY100@number 0072      start_initialization 07FB  
            __pbssCOMMON 0076                ___latbits 0001           __size_of_DELAY 0012  
               _DELAY100 07A9              DELAY@number 0071            __size_of_main 003E  
