

Microchip Technology PIC LITE Macro Assembler V1.37 build -260352376 
                                                                                               Sat Apr 25 23:49:50 2020

Microchip Technology Omniscient Code Generator v1.37 (Free mode) build 201603110536
     1                           	processor	12F1840
     2                           	opt	pw 120
     3                           	opt	lm
     4                           	psect	cinit,global,class=CODE,merge=1,delta=2
     5                           	psect	bssCOMMON,global,class=COMMON,space=1,delta=1
     6                           	psect	cstackCOMMON,global,class=COMMON,space=1,delta=1
     7                           	psect	cstackBANK0,global,class=BANK0,space=1,delta=1
     8                           	psect	maintext,global,class=CODE,merge=1,split=1,delta=2
     9                           	psect	text1,local,class=CODE,merge=1,delta=2
    10                           	psect	text2,local,class=CODE,merge=1,delta=2
    11                           	psect	text3,local,class=CODE,merge=1,delta=2
    12                           	psect	text4,local,class=CODE,merge=1,delta=2
    13                           	psect	text5,local,class=CODE,merge=1,delta=2
    14                           	psect	text6,local,class=CODE,merge=1,delta=2
    15                           	psect	text7,local,class=CODE,merge=1,delta=2
    16                           	psect	text8,local,class=CODE,merge=1,delta=2
    17                           	psect	text9,local,class=CODE,merge=1,delta=2
    18                           	psect	text10,local,class=CODE,merge=1,delta=2
    19                           	psect	text11,local,class=CODE,merge=1,delta=2
    20                           	psect	text12,local,class=CODE,merge=1,delta=2
    21                           	psect	text13,local,class=CODE,merge=1,delta=2
    22                           	dabs	1,0x7E,2
    23  0000                     	;# 
    24  0001                     	;# 
    25  0002                     	;# 
    26  0003                     	;# 
    27  0004                     	;# 
    28  0005                     	;# 
    29  0006                     	;# 
    30  0007                     	;# 
    31  0008                     	;# 
    32  0009                     	;# 
    33  000A                     	;# 
    34  000B                     	;# 
    35  000C                     	;# 
    36  0011                     	;# 
    37  0012                     	;# 
    38  0015                     	;# 
    39  0016                     	;# 
    40  0016                     	;# 
    41  0017                     	;# 
    42  0018                     	;# 
    43  0019                     	;# 
    44  001A                     	;# 
    45  001B                     	;# 
    46  001C                     	;# 
    47  001E                     	;# 
    48  001F                     	;# 
    49  008C                     	;# 
    50  0091                     	;# 
    51  0092                     	;# 
    52  0095                     	;# 
    53  0096                     	;# 
    54  0097                     	;# 
    55  0098                     	;# 
    56  0099                     	;# 
    57  009A                     	;# 
    58  009B                     	;# 
    59  009B                     	;# 
    60  009C                     	;# 
    61  009D                     	;# 
    62  009E                     	;# 
    63  010C                     	;# 
    64  0111                     	;# 
    65  0112                     	;# 
    66  0115                     	;# 
    67  0116                     	;# 
    68  0117                     	;# 
    69  0118                     	;# 
    70  0119                     	;# 
    71  011A                     	;# 
    72  011B                     	;# 
    73  011D                     	;# 
    74  011D                     	;# 
    75  018C                     	;# 
    76  0191                     	;# 
    77  0191                     	;# 
    78  0192                     	;# 
    79  0193                     	;# 
    80  0193                     	;# 
    81  0193                     	;# 
    82  0194                     	;# 
    83  0195                     	;# 
    84  0196                     	;# 
    85  0197                     	;# 
    86  0199                     	;# 
    87  019A                     	;# 
    88  019B                     	;# 
    89  019B                     	;# 
    90  019B                     	;# 
    91  019B                     	;# 
    92  019C                     	;# 
    93  019C                     	;# 
    94  019D                     	;# 
    95  019E                     	;# 
    96  019F                     	;# 
    97  020C                     	;# 
    98  0211                     	;# 
    99  0211                     	;# 
   100  0212                     	;# 
   101  0212                     	;# 
   102  0213                     	;# 
   103  0213                     	;# 
   104  0214                     	;# 
   105  0214                     	;# 
   106  0215                     	;# 
   107  0215                     	;# 
   108  0215                     	;# 
   109  0216                     	;# 
   110  0216                     	;# 
   111  0217                     	;# 
   112  0217                     	;# 
   113  0291                     	;# 
   114  0291                     	;# 
   115  0292                     	;# 
   116  0293                     	;# 
   117  0294                     	;# 
   118  0295                     	;# 
   119  0295                     	;# 
   120  0296                     	;# 
   121  0391                     	;# 
   122  0392                     	;# 
   123  0393                     	;# 
   124  039A                     	;# 
   125  039C                     	;# 
   126  039D                     	;# 
   127  039E                     	;# 
   128  039F                     	;# 
   129  0FE4                     	;# 
   130  0FE5                     	;# 
   131  0FE6                     	;# 
   132  0FE7                     	;# 
   133  0FE8                     	;# 
   134  0FE9                     	;# 
   135  0FEA                     	;# 
   136  0FEB                     	;# 
   137  0FED                     	;# 
   138  0FEE                     	;# 
   139  0FEF                     	;# 
   140  008B                     _SSP1IF	set	139
   141  008C                     _TRISA	set	140
   142  04CB                     _IRCF0	set	1227
   143  04CC                     _IRCF1	set	1228
   144  04CD                     _IRCF2	set	1229
   145  04CE                     _IRCF3	set	1230
   146  04C8                     _SCS0	set	1224
   147  04C9                     _SCS1	set	1225
   148  04CF                     _SPLLEN	set	1231
   149  0461                     _TRISA1	set	1121
   150  0462                     _TRISA2	set	1122
   151  018C                     _ANSELA	set	396
   152  0C61                     _ANSA1	set	3169
   153  0C62                     _ANSA2	set	3170
   154  0212                     _SSPADD	set	530
   155  0211                     _SSPBUF	set	529
   156  10B5                     _ACKDT	set	4277
   157  10B4                     _ACKEN	set	4276
   158  10A0                     _BF	set	4256
   159  10B2                     _PEN	set	4274
   160  10B3                     _RCEN	set	4275
   161  10B0                     _SEN	set	4272
   162  10AD                     _SSPEN	set	4269
   163  10A8                     _SSPM0	set	4264
   164  10A9                     _SSPM1	set	4265
   165  10AA                     _SSPM2	set	4266
   166  10AB                     _SSPM3	set	4267
   167                           
   168                           	psect	cinit
   169  07FC                     start_initialization:	
   170                           ; #config settings
   171                           
   172  07FC                     __initialization:	
   173                           
   174                           ; Clear objects allocated to COMMON
   175  07FC  01FD               	clrf	__pbssCOMMON& (0+127)
   176  07FD                     end_of_initialization:	
   177                           ;End of C runtime variable initialization code
   178                           
   179  07FD                     __end_of__initialization:	
   180  07FD  0020               	movlb	0
   181  07FE  3187  2F29         	ljmp	_main	;jump to C main() function
   182                           
   183                           	psect	bssCOMMON
   184  007D                     __pbssCOMMON:	
   185  007D                     _unnecessary:	
   186  007D                     	ds	1
   187                           
   188                           	psect	cstackCOMMON
   189  0070                     __pcstackCOMMON:	
   190  0070                     ?_DELAY:	
   191  0070                     ??_DELAY:	
   192                           ; 1 bytes @ 0x0
   193                           
   194  0070                     ?_DELAY100:	
   195                           ; 1 bytes @ 0x0
   196                           
   197  0070                     ??_DELAY100:	
   198                           ; 1 bytes @ 0x0
   199                           
   200  0070                     ?_I2C_initialize:	
   201                           ; 1 bytes @ 0x0
   202                           
   203  0070                     ?_I2C_Start:	
   204                           ; 1 bytes @ 0x0
   205                           
   206  0070                     ??_I2C_Start:	
   207                           ; 1 bytes @ 0x0
   208                           
   209  0070                     ?_I2C_data_receive:	
   210                           ; 1 bytes @ 0x0
   211                           
   212  0070                     ??_I2C_data_receive:	
   213                           ; 1 bytes @ 0x0
   214                           
   215  0070                     ?_I2C_data_send:	
   216                           ; 1 bytes @ 0x0
   217                           
   218  0070                     ??_I2C_data_send:	
   219                           ; 1 bytes @ 0x0
   220                           
   221  0070                     ?_I2C_SendNACK:	
   222                           ; 1 bytes @ 0x0
   223                           
   224  0070                     ??_I2C_SendNACK:	
   225                           ; 1 bytes @ 0x0
   226                           
   227  0070                     ?_I2C_Stop:	
   228                           ; 1 bytes @ 0x0
   229                           
   230  0070                     ??_I2C_Stop:	
   231                           ; 1 bytes @ 0x0
   232                           
   233  0070                     ?_PCA9684_read_byte:	
   234                           ; 1 bytes @ 0x0
   235                           
   236  0070                     ?_PCA9685_init:	
   237                           ; 1 bytes @ 0x0
   238                           
   239  0070                     ?_main:	
   240                           ; 1 bytes @ 0x0
   241                           
   242  0070                     ?_PCA9684_set_prescaler:	
   243                           ; 1 bytes @ 0x0
   244                           
   245                           
   246                           ; 2 bytes @ 0x0
   247  0070                     	ds	1
   248  0071                     DELAY@number:	
   249  0071                     I2C_data_send@data:	
   250                           ; 1 bytes @ 0x1
   251                           
   252                           
   253                           ; 1 bytes @ 0x1
   254  0071                     	ds	1
   255  0072                     ?_PCA9685_write1Byte_memory:	
   256  0072                     ?_PCA9684_set_pwm:	
   257                           ; 1 bytes @ 0x2
   258                           
   259  0072                     ??_PCA9684_read_byte:	
   260                           ; 1 bytes @ 0x2
   261                           
   262  0072                     DELAY@k:	
   263                           ; 1 bytes @ 0x2
   264                           
   265  0072                     DELAY100@number:	
   266                           ; 1 bytes @ 0x2
   267                           
   268  0072                     PCA9685_write1Byte_memory@data:	
   269                           ; 1 bytes @ 0x2
   270                           
   271  0072                     PCA9684_set_pwm@pwm_value:	
   272                           ; 1 bytes @ 0x2
   273                           
   274                           
   275                           ; 2 bytes @ 0x2
   276  0072                     	ds	1
   277  0073                     ??_I2C_initialize:	
   278  0073                     ??_PCA9685_write1Byte_memory:	
   279                           ; 1 bytes @ 0x3
   280                           
   281  0073                     DELAY100@k:	
   282                           ; 1 bytes @ 0x3
   283                           
   284  0073                     PCA9685_write1Byte_memory@address:	
   285                           ; 1 bytes @ 0x3
   286                           
   287                           
   288                           ; 1 bytes @ 0x3
   289  0073                     	ds	1
   290  0074                     ??_PCA9684_set_pwm:	
   291  0074                     PCA9684_read_byte@address:	
   292                           ; 1 bytes @ 0x4
   293                           
   294                           
   295                           ; 1 bytes @ 0x4
   296  0074                     	ds	1
   297  0075                     PCA9684_read_byte@data:	
   298                           
   299                           ; 1 bytes @ 0x5
   300  0075                     	ds	1
   301  0076                     ??_PCA9684_set_prescaler:	
   302  0076                     PCA9684_set_pwm@led_number:	
   303                           ; 1 bytes @ 0x6
   304                           
   305                           
   306                           ; 1 bytes @ 0x6
   307  0076                     	ds	1
   308  0077                     PCA9684_set_pwm@address:	
   309                           
   310                           ; 1 bytes @ 0x7
   311  0077                     	ds	1
   312  0078                     PCA9684_set_prescaler@value:	
   313                           
   314                           ; 1 bytes @ 0x8
   315  0078                     	ds	1
   316  0079                     PCA9684_set_prescaler@dat:	
   317                           
   318                           ; 1 bytes @ 0x9
   319  0079                     	ds	1
   320  007A                     ??_PCA9685_init:	
   321                           
   322                           ; 1 bytes @ 0xA
   323  007A                     	ds	2
   324  007C                     PCA9685_init@command:	
   325                           
   326                           ; 1 bytes @ 0xC
   327  007C                     	ds	1
   328                           
   329                           	psect	cstackBANK0
   330  0020                     __pcstackBANK0:	
   331  0020                     ??_main:	
   332                           
   333                           ; 1 bytes @ 0x0
   334  0020                     	ds	2
   335  0022                     main@a:	
   336                           
   337                           ; 2 bytes @ 0x2
   338  0022                     	ds	2
   339  0024                     main@a_99:	
   340                           
   341                           ; 2 bytes @ 0x4
   342  0024                     	ds	2
   343                           
   344                           	psect	maintext
   345  0729                     __pmaintext:	
   346 ;;
   347 ;;Main: autosize = 0, tempsize = 2, incstack = 0, save=0
   348 ;;
   349 ;; *************** function _main *****************
   350 ;; Defined at:
   351 ;;		line 28 in file "PIC12F184016ChannelPWM.c"
   352 ;; Parameters:    Size  Location     Type
   353 ;;		None
   354 ;; Auto vars:     Size  Location     Type
   355 ;;  a               2    4[BANK0 ] int 
   356 ;;  a               2    2[BANK0 ] int 
   357 ;; Return value:  Size  Location     Type
   358 ;;                  1    wreg      void 
   359 ;; Registers used:
   360 ;;		wreg, status,2, status,0, pclath, cstack
   361 ;; Tracked objects:
   362 ;;		On entry : B1F/0
   363 ;;		On exit  : 0/0
   364 ;;		Unchanged: 0/0
   365 ;; Data sizes:     COMMON   BANK0   BANK1   BANK2
   366 ;;      Params:         0       0       0       0
   367 ;;      Locals:         0       4       0       0
   368 ;;      Temps:          0       2       0       0
   369 ;;      Totals:         0       6       0       0
   370 ;;Total ram usage:        6 bytes
   371 ;; Hardware stack levels required when called:    4
   372 ;; This function calls:
   373 ;;		_DELAY
   374 ;;		_DELAY100
   375 ;;		_I2C_initialize
   376 ;;		_PCA9684_set_pwm
   377 ;;		_PCA9685_init
   378 ;; This function is called by:
   379 ;;		Startup code after reset
   380 ;; This function uses a non-reentrant model
   381 ;;
   382                           
   383                           
   384                           ;psect for function _main
   385  0729                     _main:	
   386                           
   387                           ;PIC12F184016ChannelPWM.c: 30: ANSELA = 0;
   388                           
   389                           ;incstack = 0
   390                           ; Regs used in _main: [wreg+status,2+status,0+pclath+cstack]
   391  0729  0023               	movlb	3	; select bank3
   392  072A  018C               	clrf	12	;volatile
   393                           
   394                           ;PIC12F184016ChannelPWM.c: 32: TRISA = 0b00111110;
   395  072B  303E               	movlw	62
   396  072C  0021               	movlb	1	; select bank1
   397  072D  008C               	movwf	12	;volatile
   398                           
   399                           ;PIC12F184016ChannelPWM.c: 34: SPLLEN = 0;
   400  072E  1399               	bcf	25,7	;volatile
   401                           
   402                           ;PIC12F184016ChannelPWM.c: 39: IRCF3 = 1;
   403  072F  1719               	bsf	25,6	;volatile
   404                           
   405                           ;PIC12F184016ChannelPWM.c: 40: IRCF2 = 1;
   406  0730  1699               	bsf	25,5	;volatile
   407                           
   408                           ;PIC12F184016ChannelPWM.c: 41: IRCF1 = 0;
   409  0731  1219               	bcf	25,4	;volatile
   410                           
   411                           ;PIC12F184016ChannelPWM.c: 42: IRCF0 = 1;
   412  0732  1599               	bsf	25,3	;volatile
   413                           
   414                           ;PIC12F184016ChannelPWM.c: 44: SCS1 = 1 ;
   415  0733  1499               	bsf	25,1	;volatile
   416                           
   417                           ;PIC12F184016ChannelPWM.c: 45: SCS0 = 0;
   418  0734  1019               	bcf	25,0	;volatile
   419                           
   420                           ;PIC12F184016ChannelPWM.c: 46: I2C_initialize();
   421  0735  3186  262D  3187   	fcall	_I2C_initialize
   422                           
   423                           ;PIC12F184016ChannelPWM.c: 47: DELAY(120);
   424  0738  3078               	movlw	120
   425  0739  3185  25F4  3187   	fcall	_DELAY
   426                           
   427                           ;PIC12F184016ChannelPWM.c: 48: PCA9685_init();
   428  073C  3186  26B0  3187   	fcall	_PCA9685_init
   429                           
   430                           ;PIC12F184016ChannelPWM.c: 49: PCA9684_set_pwm(1, 1024);
   431  073F  3000               	movlw	0
   432  0740  00F2               	movwf	PCA9684_set_pwm@pwm_value
   433  0741  3004               	movlw	4
   434  0742  00F3               	movwf	PCA9684_set_pwm@pwm_value+1
   435  0743  3001               	movlw	1
   436  0744  3186  2659  3187   	fcall	_PCA9684_set_pwm
   437                           
   438                           ;PIC12F184016ChannelPWM.c: 50: PCA9684_set_pwm(2, 3072);
   439  0747  3000               	movlw	0
   440  0748  00F2               	movwf	PCA9684_set_pwm@pwm_value
   441  0749  300C               	movlw	12
   442  074A  00F3               	movwf	PCA9684_set_pwm@pwm_value+1
   443  074B  3002               	movlw	2
   444  074C  3186  2659  3187   	fcall	_PCA9684_set_pwm
   445                           
   446                           ;PIC12F184016ChannelPWM.c: 51: PCA9684_set_pwm(3, 4096);
   447  074F  3000               	movlw	0
   448  0750  00F2               	movwf	PCA9684_set_pwm@pwm_value
   449  0751  3010               	movlw	16
   450  0752  00F3               	movwf	PCA9684_set_pwm@pwm_value+1
   451  0753  3003               	movlw	3
   452  0754  3186  2659  3187   	fcall	_PCA9684_set_pwm
   453  0757                     l968:	
   454                           ;PIC12F184016ChannelPWM.c: 58: while(1)
   455                           
   456                           
   457                           ;PIC12F184016ChannelPWM.c: 59: {
   458                           ;PIC12F184016ChannelPWM.c: 60: for(int a = 0; a < 4096; a += 100 )
   459  0757  0020               	movlb	0	; select bank0
   460  0758  01A2               	clrf	main@a
   461  0759  01A3               	clrf	main@a+1
   462  075A  0823               	movf	main@a+1,w
   463  075B  3A80               	xorlw	128
   464  075C  00A0               	movwf	??_main
   465  075D  3090               	movlw	144
   466  075E  0220               	subwf	??_main,w
   467  075F  1D03               	skipz
   468  0760  2F63               	goto	u285
   469  0761  3000               	movlw	0
   470  0762  0222               	subwf	main@a,w
   471  0763                     u285:	
   472  0763  1803               	btfsc	3,0
   473  0764  2FA6               	goto	l986
   474  0765                     l972:	
   475                           
   476                           ;PIC12F184016ChannelPWM.c: 61: {
   477                           ;PIC12F184016ChannelPWM.c: 62: PCA9684_set_pwm(0, a);
   478  0765  0020               	movlb	0	; select bank0
   479  0766  0823               	movf	main@a+1,w
   480  0767  00F3               	movwf	PCA9684_set_pwm@pwm_value+1
   481  0768  0822               	movf	main@a,w
   482  0769  00F2               	movwf	PCA9684_set_pwm@pwm_value
   483  076A  3000               	movlw	0
   484  076B  3186  2659  3187   	fcall	_PCA9684_set_pwm
   485                           
   486                           ;PIC12F184016ChannelPWM.c: 63: _delay((unsigned long)((25)*(4000000/4000.0)));
   487  076E  3021               	movlw	33
   488  076F  0020               	movlb	0	; select bank0
   489  0770  00A1               	movwf	??_main+1
   490  0771  3076               	movlw	118
   491  0772  00A0               	movwf	??_main
   492  0773                     u327:	
   493  0773  0BA0               	decfsz	??_main,f
   494  0774  2F73               	goto	u327
   495  0775  0BA1               	decfsz	??_main+1,f
   496  0776  2F73               	goto	u327
   497  0777  0000               	nop
   498                           
   499                           ;PIC12F184016ChannelPWM.c: 64: _delay((unsigned long)((25)*(4000000/4000.0)));
   500  0778  3021               	movlw	33
   501  0779  0020               	movlb	0	; select bank0
   502  077A  00A1               	movwf	??_main+1
   503  077B  3076               	movlw	118
   504  077C  00A0               	movwf	??_main
   505  077D                     u337:	
   506  077D  0BA0               	decfsz	??_main,f
   507  077E  2F7D               	goto	u337
   508  077F  0BA1               	decfsz	??_main+1,f
   509  0780  2F7D               	goto	u337
   510  0781  0000               	nop
   511                           
   512                           ;PIC12F184016ChannelPWM.c: 65: _delay((unsigned long)((25)*(4000000/4000.0)));
   513  0782  3021               	movlw	33
   514  0783  0020               	movlb	0	; select bank0
   515  0784  00A1               	movwf	??_main+1
   516  0785  3076               	movlw	118
   517  0786  00A0               	movwf	??_main
   518  0787                     u347:	
   519  0787  0BA0               	decfsz	??_main,f
   520  0788  2F87               	goto	u347
   521  0789  0BA1               	decfsz	??_main+1,f
   522  078A  2F87               	goto	u347
   523  078B  0000               	nop
   524                           
   525                           ;PIC12F184016ChannelPWM.c: 66: _delay((unsigned long)((25)*(4000000/4000.0)));
   526  078C  3021               	movlw	33
   527  078D  0020               	movlb	0	; select bank0
   528  078E  00A1               	movwf	??_main+1
   529  078F  3076               	movlw	118
   530  0790  00A0               	movwf	??_main
   531  0791                     u357:	
   532  0791  0BA0               	decfsz	??_main,f
   533  0792  2F91               	goto	u357
   534  0793  0BA1               	decfsz	??_main+1,f
   535  0794  2F91               	goto	u357
   536  0795  0000               	nop
   537  0796  3064               	movlw	100
   538  0797  0020               	movlb	0	; select bank0
   539  0798  07A2               	addwf	main@a,f
   540  0799  3000               	movlw	0
   541  079A  3DA3               	addwfc	main@a+1,f
   542  079B  0823               	movf	main@a+1,w
   543  079C  3A80               	xorlw	128
   544  079D  00A0               	movwf	??_main
   545  079E  3090               	movlw	144
   546  079F  0220               	subwf	??_main,w
   547  07A0  1D03               	skipz
   548  07A1  2FA4               	goto	u295
   549  07A2  3000               	movlw	0
   550  07A3  0222               	subwf	main@a,w
   551  07A4                     u295:	
   552  07A4  1C03               	skipc
   553  07A5  2F65               	goto	l972
   554  07A6                     l986:	
   555                           
   556                           ;PIC12F184016ChannelPWM.c: 67: }
   557                           ;PIC12F184016ChannelPWM.c: 69: for(int a = 4095; a > 0; a -= 100 )
   558  07A6  30FF               	movlw	255
   559  07A7  0020               	movlb	0	; select bank0
   560  07A8  00A4               	movwf	main@a_99
   561  07A9  300F               	movlw	15
   562  07AA  00A5               	movwf	main@a_99+1
   563  07AB  0825               	movf	main@a_99+1,w
   564  07AC  3A80               	xorlw	128
   565  07AD  00A0               	movwf	??_main
   566  07AE  3080               	movlw	128
   567  07AF  0220               	subwf	??_main,w
   568  07B0  1D03               	skipz
   569  07B1  2FB4               	goto	u305
   570  07B2  3001               	movlw	1
   571  07B3  0224               	subwf	main@a_99,w
   572  07B4                     u305:	
   573  07B4  1C03               	btfss	3,0
   574  07B5  2FF7               	goto	l1004
   575  07B6                     l990:	
   576                           
   577                           ;PIC12F184016ChannelPWM.c: 70: {
   578                           ;PIC12F184016ChannelPWM.c: 71: PCA9684_set_pwm(0, a);
   579  07B6  0020               	movlb	0	; select bank0
   580  07B7  0825               	movf	main@a_99+1,w
   581  07B8  00F3               	movwf	PCA9684_set_pwm@pwm_value+1
   582  07B9  0824               	movf	main@a_99,w
   583  07BA  00F2               	movwf	PCA9684_set_pwm@pwm_value
   584  07BB  3000               	movlw	0
   585  07BC  3186  2659  3187   	fcall	_PCA9684_set_pwm
   586                           
   587                           ;PIC12F184016ChannelPWM.c: 72: _delay((unsigned long)((25)*(4000000/4000.0)));
   588  07BF  3021               	movlw	33
   589  07C0  0020               	movlb	0	; select bank0
   590  07C1  00A1               	movwf	??_main+1
   591  07C2  3076               	movlw	118
   592  07C3  00A0               	movwf	??_main
   593  07C4                     u367:	
   594  07C4  0BA0               	decfsz	??_main,f
   595  07C5  2FC4               	goto	u367
   596  07C6  0BA1               	decfsz	??_main+1,f
   597  07C7  2FC4               	goto	u367
   598  07C8  0000               	nop
   599                           
   600                           ;PIC12F184016ChannelPWM.c: 73: _delay((unsigned long)((25)*(4000000/4000.0)));
   601  07C9  3021               	movlw	33
   602  07CA  0020               	movlb	0	; select bank0
   603  07CB  00A1               	movwf	??_main+1
   604  07CC  3076               	movlw	118
   605  07CD  00A0               	movwf	??_main
   606  07CE                     u377:	
   607  07CE  0BA0               	decfsz	??_main,f
   608  07CF  2FCE               	goto	u377
   609  07D0  0BA1               	decfsz	??_main+1,f
   610  07D1  2FCE               	goto	u377
   611  07D2  0000               	nop
   612                           
   613                           ;PIC12F184016ChannelPWM.c: 74: _delay((unsigned long)((25)*(4000000/4000.0)));
   614  07D3  3021               	movlw	33
   615  07D4  0020               	movlb	0	; select bank0
   616  07D5  00A1               	movwf	??_main+1
   617  07D6  3076               	movlw	118
   618  07D7  00A0               	movwf	??_main
   619  07D8                     u387:	
   620  07D8  0BA0               	decfsz	??_main,f
   621  07D9  2FD8               	goto	u387
   622  07DA  0BA1               	decfsz	??_main+1,f
   623  07DB  2FD8               	goto	u387
   624  07DC  0000               	nop
   625                           
   626                           ;PIC12F184016ChannelPWM.c: 75: _delay((unsigned long)((25)*(4000000/4000.0)));
   627  07DD  3021               	movlw	33
   628  07DE  0020               	movlb	0	; select bank0
   629  07DF  00A1               	movwf	??_main+1
   630  07E0  3076               	movlw	118
   631  07E1  00A0               	movwf	??_main
   632  07E2                     u397:	
   633  07E2  0BA0               	decfsz	??_main,f
   634  07E3  2FE2               	goto	u397
   635  07E4  0BA1               	decfsz	??_main+1,f
   636  07E5  2FE2               	goto	u397
   637  07E6  0000               	nop
   638  07E7  309C               	movlw	156
   639  07E8  0020               	movlb	0	; select bank0
   640  07E9  07A4               	addwf	main@a_99,f
   641  07EA  30FF               	movlw	255
   642  07EB  3DA5               	addwfc	main@a_99+1,f
   643  07EC  0825               	movf	main@a_99+1,w
   644  07ED  3A80               	xorlw	128
   645  07EE  00A0               	movwf	??_main
   646  07EF  3080               	movlw	128
   647  07F0  0220               	subwf	??_main,w
   648  07F1  1D03               	skipz
   649  07F2  2FF5               	goto	u315
   650  07F3  3001               	movlw	1
   651  07F4  0224               	subwf	main@a_99,w
   652  07F5                     u315:	
   653  07F5  1803               	skipnc
   654  07F6  2FB6               	goto	l990
   655  07F7                     l1004:	
   656                           
   657                           ;PIC12F184016ChannelPWM.c: 77: }
   658                           ;PIC12F184016ChannelPWM.c: 80: DELAY100(10);
   659  07F7  300A               	movlw	10
   660  07F8  3186  2619  3187   	fcall	_DELAY100
   661  07FB  2F57               	goto	l968
   662  07FC                     __end_of_main:	
   663                           
   664                           	psect	text1
   665  06B0                     __ptext1:	
   666 ;; *************** function _PCA9685_init *****************
   667 ;; Defined at:
   668 ;;		line 90 in file "PCA9685.h"
   669 ;; Parameters:    Size  Location     Type
   670 ;;		None
   671 ;; Auto vars:     Size  Location     Type
   672 ;;  command         1   12[COMMON] unsigned char 
   673 ;; Return value:  Size  Location     Type
   674 ;;                  1    wreg      void 
   675 ;; Registers used:
   676 ;;		wreg, status,2, status,0, pclath, cstack
   677 ;; Tracked objects:
   678 ;;		On entry : 0/0
   679 ;;		On exit  : 0/0
   680 ;;		Unchanged: 0/0
   681 ;; Data sizes:     COMMON   BANK0   BANK1   BANK2
   682 ;;      Params:         0       0       0       0
   683 ;;      Locals:         1       0       0       0
   684 ;;      Temps:          2       0       0       0
   685 ;;      Totals:         3       0       0       0
   686 ;;Total ram usage:        3 bytes
   687 ;; Hardware stack levels used:    1
   688 ;; Hardware stack levels required when called:    3
   689 ;; This function calls:
   690 ;;		_PCA9684_set_prescaler
   691 ;;		_PCA9685_write1Byte_memory
   692 ;; This function is called by:
   693 ;;		_main
   694 ;; This function uses a non-reentrant model
   695 ;;
   696                           
   697                           
   698                           ;psect for function _PCA9685_init
   699  06B0                     _PCA9685_init:	
   700                           
   701                           ;PCA9685.h: 93: PCA9685_write1Byte_memory(0xfa, 0);
   702                           
   703                           ;incstack = 0
   704                           ; Regs used in _PCA9685_init: [wreg+status,2+status,0+pclath+cstack]
   705  06B0  01F2               	clrf	PCA9685_write1Byte_memory@data
   706  06B1  30FA               	movlw	250
   707  06B2  3186  2606  3186   	fcall	_PCA9685_write1Byte_memory
   708                           
   709                           ;PCA9685.h: 94: PCA9685_write1Byte_memory(0xfb, 0);
   710  06B5  01F2               	clrf	PCA9685_write1Byte_memory@data
   711  06B6  30FB               	movlw	251
   712  06B7  3186  2606  3186   	fcall	_PCA9685_write1Byte_memory
   713                           
   714                           ;PCA9685.h: 95: PCA9685_write1Byte_memory(0xfc, 0);
   715  06BA  01F2               	clrf	PCA9685_write1Byte_memory@data
   716  06BB  30FC               	movlw	252
   717  06BC  3186  2606  3186   	fcall	_PCA9685_write1Byte_memory
   718                           
   719                           ;PCA9685.h: 96: PCA9685_write1Byte_memory(0xfd, 0);
   720  06BF  01F2               	clrf	PCA9685_write1Byte_memory@data
   721  06C0  30FD               	movlw	253
   722  06C1  3186  2606  3186   	fcall	_PCA9685_write1Byte_memory
   723                           
   724                           ;PCA9685.h: 99: byte command = (0 << 7) | (0 << 6) | ( 1 << 5) | (0 << 4 ) +0;
   725  06C4  3020               	movlw	32
   726  06C5  00FA               	movwf	??_PCA9685_init
   727  06C6  087A               	movf	??_PCA9685_init,w
   728  06C7  00FC               	movwf	PCA9685_init@command
   729                           
   730                           ;PCA9685.h: 100: PCA9685_write1Byte_memory(0, command);
   731  06C8  087C               	movf	PCA9685_init@command,w
   732  06C9  00FA               	movwf	??_PCA9685_init
   733  06CA  087A               	movf	??_PCA9685_init,w
   734  06CB  00F2               	movwf	PCA9685_write1Byte_memory@data
   735  06CC  3000               	movlw	0
   736  06CD  3186  2606  3186   	fcall	_PCA9685_write1Byte_memory
   737                           
   738                           ;PCA9685.h: 103: command = (0 <<4) | (0 << 3) | 0b101;
   739  06D0  3005               	movlw	5
   740  06D1  00FA               	movwf	??_PCA9685_init
   741  06D2  087A               	movf	??_PCA9685_init,w
   742  06D3  00FC               	movwf	PCA9685_init@command
   743                           
   744                           ;PCA9685.h: 104: PCA9685_write1Byte_memory(1, command);
   745  06D4  087C               	movf	PCA9685_init@command,w
   746  06D5  00FA               	movwf	??_PCA9685_init
   747  06D6  087A               	movf	??_PCA9685_init,w
   748  06D7  00F2               	movwf	PCA9685_write1Byte_memory@data
   749  06D8  3001               	movlw	1
   750  06D9  3186  2606  3186   	fcall	_PCA9685_write1Byte_memory
   751                           
   752                           ;PCA9685.h: 106: PCA9684_set_prescaler(11);
   753  06DC  300B               	movlw	11
   754  06DD  3186  26EA  3186   	fcall	_PCA9684_set_prescaler
   755                           
   756                           ;PCA9685.h: 107: _delay((unsigned long)((25)*(4000000/4000.0)));
   757  06E0  3021               	movlw	33
   758  06E1  00FB               	movwf	??_PCA9685_init+1
   759  06E2  3076               	movlw	118
   760  06E3  00FA               	movwf	??_PCA9685_init
   761  06E4                     u407:	
   762  06E4  0BFA               	decfsz	??_PCA9685_init,f
   763  06E5  2EE4               	goto	u407
   764  06E6  0BFB               	decfsz	??_PCA9685_init+1,f
   765  06E7  2EE4               	goto	u407
   766  06E8  0000               	nop
   767  06E9  0008               	return
   768  06EA                     __end_of_PCA9685_init:	
   769                           
   770                           	psect	text2
   771  06EA                     __ptext2:	
   772 ;; *************** function _PCA9684_set_prescaler *****************
   773 ;; Defined at:
   774 ;;		line 73 in file "PCA9685.h"
   775 ;; Parameters:    Size  Location     Type
   776 ;;  value           1    wreg     unsigned char 
   777 ;; Auto vars:     Size  Location     Type
   778 ;;  value           1    8[COMMON] unsigned char 
   779 ;;  dat             1    9[COMMON] unsigned char 
   780 ;; Return value:  Size  Location     Type
   781 ;;                  2  130[None  ] int 
   782 ;; Registers used:
   783 ;;		wreg, status,2, status,0, pclath, cstack
   784 ;; Tracked objects:
   785 ;;		On entry : 0/0
   786 ;;		On exit  : 0/0
   787 ;;		Unchanged: 0/0
   788 ;; Data sizes:     COMMON   BANK0   BANK1   BANK2
   789 ;;      Params:         0       0       0       0
   790 ;;      Locals:         2       0       0       0
   791 ;;      Temps:          2       0       0       0
   792 ;;      Totals:         4       0       0       0
   793 ;;Total ram usage:        4 bytes
   794 ;; Hardware stack levels used:    1
   795 ;; Hardware stack levels required when called:    2
   796 ;; This function calls:
   797 ;;		_PCA9684_read_byte
   798 ;;		_PCA9685_write1Byte_memory
   799 ;; This function is called by:
   800 ;;		_PCA9685_init
   801 ;; This function uses a non-reentrant model
   802 ;;
   803                           
   804                           
   805                           ;psect for function _PCA9684_set_prescaler
   806  06EA                     _PCA9684_set_prescaler:	
   807                           
   808                           ;incstack = 0
   809                           ; Regs used in _PCA9684_set_prescaler: [wreg+status,2+status,0+pclath+cstack]
   810                           ;PCA9684_set_prescaler@value stored from wreg
   811  06EA  00F8               	movwf	PCA9684_set_prescaler@value
   812                           
   813                           ;PCA9685.h: 76: byte dat = PCA9684_read_byte(0);
   814  06EB  3000               	movlw	0
   815  06EC  3186  2684  3186   	fcall	_PCA9684_read_byte
   816  06EF  00F6               	movwf	??_PCA9684_set_prescaler
   817  06F0  0876               	movf	??_PCA9684_set_prescaler,w
   818  06F1  00F9               	movwf	PCA9684_set_prescaler@dat
   819                           
   820                           ;PCA9685.h: 77: dat |= 1 << 4;
   821  06F2  1679               	bsf	PCA9684_set_prescaler@dat,4
   822                           
   823                           ;PCA9685.h: 78: PCA9685_write1Byte_memory(0, dat);
   824  06F3  0879               	movf	PCA9684_set_prescaler@dat,w
   825  06F4  00F6               	movwf	??_PCA9684_set_prescaler
   826  06F5  0876               	movf	??_PCA9684_set_prescaler,w
   827  06F6  00F2               	movwf	PCA9685_write1Byte_memory@data
   828  06F7  3000               	movlw	0
   829  06F8  3186  2606  3186   	fcall	_PCA9685_write1Byte_memory
   830                           
   831                           ;PCA9685.h: 80: _delay((unsigned long)((20)*(4000000/4000.0)));
   832  06FB  301A               	movlw	26
   833  06FC  00F7               	movwf	??_PCA9684_set_prescaler+1
   834  06FD  30F8               	movlw	248
   835  06FE  00F6               	movwf	??_PCA9684_set_prescaler
   836  06FF                     u417:	
   837  06FF  0BF6               	decfsz	??_PCA9684_set_prescaler,f
   838  0700  2EFF               	goto	u417
   839  0701  0BF7               	decfsz	??_PCA9684_set_prescaler+1,f
   840  0702  2EFF               	goto	u417
   841  0703  0000               	nop
   842                           
   843                           ;PCA9685.h: 81: PCA9685_write1Byte_memory(254, value);
   844  0704  0878               	movf	PCA9684_set_prescaler@value,w
   845  0705  00F6               	movwf	??_PCA9684_set_prescaler
   846  0706  0876               	movf	??_PCA9684_set_prescaler,w
   847  0707  00F2               	movwf	PCA9685_write1Byte_memory@data
   848  0708  30FE               	movlw	254
   849  0709  3186  2606  3186   	fcall	_PCA9685_write1Byte_memory
   850                           
   851                           ;PCA9685.h: 82: _delay((unsigned long)((25)*(4000000/4000.0)));
   852  070C  3021               	movlw	33
   853  070D  00F7               	movwf	??_PCA9684_set_prescaler+1
   854  070E  3076               	movlw	118
   855  070F  00F6               	movwf	??_PCA9684_set_prescaler
   856  0710                     u427:	
   857  0710  0BF6               	decfsz	??_PCA9684_set_prescaler,f
   858  0711  2F10               	goto	u427
   859  0712  0BF7               	decfsz	??_PCA9684_set_prescaler+1,f
   860  0713  2F10               	goto	u427
   861  0714  0000               	nop
   862                           
   863                           ;PCA9685.h: 83: dat &= ~(1 << 4);
   864  0715  30EF               	movlw	239
   865  0716  00F6               	movwf	??_PCA9684_set_prescaler
   866  0717  0876               	movf	??_PCA9684_set_prescaler,w
   867  0718  05F9               	andwf	PCA9684_set_prescaler@dat,f
   868                           
   869                           ;PCA9685.h: 84: PCA9685_write1Byte_memory(0, dat);
   870  0719  0879               	movf	PCA9684_set_prescaler@dat,w
   871  071A  00F6               	movwf	??_PCA9684_set_prescaler
   872  071B  0876               	movf	??_PCA9684_set_prescaler,w
   873  071C  00F2               	movwf	PCA9685_write1Byte_memory@data
   874  071D  3000               	movlw	0
   875  071E  3186  2606  3186   	fcall	_PCA9685_write1Byte_memory
   876                           
   877                           ;PCA9685.h: 85: _delay((unsigned long)((1)*(4000000/4000.0)));
   878  0721  30F9               	movlw	249
   879  0722  00F6               	movwf	??_PCA9684_set_prescaler
   880  0723                     u437:	
   881  0723  0000               	nop
   882  0724  0BF6               	decfsz	??_PCA9684_set_prescaler,f
   883  0725  2F23               	goto	u437
   884  0726  3200               	nop2	;nop
   885  0727  0000               	nop
   886  0728  0008               	return
   887  0729                     __end_of_PCA9684_set_prescaler:	
   888                           
   889                           	psect	text3
   890  0606                     __ptext3:	
   891 ;; *************** function _PCA9685_write1Byte_memory *****************
   892 ;; Defined at:
   893 ;;		line 18 in file "PCA9685.h"
   894 ;; Parameters:    Size  Location     Type
   895 ;;  address         1    wreg     unsigned char 
   896 ;;  data            1    2[COMMON] unsigned char 
   897 ;; Auto vars:     Size  Location     Type
   898 ;;  address         1    3[COMMON] unsigned char 
   899 ;; Return value:  Size  Location     Type
   900 ;;                  1    wreg      void 
   901 ;; Registers used:
   902 ;;		wreg, status,2, status,0, pclath, cstack
   903 ;; Tracked objects:
   904 ;;		On entry : 0/0
   905 ;;		On exit  : 0/0
   906 ;;		Unchanged: 0/0
   907 ;; Data sizes:     COMMON   BANK0   BANK1   BANK2
   908 ;;      Params:         1       0       0       0
   909 ;;      Locals:         1       0       0       0
   910 ;;      Temps:          0       0       0       0
   911 ;;      Totals:         2       0       0       0
   912 ;;Total ram usage:        2 bytes
   913 ;; Hardware stack levels used:    1
   914 ;; Hardware stack levels required when called:    1
   915 ;; This function calls:
   916 ;;		_I2C_Start
   917 ;;		_I2C_Stop
   918 ;;		_I2C_data_send
   919 ;; This function is called by:
   920 ;;		_PCA9684_set_prescaler
   921 ;;		_PCA9685_init
   922 ;; This function uses a non-reentrant model
   923 ;;
   924                           
   925                           
   926                           ;psect for function _PCA9685_write1Byte_memory
   927  0606                     _PCA9685_write1Byte_memory:	
   928                           
   929                           ;incstack = 0
   930                           ; Regs used in _PCA9685_write1Byte_memory: [wreg+status,2+status,0+pclath+cstack]
   931                           ;PCA9685_write1Byte_memory@address stored from wreg
   932  0606  00F3               	movwf	PCA9685_write1Byte_memory@address
   933                           
   934                           ;PCA9685.h: 20: I2C_Start();
   935  0607  3185  25D3  3186   	fcall	_I2C_Start
   936                           
   937                           ;PCA9685.h: 21: I2C_data_send(0b10000000);
   938  060A  3080               	movlw	128
   939  060B  3186  2641  3186   	fcall	_I2C_data_send
   940                           
   941                           ;PCA9685.h: 22: I2C_data_send(address);
   942  060E  0873               	movf	PCA9685_write1Byte_memory@address,w
   943  060F  3186  2641  3186   	fcall	_I2C_data_send
   944                           
   945                           ;PCA9685.h: 23: I2C_data_send(data);
   946  0612  0872               	movf	PCA9685_write1Byte_memory@data,w
   947  0613  3186  2641  3186   	fcall	_I2C_data_send
   948                           
   949                           ;PCA9685.h: 24: I2C_Stop();
   950  0616  3185  25DA         	fcall	_I2C_Stop
   951  0618  0008               	return
   952  0619                     __end_of_PCA9685_write1Byte_memory:	
   953                           
   954                           	psect	text4
   955  0684                     __ptext4:	
   956 ;; *************** function _PCA9684_read_byte *****************
   957 ;; Defined at:
   958 ;;		line 52 in file "PCA9685.h"
   959 ;; Parameters:    Size  Location     Type
   960 ;;  address         1    wreg     unsigned char 
   961 ;; Auto vars:     Size  Location     Type
   962 ;;  address         1    4[COMMON] unsigned char 
   963 ;;  data            1    5[COMMON] unsigned char 
   964 ;; Return value:  Size  Location     Type
   965 ;;                  1    wreg      unsigned char 
   966 ;; Registers used:
   967 ;;		wreg, status,2, status,0, pclath, cstack
   968 ;; Tracked objects:
   969 ;;		On entry : 0/0
   970 ;;		On exit  : 0/0
   971 ;;		Unchanged: 0/0
   972 ;; Data sizes:     COMMON   BANK0   BANK1   BANK2
   973 ;;      Params:         0       0       0       0
   974 ;;      Locals:         2       0       0       0
   975 ;;      Temps:          2       0       0       0
   976 ;;      Totals:         4       0       0       0
   977 ;;Total ram usage:        4 bytes
   978 ;; Hardware stack levels used:    1
   979 ;; Hardware stack levels required when called:    1
   980 ;; This function calls:
   981 ;;		_I2C_SendNACK
   982 ;;		_I2C_Start
   983 ;;		_I2C_Stop
   984 ;;		_I2C_data_receive
   985 ;;		_I2C_data_send
   986 ;; This function is called by:
   987 ;;		_PCA9684_set_prescaler
   988 ;; This function uses a non-reentrant model
   989 ;;
   990                           
   991                           
   992                           ;psect for function _PCA9684_read_byte
   993  0684                     _PCA9684_read_byte:	
   994                           
   995                           ;incstack = 0
   996                           ; Regs used in _PCA9684_read_byte: [wreg+status,2+status,0+pclath+cstack]
   997                           ;PCA9684_read_byte@address stored from wreg
   998  0684  00F4               	movwf	PCA9684_read_byte@address
   999                           
  1000                           ;PCA9685.h: 54: byte data;
  1001                           ;PCA9685.h: 55: I2C_Start();
  1002  0685  3185  25D3  3186   	fcall	_I2C_Start
  1003                           
  1004                           ;PCA9685.h: 56: I2C_data_send(0b10000000);
  1005  0688  3080               	movlw	128
  1006  0689  3186  2641  3186   	fcall	_I2C_data_send
  1007                           
  1008                           ;PCA9685.h: 57: I2C_data_send(address);
  1009  068C  0874               	movf	PCA9684_read_byte@address,w
  1010  068D  3186  2641  3186   	fcall	_I2C_data_send
  1011                           
  1012                           ;PCA9685.h: 59: I2C_Stop();
  1013  0690  3185  25DA  3186   	fcall	_I2C_Stop
  1014                           
  1015                           ;PCA9685.h: 60: _delay((unsigned long)((15)*(4000000/4000.0)));
  1016  0693  3014               	movlw	20
  1017  0694  00F3               	movwf	??_PCA9684_read_byte+1
  1018  0695  3079               	movlw	121
  1019  0696  00F2               	movwf	??_PCA9684_read_byte
  1020  0697                     u447:	
  1021  0697  0BF2               	decfsz	??_PCA9684_read_byte,f
  1022  0698  2E97               	goto	u447
  1023  0699  0BF3               	decfsz	??_PCA9684_read_byte+1,f
  1024  069A  2E97               	goto	u447
  1025  069B  3200               	nop2
  1026                           
  1027                           ;PCA9685.h: 61: I2C_Start();
  1028  069C  3185  25D3  3186   	fcall	_I2C_Start
  1029                           
  1030                           ;PCA9685.h: 62: I2C_data_send(0b10000001);
  1031  069F  3081               	movlw	129
  1032  06A0  3186  2641  3186   	fcall	_I2C_data_send
  1033                           
  1034                           ;PCA9685.h: 63: data = I2C_data_receive();
  1035  06A3  3185  25E9  3186   	fcall	_I2C_data_receive
  1036  06A6  00F2               	movwf	??_PCA9684_read_byte
  1037  06A7  0872               	movf	??_PCA9684_read_byte,w
  1038  06A8  00F5               	movwf	PCA9684_read_byte@data
  1039                           
  1040                           ;PCA9685.h: 64: I2C_SendNACK();
  1041  06A9  3185  25E1  3186   	fcall	_I2C_SendNACK
  1042                           
  1043                           ;PCA9685.h: 65: I2C_Stop();
  1044  06AC  3185  25DA         	fcall	_I2C_Stop
  1045                           
  1046                           ;PCA9685.h: 68: return data;
  1047  06AE  0875               	movf	PCA9684_read_byte@data,w
  1048  06AF  0008               	return
  1049  06B0                     __end_of_PCA9684_read_byte:	
  1050                           
  1051                           	psect	text5
  1052  05E9                     __ptext5:	
  1053 ;; *************** function _I2C_data_receive *****************
  1054 ;; Defined at:
  1055 ;;		line 221 in file "I2C.h"
  1056 ;; Parameters:    Size  Location     Type
  1057 ;;		None
  1058 ;; Auto vars:     Size  Location     Type
  1059 ;;		None
  1060 ;; Return value:  Size  Location     Type
  1061 ;;                  1    wreg      unsigned char 
  1062 ;; Registers used:
  1063 ;;		wreg
  1064 ;; Tracked objects:
  1065 ;;		On entry : 0/0
  1066 ;;		On exit  : 0/0
  1067 ;;		Unchanged: 0/0
  1068 ;; Data sizes:     COMMON   BANK0   BANK1   BANK2
  1069 ;;      Params:         0       0       0       0
  1070 ;;      Locals:         0       0       0       0
  1071 ;;      Temps:          0       0       0       0
  1072 ;;      Totals:         0       0       0       0
  1073 ;;Total ram usage:        0 bytes
  1074 ;; Hardware stack levels used:    1
  1075 ;; This function calls:
  1076 ;;		Nothing
  1077 ;; This function is called by:
  1078 ;;		_PCA9684_read_byte
  1079 ;; This function uses a non-reentrant model
  1080 ;;
  1081                           
  1082                           
  1083                           ;psect for function _I2C_data_receive
  1084  05E9                     _I2C_data_receive:	
  1085                           
  1086                           ;I2C.h: 223: RCEN = 1;
  1087                           
  1088                           ;incstack = 0
  1089                           ; Regs used in _I2C_data_receive: [wreg]
  1090  05E9  0024               	movlb	4	; select bank4
  1091  05EA  1596               	bsf	22,3	;volatile
  1092  05EB                     l80:	
  1093                           ;I2C.h: 225: while(BF == 0 );
  1094                           
  1095  05EB  1C14               	btfss	20,0	;volatile
  1096  05EC  2DEB               	goto	l80
  1097  05ED                     l83:	
  1098                           ;I2C.h: 226: while(SSP1IF==0);
  1099                           
  1100  05ED  0020               	movlb	0	; select bank0
  1101  05EE  1D91               	btfss	17,3	;volatile
  1102  05EF  2DED               	goto	l83
  1103                           
  1104                           ;I2C.h: 227: SSP1IF = 0;
  1105  05F0  1191               	bcf	17,3	;volatile
  1106                           
  1107                           ;I2C.h: 228: return SSPBUF;
  1108  05F1  0024               	movlb	4	; select bank4
  1109  05F2  0811               	movf	17,w	;volatile
  1110  05F3  0008               	return
  1111  05F4                     __end_of_I2C_data_receive:	
  1112                           
  1113                           	psect	text6
  1114  05E1                     __ptext6:	
  1115 ;; *************** function _I2C_SendNACK *****************
  1116 ;; Defined at:
  1117 ;;		line 323 in file "I2C.h"
  1118 ;; Parameters:    Size  Location     Type
  1119 ;;		None
  1120 ;; Auto vars:     Size  Location     Type
  1121 ;;		None
  1122 ;; Return value:  Size  Location     Type
  1123 ;;                  1    wreg      void 
  1124 ;; Registers used:
  1125 ;;		None
  1126 ;; Tracked objects:
  1127 ;;		On entry : 0/0
  1128 ;;		On exit  : 0/0
  1129 ;;		Unchanged: 0/0
  1130 ;; Data sizes:     COMMON   BANK0   BANK1   BANK2
  1131 ;;      Params:         0       0       0       0
  1132 ;;      Locals:         0       0       0       0
  1133 ;;      Temps:          0       0       0       0
  1134 ;;      Totals:         0       0       0       0
  1135 ;;Total ram usage:        0 bytes
  1136 ;; Hardware stack levels used:    1
  1137 ;; This function calls:
  1138 ;;		Nothing
  1139 ;; This function is called by:
  1140 ;;		_PCA9684_read_byte
  1141 ;; This function uses a non-reentrant model
  1142 ;;
  1143                           
  1144                           
  1145                           ;psect for function _I2C_SendNACK
  1146  05E1                     _I2C_SendNACK:	
  1147                           
  1148                           ;I2C.h: 325: ACKDT = 1 ;
  1149                           
  1150                           ;incstack = 0
  1151                           ; Regs used in _I2C_SendNACK: []
  1152  05E1  0024               	movlb	4	; select bank4
  1153  05E2  1696               	bsf	22,5	;volatile
  1154                           
  1155                           ;I2C.h: 326: ACKEN = 1;
  1156  05E3  1616               	bsf	22,4	;volatile
  1157  05E4                     l107:	
  1158                           ;I2C.h: 327: while (ACKEN);
  1159                           
  1160  05E4  1A16               	btfsc	22,4	;volatile
  1161  05E5  2DE4               	goto	l107
  1162                           
  1163                           ;I2C.h: 328: SSP1IF = 0;
  1164  05E6  0020               	movlb	0	; select bank0
  1165  05E7  1191               	bcf	17,3	;volatile
  1166  05E8  0008               	return
  1167  05E9                     __end_of_I2C_SendNACK:	
  1168                           
  1169                           	psect	text7
  1170  0659                     __ptext7:	
  1171 ;; *************** function _PCA9684_set_pwm *****************
  1172 ;; Defined at:
  1173 ;;		line 37 in file "PCA9685.h"
  1174 ;; Parameters:    Size  Location     Type
  1175 ;;  led_number      1    wreg     unsigned char 
  1176 ;;  pwm_value       2    2[COMMON] unsigned int 
  1177 ;; Auto vars:     Size  Location     Type
  1178 ;;  led_number      1    6[COMMON] unsigned char 
  1179 ;;  address         1    7[COMMON] unsigned char 
  1180 ;; Return value:  Size  Location     Type
  1181 ;;                  1    wreg      void 
  1182 ;; Registers used:
  1183 ;;		wreg, status,2, status,0, pclath, cstack
  1184 ;; Tracked objects:
  1185 ;;		On entry : 0/0
  1186 ;;		On exit  : 0/0
  1187 ;;		Unchanged: 0/0
  1188 ;; Data sizes:     COMMON   BANK0   BANK1   BANK2
  1189 ;;      Params:         2       0       0       0
  1190 ;;      Locals:         2       0       0       0
  1191 ;;      Temps:          2       0       0       0
  1192 ;;      Totals:         6       0       0       0
  1193 ;;Total ram usage:        6 bytes
  1194 ;; Hardware stack levels used:    1
  1195 ;; Hardware stack levels required when called:    1
  1196 ;; This function calls:
  1197 ;;		_I2C_Start
  1198 ;;		_I2C_Stop
  1199 ;;		_I2C_data_send
  1200 ;; This function is called by:
  1201 ;;		_main
  1202 ;; This function uses a non-reentrant model
  1203 ;;
  1204                           
  1205                           
  1206                           ;psect for function _PCA9684_set_pwm
  1207  0659                     _PCA9684_set_pwm:	
  1208                           
  1209                           ;incstack = 0
  1210                           ; Regs used in _PCA9684_set_pwm: [wreg+status,2+status,0+pclath+cstack]
  1211                           ;PCA9684_set_pwm@led_number stored from wreg
  1212  0659  00F6               	movwf	PCA9684_set_pwm@led_number
  1213                           
  1214                           ;PCA9685.h: 39: byte address = led_number*4+6 ;
  1215  065A  0876               	movf	PCA9684_set_pwm@led_number,w
  1216  065B  00F4               	movwf	??_PCA9684_set_pwm
  1217  065C  3001               	movlw	1
  1218  065D                     u275:	
  1219  065D  35F4               	lslf	??_PCA9684_set_pwm,f
  1220  065E  3EFF               	addlw	-1
  1221  065F  1D03               	skipz
  1222  0660  2E5D               	goto	u275
  1223  0661  3574               	lslf	??_PCA9684_set_pwm,w
  1224  0662  3E06               	addlw	6
  1225  0663  00F5               	movwf	??_PCA9684_set_pwm+1
  1226  0664  0875               	movf	??_PCA9684_set_pwm+1,w
  1227  0665  00F7               	movwf	PCA9684_set_pwm@address
  1228                           
  1229                           ;PCA9685.h: 40: I2C_Start();
  1230  0666  3185  25D3  3186   	fcall	_I2C_Start
  1231                           
  1232                           ;PCA9685.h: 41: I2C_data_send(0b10000000);
  1233  0669  3080               	movlw	128
  1234  066A  3186  2641  3186   	fcall	_I2C_data_send
  1235                           
  1236                           ;PCA9685.h: 42: I2C_data_send(address);
  1237  066D  0877               	movf	PCA9684_set_pwm@address,w
  1238  066E  3186  2641  3186   	fcall	_I2C_data_send
  1239                           
  1240                           ;PCA9685.h: 43: I2C_data_send(0);
  1241  0671  3000               	movlw	0
  1242  0672  3186  2641  3186   	fcall	_I2C_data_send
  1243                           
  1244                           ;PCA9685.h: 44: I2C_data_send(0);
  1245  0675  3000               	movlw	0
  1246  0676  3186  2641  3186   	fcall	_I2C_data_send
  1247                           
  1248                           ;PCA9685.h: 45: I2C_data_send(pwm_value & 0xff);
  1249  0679  0872               	movf	PCA9684_set_pwm@pwm_value,w
  1250  067A  3186  2641  3186   	fcall	_I2C_data_send
  1251                           
  1252                           ;PCA9685.h: 47: I2C_data_send((pwm_value >> 8)&0xff);
  1253  067D  0873               	movf	PCA9684_set_pwm@pwm_value+1,w
  1254  067E  3186  2641  3186   	fcall	_I2C_data_send
  1255                           
  1256                           ;PCA9685.h: 48: I2C_Stop();
  1257  0681  3185  25DA         	fcall	_I2C_Stop
  1258  0683  0008               	return
  1259  0684                     __end_of_PCA9684_set_pwm:	
  1260                           
  1261                           	psect	text8
  1262  0641                     __ptext8:	
  1263 ;; *************** function _I2C_data_send *****************
  1264 ;; Defined at:
  1265 ;;		line 234 in file "I2C.h"
  1266 ;; Parameters:    Size  Location     Type
  1267 ;;  data            1    wreg     unsigned char 
  1268 ;; Auto vars:     Size  Location     Type
  1269 ;;  data            1    1[COMMON] unsigned char 
  1270 ;; Return value:  Size  Location     Type
  1271 ;;                  1    wreg      void 
  1272 ;; Registers used:
  1273 ;;		wreg, status,2, status,0
  1274 ;; Tracked objects:
  1275 ;;		On entry : 0/0
  1276 ;;		On exit  : 0/0
  1277 ;;		Unchanged: 0/0
  1278 ;; Data sizes:     COMMON   BANK0   BANK1   BANK2
  1279 ;;      Params:         0       0       0       0
  1280 ;;      Locals:         1       0       0       0
  1281 ;;      Temps:          1       0       0       0
  1282 ;;      Totals:         2       0       0       0
  1283 ;;Total ram usage:        2 bytes
  1284 ;; Hardware stack levels used:    1
  1285 ;; This function calls:
  1286 ;;		Nothing
  1287 ;; This function is called by:
  1288 ;;		_PCA9685_write1Byte_memory
  1289 ;;		_PCA9684_set_pwm
  1290 ;;		_PCA9684_read_byte
  1291 ;;		_PCA9685_write2Byte_memory
  1292 ;; This function uses a non-reentrant model
  1293 ;;
  1294                           
  1295                           
  1296                           ;psect for function _I2C_data_send
  1297  0641                     _I2C_data_send:	
  1298                           
  1299                           ;incstack = 0
  1300                           ; Regs used in _I2C_data_send: [wreg+status,2+status,0]
  1301                           ;I2C_data_send@data stored from wreg
  1302  0641  00F1               	movwf	I2C_data_send@data
  1303                           
  1304                           ;I2C.h: 282: SSP1IF = 0;
  1305  0642  0020               	movlb	0	; select bank0
  1306  0643  1191               	bcf	17,3	;volatile
  1307                           
  1308                           ;I2C.h: 285: SSPBUF = data ;
  1309  0644  0871               	movf	I2C_data_send@data,w
  1310  0645  0024               	movlb	4	; select bank4
  1311  0646  0091               	movwf	17	;volatile
  1312  0647                     l91:	
  1313                           ;I2C.h: 286: while (BF);
  1314                           
  1315  0647  1C14               	btfss	20,0	;volatile
  1316  0648  2E52               	goto	l94
  1317  0649  2E47               	goto	l91
  1318  064A                     l818:	
  1319                           ;I2C.h: 301: while(SSP1IF ==0){unnecessary++; if(unnecessary == 200)break;};
  1320                           
  1321  064A  3001               	movlw	1
  1322  064B  00F0               	movwf	??_I2C_data_send
  1323  064C  0870               	movf	??_I2C_data_send,w
  1324  064D  07FD               	addwf	_unnecessary,f
  1325  064E  30C8               	movlw	200
  1326  064F  067D               	xorwf	_unnecessary,w
  1327  0650  1903               	btfsc	3,2
  1328  0651  2E55               	goto	l97
  1329  0652                     l94:	
  1330  0652  0020               	movlb	0	; select bank0
  1331  0653  1D91               	btfss	17,3	;volatile
  1332  0654  2E4A               	goto	l818
  1333  0655                     l97:	
  1334                           
  1335                           ;I2C.h: 302: SSP1IF = 0;
  1336  0655  0020               	movlb	0	; select bank0
  1337  0656  1191               	bcf	17,3	;volatile
  1338                           
  1339                           ;I2C.h: 303: unnecessary = 0;
  1340  0657  01FD               	clrf	_unnecessary
  1341  0658  0008               	return
  1342  0659                     __end_of_I2C_data_send:	
  1343                           
  1344                           	psect	text9
  1345  05DA                     __ptext9:	
  1346 ;; *************** function _I2C_Stop *****************
  1347 ;; Defined at:
  1348 ;;		line 347 in file "I2C.h"
  1349 ;; Parameters:    Size  Location     Type
  1350 ;;		None
  1351 ;; Auto vars:     Size  Location     Type
  1352 ;;		None
  1353 ;; Return value:  Size  Location     Type
  1354 ;;                  1    wreg      void 
  1355 ;; Registers used:
  1356 ;;		None
  1357 ;; Tracked objects:
  1358 ;;		On entry : 0/0
  1359 ;;		On exit  : 0/0
  1360 ;;		Unchanged: 0/0
  1361 ;; Data sizes:     COMMON   BANK0   BANK1   BANK2
  1362 ;;      Params:         0       0       0       0
  1363 ;;      Locals:         0       0       0       0
  1364 ;;      Temps:          0       0       0       0
  1365 ;;      Totals:         0       0       0       0
  1366 ;;Total ram usage:        0 bytes
  1367 ;; Hardware stack levels used:    1
  1368 ;; This function calls:
  1369 ;;		Nothing
  1370 ;; This function is called by:
  1371 ;;		_PCA9685_write1Byte_memory
  1372 ;;		_PCA9684_set_pwm
  1373 ;;		_PCA9684_read_byte
  1374 ;;		_PCA9685_write2Byte_memory
  1375 ;; This function uses a non-reentrant model
  1376 ;;
  1377                           
  1378                           
  1379                           ;psect for function _I2C_Stop
  1380  05DA                     _I2C_Stop:	
  1381                           
  1382                           ;I2C.h: 349: PEN = 1;
  1383                           
  1384                           ;incstack = 0
  1385                           ; Regs used in _I2C_Stop: []
  1386  05DA  0024               	movlb	4	; select bank4
  1387  05DB  1516               	bsf	22,2	;volatile
  1388  05DC                     l113:	
  1389                           ;I2C.h: 350: while(PEN);
  1390                           
  1391  05DC  1916               	btfsc	22,2	;volatile
  1392  05DD  2DDC               	goto	l113
  1393                           
  1394                           ;I2C.h: 352: SSP1IF = 0;
  1395  05DE  0020               	movlb	0	; select bank0
  1396  05DF  1191               	bcf	17,3	;volatile
  1397  05E0  0008               	return
  1398  05E1                     __end_of_I2C_Stop:	
  1399                           
  1400                           	psect	text10
  1401  05D3                     __ptext10:	
  1402 ;; *************** function _I2C_Start *****************
  1403 ;; Defined at:
  1404 ;;		line 203 in file "I2C.h"
  1405 ;; Parameters:    Size  Location     Type
  1406 ;;		None
  1407 ;; Auto vars:     Size  Location     Type
  1408 ;;		None
  1409 ;; Return value:  Size  Location     Type
  1410 ;;                  1    wreg      void 
  1411 ;; Registers used:
  1412 ;;		None
  1413 ;; Tracked objects:
  1414 ;;		On entry : 0/0
  1415 ;;		On exit  : 0/0
  1416 ;;		Unchanged: 0/0
  1417 ;; Data sizes:     COMMON   BANK0   BANK1   BANK2
  1418 ;;      Params:         0       0       0       0
  1419 ;;      Locals:         0       0       0       0
  1420 ;;      Temps:          0       0       0       0
  1421 ;;      Totals:         0       0       0       0
  1422 ;;Total ram usage:        0 bytes
  1423 ;; Hardware stack levels used:    1
  1424 ;; This function calls:
  1425 ;;		Nothing
  1426 ;; This function is called by:
  1427 ;;		_PCA9685_write1Byte_memory
  1428 ;;		_PCA9684_set_pwm
  1429 ;;		_PCA9684_read_byte
  1430 ;;		_PCA9685_write2Byte_memory
  1431 ;; This function uses a non-reentrant model
  1432 ;;
  1433                           
  1434                           
  1435                           ;psect for function _I2C_Start
  1436  05D3                     _I2C_Start:	
  1437                           
  1438                           ;I2C.h: 206: SEN = 1;
  1439                           
  1440                           ;incstack = 0
  1441                           ; Regs used in _I2C_Start: []
  1442  05D3  0024               	movlb	4	; select bank4
  1443  05D4  1416               	bsf	22,0	;volatile
  1444  05D5                     l74:	
  1445                           ;I2C.h: 209: while ( SEN);
  1446                           
  1447  05D5  1816               	btfsc	22,0	;volatile
  1448  05D6  2DD5               	goto	l74
  1449                           
  1450                           ;I2C.h: 210: SSP1IF = 0;
  1451  05D7  0020               	movlb	0	; select bank0
  1452  05D8  1191               	bcf	17,3	;volatile
  1453  05D9  0008               	return
  1454  05DA                     __end_of_I2C_Start:	
  1455                           
  1456                           	psect	text11
  1457  062D                     __ptext11:	
  1458 ;; *************** function _I2C_initialize *****************
  1459 ;; Defined at:
  1460 ;;		line 146 in file "I2C.h"
  1461 ;; Parameters:    Size  Location     Type
  1462 ;;		None
  1463 ;; Auto vars:     Size  Location     Type
  1464 ;;		None
  1465 ;; Return value:  Size  Location     Type
  1466 ;;                  1    wreg      void 
  1467 ;; Registers used:
  1468 ;;		wreg, status,2, status,0, pclath, cstack
  1469 ;; Tracked objects:
  1470 ;;		On entry : 0/0
  1471 ;;		On exit  : 0/0
  1472 ;;		Unchanged: 0/0
  1473 ;; Data sizes:     COMMON   BANK0   BANK1   BANK2
  1474 ;;      Params:         0       0       0       0
  1475 ;;      Locals:         0       0       0       0
  1476 ;;      Temps:          0       0       0       0
  1477 ;;      Totals:         0       0       0       0
  1478 ;;Total ram usage:        0 bytes
  1479 ;; Hardware stack levels used:    1
  1480 ;; Hardware stack levels required when called:    1
  1481 ;; This function calls:
  1482 ;;		_DELAY
  1483 ;; This function is called by:
  1484 ;;		_main
  1485 ;; This function uses a non-reentrant model
  1486 ;;
  1487                           
  1488                           
  1489                           ;psect for function _I2C_initialize
  1490  062D                     _I2C_initialize:	
  1491                           
  1492                           ;I2C.h: 148: ANSA1 = 0;
  1493                           
  1494                           ;incstack = 0
  1495                           ; Regs used in _I2C_initialize: [wreg+status,2+status,0+pclath+cstack]
  1496  062D  0023               	movlb	3	; select bank3
  1497  062E  108C               	bcf	12,1	;volatile
  1498                           
  1499                           ;I2C.h: 149: ANSA2 = 0;
  1500  062F  110C               	bcf	12,2	;volatile
  1501                           
  1502                           ;I2C.h: 150: TRISA1 = 1 ;
  1503  0630  0021               	movlb	1	; select bank1
  1504  0631  148C               	bsf	12,1	;volatile
  1505                           
  1506                           ;I2C.h: 151: TRISA2 = 1 ;
  1507  0632  150C               	bsf	12,2	;volatile
  1508                           
  1509                           ;I2C.h: 156: SSPM3 = 1;
  1510  0633  0024               	movlb	4	; select bank4
  1511  0634  1595               	bsf	21,3	;volatile
  1512                           
  1513                           ;I2C.h: 157: SSPM2 = 0;
  1514  0635  1115               	bcf	21,2	;volatile
  1515                           
  1516                           ;I2C.h: 158: SSPM1 = 0;
  1517  0636  1095               	bcf	21,1	;volatile
  1518                           
  1519                           ;I2C.h: 159: SSPM0 = 0;
  1520  0637  1015               	bcf	21,0	;volatile
  1521                           
  1522                           ;I2C.h: 191: SSPADD = 9;
  1523  0638  3009               	movlw	9
  1524  0639  0092               	movwf	18	;volatile
  1525                           
  1526                           ;I2C.h: 197: SSPEN = 1 ;
  1527  063A  1695               	bsf	21,5	;volatile
  1528                           
  1529                           ;I2C.h: 198: SSP1IF = 0;
  1530  063B  0020               	movlb	0	; select bank0
  1531  063C  1191               	bcf	17,3	;volatile
  1532                           
  1533                           ;I2C.h: 199: DELAY(5);
  1534  063D  3005               	movlw	5
  1535  063E  3185  25F4         	fcall	_DELAY
  1536  0640  0008               	return
  1537  0641                     __end_of_I2C_initialize:	
  1538                           
  1539                           	psect	text12
  1540  05F4                     __ptext12:	
  1541 ;; *************** function _DELAY *****************
  1542 ;; Defined at:
  1543 ;;		line 16 in file "PIC12F184016ChannelPWM.c"
  1544 ;; Parameters:    Size  Location     Type
  1545 ;;  number          1    wreg     unsigned char 
  1546 ;; Auto vars:     Size  Location     Type
  1547 ;;  number          1    1[COMMON] unsigned char 
  1548 ;;  k               1    2[COMMON] unsigned char 
  1549 ;; Return value:  Size  Location     Type
  1550 ;;                  1    wreg      void 
  1551 ;; Registers used:
  1552 ;;		wreg, status,2, status,0
  1553 ;; Tracked objects:
  1554 ;;		On entry : 0/0
  1555 ;;		On exit  : 0/0
  1556 ;;		Unchanged: 0/0
  1557 ;; Data sizes:     COMMON   BANK0   BANK1   BANK2
  1558 ;;      Params:         0       0       0       0
  1559 ;;      Locals:         2       0       0       0
  1560 ;;      Temps:          1       0       0       0
  1561 ;;      Totals:         3       0       0       0
  1562 ;;Total ram usage:        3 bytes
  1563 ;; Hardware stack levels used:    1
  1564 ;; This function calls:
  1565 ;;		Nothing
  1566 ;; This function is called by:
  1567 ;;		_I2C_initialize
  1568 ;;		_main
  1569 ;; This function uses a non-reentrant model
  1570 ;;
  1571                           
  1572                           
  1573                           ;psect for function _DELAY
  1574  05F4                     _DELAY:	
  1575                           
  1576                           ;incstack = 0
  1577                           ; Regs used in _DELAY: [wreg+status,2+status,0]
  1578                           ;DELAY@number stored from wreg
  1579  05F4  00F1               	movwf	DELAY@number
  1580                           
  1581                           ;PIC12F184016ChannelPWM.c: 18: for(byte k=0; k != number; k++)
  1582  05F5  01F2               	clrf	DELAY@k
  1583  05F6                     l866:	
  1584  05F6  0872               	movf	DELAY@k,w
  1585  05F7  0671               	xorwf	DELAY@number,w
  1586  05F8  1903               	btfsc	3,2
  1587  05F9  0008               	return
  1588                           
  1589                           ;PIC12F184016ChannelPWM.c: 19: _delay((unsigned long)((1)*(4000000/4000.0)));
  1590  05FA  30F9               	movlw	249
  1591  05FB  00F0               	movwf	??_DELAY
  1592  05FC                     u457:	
  1593  05FC  0000               	nop
  1594  05FD  0BF0               	decfsz	??_DELAY,f
  1595  05FE  2DFC               	goto	u457
  1596  05FF  3200               	nop2	;nop
  1597  0600  0000               	nop
  1598  0601  3001               	movlw	1
  1599  0602  00F0               	movwf	??_DELAY
  1600  0603  0870               	movf	??_DELAY,w
  1601  0604  07F2               	addwf	DELAY@k,f
  1602  0605  2DF6               	goto	l866
  1603  0606                     __end_of_DELAY:	
  1604                           
  1605                           	psect	text13
  1606  0619                     __ptext13:	
  1607 ;; *************** function _DELAY100 *****************
  1608 ;; Defined at:
  1609 ;;		line 21 in file "PIC12F184016ChannelPWM.c"
  1610 ;; Parameters:    Size  Location     Type
  1611 ;;  number          1    wreg     unsigned char 
  1612 ;; Auto vars:     Size  Location     Type
  1613 ;;  number          1    2[COMMON] unsigned char 
  1614 ;;  k               1    3[COMMON] unsigned char 
  1615 ;; Return value:  Size  Location     Type
  1616 ;;                  1    wreg      void 
  1617 ;; Registers used:
  1618 ;;		wreg, status,2, status,0
  1619 ;; Tracked objects:
  1620 ;;		On entry : 0/0
  1621 ;;		On exit  : 0/0
  1622 ;;		Unchanged: 0/0
  1623 ;; Data sizes:     COMMON   BANK0   BANK1   BANK2
  1624 ;;      Params:         0       0       0       0
  1625 ;;      Locals:         2       0       0       0
  1626 ;;      Temps:          2       0       0       0
  1627 ;;      Totals:         4       0       0       0
  1628 ;;Total ram usage:        4 bytes
  1629 ;; Hardware stack levels used:    1
  1630 ;; This function calls:
  1631 ;;		Nothing
  1632 ;; This function is called by:
  1633 ;;		_main
  1634 ;; This function uses a non-reentrant model
  1635 ;;
  1636                           
  1637                           
  1638                           ;psect for function _DELAY100
  1639  0619                     _DELAY100:	
  1640                           
  1641                           ;incstack = 0
  1642                           ; Regs used in _DELAY100: [wreg+status,2+status,0]
  1643                           ;DELAY100@number stored from wreg
  1644  0619  00F2               	movwf	DELAY100@number
  1645                           
  1646                           ;PIC12F184016ChannelPWM.c: 23: for(byte k=0; k != number; k++)
  1647  061A  01F3               	clrf	DELAY100@k
  1648  061B                     l888:	
  1649  061B  0873               	movf	DELAY100@k,w
  1650  061C  0672               	xorwf	DELAY100@number,w
  1651  061D  1903               	btfsc	3,2
  1652  061E  0008               	return
  1653                           
  1654                           ;PIC12F184016ChannelPWM.c: 24: _delay((unsigned long)((100)*(4000000/4000.0)));
  1655  061F  3082               	movlw	130
  1656  0620  00F1               	movwf	??_DELAY100+1
  1657  0621  30DD               	movlw	221
  1658  0622  00F0               	movwf	??_DELAY100
  1659  0623                     u467:	
  1660  0623  0BF0               	decfsz	??_DELAY100,f
  1661  0624  2E23               	goto	u467
  1662  0625  0BF1               	decfsz	??_DELAY100+1,f
  1663  0626  2E23               	goto	u467
  1664  0627  3200               	nop2
  1665  0628  3001               	movlw	1
  1666  0629  00F0               	movwf	??_DELAY100
  1667  062A  0870               	movf	??_DELAY100,w
  1668  062B  07F3               	addwf	DELAY100@k,f
  1669  062C  2E1B               	goto	l888
  1670  062D                     __end_of_DELAY100:	
  1671  007E                     btemp	set	126	;btemp
  1672  007E                     wtemp	set	126
  1673  007E                     wtemp0	set	126
  1674  0080                     wtemp1	set	128
  1675  0082                     wtemp2	set	130
  1676  0084                     wtemp3	set	132
  1677  0086                     wtemp4	set	134
  1678  0088                     wtemp5	set	136
  1679  007F                     wtemp6	set	127
  1680  007E                     ttemp	set	126
  1681  007E                     ttemp0	set	126
  1682  0081                     ttemp1	set	129
  1683  0084                     ttemp2	set	132
  1684  0087                     ttemp3	set	135
  1685  007F                     ttemp4	set	127
  1686  007E                     ltemp	set	126
  1687  007E                     ltemp0	set	126
  1688  0082                     ltemp1	set	130
  1689  0086                     ltemp2	set	134
  1690  0080                     ltemp3	set	128


Data Sizes:
    Strings     0
    Constant    0
    Data        0
    BSS         1
    Persistent  0
    Stack       0

Auto Spaces:
    Space          Size  Autos    Used
    COMMON           14     13      14
    BANK0            80      6       6
    BANK1            80      0       0
    BANK2            80      0       0

Pointer List with Targets:

    None.

Critical Paths under _main in COMMON

    _main->_PCA9685_init
    _PCA9685_init->_PCA9684_set_prescaler
    _PCA9684_set_prescaler->_PCA9684_read_byte
    _PCA9685_write1Byte_memory->_I2C_data_send
    _PCA9684_read_byte->_I2C_data_send
    _PCA9684_set_pwm->_I2C_data_send
    _I2C_initialize->_DELAY

Critical Paths under _main in BANK0

    None.

Critical Paths under _main in BANK1

    None.

Critical Paths under _main in BANK2

    None.

Call Graph Tables:

 ---------------------------------------------------------------------------------
 (Depth) Function   	        Calls       Base Space   Used Autos Params    Refs
 ---------------------------------------------------------------------------------
 (0) _main                                                 6     6      0    1918
                                              0 BANK0      6     6      0
                              _DELAY
                           _DELAY100
                     _I2C_initialize
                    _PCA9684_set_pwm
                       _PCA9685_init
 ---------------------------------------------------------------------------------
 (1) _PCA9685_init                                         3     3      0    1268
                                             10 COMMON     3     3      0
              _PCA9684_set_prescaler
          _PCA9685_write1Byte_memory
 ---------------------------------------------------------------------------------
 (2) _PCA9684_set_prescaler                                4     4      0     679
                                              6 COMMON     4     4      0
                  _PCA9684_read_byte
          _PCA9685_write1Byte_memory
 ---------------------------------------------------------------------------------
 (2) _PCA9685_write1Byte_memory                            2     1      1     543
                                              2 COMMON     2     1      1
                          _I2C_Start
                           _I2C_Stop
                      _I2C_data_send
 ---------------------------------------------------------------------------------
 (3) _PCA9684_read_byte                                    4     4      0      67
                                              2 COMMON     4     4      0
                       _I2C_SendNACK
                          _I2C_Start
                           _I2C_Stop
                   _I2C_data_receive
                      _I2C_data_send
 ---------------------------------------------------------------------------------
 (4) _I2C_data_receive                                     0     0      0       0
 ---------------------------------------------------------------------------------
 (4) _I2C_SendNACK                                         0     0      0       0
 ---------------------------------------------------------------------------------
 (1) _PCA9684_set_pwm                                      6     4      2     376
                                              2 COMMON     6     4      2
                          _I2C_Start
                           _I2C_Stop
                      _I2C_data_send
 ---------------------------------------------------------------------------------
 (3) _I2C_data_send                                        2     2      0      22
                                              0 COMMON     2     2      0
 ---------------------------------------------------------------------------------
 (3) _I2C_Stop                                             0     0      0       0
 ---------------------------------------------------------------------------------
 (3) _I2C_Start                                            0     0      0       0
 ---------------------------------------------------------------------------------
 (1) _I2C_initialize                                       0     0      0      46
                              _DELAY
 ---------------------------------------------------------------------------------
 (2) _DELAY                                                3     3      0      46
                                              0 COMMON     3     3      0
 ---------------------------------------------------------------------------------
 (1) _DELAY100                                             4     4      0      46
                                              0 COMMON     4     4      0
 ---------------------------------------------------------------------------------
 Estimated maximum stack depth 4
 ---------------------------------------------------------------------------------

 Call Graph Graphs:

 _main (ROOT)
   _DELAY
   _DELAY100
   _I2C_initialize
     _DELAY
   _PCA9684_set_pwm
     _I2C_Start
     _I2C_Stop
     _I2C_data_send
   _PCA9685_init
     _PCA9684_set_prescaler
       _PCA9684_read_byte
         _I2C_SendNACK
         _I2C_Start
         _I2C_Stop
         _I2C_data_receive
         _I2C_data_send
       _PCA9685_write1Byte_memory
         _I2C_Start
         _I2C_Stop
         _I2C_data_send
     _PCA9685_write1Byte_memory
       _I2C_Start
       _I2C_Stop
       _I2C_data_send

 Address spaces:
Name               Size   Autos  Total    Cost      Usage
BIGRAM              F0      0       0       0        0.0%
EEDATA             100      0       0       0        0.0%
NULL                 0      0       0       0        0.0%
CODE                 0      0       0       0        0.0%
BITCOMMON            E      0       0       1        0.0%
BITSFR0              0      0       0       1        0.0%
SFR0                 0      0       0       1        0.0%
COMMON               E      D       E       2      100.0%
BITSFR1              0      0       0       2        0.0%
SFR1                 0      0       0       2        0.0%
BITSFR2              0      0       0       3        0.0%
SFR2                 0      0       0       3        0.0%
STACK                0      0       0       3        0.0%
BITSFR3              0      0       0       4        0.0%
SFR3                 0      0       0       4        0.0%
ABS                  0      0      14       4        0.0%
BITBANK0            50      0       0       5        0.0%
BITSFR4              0      0       0       5        0.0%
SFR4                 0      0       0       5        0.0%
BANK0               50      6       6       6        7.5%
BITSFR5              0      0       0       6        0.0%
SFR5                 0      0       0       6        0.0%
BITBANK1            50      0       0       7        0.0%
BITSFR6              0      0       0       7        0.0%
SFR6                 0      0       0       7        0.0%
BANK1               50      0       0       8        0.0%
BITSFR7              0      0       0       8        0.0%
SFR7                 0      0       0       8        0.0%
BITBANK2            50      0       0       9        0.0%
BITSFR8              0      0       0       9        0.0%
SFR8                 0      0       0       9        0.0%
BANK2               50      0       0      10        0.0%
BITSFR9              0      0       0      10        0.0%
SFR9                 0      0       0      10        0.0%
BITSFR10             0      0       0      11        0.0%
SFR10                0      0       0      11        0.0%
DATA                 0      0      14      11        0.0%
BITSFR11             0      0       0      12        0.0%
SFR11                0      0       0      12        0.0%
BITSFR12             0      0       0      13        0.0%
SFR12                0      0       0      13        0.0%
BITSFR13             0      0       0      14        0.0%
SFR13                0      0       0      14        0.0%
BITSFR14             0      0       0      15        0.0%
SFR14                0      0       0      15        0.0%
BITSFR15             0      0       0      16        0.0%
SFR15                0      0       0      16        0.0%
BITSFR16             0      0       0      17        0.0%
SFR16                0      0       0      17        0.0%
BITSFR17             0      0       0      18        0.0%
SFR17                0      0       0      18        0.0%
BITSFR18             0      0       0      19        0.0%
SFR18                0      0       0      19        0.0%
BITSFR19             0      0       0      20        0.0%
SFR19                0      0       0      20        0.0%
BITSFR20             0      0       0      21        0.0%
SFR20                0      0       0      21        0.0%
BITSFR21             0      0       0      22        0.0%
SFR21                0      0       0      22        0.0%
BITSFR22             0      0       0      23        0.0%
SFR22                0      0       0      23        0.0%
BITSFR23             0      0       0      24        0.0%
SFR23                0      0       0      24        0.0%
BITSFR24             0      0       0      25        0.0%
SFR24                0      0       0      25        0.0%
BITSFR25             0      0       0      26        0.0%
SFR25                0      0       0      26        0.0%
BITSFR26             0      0       0      27        0.0%
SFR26                0      0       0      27        0.0%
BITSFR27             0      0       0      28        0.0%
SFR27                0      0       0      28        0.0%
BITSFR28             0      0       0      29        0.0%
SFR28                0      0       0      29        0.0%
BITSFR29             0      0       0      30        0.0%
SFR29                0      0       0      30        0.0%
BITSFR30             0      0       0      31        0.0%
SFR30                0      0       0      31        0.0%
BITSFR31             0      0       0      32        0.0%
SFR31                0      0       0      32        0.0%


Microchip Technology PIC Macro Assembler V1.37 build -260352376 
Symbol Table                                                                                   Sat Apr 25 23:49:50 2020

                __size_of_I2C_Start 0007                                  _BF 10A0  
                                l80 05EB                                  l74 05D5  
                                l91 0647                                  l83 05ED  
                                l94 0652                                  l97 0655  
                               l113 05DC                                 l107 05E4  
            PCA9684_set_pwm@address 0077                                 l818 064A  
                               l866 05F6                                 l972 0765  
                               l990 07B6                                 l888 061B  
                               l968 0757                                 l986 07A6  
                               u305 07B4                                 u315 07F5  
                               u407 06E4                                 u327 0773  
                               _PEN 10B2                                 u417 06FF  
                               u337 077D                                 u275 065D  
                               u427 0710                                 u347 0787  
                               u437 0723                                 u357 0791  
                               u285 0763                                 u447 0697  
                               u367 07C4                                 u295 07A4  
                               u457 05FC                                 u377 07CE  
                               u467 0623                                 u387 07D8  
                               _SEN 10B0                                 u397 07E2  
                       _unnecessary 007D          PCA9684_set_prescaler@value 0078  
                              l1004 07F7                                _RCEN 10B3  
                              _SCS0 04C8                                _SCS1 04C9  
                              _main 0729                                btemp 007E  
                  __end_of_DELAY100 062D                    __end_of_I2C_Stop 05E1  
             __size_of_I2C_SendNACK 0008                                ltemp 007E  
                              start 0002                                ttemp 007E  
                              wtemp 007E                    ??_I2C_initialize 0073  
           ??_PCA9684_set_prescaler 0076                __end_of_PCA9685_init 06EA  
                             ?_main 0070                               _ACKEN 10B4  
                             _ACKDT 10B5                               _DELAY 05F4  
                             _ANSA1 0C61                               _ANSA2 0C62  
                             _IRCF0 04CB                               _IRCF1 04CC  
                             _IRCF2 04CD                               _IRCF3 04CE  
                             _SSPM0 10A8                               _SSPM1 10A9  
                             _SSPM2 10AA                               _SSPM3 10AB  
                             _TRISA 008C                               _SSPEN 10AD  
                      _I2C_SendNACK 05E1                               main@a 0022  
                 __end_of_I2C_Start 05DA                               ltemp0 007E  
                             ltemp1 0082                               ltemp2 0086  
                             ltemp3 0080                               ttemp0 007E  
                             ttemp1 0081                               ttemp2 0084  
                             ttemp3 0087                               ttemp4 007F  
                             status 0003                               wtemp0 007E  
                             wtemp1 0080                               wtemp2 0082  
                             wtemp3 0084                               wtemp4 0086  
                             wtemp5 0088                               wtemp6 007F  
                   __initialization 07FC                        __end_of_main 07FC  
                            DELAY@k 0072                              ??_main 0020  
                            ?_DELAY 0070           __size_of_I2C_data_receive 000B  
                         DELAY100@k 0073                              _ANSELA 018C  
          __size_of_PCA9684_set_pwm 002B                              _SSP1IF 008B  
                            _SPLLEN 04CF                              _SSPADD 0212  
                            _TRISA1 0461                              _TRISA2 0462  
                            _SSPBUF 0211            PCA9684_set_pwm@pwm_value 0072  
            __size_of_I2C_data_send 0018            PCA9684_set_prescaler@dat 0079  
                         ?_DELAY100 0070                           ?_I2C_Stop 0070  
          PCA9684_read_byte@address 0074             __end_of__initialization 07FD  
                     __end_of_DELAY 0606                   _PCA9684_read_byte 0684  
                    __pcstackCOMMON 0070               __size_of_PCA9685_init 003A  
                ?_PCA9684_read_byte 0070                             ??_DELAY 0070  
               ??_PCA9684_read_byte 0072                          ??_DELAY100 0070  
                     _I2C_data_send 0641                          ??_I2C_Stop 0070  
                      _PCA9685_init 06B0           __end_of_PCA9684_read_byte 06B0  
                 ??_PCA9684_set_pwm 0074                          __pmaintext 0729  
    __size_of_PCA9684_set_prescaler 003F       __end_of_PCA9684_set_prescaler 0729  
                    ?_I2C_data_send 0070                    _I2C_data_receive 05E9  
                         _I2C_Start 05D3                             __ptext1 06B0  
                           __ptext2 06EA                             __ptext3 0606  
                           __ptext4 0684                             __ptext5 05E9  
                           __ptext6 05E1                             __ptext7 0659  
                           __ptext8 0641                             __ptext9 05DA  
              end_of_initialization 07FD                          ?_I2C_Start 0070  
        __size_of_PCA9684_read_byte 002C                 PCA9685_init@command 007C  
__size_of_PCA9685_write1Byte_memory 0013          ?_PCA9685_write1Byte_memory 0072  
                   ??_I2C_data_send 0070             __size_of_I2C_initialize 0014  
                 __size_of_DELAY100 0014                   __size_of_I2C_Stop 0007  
                    DELAY100@number 0072   __end_of_PCA9685_write1Byte_memory 0619  
               start_initialization 07FC                     _PCA9684_set_pwm 0659  
                       ??_I2C_Start 0070            __end_of_I2C_data_receive 05F4  
     PCA9685_write1Byte_memory@data 0072                         __pbssCOMMON 007D  
                         ___latbits 0001                       __pcstackBANK0 0020  
                     ?_I2C_SendNACK 0070               PCA9684_read_byte@data 0075  
                    _I2C_initialize 062D                      __size_of_DELAY 0012  
           __end_of_PCA9684_set_pwm 0684               _PCA9684_set_prescaler 06EA  
                          _DELAY100 0619                            _I2C_Stop 05DA  
                    ??_I2C_SendNACK 0070         ??_PCA9685_write1Byte_memory 0073  
            __end_of_I2C_initialize 0641                   I2C_data_send@data 0071  
                       DELAY@number 0071                     ?_I2C_initialize 0070  
            ?_PCA9684_set_prescaler 0070               __end_of_I2C_data_send 0659  
                  ?_PCA9684_set_pwm 0072                            __ptext10 05D3  
                          __ptext11 062D                            __ptext12 05F4  
                          __ptext13 0619           _PCA9685_write1Byte_memory 0606  
         PCA9684_set_pwm@led_number 0076                       ?_PCA9685_init 0070  
                     __size_of_main 00D3                   ?_I2C_data_receive 0070  
                ??_I2C_data_receive 0070                __end_of_I2C_SendNACK 05E9  
                          main@a_99 0024    PCA9685_write1Byte_memory@address 0073  
                    ??_PCA9685_init 007A  
