     1: 
     2: #include<htc.h>
     3: #define DelayMs __delay_ms
     4: #define DelayUs __delay_usint sayi = 0;
     5: int sayi;
     6: void interrupt funct()
     7: {
     8:         
     9:         if( TMR2IF == 1)
    10:         {
    11: TMR2IF = 0;
    12:                 sayi ++;
    13:                 
    14:                 if( sayi == 245 )
    15:                 {
    16:                         RB0 = ~RB0;
    17:                         sayi = 0;
    18:                         
    19:                         
    20:                 }
    21:                 
    22:                 
    23:                 
    24:         }
    25:         
    26:         
    27:         
    28:         
    29:         
    30: }
    31: 
    32: 
    33: void main()
    34: {
    35:         TRISB0 = 0;
    36:         PORTB = 0;
    37:         //TMR2 = 0;
    38:         GIE = 1;
    39:         PEIE = 1;
    40:         
    41:         PR2 = 250;
    42:         
    43:         //Presc 1/4
    44:         T2CKPS1 = 0;
    45:         T2CKPS0 = 1;
    46:         
    47:         
    48:         //Postscale 1/4
    49: 
    50:         TOUTPS3 = 0;
    51:         TOUTPS2 = 0;
    52:         TOUTPS1 = 1;
    53:         TOUTPS0 = 1;
    54: 
    55:         TMR2IE =  1;
    56:         
    57:         TMR2ON = 1;
    58:         
    59:         
    60:         while( 1 );
    61:         
    62:         
    63: }