

Microchip Technology PIC LITE Macro Assembler V1.37 build -260352376 
                                                                                               Tue Apr 14 20:44:20 2020

Microchip Technology Omniscient Code Generator v1.37 (Free mode) build 201603110536
     1                           	processor	12F1840
     2                           	opt	pw 120
     3                           	opt	lm
     4                           	psect	idataCOMMON,global,class=CODE,delta=2
     5                           	psect	idataBANK0,global,class=CODE,delta=2
     6                           	psect	cinit,global,class=CODE,merge=1,delta=2
     7                           	psect	bssCOMMON,global,class=COMMON,space=1,delta=1
     8                           	psect	dataCOMMON,global,class=COMMON,space=1,delta=1
     9                           	psect	bssBANK0,global,class=BANK0,space=1,delta=1
    10                           	psect	dataBANK0,global,class=BANK0,space=1,delta=1
    11                           	psect	inittext,global,class=CODE,delta=2
    12                           	psect	cstackCOMMON,global,class=COMMON,space=1,delta=1
    13                           	psect	cstackBANK0,global,class=BANK0,space=1,delta=1
    14                           	psect	maintext,global,class=CODE,merge=1,split=1,delta=2
    15                           	psect	text1,local,class=CODE,merge=1,delta=2
    16                           	psect	intentry,global,class=CODE,delta=2
    17                           	psect	text3,local,class=CODE,merge=1,delta=2
    18                           	psect	text4,local,class=CODE,merge=1,delta=2
    19                           	dabs	1,0x7E,2
    20  0000                     	;# 
    21  0001                     	;# 
    22  0002                     	;# 
    23  0003                     	;# 
    24  0004                     	;# 
    25  0005                     	;# 
    26  0006                     	;# 
    27  0007                     	;# 
    28  0008                     	;# 
    29  0009                     	;# 
    30  000A                     	;# 
    31  000B                     	;# 
    32  000C                     	;# 
    33  0011                     	;# 
    34  0012                     	;# 
    35  0015                     	;# 
    36  0016                     	;# 
    37  0016                     	;# 
    38  0017                     	;# 
    39  0018                     	;# 
    40  0019                     	;# 
    41  001A                     	;# 
    42  001B                     	;# 
    43  001C                     	;# 
    44  001E                     	;# 
    45  001F                     	;# 
    46  008C                     	;# 
    47  0091                     	;# 
    48  0092                     	;# 
    49  0095                     	;# 
    50  0096                     	;# 
    51  0097                     	;# 
    52  0098                     	;# 
    53  0099                     	;# 
    54  009A                     	;# 
    55  009B                     	;# 
    56  009B                     	;# 
    57  009C                     	;# 
    58  009D                     	;# 
    59  009E                     	;# 
    60  010C                     	;# 
    61  0111                     	;# 
    62  0112                     	;# 
    63  0115                     	;# 
    64  0116                     	;# 
    65  0117                     	;# 
    66  0118                     	;# 
    67  0119                     	;# 
    68  011A                     	;# 
    69  011B                     	;# 
    70  011D                     	;# 
    71  011D                     	;# 
    72  018C                     	;# 
    73  0191                     	;# 
    74  0191                     	;# 
    75  0192                     	;# 
    76  0193                     	;# 
    77  0193                     	;# 
    78  0193                     	;# 
    79  0194                     	;# 
    80  0195                     	;# 
    81  0196                     	;# 
    82  0197                     	;# 
    83  0199                     	;# 
    84  019A                     	;# 
    85  019B                     	;# 
    86  019B                     	;# 
    87  019B                     	;# 
    88  019B                     	;# 
    89  019C                     	;# 
    90  019C                     	;# 
    91  019D                     	;# 
    92  019E                     	;# 
    93  019F                     	;# 
    94  020C                     	;# 
    95  0211                     	;# 
    96  0211                     	;# 
    97  0212                     	;# 
    98  0212                     	;# 
    99  0213                     	;# 
   100  0213                     	;# 
   101  0214                     	;# 
   102  0214                     	;# 
   103  0215                     	;# 
   104  0215                     	;# 
   105  0215                     	;# 
   106  0216                     	;# 
   107  0216                     	;# 
   108  0217                     	;# 
   109  0217                     	;# 
   110  0291                     	;# 
   111  0291                     	;# 
   112  0292                     	;# 
   113  0293                     	;# 
   114  0294                     	;# 
   115  0295                     	;# 
   116  0295                     	;# 
   117  0296                     	;# 
   118  0391                     	;# 
   119  0392                     	;# 
   120  0393                     	;# 
   121  039A                     	;# 
   122  039C                     	;# 
   123  039D                     	;# 
   124  039E                     	;# 
   125  039F                     	;# 
   126  0FE4                     	;# 
   127  0FE5                     	;# 
   128  0FE6                     	;# 
   129  0FE7                     	;# 
   130  0FE8                     	;# 
   131  0FE9                     	;# 
   132  0FEA                     	;# 
   133  0FEB                     	;# 
   134  0FED                     	;# 
   135  0FEE                     	;# 
   136  0FEF                     	;# 
   137                           
   138                           	psect	idataCOMMON
   139  016C                     __pidataCOMMON:	
   140                           
   141                           ;initializer for _count_status
   142  016C  3408               	retlw	8
   143                           
   144                           	psect	idataBANK0
   145  015C                     __pidataBANK0:	
   146                           
   147                           ;initializer for _rakamlar
   148  015C  3440               	retlw	64
   149  015D  34F9               	retlw	249
   150  015E  3424               	retlw	36
   151  015F  3430               	retlw	48
   152  0160  3419               	retlw	25
   153  0161  3412               	retlw	18
   154  0162  3402               	retlw	2
   155  0163  34F8               	retlw	248
   156  0164  3400               	retlw	0
   157  0165  3410               	retlw	16
   158  0016                     _TMR1	set	22
   159  000C                     _PORTA	set	12
   160  005F                     _GIE	set	95
   161  005B                     _IOCIE	set	91
   162  0058                     _IOCIF	set	88
   163  005E                     _PEIE	set	94
   164  0060                     _RA0	set	96
   165  0061                     _RA1	set	97
   166  0062                     _RA2	set	98
   167  0064                     _RA4	set	100
   168  0065                     _RA5	set	101
   169  00C4                     _T1CKPS0	set	196
   170  00C5                     _T1CKPS1	set	197
   171  00C6                     _TMR1CS0	set	198
   172  00C7                     _TMR1CS1	set	199
   173  00CF                     _TMR1GE	set	207
   174  0088                     _TMR1IF	set	136
   175  00C0                     _TMR1ON	set	192
   176  008C                     _TRISA	set	140
   177  04CB                     _IRCF0	set	1227
   178  04CC                     _IRCF1	set	1228
   179  04CD                     _IRCF2	set	1229
   180  04CE                     _IRCF3	set	1230
   181  04C8                     _SCS0	set	1224
   182  04C9                     _SCS1	set	1225
   183  04CF                     _SPLLEN	set	1231
   184  0488                     _TMR1IE	set	1160
   185  0460                     _TRISA0	set	1120
   186  018C                     _ANSELA	set	396
   187  0393                     _IOCAF	set	915
   188  0392                     _IOCAN	set	914
   189  0391                     _IOCAP	set	913
   190  1C93                     _IOCAN3	set	7315
   191  1C8B                     _IOCAP3	set	7307
   192                           
   193                           ; #config settings
   194  0000                     
   195                           	psect	cinit
   196  0055                     start_initialization:	
   197  0055                     __initialization:	
   198                           
   199                           ; Clear objects allocated to COMMON
   200  0055  01FC               	clrf	__pbssCOMMON& (0+127)
   201                           
   202                           ; Clear objects allocated to BANK0
   203  0056  01B2               	clrf	__pbssBANK0& (0+127)
   204  0057  01B3               	clrf	(__pbssBANK0+1)& (0+127)
   205  0058  01B4               	clrf	(__pbssBANK0+2)& (0+127)
   206  0059  01B5               	clrf	(__pbssBANK0+3)& (0+127)
   207  005A  01B6               	clrf	(__pbssBANK0+4)& (0+127)
   208  005B  01B7               	clrf	(__pbssBANK0+5)& (0+127)
   209  005C  01B8               	clrf	(__pbssBANK0+6)& (0+127)
   210                           
   211                           ; Initialize objects allocated to COMMON
   212  005D  3181  216C  3180   	fcall	__pidataCOMMON	;fetch initializer
   213  0060  00FD               	movwf	__pdataCOMMON& (0+127)
   214                           
   215                           ; Initialize objects allocated to BANK0
   216  0061  305C               	movlw	low __pidataBANK0
   217  0062  0084               	movwf	4
   218  0063  3081               	movlw	(high __pidataBANK0)| (0+128)
   219  0064  0085               	movwf	5
   220  0065  3020               	movlw	low __pdataBANK0
   221  0066  0086               	movwf	6
   222  0067  3000               	movlw	high __pdataBANK0
   223  0068  0087               	movwf	7
   224  0069  300A               	movlw	10
   225  006A  3181  2166         	fcall	init_ram
   226  006C                     end_of_initialization:	
   227                           ;End of C runtime variable initialization code
   228                           
   229  006C                     __end_of__initialization:	
   230  006C  107E               	bcf	int$flags,0	;clear compiler interrupt flag (level 1)
   231  006D  0020               	movlb	0
   232  006E  3180  28CB         	ljmp	_main	;jump to C main() function
   233                           
   234                           	psect	bssCOMMON
   235  007C                     __pbssCOMMON:	
   236  007C                     _second_count:	
   237  007C                     	ds	1
   238                           
   239                           	psect	dataCOMMON
   240  007D                     __pdataCOMMON:	
   241  007D                     _count_status:	
   242  007D                     	ds	1
   243                           
   244                           	psect	bssBANK0
   245  0032                     __pbssBANK0:	
   246  0032                     _leds:	
   247  0032                     	ds	5
   248  0037                     _SHIFT_REG_DATA:	
   249  0037                     	ds	1
   250  0038                     _timer_count:	
   251  0038                     	ds	1
   252                           
   253                           	psect	dataBANK0
   254  0020                     __pdataBANK0:	
   255  0020                     _rakamlar:	
   256  0020                     	ds	10
   257                           
   258                           	psect	inittext
   259  0166                     init_ram:	
   260  0166  00FE               	movwf	126
   261  0167                     initloop:	
   262  0167  0012               	moviw fsr0++
   263  0168  001E               	movwi fsr1++
   264  0169  0BFE               	decfsz	126,f
   265  016A  2967               	goto	initloop
   266  016B  3400               	retlw	0
   267                           
   268                           	psect	cstackCOMMON
   269  0070                     __pcstackCOMMON:	
   270  0070                     ?_show_time:	
   271  0070                     ?_FNC:	
   272                           ; 1 bytes @ 0x0
   273                           
   274  0070                     ?_DELAY:	
   275                           ; 1 bytes @ 0x0
   276                           
   277  0070                     ?_main:	
   278                           ; 1 bytes @ 0x0
   279                           
   280  0070                     ?___lbdiv:	
   281                           ; 1 bytes @ 0x0
   282                           
   283  0070                     ___lbdiv@divisor:	
   284                           ; 1 bytes @ 0x0
   285                           
   286                           
   287                           ; 1 bytes @ 0x0
   288  0070                     	ds	1
   289  0071                     ??___lbdiv:	
   290                           
   291                           ; 1 bytes @ 0x1
   292  0071                     	ds	1
   293  0072                     ___lbdiv@dividend:	
   294                           
   295                           ; 1 bytes @ 0x2
   296  0072                     	ds	1
   297  0073                     ___lbdiv@counter:	
   298                           
   299                           ; 1 bytes @ 0x3
   300  0073                     	ds	1
   301  0074                     ___lbdiv@quotient:	
   302                           
   303                           ; 1 bytes @ 0x4
   304  0074                     	ds	1
   305  0075                     ??_show_time:	
   306                           
   307                           ; 1 bytes @ 0x5
   308  0075                     	ds	1
   309  0076                     show_time@gap:	
   310                           
   311                           ; 1 bytes @ 0x6
   312  0076                     	ds	1
   313  0077                     show_time@rakam:	
   314                           
   315                           ; 1 bytes @ 0x7
   316  0077                     	ds	1
   317  0078                     show_time@c:	
   318                           
   319                           ; 1 bytes @ 0x8
   320  0078                     	ds	1
   321  0079                     show_time@a:	
   322                           
   323                           ; 1 bytes @ 0x9
   324  0079                     	ds	1
   325  007A                     ??_FNC:	
   326                           
   327                           ; 1 bytes @ 0xA
   328  007A                     	ds	2
   329                           
   330                           	psect	cstackBANK0
   331  002A                     __pcstackBANK0:	
   332  002A                     ??_DELAY:	
   333                           
   334                           ; 1 bytes @ 0x0
   335  002A                     	ds	2
   336  002C                     DELAY@number:	
   337                           
   338                           ; 1 bytes @ 0x2
   339  002C                     	ds	1
   340  002D                     DELAY@k:	
   341                           
   342                           ; 1 bytes @ 0x3
   343  002D                     	ds	1
   344  002E                     ??_main:	
   345                           
   346                           ; 1 bytes @ 0x4
   347  002E                     	ds	3
   348  0031                     main@rakam:	
   349                           
   350                           ; 1 bytes @ 0x7
   351  0031                     	ds	1
   352                           
   353                           	psect	maintext
   354  00CB                     __pmaintext:	
   355 ;;
   356 ;;Main: autosize = 0, tempsize = 3, incstack = 0, save=0
   357 ;;
   358 ;; *************** function _main *****************
   359 ;; Defined at:
   360 ;;		line 64 in file "PIC12F1840CounterWithLeds.c"
   361 ;; Parameters:    Size  Location     Type
   362 ;;		None
   363 ;; Auto vars:     Size  Location     Type
   364 ;;  rakam           1    7[BANK0 ] unsigned char 
   365 ;; Return value:  Size  Location     Type
   366 ;;                  1    wreg      void 
   367 ;; Registers used:
   368 ;;		wreg, status,2, status,0, pclath, cstack
   369 ;; Tracked objects:
   370 ;;		On entry : B1F/0
   371 ;;		On exit  : 0/0
   372 ;;		Unchanged: 0/0
   373 ;; Data sizes:     COMMON   BANK0   BANK1   BANK2
   374 ;;      Params:         0       0       0       0
   375 ;;      Locals:         0       1       0       0
   376 ;;      Temps:          0       3       0       0
   377 ;;      Totals:         0       4       0       0
   378 ;;Total ram usage:        4 bytes
   379 ;; Hardware stack levels required when called:    4
   380 ;; This function calls:
   381 ;;		_DELAY
   382 ;; This function is called by:
   383 ;;		Startup code after reset
   384 ;; This function uses a non-reentrant model
   385 ;;
   386                           
   387                           
   388                           ;psect for function _main
   389  00CB                     _main:	
   390                           
   391                           ;PIC12F1840CounterWithLeds.c: 66: ANSELA = 0;
   392                           
   393                           ;incstack = 0
   394                           ; Regs used in _main: [wreg+status,2+status,0+pclath+cstack]
   395  00CB  0023               	movlb	3	; select bank3
   396  00CC  018C               	clrf	12	;volatile
   397                           
   398                           ;PIC12F1840CounterWithLeds.c: 68: TRISA = 0;
   399  00CD  0021               	movlb	1	; select bank1
   400  00CE  018C               	clrf	12	;volatile
   401                           
   402                           ;PIC12F1840CounterWithLeds.c: 70: SPLLEN = 0;
   403  00CF  1399               	bcf	25,7	;volatile
   404                           
   405                           ;PIC12F1840CounterWithLeds.c: 75: IRCF3 = 1;
   406  00D0  1719               	bsf	25,6	;volatile
   407                           
   408                           ;PIC12F1840CounterWithLeds.c: 76: IRCF2 = 1;
   409  00D1  1699               	bsf	25,5	;volatile
   410                           
   411                           ;PIC12F1840CounterWithLeds.c: 77: IRCF1 = 1;
   412  00D2  1619               	bsf	25,4	;volatile
   413                           
   414                           ;PIC12F1840CounterWithLeds.c: 78: IRCF0 = 0;
   415  00D3  1199               	bcf	25,3	;volatile
   416                           
   417                           ;PIC12F1840CounterWithLeds.c: 80: SCS1 = 1 ;
   418  00D4  1499               	bsf	25,1	;volatile
   419                           
   420                           ;PIC12F1840CounterWithLeds.c: 81: SCS0 = 0;
   421  00D5  1019               	bcf	25,0	;volatile
   422                           
   423                           ;PIC12F1840CounterWithLeds.c: 83: IOCAN = 0;
   424  00D6  0027               	movlb	7	; select bank7
   425  00D7  0192               	clrf	18	;volatile
   426                           
   427                           ;PIC12F1840CounterWithLeds.c: 84: IOCAP = 0;
   428  00D8  0191               	clrf	17	;volatile
   429                           
   430                           ;PIC12F1840CounterWithLeds.c: 87: IOCAP3 = 0;
   431  00D9  1191               	bcf	17,3	;volatile
   432                           
   433                           ;PIC12F1840CounterWithLeds.c: 88: IOCAN3 = 1;
   434  00DA  1592               	bsf	18,3	;volatile
   435                           
   436                           ;PIC12F1840CounterWithLeds.c: 90: DELAY(120);
   437  00DB  3078               	movlw	120
   438  00DC  3181  2146  3180   	fcall	_DELAY
   439                           
   440                           ;PIC12F1840CounterWithLeds.c: 92: TMR1 = 0 ;
   441  00DF  0020               	movlb	0	; select bank0
   442  00E0  0196               	clrf	22	;volatile
   443  00E1  0197               	clrf	23	;volatile
   444                           
   445                           ;PIC12F1840CounterWithLeds.c: 95: TMR1CS1 = 0 ;
   446  00E2  1398               	bcf	24,7	;volatile
   447                           
   448                           ;PIC12F1840CounterWithLeds.c: 96: TMR1CS0 = 1 ;
   449  00E3  1718               	bsf	24,6	;volatile
   450                           
   451                           ;PIC12F1840CounterWithLeds.c: 99: T1CKPS1 = 1 ;
   452  00E4  1698               	bsf	24,5	;volatile
   453                           
   454                           ;PIC12F1840CounterWithLeds.c: 100: T1CKPS0 = 1 ;
   455  00E5  1618               	bsf	24,4	;volatile
   456                           
   457                           ;PIC12F1840CounterWithLeds.c: 102: TMR1IF = 0 ;
   458  00E6  1011               	bcf	17,0	;volatile
   459                           
   460                           ;PIC12F1840CounterWithLeds.c: 103: TMR1GE = 0 ;
   461  00E7  1399               	bcf	25,7	;volatile
   462                           
   463                           ;PIC12F1840CounterWithLeds.c: 106: TMR1 = 15535 ;
   464  00E8  303C               	movlw	60
   465  00E9  0097               	movwf	23	;volatile
   466  00EA  30AF               	movlw	175
   467  00EB  0096               	movwf	22	;volatile
   468                           
   469                           ;PIC12F1840CounterWithLeds.c: 109: TMR1IE = 1 ;
   470  00EC  0021               	movlb	1	; select bank1
   471  00ED  1411               	bsf	17,0	;volatile
   472                           
   473                           ;PIC12F1840CounterWithLeds.c: 115: DELAY(100);
   474  00EE  3064               	movlw	100
   475  00EF  3181  2146  3180   	fcall	_DELAY
   476                           
   477                           ;PIC12F1840CounterWithLeds.c: 116: _delay((unsigned long)((500)*(8000000/4000.0)));
   478  00F2  3006               	movlw	6
   479  00F3  0020               	movlb	0	; select bank0
   480  00F4  00B0               	movwf	??_main+2
   481  00F5  3013               	movlw	19
   482  00F6  00AF               	movwf	??_main+1
   483  00F7  30B1               	movlw	177
   484  00F8  00AE               	movwf	??_main
   485  00F9                     u1017:	
   486  00F9  0BAE               	decfsz	??_main,f
   487  00FA  28F9               	goto	u1017
   488  00FB  0BAF               	decfsz	??_main+1,f
   489  00FC  28F9               	goto	u1017
   490  00FD  0BB0               	decfsz	??_main+2,f
   491  00FE  28F9               	goto	u1017
   492  00FF  3200               	nop2
   493                           
   494                           ;PIC12F1840CounterWithLeds.c: 117: PORTA = 0;
   495  0100  0020               	movlb	0	; select bank0
   496  0101  018C               	clrf	12	;volatile
   497                           
   498                           ;PIC12F1840CounterWithLeds.c: 118: TRISA0 = 0;
   499  0102  0021               	movlb	1	; select bank1
   500  0103  100C               	bcf	12,0	;volatile
   501                           
   502                           ;PIC12F1840CounterWithLeds.c: 119: DELAY(100);
   503  0104  3064               	movlw	100
   504  0105  3181  2146  3180   	fcall	_DELAY
   505                           
   506                           ;PIC12F1840CounterWithLeds.c: 120: PEIE = 1;
   507  0108  170B               	bsf	11,6	;volatile
   508                           
   509                           ;PIC12F1840CounterWithLeds.c: 124: IOCAF = 0;
   510  0109  0027               	movlb	7	; select bank7
   511  010A  0193               	clrf	19	;volatile
   512                           
   513                           ;PIC12F1840CounterWithLeds.c: 125: IOCIE = 1;
   514  010B  158B               	bsf	11,3	;volatile
   515                           
   516                           ;PIC12F1840CounterWithLeds.c: 129: byte rakam = 0;
   517  010C  0020               	movlb	0	; select bank0
   518  010D  01B1               	clrf	main@rakam
   519                           
   520                           ;PIC12F1840CounterWithLeds.c: 130: GIE = 1;
   521  010E  178B               	bsf	11,7	;volatile
   522  010F                     l1064:	
   523                           ;PIC12F1840CounterWithLeds.c: 132: while(1)
   524                           
   525                           
   526                           ;PIC12F1840CounterWithLeds.c: 133: {
   527                           ;PIC12F1840CounterWithLeds.c: 134: if(count_status == 8)
   528  010F  3008               	movlw	8
   529  0110  067D               	xorwf	_count_status,w
   530  0111  1D03               	btfss	3,2
   531  0112  2916               	goto	l145
   532                           
   533                           ;PIC12F1840CounterWithLeds.c: 135: RA5 = ~RA5;
   534  0113  3020               	movlw	32
   535  0114  0020               	movlb	0	; select bank0
   536  0115  068C               	xorwf	12,f
   537  0116                     l145:	
   538                           
   539                           ;PIC12F1840CounterWithLeds.c: 136: _delay((unsigned long)((1000)*(8000000/4000.0)));
   540  0116  300B               	movlw	11
   541  0117  0020               	movlb	0	; select bank0
   542  0118  00B0               	movwf	??_main+2
   543  0119  3026               	movlw	38
   544  011A  00AF               	movwf	??_main+1
   545  011B  3066               	movlw	102
   546  011C  00AE               	movwf	??_main
   547  011D                     u1027:	
   548  011D  0BAE               	decfsz	??_main,f
   549  011E  291D               	goto	u1027
   550  011F  0BAF               	decfsz	??_main+1,f
   551  0120  291D               	goto	u1027
   552  0121  0BB0               	decfsz	??_main+2,f
   553  0122  291D               	goto	u1027
   554  0123  3200               	nop2
   555  0124  290F               	goto	l1064
   556  0125                     __end_of_main:	
   557                           
   558                           	psect	text1
   559  0146                     __ptext1:	
   560 ;; *************** function _DELAY *****************
   561 ;; Defined at:
   562 ;;		line 28 in file "PIC12F1840CounterWithLeds.c"
   563 ;; Parameters:    Size  Location     Type
   564 ;;  number          1    wreg     unsigned char 
   565 ;; Auto vars:     Size  Location     Type
   566 ;;  number          1    2[BANK0 ] unsigned char 
   567 ;;  k               1    3[BANK0 ] unsigned char 
   568 ;; Return value:  Size  Location     Type
   569 ;;                  1    wreg      void 
   570 ;; Registers used:
   571 ;;		wreg, status,2, status,0
   572 ;; Tracked objects:
   573 ;;		On entry : 0/0
   574 ;;		On exit  : 0/0
   575 ;;		Unchanged: 0/0
   576 ;; Data sizes:     COMMON   BANK0   BANK1   BANK2
   577 ;;      Params:         0       0       0       0
   578 ;;      Locals:         0       2       0       0
   579 ;;      Temps:          0       2       0       0
   580 ;;      Totals:         0       4       0       0
   581 ;;Total ram usage:        4 bytes
   582 ;; Hardware stack levels used:    1
   583 ;; Hardware stack levels required when called:    3
   584 ;; This function calls:
   585 ;;		Nothing
   586 ;; This function is called by:
   587 ;;		_main
   588 ;; This function uses a non-reentrant model
   589 ;;
   590                           
   591                           
   592                           ;psect for function _DELAY
   593  0146                     _DELAY:	
   594                           
   595                           ;incstack = 0
   596                           ; Regs used in _DELAY: [wreg+status,2+status,0]
   597                           ;DELAY@number stored from wreg
   598  0146  0020               	movlb	0	; select bank0
   599  0147  00AC               	movwf	DELAY@number
   600                           
   601                           ;PIC12F1840CounterWithLeds.c: 30: for(byte k=0; k != number; k++)
   602  0148  01AD               	clrf	DELAY@k
   603  0149                     l958:	
   604  0149  082D               	movf	DELAY@k,w
   605  014A  062C               	xorwf	DELAY@number,w
   606  014B  1903               	btfsc	3,2
   607  014C  0008               	return
   608                           
   609                           ;PIC12F1840CounterWithLeds.c: 31: _delay((unsigned long)((1)*(8000000/4000.0)));
   610  014D  3003               	movlw	3
   611  014E  00AB               	movwf	??_DELAY+1
   612  014F  3097               	movlw	151
   613  0150  00AA               	movwf	??_DELAY
   614  0151                     u1037:	
   615  0151  0BAA               	decfsz	??_DELAY,f
   616  0152  2951               	goto	u1037
   617  0153  0BAB               	decfsz	??_DELAY+1,f
   618  0154  2951               	goto	u1037
   619  0155  3200               	nop2
   620  0156  3001               	movlw	1
   621  0157  0020               	movlb	0	; select bank0
   622  0158  00AA               	movwf	??_DELAY
   623  0159  082A               	movf	??_DELAY,w
   624  015A  07AD               	addwf	DELAY@k,f
   625  015B  2949               	goto	l958
   626  015C                     __end_of_DELAY:	
   627                           
   628                           	psect	intentry
   629  0004                     __pintentry:	
   630 ;; *************** function _FNC *****************
   631 ;; Defined at:
   632 ;;		line 22 in file "INTERRUPT.h"
   633 ;; Parameters:    Size  Location     Type
   634 ;;		None
   635 ;; Auto vars:     Size  Location     Type
   636 ;;		None
   637 ;; Return value:  Size  Location     Type
   638 ;;                  1    wreg      void 
   639 ;; Registers used:
   640 ;;		wreg, fsr1l, fsr1h, status,2, status,0, pclath, cstack
   641 ;; Tracked objects:
   642 ;;		On entry : 0/0
   643 ;;		On exit  : 0/0
   644 ;;		Unchanged: 0/0
   645 ;; Data sizes:     COMMON   BANK0   BANK1   BANK2
   646 ;;      Params:         0       0       0       0
   647 ;;      Locals:         0       0       0       0
   648 ;;      Temps:          2       0       0       0
   649 ;;      Totals:         2       0       0       0
   650 ;;Total ram usage:        2 bytes
   651 ;; Hardware stack levels used:    1
   652 ;; Hardware stack levels required when called:    2
   653 ;; This function calls:
   654 ;;		_show_time
   655 ;; This function is called by:
   656 ;;		Interrupt level 1
   657 ;; This function uses a non-reentrant model
   658 ;;
   659                           
   660  0004                     _FNC:	
   661                           
   662                           ;incstack = 0
   663                           ; Regs used in _FNC: [wreg+fsr1l+fsr1h+status,2+status,0+pclath+cstack]
   664  0004  147E               	bsf	126,0	;set compiler interrupt flag (level 1)
   665  0005  3180               	pagesel	$
   666  0006  0020               	movlb	0	; select bank0
   667  0007  087F               	movf	127,w
   668  0008  00FB               	movwf	??_FNC+1
   669                           
   670                           ;INTERRUPT.h: 24: if(TMR1IF == 1)
   671  0009  1C11               	btfss	17,0	;volatile
   672  000A  2832               	goto	i1l109
   673                           
   674                           ;INTERRUPT.h: 25: { TMR1ON = 0;
   675  000B  1018               	bcf	24,0	;volatile
   676                           
   677                           ;INTERRUPT.h: 26: timer_count ++;
   678  000C  3001               	movlw	1
   679  000D  00FA               	movwf	??_FNC
   680  000E  087A               	movf	??_FNC,w
   681  000F  07B8               	addwf	_timer_count,f
   682                           
   683                           ;INTERRUPT.h: 27: if(timer_count == 20)
   684  0010  3014               	movlw	20
   685  0011  0638               	xorwf	_timer_count,w
   686  0012  1D03               	btfss	3,2
   687  0013  2826               	goto	i1l980
   688                           
   689                           ;INTERRUPT.h: 28: {
   690                           ;INTERRUPT.h: 29: timer_count = 0;
   691  0014  01B8               	clrf	_timer_count
   692                           
   693                           ;INTERRUPT.h: 30: second_count ++;
   694  0015  3001               	movlw	1
   695  0016  00FA               	movwf	??_FNC
   696  0017  087A               	movf	??_FNC,w
   697  0018  07FC               	addwf	_second_count,f
   698                           
   699                           ;INTERRUPT.h: 31: if(second_count == 61)
   700  0019  303D               	movlw	61
   701  001A  067C               	xorwf	_second_count,w
   702  001B  1D03               	btfss	3,2
   703  001C  2822               	goto	i1l978
   704                           
   705                           ;INTERRUPT.h: 32: {
   706                           ;INTERRUPT.h: 34: TMR1ON = 0;
   707  001D  1018               	bcf	24,0	;volatile
   708                           
   709                           ;INTERRUPT.h: 35: count_status = 8;
   710  001E  3008               	movlw	8
   711  001F  00FA               	movwf	??_FNC
   712  0020  087A               	movf	??_FNC,w
   713  0021  00FD               	movwf	_count_status
   714  0022                     i1l978:	
   715                           
   716                           ;INTERRUPT.h: 36: }
   717                           ;INTERRUPT.h: 38: show_time(second_count);
   718  0022  087C               	movf	_second_count,w
   719  0023  3180  2070  3180   	fcall	_show_time
   720  0026                     i1l980:	
   721                           
   722                           ;INTERRUPT.h: 39: }
   723                           ;INTERRUPT.h: 41: TMR1 = 15535;
   724  0026  303C               	movlw	60
   725  0027  0020               	movlb	0	; select bank0
   726  0028  0097               	movwf	23	;volatile
   727  0029  30AF               	movlw	175
   728  002A  0096               	movwf	22	;volatile
   729                           
   730                           ;INTERRUPT.h: 42: TMR1IF = 0;
   731  002B  1011               	bcf	17,0	;volatile
   732                           
   733                           ;INTERRUPT.h: 43: if(count_status != 8)
   734  002C  3008               	movlw	8
   735  002D  067D               	xorwf	_count_status,w
   736  002E  1903               	btfsc	3,2
   737  002F  284E               	goto	i1l118
   738                           
   739                           ;INTERRUPT.h: 44: {
   740                           ;INTERRUPT.h: 45: TMR1ON = 1;
   741  0030  1418               	bsf	24,0	;volatile
   742                           
   743                           ;INTERRUPT.h: 46: }
   744                           ;INTERRUPT.h: 47: }
   745  0031  284E               	goto	i1l118
   746  0032                     i1l109:	
   747                           
   748                           ;INTERRUPT.h: 48: else
   749                           ;INTERRUPT.h: 50: if(IOCIF == 1)
   750  0032  1C0B               	btfss	11,0	;volatile
   751  0033  284E               	goto	i1l118
   752                           
   753                           ;INTERRUPT.h: 51: {
   754                           ;INTERRUPT.h: 52: if(count_status == 8)
   755  0034  3008               	movlw	8
   756  0035  067D               	xorwf	_count_status,w
   757  0036  1D03               	btfss	3,2
   758  0037  2843               	goto	i1l998
   759                           
   760                           ;INTERRUPT.h: 53: {
   761                           ;INTERRUPT.h: 54: count_status = 9;
   762  0038  3009               	movlw	9
   763  0039  00FA               	movwf	??_FNC
   764  003A  087A               	movf	??_FNC,w
   765  003B  00FD               	movwf	_count_status
   766                           
   767                           ;INTERRUPT.h: 55: TMR1 = 15535;
   768  003C  303C               	movlw	60
   769  003D  0097               	movwf	23	;volatile
   770  003E  30AF               	movlw	175
   771  003F  0096               	movwf	22	;volatile
   772                           
   773                           ;INTERRUPT.h: 56: second_count = 0;
   774  0040  01FC               	clrf	_second_count
   775                           
   776                           ;INTERRUPT.h: 57: TMR1ON = 1;
   777  0041  1418               	bsf	24,0	;volatile
   778                           
   779                           ;INTERRUPT.h: 58: }
   780  0042  284C               	goto	i1l1004
   781  0043                     i1l998:	
   782                           
   783                           ;INTERRUPT.h: 59: else if(count_status == 9)
   784  0043  3009               	movlw	9
   785  0044  067D               	xorwf	_count_status,w
   786  0045  1D03               	btfss	3,2
   787  0046  284C               	goto	i1l1004
   788                           
   789                           ;INTERRUPT.h: 60: {
   790                           ;INTERRUPT.h: 61: count_status = 8;
   791  0047  3008               	movlw	8
   792  0048  00FA               	movwf	??_FNC
   793  0049  087A               	movf	??_FNC,w
   794  004A  00FD               	movwf	_count_status
   795                           
   796                           ;INTERRUPT.h: 62: TMR1ON = 0;
   797  004B  1018               	bcf	24,0	;volatile
   798  004C                     i1l1004:	
   799                           
   800                           ;INTERRUPT.h: 64: }
   801                           ;INTERRUPT.h: 65: IOCAF = 0;
   802  004C  0027               	movlb	7	; select bank7
   803  004D  0193               	clrf	19	;volatile
   804  004E                     i1l118:	
   805  004E  087B               	movf	??_FNC+1,w
   806  004F  0020               	movlb	0	; select bank0
   807  0050  00FF               	movwf	127
   808  0051  107E               	bcf	126,0	;clear compiler interrupt flag (level 1)
   809  0052  0009               	retfie
   810  0053                     __end_of_FNC:	
   811                           
   812                           	psect	text3
   813  0070                     __ptext3:	
   814 ;; *************** function _show_time *****************
   815 ;; Defined at:
   816 ;;		line 42 in file "PIC12F1840CounterWithLeds.c"
   817 ;; Parameters:    Size  Location     Type
   818 ;;  rakam           1    wreg     unsigned char 
   819 ;; Auto vars:     Size  Location     Type
   820 ;;  rakam           1    7[COMMON] unsigned char 
   821 ;;  c               1    8[COMMON] unsigned char 
   822 ;;  a               1    9[COMMON] unsigned char 
   823 ;;  gap             1    6[COMMON] unsigned char 
   824 ;; Return value:  Size  Location     Type
   825 ;;                  1    wreg      void 
   826 ;; Registers used:
   827 ;;		wreg, fsr1l, fsr1h, status,2, status,0, pclath, cstack
   828 ;; Tracked objects:
   829 ;;		On entry : 0/0
   830 ;;		On exit  : 0/0
   831 ;;		Unchanged: 0/0
   832 ;; Data sizes:     COMMON   BANK0   BANK1   BANK2
   833 ;;      Params:         0       0       0       0
   834 ;;      Locals:         4       0       0       0
   835 ;;      Temps:          1       0       0       0
   836 ;;      Totals:         5       0       0       0
   837 ;;Total ram usage:        5 bytes
   838 ;; Hardware stack levels used:    1
   839 ;; Hardware stack levels required when called:    1
   840 ;; This function calls:
   841 ;;		___lbdiv
   842 ;; This function is called by:
   843 ;;		_FNC
   844 ;; This function uses a non-reentrant model
   845 ;;
   846                           
   847                           
   848                           ;psect for function _show_time
   849  0070                     _show_time:	
   850                           
   851                           ;incstack = 0
   852                           ; Regs used in _show_time: [wreg+fsr1l+fsr1h+status,2+status,0+pclath+cstack]
   853                           ;show_time@rakam stored from wreg
   854  0070  00F7               	movwf	show_time@rakam
   855                           
   856                           ;PIC12F1840CounterWithLeds.c: 44: for(byte a=0; a < 5; a++) leds[a] = 0;
   857  0071  01F9               	clrf	show_time@a
   858  0072  3005               	movlw	5
   859  0073  0279               	subwf	show_time@a,w
   860  0074  1803               	btfsc	3,0
   861  0075  2883               	goto	i1l940
   862  0076                     i1l934:	
   863  0076  0879               	movf	show_time@a,w
   864  0077  3E32               	addlw	(low (_leds| 0))& (0+255)
   865  0078  0086               	movwf	6
   866  0079  0187               	clrf	7
   867  007A  0181               	clrf	1
   868  007B  3001               	movlw	1
   869  007C  00F5               	movwf	??_show_time
   870  007D  0875               	movf	??_show_time,w
   871  007E  07F9               	addwf	show_time@a,f
   872  007F  3005               	movlw	5
   873  0080  0279               	subwf	show_time@a,w
   874  0081  1C03               	skipc
   875  0082  2876               	goto	i1l934
   876  0083                     i1l940:	
   877                           
   878                           ;PIC12F1840CounterWithLeds.c: 45: if(rakam > 60 ) rakam = 60;
   879  0083  303D               	movlw	61
   880  0084  0277               	subwf	show_time@rakam,w
   881  0085  1C03               	skipc
   882  0086  288B               	goto	i1l137
   883  0087  303C               	movlw	60
   884  0088  00F5               	movwf	??_show_time
   885  0089  0875               	movf	??_show_time,w
   886  008A  00F7               	movwf	show_time@rakam
   887  008B                     i1l137:	
   888                           
   889                           ;PIC12F1840CounterWithLeds.c: 46: byte gap = 12;
   890  008B  300C               	movlw	12
   891  008C  00F5               	movwf	??_show_time
   892  008D  0875               	movf	??_show_time,w
   893  008E  00F6               	movwf	show_time@gap
   894                           
   895                           ;PIC12F1840CounterWithLeds.c: 47: for(byte c = 0; c < rakam/gap; c++)
   896  008F  01F8               	clrf	show_time@c
   897  0090                     i1l950:	
   898  0090  0876               	movf	show_time@gap,w
   899  0091  00F5               	movwf	??_show_time
   900  0092  0875               	movf	??_show_time,w
   901  0093  00F0               	movwf	___lbdiv@divisor
   902  0094  0877               	movf	show_time@rakam,w
   903  0095  3181  2125  3180   	fcall	___lbdiv
   904  0098  0278               	subwf	show_time@c,w
   905  0099  1803               	btfsc	3,0
   906  009A  28A6               	goto	i1l140
   907                           
   908                           ;PIC12F1840CounterWithLeds.c: 48: {
   909                           ;PIC12F1840CounterWithLeds.c: 49: leds[c] = 1;
   910  009B  0878               	movf	show_time@c,w
   911  009C  3E32               	addlw	(low (_leds| 0))& (0+255)
   912  009D  0086               	movwf	6
   913  009E  0187               	clrf	7
   914  009F  0181               	clrf	1
   915  00A0  0A81               	incf	1,f
   916  00A1  3001               	movlw	1
   917  00A2  00F5               	movwf	??_show_time
   918  00A3  0875               	movf	??_show_time,w
   919  00A4  07F8               	addwf	show_time@c,f
   920  00A5  2890               	goto	i1l950
   921  00A6                     i1l140:	
   922                           
   923                           ;PIC12F1840CounterWithLeds.c: 50: }
   924                           ;PIC12F1840CounterWithLeds.c: 52: RA0 = leds[0];
   925  00A6  0020               	movlb	0	; select bank0
   926  00A7  1C32               	btfss	_leds,0
   927  00A8  28AC               	goto	u63_20
   928  00A9  0020               	movlb	0	; select bank0
   929  00AA  140C               	bsf	12,0	;volatile
   930  00AB  28AE               	goto	u64_24
   931  00AC                     u63_20:	
   932  00AC  0020               	movlb	0	; select bank0
   933  00AD  100C               	bcf	12,0	;volatile
   934  00AE                     u64_24:	
   935                           
   936                           ;PIC12F1840CounterWithLeds.c: 53: RA1 = leds[1];
   937  00AE  1C33               	btfss	_leds+1,0
   938  00AF  28B3               	goto	u65_20
   939  00B0  0020               	movlb	0	; select bank0
   940  00B1  148C               	bsf	12,1	;volatile
   941  00B2  28B5               	goto	u66_24
   942  00B3                     u65_20:	
   943  00B3  0020               	movlb	0	; select bank0
   944  00B4  108C               	bcf	12,1	;volatile
   945  00B5                     u66_24:	
   946                           
   947                           ;PIC12F1840CounterWithLeds.c: 54: RA2 = leds[2];
   948  00B5  1C34               	btfss	_leds+2,0
   949  00B6  28BA               	goto	u67_20
   950  00B7  0020               	movlb	0	; select bank0
   951  00B8  150C               	bsf	12,2	;volatile
   952  00B9  28BC               	goto	u68_24
   953  00BA                     u67_20:	
   954  00BA  0020               	movlb	0	; select bank0
   955  00BB  110C               	bcf	12,2	;volatile
   956  00BC                     u68_24:	
   957                           
   958                           ;PIC12F1840CounterWithLeds.c: 56: RA4 = leds[3];
   959  00BC  1C35               	btfss	_leds+3,0
   960  00BD  28C1               	goto	u69_20
   961  00BE  0020               	movlb	0	; select bank0
   962  00BF  160C               	bsf	12,4	;volatile
   963  00C0  28C3               	goto	u70_24
   964  00C1                     u69_20:	
   965  00C1  0020               	movlb	0	; select bank0
   966  00C2  120C               	bcf	12,4	;volatile
   967  00C3                     u70_24:	
   968                           
   969                           ;PIC12F1840CounterWithLeds.c: 57: RA5 = leds[4];
   970  00C3  1C36               	btfss	_leds+4,0
   971  00C4  28C8               	goto	u71_20
   972  00C5  0020               	movlb	0	; select bank0
   973  00C6  168C               	bsf	12,5	;volatile
   974  00C7  0008               	return
   975  00C8                     u71_20:	
   976  00C8  0020               	movlb	0	; select bank0
   977  00C9  128C               	bcf	12,5	;volatile
   978  00CA  0008               	return
   979  00CB                     __end_of_show_time:	
   980                           
   981                           	psect	text4
   982  0125                     __ptext4:	
   983 ;; *************** function ___lbdiv *****************
   984 ;; Defined at:
   985 ;;		line 4 in file "C:\Program Files (x86)\Microchip\xc8\v1.37\sources\common\lbdiv.c"
   986 ;; Parameters:    Size  Location     Type
   987 ;;  dividend        1    wreg     unsigned char 
   988 ;;  divisor         1    0[COMMON] unsigned char 
   989 ;; Auto vars:     Size  Location     Type
   990 ;;  dividend        1    2[COMMON] unsigned char 
   991 ;;  quotient        1    4[COMMON] unsigned char 
   992 ;;  counter         1    3[COMMON] unsigned char 
   993 ;; Return value:  Size  Location     Type
   994 ;;                  1    wreg      unsigned char 
   995 ;; Registers used:
   996 ;;		wreg, status,2, status,0
   997 ;; Tracked objects:
   998 ;;		On entry : 0/0
   999 ;;		On exit  : 0/0
  1000 ;;		Unchanged: 0/0
  1001 ;; Data sizes:     COMMON   BANK0   BANK1   BANK2
  1002 ;;      Params:         1       0       0       0
  1003 ;;      Locals:         3       0       0       0
  1004 ;;      Temps:          1       0       0       0
  1005 ;;      Totals:         5       0       0       0
  1006 ;;Total ram usage:        5 bytes
  1007 ;; Hardware stack levels used:    1
  1008 ;; This function calls:
  1009 ;;		Nothing
  1010 ;; This function is called by:
  1011 ;;		_show_time
  1012 ;; This function uses a non-reentrant model
  1013 ;;
  1014                           
  1015                           
  1016                           ;psect for function ___lbdiv
  1017  0125                     ___lbdiv:	
  1018                           
  1019                           ;incstack = 0
  1020                           ; Regs used in ___lbdiv: [wreg+status,2+status,0]
  1021                           ;___lbdiv@dividend stored from wreg
  1022  0125  00F2               	movwf	___lbdiv@dividend
  1023  0126  01F4               	clrf	___lbdiv@quotient
  1024  0127  0870               	movf	___lbdiv@divisor,w
  1025  0128  1903               	btfsc	3,2
  1026  0129  2944               	goto	i1l894
  1027  012A  01F3               	clrf	___lbdiv@counter
  1028  012B  0AF3               	incf	___lbdiv@counter,f
  1029  012C                     i1l882:	
  1030  012C  1BF0               	btfsc	___lbdiv@divisor,7
  1031  012D  2935               	goto	i1l884
  1032  012E  1003               	clrc
  1033  012F  0DF0               	rlf	___lbdiv@divisor,f
  1034  0130  3001               	movlw	1
  1035  0131  00F1               	movwf	??___lbdiv
  1036  0132  0871               	movf	??___lbdiv,w
  1037  0133  07F3               	addwf	___lbdiv@counter,f
  1038  0134  292C               	goto	i1l882
  1039  0135                     i1l884:	
  1040  0135  1003               	clrc
  1041  0136  0DF4               	rlf	___lbdiv@quotient,f
  1042  0137  0870               	movf	___lbdiv@divisor,w
  1043  0138  0272               	subwf	___lbdiv@dividend,w
  1044  0139  1C03               	skipc
  1045  013A  293F               	goto	L1
  1046  013B  0870               	movf	___lbdiv@divisor,w
  1047  013C  02F2               	subwf	___lbdiv@dividend,f
  1048  013D  1474               	bsf	___lbdiv@quotient,0
  1049  013E  1003               	clrc
  1050  013F                     L1:	
  1051  013F  0CF0               	rrf	___lbdiv@divisor,f
  1052  0140  3001               	movlw	1
  1053  0141  02F3               	subwf	___lbdiv@counter,f
  1054  0142  1D03               	btfss	3,2
  1055  0143  2935               	goto	i1l884
  1056  0144                     i1l894:	
  1057  0144  0874               	movf	___lbdiv@quotient,w
  1058  0145  0008               	return
  1059  0146                     __end_of___lbdiv:	
  1060  007E                     btemp	set	126	;btemp
  1061  007E                     int$flags	set	126
  1062  007E                     wtemp	set	126
  1063  007E                     wtemp0	set	126
  1064  0080                     wtemp1	set	128
  1065  0082                     wtemp2	set	130
  1066  0084                     wtemp3	set	132
  1067  0086                     wtemp4	set	134
  1068  0088                     wtemp5	set	136
  1069  007F                     wtemp6	set	127
  1070  007E                     ttemp	set	126
  1071  007E                     ttemp0	set	126
  1072  0081                     ttemp1	set	129
  1073  0084                     ttemp2	set	132
  1074  0087                     ttemp3	set	135
  1075  007F                     ttemp4	set	127
  1076  007E                     ltemp	set	126
  1077  007E                     ltemp0	set	126
  1078  0082                     ltemp1	set	130
  1079  0086                     ltemp2	set	134
  1080  0080                     ltemp3	set	128


Data Sizes:
    Strings     0
    Constant    0
    Data        11
    BSS         8
    Persistent  0
    Stack       0

Auto Spaces:
    Space          Size  Autos    Used
    COMMON           14     12      14
    BANK0            80      8      25
    BANK1            80      0       0
    BANK2            64      0       0

Pointer List with Targets:

    None.

Critical Paths under _main in COMMON

    None.

Critical Paths under _FNC in COMMON

    _FNC->_show_time
    _show_time->___lbdiv

Critical Paths under _main in BANK0

    _main->_DELAY

Critical Paths under _FNC in BANK0

    None.

Critical Paths under _main in BANK1

    None.

Critical Paths under _FNC in BANK1

    None.

Critical Paths under _main in BANK2

    None.

Critical Paths under _FNC in BANK2

    None.

Call Graph Tables:

 ---------------------------------------------------------------------------------
 (Depth) Function   	        Calls       Base Space   Used Autos Params    Refs
 ---------------------------------------------------------------------------------
 (0) _main                                                 4     4      0      47
                                              4 BANK0      4     4      0
                              _DELAY
 ---------------------------------------------------------------------------------
 (1) _DELAY                                                4     4      0      46
                                              0 BANK0      4     4      0
 ---------------------------------------------------------------------------------
 Estimated maximum stack depth 1
 ---------------------------------------------------------------------------------
 (Depth) Function   	        Calls       Base Space   Used Autos Params    Refs
 ---------------------------------------------------------------------------------
 (2) _FNC                                                  2     2      0     397
                                             10 COMMON     2     2      0
                          _show_time
 ---------------------------------------------------------------------------------
 (3) _show_time                                            5     5      0     397
                                              5 COMMON     5     5      0
                            ___lbdiv
 ---------------------------------------------------------------------------------
 (4) ___lbdiv                                              5     4      1     215
                                              0 COMMON     5     4      1
 ---------------------------------------------------------------------------------
 Estimated maximum stack depth 4
 ---------------------------------------------------------------------------------

 Call Graph Graphs:

 _main (ROOT)
   _DELAY

 _FNC (ROOT)
   _show_time
     ___lbdiv

 Address spaces:
Name               Size   Autos  Total    Cost      Usage
BIGRAM              E0      0       0       0        0.0%
EEDATA             100      0       0       0        0.0%
NULL                 0      0       0       0        0.0%
CODE                 0      0       0       0        0.0%
BITCOMMON            E      0       0       1        0.0%
BITSFR0              0      0       0       1        0.0%
SFR0                 0      0       0       1        0.0%
COMMON               E      C       E       2      100.0%
BITSFR1              0      0       0       2        0.0%
SFR1                 0      0       0       2        0.0%
BITSFR2              0      0       0       3        0.0%
SFR2                 0      0       0       3        0.0%
STACK                0      0       0       3        0.0%
BITSFR3              0      0       0       4        0.0%
SFR3                 0      0       0       4        0.0%
ABS                  0      0      27       4        0.0%
BITBANK0            50      0       0       5        0.0%
BITSFR4              0      0       0       5        0.0%
SFR4                 0      0       0       5        0.0%
BANK0               50      8      19       6       31.3%
BITSFR5              0      0       0       6        0.0%
SFR5                 0      0       0       6        0.0%
BITBANK1            50      0       0       7        0.0%
BITSFR6              0      0       0       7        0.0%
SFR6                 0      0       0       7        0.0%
BANK1               50      0       0       8        0.0%
BITSFR7              0      0       0       8        0.0%
SFR7                 0      0       0       8        0.0%
BITBANK2            40      0       0       9        0.0%
BITSFR8              0      0       0       9        0.0%
SFR8                 0      0       0       9        0.0%
BANK2               40      0       0      10        0.0%
BITSFR9              0      0       0      10        0.0%
SFR9                 0      0       0      10        0.0%
BITSFR10             0      0       0      11        0.0%
SFR10                0      0       0      11        0.0%
DATA                 0      0      27      11        0.0%
BITSFR11             0      0       0      12        0.0%
SFR11                0      0       0      12        0.0%
BITSFR12             0      0       0      13        0.0%
SFR12                0      0       0      13        0.0%
BITSFR13             0      0       0      14        0.0%
SFR13                0      0       0      14        0.0%
BITSFR14             0      0       0      15        0.0%
SFR14                0      0       0      15        0.0%
BITSFR15             0      0       0      16        0.0%
SFR15                0      0       0      16        0.0%
BITSFR16             0      0       0      17        0.0%
SFR16                0      0       0      17        0.0%
BITSFR17             0      0       0      18        0.0%
SFR17                0      0       0      18        0.0%
BITSFR18             0      0       0      19        0.0%
SFR18                0      0       0      19        0.0%
BITSFR19             0      0       0      20        0.0%
SFR19                0      0       0      20        0.0%
BITSFR20             0      0       0      21        0.0%
SFR20                0      0       0      21        0.0%
BITSFR21             0      0       0      22        0.0%
SFR21                0      0       0      22        0.0%
BITSFR22             0      0       0      23        0.0%
SFR22                0      0       0      23        0.0%
BITSFR23             0      0       0      24        0.0%
SFR23                0      0       0      24        0.0%
BITSFR24             0      0       0      25        0.0%
SFR24                0      0       0      25        0.0%
BITSFR25             0      0       0      26        0.0%
SFR25                0      0       0      26        0.0%
BITSFR26             0      0       0      27        0.0%
SFR26                0      0       0      27        0.0%
BITSFR27             0      0       0      28        0.0%
SFR27                0      0       0      28        0.0%
BITSFR28             0      0       0      29        0.0%
SFR28                0      0       0      29        0.0%
BITSFR29             0      0       0      30        0.0%
SFR29                0      0       0      30        0.0%
BITSFR30             0      0       0      31        0.0%
SFR30                0      0       0      31        0.0%
BITSFR31             0      0       0      32        0.0%
SFR31                0      0       0      32        0.0%


Microchip Technology PIC Macro Assembler V1.37 build -260352376 
Symbol Table                                                                                   Tue Apr 14 20:44:20 2020

            __CFG_CP$OFF 0000                      l145 0116                      l958 0149  
                    _GIE 005F                      _FNC 0004                      _RA0 0060  
                    _RA1 0061                      _RA2 0062                      _RA4 0064  
                    _RA5 0065             __CFG_CPD$OFF 0000             __CFG_BORV$LO 0000  
           __CFG_IESO$ON 0000             __CFG_LVP$OFF 0000                     ?_FNC 0070  
                   l1064 010F                     u1017 00F9                     u1027 011D  
                   u1037 0151                     _PEIE 005E                     _SCS0 04C8  
                   _SCS1 04C9                     _TMR1 0016             __CFG_WRT$OFF 0000  
                   _main 00CB                     _leds 0032                     fsr0h 0005  
                   fsr1h 0007                     fsr0l 0004                     indf1 0001  
                   fsr1l 0006                     btemp 007E                     ltemp 007E  
           show_time@gap 0076                     start 0053                     ttemp 007E  
                   wtemp 007E                    ??_FNC 007A                    ?_main 0070  
        __end_of___lbdiv 0146            __CFG_WDTE$OFF 0000                    _DELAY 0146  
                  _IOCAF 0393                    _IOCAN 0392                    _IOCAP 0391  
                  _IRCF0 04CB                    _IRCF1 04CC                    _IRCF2 04CD  
                  _IRCF3 04CE                    _IOCIE 005B                    _IOCIF 0058  
                  i1l140 00A6                    i1l109 0032                    i1l118 004E  
                  i1l137 008B                    i1l940 0083                    i1l950 0090  
                  i1l934 0076                    i1l882 012C                    i1l884 0135  
                  i1l980 0026                    i1l894 0144                    i1l978 0022  
                  i1l998 0043                    _PORTA 000C                    u70_24 00C3  
                  u71_20 00C8                    u63_20 00AC                    u64_24 00AE  
                  u65_20 00B3                    _TRISA 008C                    u66_24 00B5  
                  u67_20 00BA                    u68_24 00BC                    u69_20 00C1  
         __CFG_FCMEN$OFF 0000           __CFG_BOREN$OFF 0000                    ltemp0 007E  
                  ltemp1 0082                    ltemp2 0086                    ltemp3 0080  
                  ttemp0 007E                    ttemp1 0081                    ttemp2 0084  
                  ttemp3 0087                    ttemp4 007F                    status 0003  
                  wtemp0 007E                    wtemp1 0080                    wtemp2 0082  
                  wtemp3 0084                    wtemp4 0086                    wtemp5 0088  
                  wtemp6 007F          ___lbdiv@divisor 0070          ___lbdiv@counter 0073  
         __CFG_MCLRE$OFF 0000          __initialization 0055             __end_of_main 0125  
                 DELAY@k 002D                   ??_main 002E                   ?_DELAY 0070  
         __CFG_PLLEN$OFF 0000                   _ANSELA 018C                   _IOCAN3 1C93  
                 _IOCAP3 1C8B                   i1l1004 004C                   _TMR1GE 00CF  
                 _TMR1IE 0488                   _TMR1IF 0088                   _TMR1ON 00C0  
                 _SPLLEN 04CF                   _TRISA0 0460           __CFG_PWRTE$OFF 0000  
              ??___lbdiv 0071             __pdataCOMMON 007D           show_time@rakam 0077  
       ___lbdiv@dividend 0072  __end_of__initialization 006C            __end_of_DELAY 015C  
         __pcstackCOMMON 0070             __pidataBANK0 015C         ___lbdiv@quotient 0074  
                ??_DELAY 002A               __pbssBANK0 0032               __pmaintext 00CB  
             __pintentry 0004                  _T1CKPS0 00C4                  _T1CKPS1 00C5  
     __size_of_show_time 005B                  _TMR1CS0 00C6                  _TMR1CS1 00C7  
                ___lbdiv 0125          __CFG_STVREN$OFF 0000                  __ptext1 0146  
                __ptext3 0070                  __ptext4 0125             __size_of_FNC 004F  
   end_of_initialization 006C                  init_ram 0166                  initloop 0167  
      __end_of_show_time 00CB         __CFG_FOSC$INTOSC 0000            __pidataCOMMON 016C  
    start_initialization 0055              __end_of_FNC 0053             _count_status 007D  
            __pdataBANK0 0020              __pbssCOMMON 007C                ___latbits 0001  
          __pcstackBANK0 002A                 ?___lbdiv 0070           __size_of_DELAY 0016  
              _show_time 0070              DELAY@number 002C                main@rakam 0031  
             show_time@a 0079               show_time@c 0078             _second_count 007C  
       __size_of___lbdiv 0021               ?_show_time 0070            __size_of_main 005A  
               _rakamlar 0020                 int$flags 007E                 intlevel1 0000  
      __CFG_CLKOUTEN$OFF 0000           _SHIFT_REG_DATA 0037              ??_show_time 0075  
            _timer_count 0038  
