     1: 
     2: #include<htc.h>
     3: 
     4: #define BAUD 9600 //Osilatore hesaba göre secilir
     5: #define FOSC 4000000L //osc
     6: 
     7: #define DIVIDER ((int)(FOSC/(16UL * BAUD) -1))
     8: 
     9: #define DelayUs __delay_us
    10: #define DelayMs __delay_ms
    11: 
    12: unsigned char seri_porttan_veri_al()
    13: {
    14: while( !RCIF );
    15: return RCREG;
    16: }
    17: void seri_porta_veri_gonder(unsigned char jk)
    18:  { while( !TXIF );
    19:          TXREG=jk;
    20: 
    21:         
    22:          }
    23: void seri_portu_ayarla()
    24: {SPBRG=DIVIDER;
    25:         BRGH=1;
    26:         
    27:         SPEN=1;
    28:         
    29:         SYNC=0;
    30:         
    31:         TX9=0;
    32:         
    33:         TXEN=1;
    34:         
    35:         RX9=0;
    36:         
    37:         CREN=1;
    38:         
    39:         
    40:         /*
    41:         RC6=1;
    42:         
    43:         RC7=1;
    44: */
    45:         }
    46: 
    47: 
    48: 
    49: int app , wait , times ,ind;
    50:  void servo_dondur( unsigned char angle )
    51: {
    52: 
    53: 
    54:  wait = 1000 +  8* angle   ;
    55: times = wait/ 250;
    56:         
    57:  for (  app = 0 ; app < 6 ; app++ )
    58:  {
    59:   RB0 = 1;
    60: 
    61: 
    62: for( ind = 0 ; ind < times ; ind ++ )
    63: {
    64: DelayUs( 250 );
    65: 
    66: 
    67: }
    68: 
    69: 
    70: int b, c =wait % 250 - 10;
    71: for( b= 0; b < c; b++)
    72: __delay_us(1);
    73: 
    74: 
    75: 
    76: 
    77: RB0 = 0;
    78: DelayMs( 18 );
    79:  }
    80:   
    81:   
    82: }
    83: 
    84: 
    85: 
    86: 
    87:         
    88:         
    89:         
    90:         
    91: void main()
    92: {
    93:         unsigned char gelen;
    94:         TRISC7 = 1;
    95:         TRISB = 0;
    96:         PORTB = 0;
    97:         PORTC = 0;
    98:         
    99: seri_portu_ayarla();
   100: DelayMs( 100 );
   101:         
   102: 
   103:         
   104:         
   105:         
   106:         
   107:         
   108:         int b  = 0;
   109:         int c = 0;
   110:         while( 1 )
   111:         {
   112:                 
   113:                 for( b = 0 ; b < 180 ; b+=20 )
   114:                 {
   115:                 servo_dondur( b );      
   116:                 DelayMs( 50);
   117:         }
   118:                 
   119:                 
   120:                 for( b = 180 ; b > 0 ; b-=20 )
   121:                 {
   122:                         servo_dondur( b ) ;
   123:                         DelayMs( 50 );
   124:                 }
   125:                 
   126:                 
   127:                 /*
   128:                 gelen = seri_porttan_veri_al();
   129:                 
   130:    servo_dondur( gelen );               
   131:                 */
   132:                 
   133:                 
   134:         }
   135:         
   136:         
   137:         
   138:         
   139: }