

Microchip Technology PIC LITE Macro Assembler V1.37 build -260352376 
                                                                                               Sat Mar 14 01:39:59 2020

Microchip Technology Omniscient Code Generator v1.37 (Free mode) build 201603110536
     1                           	processor	12F1840
     2                           	opt	pw 120
     3                           	opt	lm
     4                           	psect	cinit,global,class=CODE,merge=1,delta=2
     5                           	psect	cstackCOMMON,global,class=COMMON,space=1,delta=1
     6                           	psect	maintext,global,class=CODE,merge=1,split=1,delta=2
     7                           	psect	text1,local,class=CODE,merge=1,delta=2
     8                           	psect	text2,local,class=CODE,merge=1,delta=2
     9                           	psect	text3,local,class=CODE,merge=1,delta=2
    10                           	dabs	1,0x7E,2
    11  0000                     	;# 
    12  0001                     	;# 
    13  0002                     	;# 
    14  0003                     	;# 
    15  0004                     	;# 
    16  0005                     	;# 
    17  0006                     	;# 
    18  0007                     	;# 
    19  0008                     	;# 
    20  0009                     	;# 
    21  000A                     	;# 
    22  000B                     	;# 
    23  000C                     	;# 
    24  0011                     	;# 
    25  0012                     	;# 
    26  0015                     	;# 
    27  0016                     	;# 
    28  0016                     	;# 
    29  0017                     	;# 
    30  0018                     	;# 
    31  0019                     	;# 
    32  001A                     	;# 
    33  001B                     	;# 
    34  001C                     	;# 
    35  001E                     	;# 
    36  001F                     	;# 
    37  008C                     	;# 
    38  0091                     	;# 
    39  0092                     	;# 
    40  0095                     	;# 
    41  0096                     	;# 
    42  0097                     	;# 
    43  0098                     	;# 
    44  0099                     	;# 
    45  009A                     	;# 
    46  009B                     	;# 
    47  009B                     	;# 
    48  009C                     	;# 
    49  009D                     	;# 
    50  009E                     	;# 
    51  010C                     	;# 
    52  0111                     	;# 
    53  0112                     	;# 
    54  0115                     	;# 
    55  0116                     	;# 
    56  0117                     	;# 
    57  0118                     	;# 
    58  0119                     	;# 
    59  011A                     	;# 
    60  011B                     	;# 
    61  011D                     	;# 
    62  011D                     	;# 
    63  018C                     	;# 
    64  0191                     	;# 
    65  0191                     	;# 
    66  0192                     	;# 
    67  0193                     	;# 
    68  0193                     	;# 
    69  0193                     	;# 
    70  0194                     	;# 
    71  0195                     	;# 
    72  0196                     	;# 
    73  0197                     	;# 
    74  0199                     	;# 
    75  019A                     	;# 
    76  019B                     	;# 
    77  019B                     	;# 
    78  019B                     	;# 
    79  019B                     	;# 
    80  019C                     	;# 
    81  019C                     	;# 
    82  019D                     	;# 
    83  019E                     	;# 
    84  019F                     	;# 
    85  020C                     	;# 
    86  0211                     	;# 
    87  0211                     	;# 
    88  0212                     	;# 
    89  0212                     	;# 
    90  0213                     	;# 
    91  0213                     	;# 
    92  0214                     	;# 
    93  0214                     	;# 
    94  0215                     	;# 
    95  0215                     	;# 
    96  0215                     	;# 
    97  0216                     	;# 
    98  0216                     	;# 
    99  0217                     	;# 
   100  0217                     	;# 
   101  0291                     	;# 
   102  0291                     	;# 
   103  0292                     	;# 
   104  0293                     	;# 
   105  0294                     	;# 
   106  0295                     	;# 
   107  0295                     	;# 
   108  0296                     	;# 
   109  0391                     	;# 
   110  0392                     	;# 
   111  0393                     	;# 
   112  039A                     	;# 
   113  039C                     	;# 
   114  039D                     	;# 
   115  039E                     	;# 
   116  039F                     	;# 
   117  0FE4                     	;# 
   118  0FE5                     	;# 
   119  0FE6                     	;# 
   120  0FE7                     	;# 
   121  0FE8                     	;# 
   122  0FE9                     	;# 
   123  0FEA                     	;# 
   124  0FEB                     	;# 
   125  0FED                     	;# 
   126  0FEE                     	;# 
   127  0FEF                     	;# 
   128  0060                     _RA0	set	96
   129  008D                     _RCIF	set	141
   130  008C                     _TXIF	set	140
   131  008C                     _TRISA	set	140
   132  04CB                     _IRCF0	set	1227
   133  04CC                     _IRCF1	set	1228
   134  04CD                     _IRCF2	set	1229
   135  04CE                     _IRCF3	set	1230
   136  048D                     _RCIE	set	1165
   137  04C8                     _SCS0	set	1224
   138  04C9                     _SCS1	set	1225
   139  04CF                     _SPLLEN	set	1231
   140  0460                     _TRISA0	set	1120
   141  08EF                     _RXDTSEL	set	2287
   142  018C                     _ANSELA	set	396
   143  0199                     _RCREG	set	409
   144  019B                     _SPBRG	set	411
   145  019A                     _TXREG	set	410
   146  0CFB                     _BRG16	set	3323
   147  0CF2                     _BRGH	set	3314
   148  0CEC                     _CREN	set	3308
   149  0CEF                     _SPEN	set	3311
   150  0CF4                     _SYNC	set	3316
   151  0CF5                     _TXEN	set	3317
   152                           
   153                           	psect	cinit
   154  07FD                     start_initialization:	
   155                           ; #config settings
   156                           
   157  07FD                     __initialization:	
   158  07FD                     end_of_initialization:	
   159                           ;End of C runtime variable initialization code
   160                           
   161  07FD                     __end_of__initialization:	
   162  07FD  0020               	movlb	0
   163  07FE  3187  2FDA         	ljmp	_main	;jump to C main() function
   164                           
   165                           	psect	cstackCOMMON
   166  0070                     __pcstackCOMMON:	
   167  0070                     ?_DELAY:	
   168  0070                     ??_DELAY:	
   169                           ; 1 bytes @ 0x0
   170                           
   171  0070                     ?_DELAY100:	
   172                           ; 1 bytes @ 0x0
   173                           
   174  0070                     ??_DELAY100:	
   175                           ; 1 bytes @ 0x0
   176                           
   177  0070                     ?_UART_init:	
   178                           ; 1 bytes @ 0x0
   179                           
   180  0070                     ??_UART_init:	
   181                           ; 1 bytes @ 0x0
   182                           
   183  0070                     ?_main:	
   184                           ; 1 bytes @ 0x0
   185                           
   186                           
   187                           ; 1 bytes @ 0x0
   188  0070                     	ds	1
   189  0071                     DELAY@number:	
   190                           
   191                           ; 1 bytes @ 0x1
   192  0071                     	ds	1
   193  0072                     DELAY@k:	
   194  0072                     DELAY100@number:	
   195                           ; 1 bytes @ 0x2
   196                           
   197                           
   198                           ; 1 bytes @ 0x2
   199  0072                     	ds	1
   200  0073                     DELAY100@k:	
   201                           
   202                           ; 1 bytes @ 0x3
   203  0073                     	ds	1
   204  0074                     ??_main:	
   205                           
   206                           	psect	maintext
   207  07DA                     __pmaintext:	
   208                           ; 1 bytes @ 0x4
   209 ;;
   210 ;;Main: autosize = 0, tempsize = 0, incstack = 0, save=0
   211 ;;
   212 ;; *************** function _main *****************
   213 ;; Defined at:
   214 ;;		line 21 in file "PIC12F18403StateBuffer.c"
   215 ;; Parameters:    Size  Location     Type
   216 ;;		None
   217 ;; Auto vars:     Size  Location     Type
   218 ;;		None
   219 ;; Return value:  Size  Location     Type
   220 ;;                  1    wreg      void 
   221 ;; Registers used:
   222 ;;		wreg, status,2, status,0, pclath, cstack
   223 ;; Tracked objects:
   224 ;;		On entry : B1F/0
   225 ;;		On exit  : 0/0
   226 ;;		Unchanged: 0/0
   227 ;; Data sizes:     COMMON   BANK0   BANK1   BANK2
   228 ;;      Params:         0       0       0       0
   229 ;;      Locals:         0       0       0       0
   230 ;;      Temps:          0       0       0       0
   231 ;;      Totals:         0       0       0       0
   232 ;;Total ram usage:        0 bytes
   233 ;; Hardware stack levels required when called:    1
   234 ;; This function calls:
   235 ;;		_DELAY
   236 ;;		_DELAY100
   237 ;;		_UART_init
   238 ;; This function is called by:
   239 ;;		Startup code after reset
   240 ;; This function uses a non-reentrant model
   241 ;;
   242                           
   243                           
   244                           ;psect for function _main
   245  07DA                     _main:	
   246                           
   247                           ;PIC12F18403StateBuffer.c: 23: ANSELA = 0;
   248                           
   249                           ;incstack = 0
   250                           ; Regs used in _main: [wreg+status,2+status,0+pclath+cstack]
   251  07DA  0023               	movlb	3	; select bank3
   252  07DB  018C               	clrf	12	;volatile
   253                           
   254                           ;PIC12F18403StateBuffer.c: 25: TRISA = 0b00111110;
   255  07DC  303E               	movlw	62
   256  07DD  0021               	movlb	1	; select bank1
   257  07DE  008C               	movwf	12	;volatile
   258                           
   259                           ;PIC12F18403StateBuffer.c: 27: SPLLEN = 0;
   260  07DF  1399               	bcf	25,7	;volatile
   261                           
   262                           ;PIC12F18403StateBuffer.c: 32: IRCF3 = 1;
   263  07E0  1719               	bsf	25,6	;volatile
   264                           
   265                           ;PIC12F18403StateBuffer.c: 33: IRCF2 = 1;
   266  07E1  1699               	bsf	25,5	;volatile
   267                           
   268                           ;PIC12F18403StateBuffer.c: 34: IRCF1 = 0;
   269  07E2  1219               	bcf	25,4	;volatile
   270                           
   271                           ;PIC12F18403StateBuffer.c: 35: IRCF0 = 1;
   272  07E3  1599               	bsf	25,3	;volatile
   273                           
   274                           ;PIC12F18403StateBuffer.c: 37: SCS1 = 1 ;
   275  07E4  1499               	bsf	25,1	;volatile
   276                           
   277                           ;PIC12F18403StateBuffer.c: 38: SCS0 = 0;
   278  07E5  1019               	bcf	25,0	;volatile
   279                           
   280                           ;PIC12F18403StateBuffer.c: 41: RXDTSEL = 1;
   281  07E6  0022               	movlb	2	; select bank2
   282  07E7  179D               	bsf	29,7	;volatile
   283                           
   284                           ;PIC12F18403StateBuffer.c: 42: DELAY(120);
   285  07E8  3078               	movlw	120
   286  07E9  3187  27B4  3187   	fcall	_DELAY
   287                           
   288                           ;PIC12F18403StateBuffer.c: 44: UART_init();
   289  07EC  3187  27A6  3187   	fcall	_UART_init
   290                           
   291                           ;PIC12F18403StateBuffer.c: 46: DELAY(100);
   292  07EF  3064               	movlw	100
   293  07F0  3187  27B4  3187   	fcall	_DELAY
   294                           
   295                           ;PIC12F18403StateBuffer.c: 49: TRISA0 = 0;
   296  07F3  0021               	movlb	1	; select bank1
   297  07F4  100C               	bcf	12,0	;volatile
   298  07F5                     l609:	
   299                           ;PIC12F18403StateBuffer.c: 50: while(1)
   300                           
   301                           
   302                           ;PIC12F18403StateBuffer.c: 51: {
   303                           ;PIC12F18403StateBuffer.c: 52: RA0 = ~RA0;
   304  07F5  3001               	movlw	1
   305  07F6  0020               	movlb	0	; select bank0
   306  07F7  068C               	xorwf	12,f
   307                           
   308                           ;PIC12F18403StateBuffer.c: 53: DELAY100(10);
   309  07F8  300A               	movlw	10
   310  07F9  3187  27C6  3187   	fcall	_DELAY100
   311  07FC  2FF5               	goto	l609
   312  07FD                     __end_of_main:	
   313                           
   314                           	psect	text1
   315  07A6                     __ptext1:	
   316 ;; *************** function _UART_init *****************
   317 ;; Defined at:
   318 ;;		line 34 in file "UART.h"
   319 ;; Parameters:    Size  Location     Type
   320 ;;		None
   321 ;; Auto vars:     Size  Location     Type
   322 ;;		None
   323 ;; Return value:  Size  Location     Type
   324 ;;                  1    wreg      void 
   325 ;; Registers used:
   326 ;;		wreg
   327 ;; Tracked objects:
   328 ;;		On entry : 0/0
   329 ;;		On exit  : 0/0
   330 ;;		Unchanged: 0/0
   331 ;; Data sizes:     COMMON   BANK0   BANK1   BANK2
   332 ;;      Params:         0       0       0       0
   333 ;;      Locals:         0       0       0       0
   334 ;;      Temps:          0       0       0       0
   335 ;;      Totals:         0       0       0       0
   336 ;;Total ram usage:        0 bytes
   337 ;; Hardware stack levels used:    1
   338 ;; This function calls:
   339 ;;		Nothing
   340 ;; This function is called by:
   341 ;;		_main
   342 ;; This function uses a non-reentrant model
   343 ;;
   344                           
   345                           
   346                           ;psect for function _UART_init
   347  07A6                     _UART_init:	
   348                           
   349                           ;UART.h: 42: SYNC = 0 ;
   350                           
   351                           ;incstack = 0
   352                           ; Regs used in _UART_init: [wreg]
   353  07A6  0023               	movlb	3	; select bank3
   354  07A7  121E               	bcf	30,4	;volatile
   355                           
   356                           ;UART.h: 44: BRGH = 0;
   357  07A8  111E               	bcf	30,2	;volatile
   358                           
   359                           ;UART.h: 45: BRG16 = 0 ;
   360  07A9  119F               	bcf	31,3	;volatile
   361                           
   362                           ;UART.h: 46: SPBRG = 12;
   363  07AA  300C               	movlw	12
   364  07AB  009B               	movwf	27	;volatile
   365                           
   366                           ;UART.h: 48: CREN = 1 ;
   367  07AC  161D               	bsf	29,4	;volatile
   368                           
   369                           ;UART.h: 50: SPEN = 1 ;
   370  07AD  179D               	bsf	29,7	;volatile
   371                           
   372                           ;UART.h: 51: TXEN = 1 ;
   373  07AE  169E               	bsf	30,5	;volatile
   374                           
   375                           ;UART.h: 54: RCIE = 1;
   376  07AF  0021               	movlb	1	; select bank1
   377  07B0  1691               	bsf	17,5	;volatile
   378                           
   379                           ;UART.h: 55: RCREG;
   380  07B1  0023               	movlb	3	; select bank3
   381  07B2  0819               	movf	25,w	;volatile
   382  07B3  0008               	return
   383  07B4                     __end_of_UART_init:	
   384                           
   385                           	psect	text2
   386  07C6                     __ptext2:	
   387 ;; *************** function _DELAY100 *****************
   388 ;; Defined at:
   389 ;;		line 14 in file "PIC12F18403StateBuffer.c"
   390 ;; Parameters:    Size  Location     Type
   391 ;;  number          1    wreg     unsigned char 
   392 ;; Auto vars:     Size  Location     Type
   393 ;;  number          1    2[COMMON] unsigned char 
   394 ;;  k               1    3[COMMON] unsigned char 
   395 ;; Return value:  Size  Location     Type
   396 ;;                  1    wreg      void 
   397 ;; Registers used:
   398 ;;		wreg, status,2, status,0
   399 ;; Tracked objects:
   400 ;;		On entry : 0/0
   401 ;;		On exit  : 0/0
   402 ;;		Unchanged: 0/0
   403 ;; Data sizes:     COMMON   BANK0   BANK1   BANK2
   404 ;;      Params:         0       0       0       0
   405 ;;      Locals:         2       0       0       0
   406 ;;      Temps:          2       0       0       0
   407 ;;      Totals:         4       0       0       0
   408 ;;Total ram usage:        4 bytes
   409 ;; Hardware stack levels used:    1
   410 ;; This function calls:
   411 ;;		Nothing
   412 ;; This function is called by:
   413 ;;		_main
   414 ;; This function uses a non-reentrant model
   415 ;;
   416                           
   417                           
   418                           ;psect for function _DELAY100
   419  07C6                     _DELAY100:	
   420                           
   421                           ;incstack = 0
   422                           ; Regs used in _DELAY100: [wreg+status,2+status,0]
   423                           ;DELAY100@number stored from wreg
   424  07C6  00F2               	movwf	DELAY100@number
   425                           
   426                           ;PIC12F18403StateBuffer.c: 16: for(byte k=0; k != number; k++)
   427  07C7  01F3               	clrf	DELAY100@k
   428  07C8                     l557:	
   429  07C8  0873               	movf	DELAY100@k,w
   430  07C9  0672               	xorwf	DELAY100@number,w
   431  07CA  1903               	btfsc	3,2
   432  07CB  0008               	return
   433                           
   434                           ;PIC12F18403StateBuffer.c: 17: _delay((unsigned long)((100)*(4000000/4000.0)));
   435  07CC  3082               	movlw	130
   436  07CD  00F1               	movwf	??_DELAY100+1
   437  07CE  30DD               	movlw	221
   438  07CF  00F0               	movwf	??_DELAY100
   439  07D0                     u57:	
   440  07D0  0BF0               	decfsz	??_DELAY100,f
   441  07D1  2FD0               	goto	u57
   442  07D2  0BF1               	decfsz	??_DELAY100+1,f
   443  07D3  2FD0               	goto	u57
   444  07D4  3200               	nop2
   445  07D5  3001               	movlw	1
   446  07D6  00F0               	movwf	??_DELAY100
   447  07D7  0870               	movf	??_DELAY100,w
   448  07D8  07F3               	addwf	DELAY100@k,f
   449  07D9  2FC8               	goto	l557
   450  07DA                     __end_of_DELAY100:	
   451                           
   452                           	psect	text3
   453  07B4                     __ptext3:	
   454 ;; *************** function _DELAY *****************
   455 ;; Defined at:
   456 ;;		line 9 in file "PIC12F18403StateBuffer.c"
   457 ;; Parameters:    Size  Location     Type
   458 ;;  number          1    wreg     unsigned char 
   459 ;; Auto vars:     Size  Location     Type
   460 ;;  number          1    1[COMMON] unsigned char 
   461 ;;  k               1    2[COMMON] unsigned char 
   462 ;; Return value:  Size  Location     Type
   463 ;;                  1    wreg      void 
   464 ;; Registers used:
   465 ;;		wreg, status,2, status,0
   466 ;; Tracked objects:
   467 ;;		On entry : 0/0
   468 ;;		On exit  : 0/0
   469 ;;		Unchanged: 0/0
   470 ;; Data sizes:     COMMON   BANK0   BANK1   BANK2
   471 ;;      Params:         0       0       0       0
   472 ;;      Locals:         2       0       0       0
   473 ;;      Temps:          1       0       0       0
   474 ;;      Totals:         3       0       0       0
   475 ;;Total ram usage:        3 bytes
   476 ;; Hardware stack levels used:    1
   477 ;; This function calls:
   478 ;;		Nothing
   479 ;; This function is called by:
   480 ;;		_main
   481 ;; This function uses a non-reentrant model
   482 ;;
   483                           
   484                           
   485                           ;psect for function _DELAY
   486  07B4                     _DELAY:	
   487                           
   488                           ;incstack = 0
   489                           ; Regs used in _DELAY: [wreg+status,2+status,0]
   490                           ;DELAY@number stored from wreg
   491  07B4  00F1               	movwf	DELAY@number
   492                           
   493                           ;PIC12F18403StateBuffer.c: 11: for(byte k=0; k != number; k++)
   494  07B5  01F2               	clrf	DELAY@k
   495  07B6                     l549:	
   496  07B6  0872               	movf	DELAY@k,w
   497  07B7  0671               	xorwf	DELAY@number,w
   498  07B8  1903               	btfsc	3,2
   499  07B9  0008               	return
   500                           
   501                           ;PIC12F18403StateBuffer.c: 12: _delay((unsigned long)((1)*(4000000/4000.0)));
   502  07BA  30F9               	movlw	249
   503  07BB  00F0               	movwf	??_DELAY
   504  07BC                     u67:	
   505  07BC  0000               	nop
   506  07BD  0BF0               	decfsz	??_DELAY,f
   507  07BE  2FBC               	goto	u67
   508  07BF  3200               	nop2	;nop
   509  07C0  0000               	nop
   510  07C1  3001               	movlw	1
   511  07C2  00F0               	movwf	??_DELAY
   512  07C3  0870               	movf	??_DELAY,w
   513  07C4  07F2               	addwf	DELAY@k,f
   514  07C5  2FB6               	goto	l549
   515  07C6                     __end_of_DELAY:	
   516  007E                     btemp	set	126	;btemp
   517  007E                     wtemp	set	126
   518  007E                     wtemp0	set	126
   519  0080                     wtemp1	set	128
   520  0082                     wtemp2	set	130
   521  0084                     wtemp3	set	132
   522  0086                     wtemp4	set	134
   523  0088                     wtemp5	set	136
   524  007F                     wtemp6	set	127
   525  007E                     ttemp	set	126
   526  007E                     ttemp0	set	126
   527  0081                     ttemp1	set	129
   528  0084                     ttemp2	set	132
   529  0087                     ttemp3	set	135
   530  007F                     ttemp4	set	127
   531  007E                     ltemp	set	126
   532  007E                     ltemp0	set	126
   533  0082                     ltemp1	set	130
   534  0086                     ltemp2	set	134
   535  0080                     ltemp3	set	128


Data Sizes:
    Strings     0
    Constant    0
    Data        0
    BSS         0
    Persistent  0
    Stack       0

Auto Spaces:
    Space          Size  Autos    Used
    COMMON           14      4       4
    BANK0            80      0       0
    BANK1            80      0       0
    BANK2            80      0       0

Pointer List with Targets:

    None.

Critical Paths under _main in COMMON

    _main->_DELAY100

Critical Paths under _main in BANK0

    None.

Critical Paths under _main in BANK1

    None.

Critical Paths under _main in BANK2

    None.

Call Graph Tables:

 ---------------------------------------------------------------------------------
 (Depth) Function   	        Calls       Base Space   Used Autos Params    Refs
 ---------------------------------------------------------------------------------
 (0) _main                                                 0     0      0      60
                              _DELAY
                           _DELAY100
                          _UART_init
 ---------------------------------------------------------------------------------
 (1) _UART_init                                            0     0      0       0
 ---------------------------------------------------------------------------------
 (1) _DELAY100                                             4     4      0      30
                                              0 COMMON     4     4      0
 ---------------------------------------------------------------------------------
 (1) _DELAY                                                3     3      0      30
                                              0 COMMON     3     3      0
 ---------------------------------------------------------------------------------
 Estimated maximum stack depth 1
 ---------------------------------------------------------------------------------

 Call Graph Graphs:

 _main (ROOT)
   _DELAY
   _DELAY100
   _UART_init

 Address spaces:
Name               Size   Autos  Total    Cost      Usage
BIGRAM              F0      0       0       0        0.0%
EEDATA             100      0       0       0        0.0%
NULL                 0      0       0       0        0.0%
CODE                 0      0       0       0        0.0%
BITCOMMON            E      0       0       1        0.0%
BITSFR0              0      0       0       1        0.0%
SFR0                 0      0       0       1        0.0%
COMMON               E      4       4       2       28.6%
BITSFR1              0      0       0       2        0.0%
SFR1                 0      0       0       2        0.0%
BITSFR2              0      0       0       3        0.0%
SFR2                 0      0       0       3        0.0%
STACK                0      0       0       3        0.0%
BITSFR3              0      0       0       4        0.0%
SFR3                 0      0       0       4        0.0%
ABS                  0      0       0       4        0.0%
BITBANK0            50      0       0       5        0.0%
BITSFR4              0      0       0       5        0.0%
SFR4                 0      0       0       5        0.0%
BANK0               50      0       0       6        0.0%
BITSFR5              0      0       0       6        0.0%
SFR5                 0      0       0       6        0.0%
BITBANK1            50      0       0       7        0.0%
BITSFR6              0      0       0       7        0.0%
SFR6                 0      0       0       7        0.0%
BANK1               50      0       0       8        0.0%
BITSFR7              0      0       0       8        0.0%
SFR7                 0      0       0       8        0.0%
BITBANK2            50      0       0       9        0.0%
BITSFR8              0      0       0       9        0.0%
SFR8                 0      0       0       9        0.0%
BANK2               50      0       0      10        0.0%
BITSFR9              0      0       0      10        0.0%
SFR9                 0      0       0      10        0.0%
BITSFR10             0      0       0      11        0.0%
SFR10                0      0       0      11        0.0%
DATA                 0      0       0      11        0.0%
BITSFR11             0      0       0      12        0.0%
SFR11                0      0       0      12        0.0%
BITSFR12             0      0       0      13        0.0%
SFR12                0      0       0      13        0.0%
BITSFR13             0      0       0      14        0.0%
SFR13                0      0       0      14        0.0%
BITSFR14             0      0       0      15        0.0%
SFR14                0      0       0      15        0.0%
BITSFR15             0      0       0      16        0.0%
SFR15                0      0       0      16        0.0%
BITSFR16             0      0       0      17        0.0%
SFR16                0      0       0      17        0.0%
BITSFR17             0      0       0      18        0.0%
SFR17                0      0       0      18        0.0%
BITSFR18             0      0       0      19        0.0%
SFR18                0      0       0      19        0.0%
BITSFR19             0      0       0      20        0.0%
SFR19                0      0       0      20        0.0%
BITSFR20             0      0       0      21        0.0%
SFR20                0      0       0      21        0.0%
BITSFR21             0      0       0      22        0.0%
SFR21                0      0       0      22        0.0%
BITSFR22             0      0       0      23        0.0%
SFR22                0      0       0      23        0.0%
BITSFR23             0      0       0      24        0.0%
SFR23                0      0       0      24        0.0%
BITSFR24             0      0       0      25        0.0%
SFR24                0      0       0      25        0.0%
BITSFR25             0      0       0      26        0.0%
SFR25                0      0       0      26        0.0%
BITSFR26             0      0       0      27        0.0%
SFR26                0      0       0      27        0.0%
BITSFR27             0      0       0      28        0.0%
SFR27                0      0       0      28        0.0%
BITSFR28             0      0       0      29        0.0%
SFR28                0      0       0      29        0.0%
BITSFR29             0      0       0      30        0.0%
SFR29                0      0       0      30        0.0%
BITSFR30             0      0       0      31        0.0%
SFR30                0      0       0      31        0.0%
BITSFR31             0      0       0      32        0.0%
SFR31                0      0       0      32        0.0%


Microchip Technology PIC Macro Assembler V1.37 build -260352376 
Symbol Table                                                                                   Sat Mar 14 01:39:59 2020

                     u57 07D0                       u67 07BC                      l609 07F5  
                    l549 07B6                      l557 07C8                      _RA0 0060  
                   _BRGH 0CF2                     _CREN 0CEC                     _RCIE 048D  
                   _RCIF 008D                     _SCS0 04C8                     _SCS1 04C9  
                   _SPEN 0CEF                     _TXEN 0CF5                     _TXIF 008C  
                   _SYNC 0CF4                     _main 07DA                     btemp 007E  
       __end_of_DELAY100 07DA                     ltemp 007E                     start 0002  
                   ttemp 007E                     wtemp 007E                    ?_main 0070  
                  _BRG16 0CFB                    _DELAY 07B4                    _IRCF0 04CB  
                  _IRCF1 04CC                    _IRCF2 04CD                    _IRCF3 04CE  
                  _RCREG 0199                    _SPBRG 019B                    _TRISA 008C  
                  _TXREG 019A       __size_of_UART_init 000E                    ltemp0 007E  
                  ltemp1 0082                    ltemp2 0086                    ltemp3 0080  
                  ttemp0 007E                    ttemp1 0081                    ttemp2 0084  
                  ttemp3 0087                    ttemp4 007F                    wtemp0 007E  
                  wtemp1 0080                    wtemp2 0082                    wtemp3 0084  
                  wtemp4 0086                    wtemp5 0088                    wtemp6 007F  
        __initialization 07FD             __end_of_main 07FD                   DELAY@k 0072  
                 ??_main 0074                   ?_DELAY 0070                DELAY100@k 0073  
                 _ANSELA 018C                   _SPLLEN 04CF                   _TRISA0 0460  
      __end_of_UART_init 07B4                ?_DELAY100 0070  __end_of__initialization 07FD  
          __end_of_DELAY 07C6           __pcstackCOMMON 0070                  ??_DELAY 0070  
             ??_DELAY100 0070               __pmaintext 07DA                  _RXDTSEL 08EF  
                __ptext1 07A6                  __ptext2 07C6                  __ptext3 07B4  
   end_of_initialization 07FD                _UART_init 07A6        __size_of_DELAY100 0014  
         DELAY100@number 0072               ?_UART_init 0070      start_initialization 07FD  
              ___latbits 0001              ??_UART_init 0070           __size_of_DELAY 0012  
               _DELAY100 07C6              DELAY@number 0071            __size_of_main 0023  
