

Microchip Technology PIC LITE Macro Assembler V1.37 build -260352376 
                                                                                               Sat Mar 14 13:54:43 2020

Microchip Technology Omniscient Code Generator v1.37 (Free mode) build 201603110536
     1                           	processor	12F1840
     2                           	opt	pw 120
     3                           	opt	lm
     4                           	psect	cinit,global,class=CODE,merge=1,delta=2
     5                           	psect	bssBANK0,global,class=BANK0,space=1,delta=1
     6                           	psect	cstackCOMMON,global,class=COMMON,space=1,delta=1
     7                           	psect	cstackBANK0,global,class=BANK0,space=1,delta=1
     8                           	psect	maintext,global,class=CODE,merge=1,split=1,delta=2
     9                           	psect	text1,local,class=CODE,merge=1,delta=2
    10                           	psect	text2,local,class=CODE,merge=1,delta=2
    11                           	psect	text3,local,class=CODE,merge=1,delta=2
    12                           	psect	text4,local,class=CODE,merge=1,delta=2
    13                           	psect	text5,local,class=CODE,merge=1,delta=2
    14                           	psect	text6,local,class=CODE,merge=1,delta=2
    15                           	psect	text7,local,class=CODE,merge=1,delta=2
    16                           	psect	text8,local,class=CODE,merge=1,delta=2
    17                           	psect	text9,local,class=CODE,merge=1,delta=2
    18                           	psect	text10,local,class=CODE,merge=1,delta=2
    19                           	psect	text11,local,class=CODE,merge=1,delta=2
    20                           	dabs	1,0x7E,2
    21  0000                     	;# 
    22  0001                     	;# 
    23  0002                     	;# 
    24  0003                     	;# 
    25  0004                     	;# 
    26  0005                     	;# 
    27  0006                     	;# 
    28  0007                     	;# 
    29  0008                     	;# 
    30  0009                     	;# 
    31  000A                     	;# 
    32  000B                     	;# 
    33  000C                     	;# 
    34  0011                     	;# 
    35  0012                     	;# 
    36  0015                     	;# 
    37  0016                     	;# 
    38  0016                     	;# 
    39  0017                     	;# 
    40  0018                     	;# 
    41  0019                     	;# 
    42  001A                     	;# 
    43  001B                     	;# 
    44  001C                     	;# 
    45  001E                     	;# 
    46  001F                     	;# 
    47  008C                     	;# 
    48  0091                     	;# 
    49  0092                     	;# 
    50  0095                     	;# 
    51  0096                     	;# 
    52  0097                     	;# 
    53  0098                     	;# 
    54  0099                     	;# 
    55  009A                     	;# 
    56  009B                     	;# 
    57  009B                     	;# 
    58  009C                     	;# 
    59  009D                     	;# 
    60  009E                     	;# 
    61  010C                     	;# 
    62  0111                     	;# 
    63  0112                     	;# 
    64  0115                     	;# 
    65  0116                     	;# 
    66  0117                     	;# 
    67  0118                     	;# 
    68  0119                     	;# 
    69  011A                     	;# 
    70  011B                     	;# 
    71  011D                     	;# 
    72  011D                     	;# 
    73  018C                     	;# 
    74  0191                     	;# 
    75  0191                     	;# 
    76  0192                     	;# 
    77  0193                     	;# 
    78  0193                     	;# 
    79  0193                     	;# 
    80  0194                     	;# 
    81  0195                     	;# 
    82  0196                     	;# 
    83  0197                     	;# 
    84  0199                     	;# 
    85  019A                     	;# 
    86  019B                     	;# 
    87  019B                     	;# 
    88  019B                     	;# 
    89  019B                     	;# 
    90  019C                     	;# 
    91  019C                     	;# 
    92  019D                     	;# 
    93  019E                     	;# 
    94  019F                     	;# 
    95  020C                     	;# 
    96  0211                     	;# 
    97  0211                     	;# 
    98  0212                     	;# 
    99  0212                     	;# 
   100  0213                     	;# 
   101  0213                     	;# 
   102  0214                     	;# 
   103  0214                     	;# 
   104  0215                     	;# 
   105  0215                     	;# 
   106  0215                     	;# 
   107  0216                     	;# 
   108  0216                     	;# 
   109  0217                     	;# 
   110  0217                     	;# 
   111  0291                     	;# 
   112  0291                     	;# 
   113  0292                     	;# 
   114  0293                     	;# 
   115  0294                     	;# 
   116  0295                     	;# 
   117  0295                     	;# 
   118  0296                     	;# 
   119  0391                     	;# 
   120  0392                     	;# 
   121  0393                     	;# 
   122  039A                     	;# 
   123  039C                     	;# 
   124  039D                     	;# 
   125  039E                     	;# 
   126  039F                     	;# 
   127  0FE4                     	;# 
   128  0FE5                     	;# 
   129  0FE6                     	;# 
   130  0FE7                     	;# 
   131  0FE8                     	;# 
   132  0FE9                     	;# 
   133  0FEA                     	;# 
   134  0FEB                     	;# 
   135  0FED                     	;# 
   136  0FEE                     	;# 
   137  0FEF                     	;# 
   138  0060                     _RA0	set	96
   139  0062                     _RA2	set	98
   140  0065                     _RA5	set	101
   141  04CB                     _IRCF0	set	1227
   142  04CC                     _IRCF1	set	1228
   143  04CD                     _IRCF2	set	1229
   144  04CE                     _IRCF3	set	1230
   145  04C8                     _SCS0	set	1224
   146  04C9                     _SCS1	set	1225
   147  04CF                     _SPLLEN	set	1231
   148  0460                     _TRISA0	set	1120
   149  0462                     _TRISA2	set	1122
   150  0465                     _TRISA5	set	1125
   151  018C                     _ANSELA	set	396
   152                           
   153                           	psect	cinit
   154  07F2                     start_initialization:	
   155                           ; #config settings
   156                           
   157  07F2                     __initialization:	
   158                           
   159                           ; Clear objects allocated to BANK0
   160  07F2  01A0               	clrf	__pbssBANK0& (0+127)
   161  07F3  01A1               	clrf	(__pbssBANK0+1)& (0+127)
   162  07F4  01A2               	clrf	(__pbssBANK0+2)& (0+127)
   163  07F5  01A3               	clrf	(__pbssBANK0+3)& (0+127)
   164  07F6  01A4               	clrf	(__pbssBANK0+4)& (0+127)
   165  07F7  01A5               	clrf	(__pbssBANK0+5)& (0+127)
   166  07F8  01A6               	clrf	(__pbssBANK0+6)& (0+127)
   167  07F9  01A7               	clrf	(__pbssBANK0+7)& (0+127)
   168  07FA  01A8               	clrf	(__pbssBANK0+8)& (0+127)
   169  07FB  01A9               	clrf	(__pbssBANK0+9)& (0+127)
   170  07FC  01AA               	clrf	(__pbssBANK0+10)& (0+127)
   171  07FD                     end_of_initialization:	
   172                           ;End of C runtime variable initialization code
   173                           
   174  07FD                     __end_of__initialization:	
   175  07FD  0020               	movlb	0
   176  07FE  3187  2F12         	ljmp	_main	;jump to C main() function
   177                           
   178                           	psect	bssBANK0
   179  0020                     __pbssBANK0:	
   180  0020                     _measured_adc_value:	
   181  0020                     	ds	2
   182  0022                     _nisa:	
   183  0022                     	ds	2
   184  0024                     _DISPLAY_POEM:	
   185  0024                     	ds	1
   186  0025                     _LCD_LED_ON:	
   187  0025                     	ds	1
   188  0026                     _dakika:	
   189  0026                     	ds	1
   190  0027                     _saat:	
   191  0027                     	ds	1
   192  0028                     _saniye:	
   193  0028                     	ds	1
   194  0029                     _start:	
   195  0029                     	ds	1
   196  002A                     _value:	
   197  002A                     	ds	1
   198                           
   199                           	psect	cstackCOMMON
   200  0070                     __pcstackCOMMON:	
   201  0070                     ?_DELAY:	
   202  0070                     ??_DELAY:	
   203                           ; 1 bytes @ 0x0
   204                           
   205  0070                     ?_DELAY100:	
   206                           ; 1 bytes @ 0x0
   207                           
   208  0070                     ??_DELAY100:	
   209                           ; 1 bytes @ 0x0
   210                           
   211  0070                     ?_SoftwareI2C_send_byte:	
   212                           ; 1 bytes @ 0x0
   213                           
   214  0070                     ?_SoftwareI2C_read_byte:	
   215                           ; 1 bytes @ 0x0
   216                           
   217  0070                     ??_SoftwareI2C_read_byte:	
   218                           ; 1 bytes @ 0x0
   219                           
   220  0070                     ?_SoftwareI2C_ACK:	
   221                           ; 1 bytes @ 0x0
   222                           
   223  0070                     ??_SoftwareI2C_ACK:	
   224                           ; 1 bytes @ 0x0
   225                           
   226  0070                     ?_SoftwareI2C_NACK:	
   227                           ; 1 bytes @ 0x0
   228                           
   229  0070                     ??_SoftwareI2C_NACK:	
   230                           ; 1 bytes @ 0x0
   231                           
   232  0070                     ?_SoftwareI2C_stop:	
   233                           ; 1 bytes @ 0x0
   234                           
   235  0070                     ??_SoftwareI2C_stop:	
   236                           ; 1 bytes @ 0x0
   237                           
   238  0070                     ?_SoftwareI2C_start:	
   239                           ; 1 bytes @ 0x0
   240                           
   241  0070                     ??_SoftwareI2C_start:	
   242                           ; 1 bytes @ 0x0
   243                           
   244  0070                     ?_SoftwareI2C_initialize:	
   245                           ; 1 bytes @ 0x0
   246                           
   247  0070                     ??_SoftwareI2C_initialize:	
   248                           ; 1 bytes @ 0x0
   249                           
   250  0070                     ?_main:	
   251                           ; 1 bytes @ 0x0
   252                           
   253  0070                     SoftwareI2C_send_byte@ACK_STAT:	
   254                           ; 1 bytes @ 0x0
   255                           
   256                           
   257                           ; 1 bytes @ 0x0
   258  0070                     	ds	1
   259  0071                     ??_SoftwareI2C_send_byte:	
   260                           
   261                           ; 1 bytes @ 0x1
   262  0071                     	ds	1
   263  0072                     DELAY@number:	
   264  0072                     SoftwareI2C_send_byte@data:	
   265                           ; 1 bytes @ 0x2
   266                           
   267  0072                     SoftwareI2C_read_byte@data:	
   268                           ; 1 bytes @ 0x2
   269                           
   270                           
   271                           ; 1 bytes @ 0x2
   272  0072                     	ds	1
   273  0073                     DELAY@k:	
   274  0073                     DELAY100@number:	
   275                           ; 1 bytes @ 0x3
   276                           
   277  0073                     SoftwareI2C_send_byte@i:	
   278                           ; 1 bytes @ 0x3
   279                           
   280  0073                     SoftwareI2C_read_byte@i:	
   281                           ; 1 bytes @ 0x3
   282                           
   283                           
   284                           ; 1 bytes @ 0x3
   285  0073                     	ds	1
   286  0074                     ?_Generic_write_byte:	
   287  0074                     DELAY100@k:	
   288                           ; 1 bytes @ 0x4
   289                           
   290  0074                     Generic_write_byte@address:	
   291                           ; 1 bytes @ 0x4
   292                           
   293                           
   294                           ; 2 bytes @ 0x4
   295  0074                     	ds	2
   296  0076                     Generic_write_byte@data:	
   297                           
   298                           ; 1 bytes @ 0x6
   299  0076                     	ds	1
   300  0077                     ??_Generic_write_byte:	
   301                           
   302                           ; 1 bytes @ 0x7
   303  0077                     	ds	1
   304  0078                     Generic_write_byte@dev_id:	
   305                           
   306                           ; 1 bytes @ 0x8
   307  0078                     	ds	1
   308  0079                     ?_EEPROM24C32_write_byte:	
   309  0079                     EEPROM24C32_write_byte@address:	
   310                           ; 1 bytes @ 0x9
   311                           
   312                           
   313                           ; 2 bytes @ 0x9
   314  0079                     	ds	2
   315  007B                     EEPROM24C32_write_byte@data:	
   316                           
   317                           ; 1 bytes @ 0xB
   318  007B                     	ds	1
   319  007C                     ??_EEPROM24C32_write_byte:	
   320                           
   321                           ; 1 bytes @ 0xC
   322  007C                     	ds	1
   323  007D                     ??_main:	
   324                           
   325                           ; 1 bytes @ 0xD
   326  007D                     	ds	1
   327                           
   328                           	psect	cstackBANK0
   329  002B                     __pcstackBANK0:	
   330  002B                     main@k:	
   331                           
   332                           ; 2 bytes @ 0x0
   333  002B                     	ds	2
   334                           
   335                           	psect	maintext
   336  0712                     __pmaintext:	
   337 ;;
   338 ;;Main: autosize = 0, tempsize = 1, incstack = 0, save=0
   339 ;;
   340 ;; *************** function _main *****************
   341 ;; Defined at:
   342 ;;		line 30 in file "SoftwareI2CTest.c"
   343 ;; Parameters:    Size  Location     Type
   344 ;;		None
   345 ;; Auto vars:     Size  Location     Type
   346 ;;  k               2    0[BANK0 ] int 
   347 ;; Return value:  Size  Location     Type
   348 ;;                  1    wreg      void 
   349 ;; Registers used:
   350 ;;		wreg, status,2, status,0, pclath, cstack
   351 ;; Tracked objects:
   352 ;;		On entry : B1F/0
   353 ;;		On exit  : 0/0
   354 ;;		Unchanged: 0/0
   355 ;; Data sizes:     COMMON   BANK0   BANK1   BANK2
   356 ;;      Params:         0       0       0       0
   357 ;;      Locals:         0       2       0       0
   358 ;;      Temps:          1       0       0       0
   359 ;;      Totals:         1       2       0       0
   360 ;;Total ram usage:        3 bytes
   361 ;; Hardware stack levels required when called:    3
   362 ;; This function calls:
   363 ;;		_DELAY
   364 ;;		_DELAY100
   365 ;;		_EEPROM24C32_write_byte
   366 ;;		_SoftwareI2C_ACK
   367 ;;		_SoftwareI2C_NACK
   368 ;;		_SoftwareI2C_initialize
   369 ;;		_SoftwareI2C_read_byte
   370 ;;		_SoftwareI2C_send_byte
   371 ;;		_SoftwareI2C_start
   372 ;;		_SoftwareI2C_stop
   373 ;; This function is called by:
   374 ;;		Startup code after reset
   375 ;; This function uses a non-reentrant model
   376 ;;
   377                           
   378                           
   379                           ;psect for function _main
   380  0712                     _main:	
   381                           
   382                           ;SoftwareI2CTest.c: 32: ANSELA = 0;
   383                           
   384                           ;incstack = 0
   385                           ; Regs used in _main: [wreg+status,2+status,0+pclath+cstack]
   386  0712  0023               	movlb	3	; select bank3
   387  0713  018C               	clrf	12	;volatile
   388                           
   389                           ;SoftwareI2CTest.c: 34: SPLLEN = 0;
   390  0714  0021               	movlb	1	; select bank1
   391  0715  1399               	bcf	25,7	;volatile
   392                           
   393                           ;SoftwareI2CTest.c: 39: IRCF3 = 1;
   394  0716  1719               	bsf	25,6	;volatile
   395                           
   396                           ;SoftwareI2CTest.c: 40: IRCF2 = 1;
   397  0717  1699               	bsf	25,5	;volatile
   398                           
   399                           ;SoftwareI2CTest.c: 41: IRCF1 = 1;
   400  0718  1619               	bsf	25,4	;volatile
   401                           
   402                           ;SoftwareI2CTest.c: 42: IRCF0 = 0;
   403  0719  1199               	bcf	25,3	;volatile
   404                           
   405                           ;SoftwareI2CTest.c: 44: SCS1 = 1 ;
   406  071A  1499               	bsf	25,1	;volatile
   407                           
   408                           ;SoftwareI2CTest.c: 45: SCS0 = 0;
   409  071B  1019               	bcf	25,0	;volatile
   410                           
   411                           ;SoftwareI2CTest.c: 47: DELAY(120);
   412  071C  3078               	movlw	120
   413  071D  3186  2636  3187   	fcall	_DELAY
   414                           
   415                           ;SoftwareI2CTest.c: 49: TRISA0 = 0;
   416  0720  0021               	movlb	1	; select bank1
   417  0721  100C               	bcf	12,0	;volatile
   418                           
   419                           ;SoftwareI2CTest.c: 50: SoftwareI2C_initialize();
   420  0722  3186  2612  3187   	fcall	_SoftwareI2C_initialize
   421                           
   422                           ;SoftwareI2CTest.c: 51: DELAY(100);
   423  0725  3064               	movlw	100
   424  0726  3186  2636  3187   	fcall	_DELAY
   425                           
   426                           ;SoftwareI2CTest.c: 58: int k = 0;
   427  0729  0020               	movlb	0	; select bank0
   428  072A  01AB               	clrf	main@k
   429  072B  01AC               	clrf	main@k+1
   430  072C                     l935:	
   431                           ;SoftwareI2CTest.c: 59: while(1)
   432                           
   433                           
   434                           ;SoftwareI2CTest.c: 60: {
   435                           ;SoftwareI2CTest.c: 61: SoftwareI2C_start();
   436  072C  3186  2627  3187   	fcall	_SoftwareI2C_start
   437                           
   438                           ;SoftwareI2CTest.c: 62: SoftwareI2C_send_byte(0b11010000, 2);
   439  072F  3002               	movlw	2
   440  0730  00FD               	movwf	??_main
   441  0731  087D               	movf	??_main,w
   442  0732  00F0               	movwf	SoftwareI2C_send_byte@ACK_STAT
   443  0733  30D0               	movlw	208
   444  0734  3187  277F  3187   	fcall	_SoftwareI2C_send_byte
   445                           
   446                           ;SoftwareI2CTest.c: 63: SoftwareI2C_send_byte(0x0, 2);
   447  0737  3002               	movlw	2
   448  0738  00FD               	movwf	??_main
   449  0739  087D               	movf	??_main,w
   450  073A  00F0               	movwf	SoftwareI2C_send_byte@ACK_STAT
   451  073B  3000               	movlw	0
   452  073C  3187  277F  3187   	fcall	_SoftwareI2C_send_byte
   453                           
   454                           ;SoftwareI2CTest.c: 65: SoftwareI2C_stop();
   455  073F  3186  264A  3187   	fcall	_SoftwareI2C_stop
   456                           
   457                           ;SoftwareI2CTest.c: 67: SoftwareI2C_start();
   458  0742  3186  2627  3187   	fcall	_SoftwareI2C_start
   459                           
   460                           ;SoftwareI2CTest.c: 68: SoftwareI2C_send_byte(0b11010001, 3);
   461  0745  3003               	movlw	3
   462  0746  00FD               	movwf	??_main
   463  0747  087D               	movf	??_main,w
   464  0748  00F0               	movwf	SoftwareI2C_send_byte@ACK_STAT
   465  0749  30D1               	movlw	209
   466  074A  3187  277F  3187   	fcall	_SoftwareI2C_send_byte
   467                           
   468                           ;SoftwareI2CTest.c: 69: SoftwareI2C_ACK();
   469  074D  3186  2677  3187   	fcall	_SoftwareI2C_ACK
   470                           
   471                           ;SoftwareI2CTest.c: 70: saniye = SoftwareI2C_read_byte();
   472  0750  3186  26DA  3187   	fcall	_SoftwareI2C_read_byte
   473  0753  00FD               	movwf	??_main
   474  0754  087D               	movf	??_main,w
   475  0755  0020               	movlb	0	; select bank0
   476  0756  00A8               	movwf	_saniye
   477                           
   478                           ;SoftwareI2CTest.c: 71: SoftwareI2C_ACK();
   479  0757  3186  2677  3187   	fcall	_SoftwareI2C_ACK
   480                           
   481                           ;SoftwareI2CTest.c: 72: dakika = SoftwareI2C_read_byte();
   482  075A  3186  26DA  3187   	fcall	_SoftwareI2C_read_byte
   483  075D  00FD               	movwf	??_main
   484  075E  087D               	movf	??_main,w
   485  075F  0020               	movlb	0	; select bank0
   486  0760  00A6               	movwf	_dakika
   487                           
   488                           ;SoftwareI2CTest.c: 73: SoftwareI2C_NACK();
   489  0761  3186  2693  3187   	fcall	_SoftwareI2C_NACK
   490                           
   491                           ;SoftwareI2CTest.c: 75: SoftwareI2C_stop();
   492  0764  3186  264A  3187   	fcall	_SoftwareI2C_stop
   493                           
   494                           ;SoftwareI2CTest.c: 77: EEPROM24C32_write_byte (k++, k);
   495  0767  0020               	movlb	0	; select bank0
   496  0768  082C               	movf	main@k+1,w
   497  0769  00FA               	movwf	EEPROM24C32_write_byte@address+1
   498  076A  082B               	movf	main@k,w
   499  076B  00F9               	movwf	EEPROM24C32_write_byte@address
   500  076C  082B               	movf	main@k,w
   501  076D  00FD               	movwf	??_main
   502  076E  087D               	movf	??_main,w
   503  076F  00FB               	movwf	EEPROM24C32_write_byte@data
   504  0770  3186  261B  3187   	fcall	_EEPROM24C32_write_byte
   505  0773  3001               	movlw	1
   506  0774  0020               	movlb	0	; select bank0
   507  0775  07AB               	addwf	main@k,f
   508  0776  3000               	movlw	0
   509  0777  3DAC               	addwfc	main@k+1,f
   510                           
   511                           ;SoftwareI2CTest.c: 80: RA0 = ~RA0;
   512  0778  3001               	movlw	1
   513  0779  068C               	xorwf	12,f
   514                           
   515                           ;SoftwareI2CTest.c: 82: DELAY100(10);
   516  077A  300A               	movlw	10
   517  077B  3186  265F  3187   	fcall	_DELAY100
   518  077E  2F2C               	goto	l935
   519  077F                     __end_of_main:	
   520                           
   521                           	psect	text1
   522  06DA                     __ptext1:	
   523 ;; *************** function _SoftwareI2C_read_byte *****************
   524 ;; Defined at:
   525 ;;		line 96 in file "SoftwareI2C.h"
   526 ;; Parameters:    Size  Location     Type
   527 ;;		None
   528 ;; Auto vars:     Size  Location     Type
   529 ;;  i               1    3[COMMON] char 
   530 ;;  data            1    2[COMMON] unsigned char 
   531 ;; Return value:  Size  Location     Type
   532 ;;                  1    wreg      unsigned char 
   533 ;; Registers used:
   534 ;;		wreg, status,2, status,0
   535 ;; Tracked objects:
   536 ;;		On entry : 0/0
   537 ;;		On exit  : 0/0
   538 ;;		Unchanged: 0/0
   539 ;; Data sizes:     COMMON   BANK0   BANK1   BANK2
   540 ;;      Params:         0       0       0       0
   541 ;;      Locals:         2       0       0       0
   542 ;;      Temps:          2       0       0       0
   543 ;;      Totals:         4       0       0       0
   544 ;;Total ram usage:        4 bytes
   545 ;; Hardware stack levels used:    1
   546 ;; This function calls:
   547 ;;		Nothing
   548 ;; This function is called by:
   549 ;;		_main
   550 ;;		_Generic_read_byte
   551 ;; This function uses a non-reentrant model
   552 ;;
   553                           
   554                           
   555                           ;psect for function _SoftwareI2C_read_byte
   556  06DA                     _SoftwareI2C_read_byte:	
   557                           
   558                           ;SoftwareI2C.h: 98: byte data=0;
   559                           
   560                           ;incstack = 0
   561                           ; Regs used in _SoftwareI2C_read_byte: [wreg+status,2+status,0]
   562  06DA  01F2               	clrf	SoftwareI2C_read_byte@data
   563                           
   564                           ;SoftwareI2C.h: 99: RA2 = 0;
   565  06DB  0020               	movlb	0	; select bank0
   566  06DC  110C               	bcf	12,2	;volatile
   567                           
   568                           ;SoftwareI2C.h: 100: TRISA2 = 1;
   569  06DD  0021               	movlb	1	; select bank1
   570  06DE  150C               	bsf	12,2	;volatile
   571                           
   572                           ;SoftwareI2C.h: 101: _delay((unsigned long)((5)*(8000000/4000000.0)));
   573  06DF  3003               	movlw	3
   574  06E0  00F0               	movwf	??_SoftwareI2C_read_byte
   575  06E1                     u297:	
   576  06E1  0BF0               	decfsz	??_SoftwareI2C_read_byte,f
   577  06E2  2EE1               	goto	u297
   578                           
   579                           ;SoftwareI2C.h: 102: for(signed char i = 7; i !=-1; i-- )
   580  06E3  3007               	movlw	7
   581  06E4  00F0               	movwf	??_SoftwareI2C_read_byte
   582  06E5  0870               	movf	??_SoftwareI2C_read_byte,w
   583  06E6  00F3               	movwf	SoftwareI2C_read_byte@i
   584  06E7  0A73               	incf	SoftwareI2C_read_byte@i,w
   585  06E8  1903               	btfsc	3,2
   586  06E9  2F10               	goto	l867
   587  06EA                     l853:	
   588                           
   589                           ;SoftwareI2C.h: 103: {
   590                           ;SoftwareI2C.h: 104: data |= RA2 << i;
   591  06EA  3000               	movlw	0
   592  06EB  0020               	movlb	0	; select bank0
   593  06EC  190C               	btfsc	12,2	;volatile
   594  06ED  3001               	movlw	1
   595  06EE  00F0               	movwf	??_SoftwareI2C_read_byte
   596  06EF  0A73               	incf	SoftwareI2C_read_byte@i,w
   597  06F0  2EF2               	goto	u274
   598  06F1                     u275:	
   599  06F1  35F0               	lslf	??_SoftwareI2C_read_byte,f
   600  06F2                     u274:	
   601  06F2  0B89               	decfsz	9,f
   602  06F3  2EF1               	goto	u275
   603  06F4  0870               	movf	??_SoftwareI2C_read_byte,w
   604  06F5  00F1               	movwf	??_SoftwareI2C_read_byte+1
   605  06F6  0871               	movf	??_SoftwareI2C_read_byte+1,w
   606  06F7  04F2               	iorwf	SoftwareI2C_read_byte@data,f
   607                           
   608                           ;SoftwareI2C.h: 105: RA5 = 1;
   609  06F8  168C               	bsf	12,5	;volatile
   610                           
   611                           ;SoftwareI2C.h: 106: TRISA5 = 1;
   612  06F9  0021               	movlb	1	; select bank1
   613  06FA  168C               	bsf	12,5	;volatile
   614                           
   615                           ;SoftwareI2C.h: 107: _delay((unsigned long)((15)*(8000000/4000000.0)));
   616  06FB  3009               	movlw	9
   617  06FC  00F0               	movwf	??_SoftwareI2C_read_byte
   618  06FD                     u307:	
   619  06FD  0BF0               	decfsz	??_SoftwareI2C_read_byte,f
   620  06FE  2EFD               	goto	u307
   621  06FF  3200               	nop2	;nop
   622                           
   623                           ;SoftwareI2C.h: 109: RA5 = 0;
   624  0700  0020               	movlb	0	; select bank0
   625  0701  128C               	bcf	12,5	;volatile
   626                           
   627                           ;SoftwareI2C.h: 110: TRISA5 = 0;
   628  0702  0021               	movlb	1	; select bank1
   629  0703  128C               	bcf	12,5	;volatile
   630                           
   631                           ;SoftwareI2C.h: 111: _delay((unsigned long)((15)*(8000000/4000000.0)));
   632  0704  3009               	movlw	9
   633  0705  00F0               	movwf	??_SoftwareI2C_read_byte
   634  0706                     u317:	
   635  0706  0BF0               	decfsz	??_SoftwareI2C_read_byte,f
   636  0707  2F06               	goto	u317
   637  0708  3200               	nop2	;nop
   638  0709  30FF               	movlw	255
   639  070A  00F0               	movwf	??_SoftwareI2C_read_byte
   640  070B  0870               	movf	??_SoftwareI2C_read_byte,w
   641  070C  07F3               	addwf	SoftwareI2C_read_byte@i,f
   642  070D  0A73               	incf	SoftwareI2C_read_byte@i,w
   643  070E  1D03               	btfss	3,2
   644  070F  2EEA               	goto	l853
   645  0710                     l867:	
   646                           
   647                           ;SoftwareI2C.h: 113: }
   648                           ;SoftwareI2C.h: 116: return data;
   649  0710  0872               	movf	SoftwareI2C_read_byte@data,w
   650  0711  0008               	return
   651  0712                     __end_of_SoftwareI2C_read_byte:	
   652                           
   653                           	psect	text2
   654  0612                     __ptext2:	
   655 ;; *************** function _SoftwareI2C_initialize *****************
   656 ;; Defined at:
   657 ;;		line 191 in file "SoftwareI2C.h"
   658 ;; Parameters:    Size  Location     Type
   659 ;;		None
   660 ;; Auto vars:     Size  Location     Type
   661 ;;		None
   662 ;; Return value:  Size  Location     Type
   663 ;;                  1    wreg      void 
   664 ;; Registers used:
   665 ;;		None
   666 ;; Tracked objects:
   667 ;;		On entry : 0/0
   668 ;;		On exit  : 0/0
   669 ;;		Unchanged: 0/0
   670 ;; Data sizes:     COMMON   BANK0   BANK1   BANK2
   671 ;;      Params:         0       0       0       0
   672 ;;      Locals:         0       0       0       0
   673 ;;      Temps:          0       0       0       0
   674 ;;      Totals:         0       0       0       0
   675 ;;Total ram usage:        0 bytes
   676 ;; Hardware stack levels used:    1
   677 ;; This function calls:
   678 ;;		Nothing
   679 ;; This function is called by:
   680 ;;		_main
   681 ;; This function uses a non-reentrant model
   682 ;;
   683                           
   684                           
   685                           ;psect for function _SoftwareI2C_initialize
   686  0612                     _SoftwareI2C_initialize:	
   687                           
   688                           ;SoftwareI2C.h: 198: RA5 = 1;
   689                           
   690                           ;incstack = 0
   691                           ; Regs used in _SoftwareI2C_initialize: []
   692  0612  0020               	movlb	0	; select bank0
   693  0613  168C               	bsf	12,5	;volatile
   694                           
   695                           ;SoftwareI2C.h: 200: TRISA5 = 1;
   696  0614  0021               	movlb	1	; select bank1
   697  0615  168C               	bsf	12,5	;volatile
   698                           
   699                           ;SoftwareI2C.h: 201: RA2 = 1;
   700  0616  0020               	movlb	0	; select bank0
   701  0617  150C               	bsf	12,2	;volatile
   702                           
   703                           ;SoftwareI2C.h: 203: TRISA2 = 1;
   704  0618  0021               	movlb	1	; select bank1
   705  0619  150C               	bsf	12,2	;volatile
   706  061A  0008               	return
   707  061B                     __end_of_SoftwareI2C_initialize:	
   708                           
   709                           	psect	text3
   710  0693                     __ptext3:	
   711 ;; *************** function _SoftwareI2C_NACK *****************
   712 ;; Defined at:
   713 ;;		line 137 in file "SoftwareI2C.h"
   714 ;; Parameters:    Size  Location     Type
   715 ;;		None
   716 ;; Auto vars:     Size  Location     Type
   717 ;;		None
   718 ;; Return value:  Size  Location     Type
   719 ;;                  1    wreg      void 
   720 ;; Registers used:
   721 ;;		wreg
   722 ;; Tracked objects:
   723 ;;		On entry : 0/0
   724 ;;		On exit  : 0/0
   725 ;;		Unchanged: 0/0
   726 ;; Data sizes:     COMMON   BANK0   BANK1   BANK2
   727 ;;      Params:         0       0       0       0
   728 ;;      Locals:         0       0       0       0
   729 ;;      Temps:          1       0       0       0
   730 ;;      Totals:         1       0       0       0
   731 ;;Total ram usage:        1 bytes
   732 ;; Hardware stack levels used:    1
   733 ;; This function calls:
   734 ;;		Nothing
   735 ;; This function is called by:
   736 ;;		_main
   737 ;;		_Generic_read_byte
   738 ;; This function uses a non-reentrant model
   739 ;;
   740                           
   741                           
   742                           ;psect for function _SoftwareI2C_NACK
   743  0693                     _SoftwareI2C_NACK:	
   744                           
   745                           ;SoftwareI2C.h: 139: RA2 = 1;
   746                           
   747                           ;incstack = 0
   748                           ; Regs used in _SoftwareI2C_NACK: [wreg]
   749  0693  0020               	movlb	0	; select bank0
   750  0694  150C               	bsf	12,2	;volatile
   751                           
   752                           ;SoftwareI2C.h: 140: TRISA2 = 1;
   753  0695  0021               	movlb	1	; select bank1
   754  0696  150C               	bsf	12,2	;volatile
   755                           
   756                           ;SoftwareI2C.h: 141: _delay((unsigned long)((15)*(8000000/4000000.0)));
   757  0697  3009               	movlw	9
   758  0698  00F0               	movwf	??_SoftwareI2C_NACK
   759  0699                     u327:	
   760  0699  0BF0               	decfsz	??_SoftwareI2C_NACK,f
   761  069A  2E99               	goto	u327
   762  069B  3200               	nop2	;nop
   763                           
   764                           ;SoftwareI2C.h: 144: RA5 = 1;
   765  069C  0020               	movlb	0	; select bank0
   766  069D  168C               	bsf	12,5	;volatile
   767                           
   768                           ;SoftwareI2C.h: 145: TRISA5 = 1;
   769  069E  0021               	movlb	1	; select bank1
   770  069F  168C               	bsf	12,5	;volatile
   771                           
   772                           ;SoftwareI2C.h: 146: _delay((unsigned long)((15)*(8000000/4000000.0)));
   773  06A0  3009               	movlw	9
   774  06A1  00F0               	movwf	??_SoftwareI2C_NACK
   775  06A2                     u337:	
   776  06A2  0BF0               	decfsz	??_SoftwareI2C_NACK,f
   777  06A3  2EA2               	goto	u337
   778  06A4  3200               	nop2	;nop
   779                           
   780                           ;SoftwareI2C.h: 148: RA5 = 0;
   781  06A5  0020               	movlb	0	; select bank0
   782  06A6  128C               	bcf	12,5	;volatile
   783                           
   784                           ;SoftwareI2C.h: 149: TRISA5 = 0;
   785  06A7  0021               	movlb	1	; select bank1
   786  06A8  128C               	bcf	12,5	;volatile
   787                           
   788                           ;SoftwareI2C.h: 150: _delay((unsigned long)((15)*(8000000/4000000.0)));
   789  06A9  3009               	movlw	9
   790  06AA  00F0               	movwf	??_SoftwareI2C_NACK
   791  06AB                     u347:	
   792  06AB  0BF0               	decfsz	??_SoftwareI2C_NACK,f
   793  06AC  2EAB               	goto	u347
   794  06AD  3200               	nop2	;nop
   795  06AE  0008               	return
   796  06AF                     __end_of_SoftwareI2C_NACK:	
   797                           
   798                           	psect	text4
   799  0677                     __ptext4:	
   800 ;; *************** function _SoftwareI2C_ACK *****************
   801 ;; Defined at:
   802 ;;		line 120 in file "SoftwareI2C.h"
   803 ;; Parameters:    Size  Location     Type
   804 ;;		None
   805 ;; Auto vars:     Size  Location     Type
   806 ;;		None
   807 ;; Return value:  Size  Location     Type
   808 ;;                  1    wreg      void 
   809 ;; Registers used:
   810 ;;		wreg
   811 ;; Tracked objects:
   812 ;;		On entry : 0/0
   813 ;;		On exit  : 0/0
   814 ;;		Unchanged: 0/0
   815 ;; Data sizes:     COMMON   BANK0   BANK1   BANK2
   816 ;;      Params:         0       0       0       0
   817 ;;      Locals:         0       0       0       0
   818 ;;      Temps:          1       0       0       0
   819 ;;      Totals:         1       0       0       0
   820 ;;Total ram usage:        1 bytes
   821 ;; Hardware stack levels used:    1
   822 ;; This function calls:
   823 ;;		Nothing
   824 ;; This function is called by:
   825 ;;		_main
   826 ;; This function uses a non-reentrant model
   827 ;;
   828                           
   829                           
   830                           ;psect for function _SoftwareI2C_ACK
   831  0677                     _SoftwareI2C_ACK:	
   832                           
   833                           ;SoftwareI2C.h: 122: RA2 = 0;
   834                           
   835                           ;incstack = 0
   836                           ; Regs used in _SoftwareI2C_ACK: [wreg]
   837  0677  0020               	movlb	0	; select bank0
   838  0678  110C               	bcf	12,2	;volatile
   839                           
   840                           ;SoftwareI2C.h: 123: TRISA2 = 0;
   841  0679  0021               	movlb	1	; select bank1
   842  067A  110C               	bcf	12,2	;volatile
   843                           
   844                           ;SoftwareI2C.h: 124: _delay((unsigned long)((15)*(8000000/4000000.0)));
   845  067B  3009               	movlw	9
   846  067C  00F0               	movwf	??_SoftwareI2C_ACK
   847  067D                     u357:	
   848  067D  0BF0               	decfsz	??_SoftwareI2C_ACK,f
   849  067E  2E7D               	goto	u357
   850  067F  3200               	nop2	;nop
   851                           
   852                           ;SoftwareI2C.h: 127: RA5 = 1;
   853  0680  0020               	movlb	0	; select bank0
   854  0681  168C               	bsf	12,5	;volatile
   855                           
   856                           ;SoftwareI2C.h: 128: TRISA5 = 1;
   857  0682  0021               	movlb	1	; select bank1
   858  0683  168C               	bsf	12,5	;volatile
   859                           
   860                           ;SoftwareI2C.h: 129: _delay((unsigned long)((15)*(8000000/4000000.0)));
   861  0684  3009               	movlw	9
   862  0685  00F0               	movwf	??_SoftwareI2C_ACK
   863  0686                     u367:	
   864  0686  0BF0               	decfsz	??_SoftwareI2C_ACK,f
   865  0687  2E86               	goto	u367
   866  0688  3200               	nop2	;nop
   867                           
   868                           ;SoftwareI2C.h: 131: RA5 = 0;
   869  0689  0020               	movlb	0	; select bank0
   870  068A  128C               	bcf	12,5	;volatile
   871                           
   872                           ;SoftwareI2C.h: 132: TRISA5 = 0;
   873  068B  0021               	movlb	1	; select bank1
   874  068C  128C               	bcf	12,5	;volatile
   875                           
   876                           ;SoftwareI2C.h: 133: _delay((unsigned long)((15)*(8000000/4000000.0)));
   877  068D  3009               	movlw	9
   878  068E  00F0               	movwf	??_SoftwareI2C_ACK
   879  068F                     u377:	
   880  068F  0BF0               	decfsz	??_SoftwareI2C_ACK,f
   881  0690  2E8F               	goto	u377
   882  0691  3200               	nop2	;nop
   883  0692  0008               	return
   884  0693                     __end_of_SoftwareI2C_ACK:	
   885                           
   886                           	psect	text5
   887  061B                     __ptext5:	
   888 ;; *************** function _EEPROM24C32_write_byte *****************
   889 ;; Defined at:
   890 ;;		line 55 in file "EEPROM24C32.h"
   891 ;; Parameters:    Size  Location     Type
   892 ;;  address         2    9[COMMON] unsigned int 
   893 ;;  data            1   11[COMMON] unsigned char 
   894 ;; Auto vars:     Size  Location     Type
   895 ;;		None
   896 ;; Return value:  Size  Location     Type
   897 ;;                  1    wreg      void 
   898 ;; Registers used:
   899 ;;		wreg, status,2, status,0, pclath, cstack
   900 ;; Tracked objects:
   901 ;;		On entry : 0/0
   902 ;;		On exit  : 0/0
   903 ;;		Unchanged: 0/0
   904 ;; Data sizes:     COMMON   BANK0   BANK1   BANK2
   905 ;;      Params:         3       0       0       0
   906 ;;      Locals:         0       0       0       0
   907 ;;      Temps:          1       0       0       0
   908 ;;      Totals:         4       0       0       0
   909 ;;Total ram usage:        4 bytes
   910 ;; Hardware stack levels used:    1
   911 ;; Hardware stack levels required when called:    2
   912 ;; This function calls:
   913 ;;		_Generic_write_byte
   914 ;; This function is called by:
   915 ;;		_main
   916 ;; This function uses a non-reentrant model
   917 ;;
   918                           
   919                           
   920                           ;psect for function _EEPROM24C32_write_byte
   921  061B                     _EEPROM24C32_write_byte:	
   922                           
   923                           ;EEPROM24C32.h: 57: Generic_write_byte(0b10100000, address, data);
   924                           
   925                           ;incstack = 0
   926                           ; Regs used in _EEPROM24C32_write_byte: [wreg+status,2+status,0+pclath+cstack]
   927  061B  087A               	movf	EEPROM24C32_write_byte@address+1,w
   928  061C  00F5               	movwf	Generic_write_byte@address+1
   929  061D  0879               	movf	EEPROM24C32_write_byte@address,w
   930  061E  00F4               	movwf	Generic_write_byte@address
   931  061F  087B               	movf	EEPROM24C32_write_byte@data,w
   932  0620  00FC               	movwf	??_EEPROM24C32_write_byte
   933  0621  087C               	movf	??_EEPROM24C32_write_byte,w
   934  0622  00F6               	movwf	Generic_write_byte@data
   935  0623  30A0               	movlw	160
   936  0624  3186  26AF         	fcall	_Generic_write_byte
   937  0626  0008               	return
   938  0627                     __end_of_EEPROM24C32_write_byte:	
   939                           
   940                           	psect	text6
   941  06AF                     __ptext6:	
   942 ;; *************** function _Generic_write_byte *****************
   943 ;; Defined at:
   944 ;;		line 18 in file "EEPROM24C32.h"
   945 ;; Parameters:    Size  Location     Type
   946 ;;  dev_id          1    wreg     unsigned char 
   947 ;;  address         2    4[COMMON] unsigned int 
   948 ;;  data            1    6[COMMON] unsigned char 
   949 ;; Auto vars:     Size  Location     Type
   950 ;;  dev_id          1    8[COMMON] unsigned char 
   951 ;; Return value:  Size  Location     Type
   952 ;;                  1    wreg      void 
   953 ;; Registers used:
   954 ;;		wreg, status,2, status,0, pclath, cstack
   955 ;; Tracked objects:
   956 ;;		On entry : 0/0
   957 ;;		On exit  : 0/0
   958 ;;		Unchanged: 0/0
   959 ;; Data sizes:     COMMON   BANK0   BANK1   BANK2
   960 ;;      Params:         3       0       0       0
   961 ;;      Locals:         1       0       0       0
   962 ;;      Temps:          1       0       0       0
   963 ;;      Totals:         5       0       0       0
   964 ;;Total ram usage:        5 bytes
   965 ;; Hardware stack levels used:    1
   966 ;; Hardware stack levels required when called:    1
   967 ;; This function calls:
   968 ;;		_DELAY
   969 ;;		_SoftwareI2C_send_byte
   970 ;;		_SoftwareI2C_start
   971 ;;		_SoftwareI2C_stop
   972 ;; This function is called by:
   973 ;;		_EEPROM24C32_write_byte
   974 ;; This function uses a non-reentrant model
   975 ;;
   976                           
   977                           
   978                           ;psect for function _Generic_write_byte
   979  06AF                     _Generic_write_byte:	
   980                           
   981                           ;incstack = 0
   982                           ; Regs used in _Generic_write_byte: [wreg+status,2+status,0+pclath+cstack]
   983                           ;Generic_write_byte@dev_id stored from wreg
   984  06AF  00F8               	movwf	Generic_write_byte@dev_id
   985                           
   986                           ;EEPROM24C32.h: 20: SoftwareI2C_start();
   987  06B0  3186  2627  3186   	fcall	_SoftwareI2C_start
   988                           
   989                           ;EEPROM24C32.h: 22: SoftwareI2C_send_byte(dev_id, 2);
   990  06B3  3002               	movlw	2
   991  06B4  00F7               	movwf	??_Generic_write_byte
   992  06B5  0877               	movf	??_Generic_write_byte,w
   993  06B6  00F0               	movwf	SoftwareI2C_send_byte@ACK_STAT
   994  06B7  0878               	movf	Generic_write_byte@dev_id,w
   995  06B8  3187  277F  3186   	fcall	_SoftwareI2C_send_byte
   996                           
   997                           ;EEPROM24C32.h: 23: SoftwareI2C_send_byte(address>>8, 2);
   998  06BB  3002               	movlw	2
   999  06BC  00F7               	movwf	??_Generic_write_byte
  1000  06BD  0877               	movf	??_Generic_write_byte,w
  1001  06BE  00F0               	movwf	SoftwareI2C_send_byte@ACK_STAT
  1002  06BF  0875               	movf	Generic_write_byte@address+1,w
  1003  06C0  3187  277F  3186   	fcall	_SoftwareI2C_send_byte
  1004                           
  1005                           ;EEPROM24C32.h: 24: SoftwareI2C_send_byte(address&0x00ff, 2);
  1006  06C3  3002               	movlw	2
  1007  06C4  00F7               	movwf	??_Generic_write_byte
  1008  06C5  0877               	movf	??_Generic_write_byte,w
  1009  06C6  00F0               	movwf	SoftwareI2C_send_byte@ACK_STAT
  1010  06C7  0874               	movf	Generic_write_byte@address,w
  1011  06C8  3187  277F  3186   	fcall	_SoftwareI2C_send_byte
  1012                           
  1013                           ;EEPROM24C32.h: 26: SoftwareI2C_send_byte(data, 2);
  1014  06CB  3002               	movlw	2
  1015  06CC  00F7               	movwf	??_Generic_write_byte
  1016  06CD  0877               	movf	??_Generic_write_byte,w
  1017  06CE  00F0               	movwf	SoftwareI2C_send_byte@ACK_STAT
  1018  06CF  0876               	movf	Generic_write_byte@data,w
  1019  06D0  3187  277F  3186   	fcall	_SoftwareI2C_send_byte
  1020                           
  1021                           ;EEPROM24C32.h: 27: SoftwareI2C_stop();
  1022  06D3  3186  264A  3186   	fcall	_SoftwareI2C_stop
  1023                           
  1024                           ;EEPROM24C32.h: 28: DELAY(10);
  1025  06D6  300A               	movlw	10
  1026  06D7  3186  2636         	fcall	_DELAY
  1027  06D9  0008               	return
  1028  06DA                     __end_of_Generic_write_byte:	
  1029                           
  1030                           	psect	text7
  1031  064A                     __ptext7:	
  1032 ;; *************** function _SoftwareI2C_stop *****************
  1033 ;; Defined at:
  1034 ;;		line 155 in file "SoftwareI2C.h"
  1035 ;; Parameters:    Size  Location     Type
  1036 ;;		None
  1037 ;; Auto vars:     Size  Location     Type
  1038 ;;		None
  1039 ;; Return value:  Size  Location     Type
  1040 ;;                  1    wreg      void 
  1041 ;; Registers used:
  1042 ;;		wreg
  1043 ;; Tracked objects:
  1044 ;;		On entry : 0/0
  1045 ;;		On exit  : 0/0
  1046 ;;		Unchanged: 0/0
  1047 ;; Data sizes:     COMMON   BANK0   BANK1   BANK2
  1048 ;;      Params:         0       0       0       0
  1049 ;;      Locals:         0       0       0       0
  1050 ;;      Temps:          2       0       0       0
  1051 ;;      Totals:         2       0       0       0
  1052 ;;Total ram usage:        2 bytes
  1053 ;; Hardware stack levels used:    1
  1054 ;; This function calls:
  1055 ;;		Nothing
  1056 ;; This function is called by:
  1057 ;;		_Generic_write_byte
  1058 ;;		_main
  1059 ;;		_Generic_read_byte
  1060 ;; This function uses a non-reentrant model
  1061 ;;
  1062                           
  1063                           
  1064                           ;psect for function _SoftwareI2C_stop
  1065  064A                     _SoftwareI2C_stop:	
  1066                           
  1067                           ;SoftwareI2C.h: 158: RA2 = 0;
  1068                           
  1069                           ;incstack = 0
  1070                           ; Regs used in _SoftwareI2C_stop: [wreg]
  1071  064A  0020               	movlb	0	; select bank0
  1072  064B  110C               	bcf	12,2	;volatile
  1073                           
  1074                           ;SoftwareI2C.h: 159: TRISA2 = 0;
  1075  064C  0021               	movlb	1	; select bank1
  1076  064D  110C               	bcf	12,2	;volatile
  1077                           
  1078                           ;SoftwareI2C.h: 161: RA5 = 1;
  1079  064E  0020               	movlb	0	; select bank0
  1080  064F  168C               	bsf	12,5	;volatile
  1081                           
  1082                           ;SoftwareI2C.h: 162: TRISA5 = 1;
  1083  0650  0021               	movlb	1	; select bank1
  1084  0651  168C               	bsf	12,5	;volatile
  1085                           
  1086                           ;SoftwareI2C.h: 163: _delay((unsigned long)((15)*(8000000/4000.0)));
  1087  0652  3027               	movlw	39
  1088  0653  00F1               	movwf	??_SoftwareI2C_stop+1
  1089  0654  30F5               	movlw	245
  1090  0655  00F0               	movwf	??_SoftwareI2C_stop
  1091  0656                     u387:	
  1092  0656  0BF0               	decfsz	??_SoftwareI2C_stop,f
  1093  0657  2E56               	goto	u387
  1094  0658  0BF1               	decfsz	??_SoftwareI2C_stop+1,f
  1095  0659  2E56               	goto	u387
  1096                           
  1097                           ;SoftwareI2C.h: 165: RA2 = 1;
  1098  065A  0020               	movlb	0	; select bank0
  1099  065B  150C               	bsf	12,2	;volatile
  1100                           
  1101                           ;SoftwareI2C.h: 166: TRISA2 = 1;
  1102  065C  0021               	movlb	1	; select bank1
  1103  065D  150C               	bsf	12,2	;volatile
  1104  065E  0008               	return
  1105  065F                     __end_of_SoftwareI2C_stop:	
  1106                           
  1107                           	psect	text8
  1108  0627                     __ptext8:	
  1109 ;; *************** function _SoftwareI2C_start *****************
  1110 ;; Defined at:
  1111 ;;		line 172 in file "SoftwareI2C.h"
  1112 ;; Parameters:    Size  Location     Type
  1113 ;;		None
  1114 ;; Auto vars:     Size  Location     Type
  1115 ;;		None
  1116 ;; Return value:  Size  Location     Type
  1117 ;;                  1    wreg      void 
  1118 ;; Registers used:
  1119 ;;		wreg
  1120 ;; Tracked objects:
  1121 ;;		On entry : 0/0
  1122 ;;		On exit  : 0/0
  1123 ;;		Unchanged: 0/0
  1124 ;; Data sizes:     COMMON   BANK0   BANK1   BANK2
  1125 ;;      Params:         0       0       0       0
  1126 ;;      Locals:         0       0       0       0
  1127 ;;      Temps:          1       0       0       0
  1128 ;;      Totals:         1       0       0       0
  1129 ;;Total ram usage:        1 bytes
  1130 ;; Hardware stack levels used:    1
  1131 ;; This function calls:
  1132 ;;		Nothing
  1133 ;; This function is called by:
  1134 ;;		_Generic_write_byte
  1135 ;;		_main
  1136 ;;		_Generic_read_byte
  1137 ;; This function uses a non-reentrant model
  1138 ;;
  1139                           
  1140                           
  1141                           ;psect for function _SoftwareI2C_start
  1142  0627                     _SoftwareI2C_start:	
  1143                           
  1144                           ;SoftwareI2C.h: 174: RA2 = 0;
  1145                           
  1146                           ;incstack = 0
  1147                           ; Regs used in _SoftwareI2C_start: [wreg]
  1148  0627  0020               	movlb	0	; select bank0
  1149  0628  110C               	bcf	12,2	;volatile
  1150                           
  1151                           ;SoftwareI2C.h: 175: RA5 = 0;
  1152  0629  128C               	bcf	12,5	;volatile
  1153                           
  1154                           ;SoftwareI2C.h: 177: _delay((unsigned long)((3)*(8000000/4000000.0)));
  1155  062A  3200               	nop2	;2 cycle nop
  1156  062B  3200               	nop2	;2 cycle nop
  1157  062C  3200               	nop2	;2 cycle nop
  1158                           
  1159                           ;SoftwareI2C.h: 181: RA2=0;
  1160  062D  0020               	movlb	0	; select bank0
  1161  062E  110C               	bcf	12,2	;volatile
  1162                           
  1163                           ;SoftwareI2C.h: 182: TRISA2 = 0;
  1164  062F  0021               	movlb	1	; select bank1
  1165  0630  110C               	bcf	12,2	;volatile
  1166                           
  1167                           ;SoftwareI2C.h: 183: _delay((unsigned long)((5)*(8000000/4000000.0)));
  1168  0631  3003               	movlw	3
  1169  0632  00F0               	movwf	??_SoftwareI2C_start
  1170  0633                     u397:	
  1171  0633  0BF0               	decfsz	??_SoftwareI2C_start,f
  1172  0634  2E33               	goto	u397
  1173  0635  0008               	return
  1174  0636                     __end_of_SoftwareI2C_start:	
  1175                           
  1176                           	psect	text9
  1177  077F                     __ptext9:	
  1178 ;; *************** function _SoftwareI2C_send_byte *****************
  1179 ;; Defined at:
  1180 ;;		line 23 in file "SoftwareI2C.h"
  1181 ;; Parameters:    Size  Location     Type
  1182 ;;  data            1    wreg     unsigned char 
  1183 ;;  ACK_STAT        1    0[COMMON] unsigned char 
  1184 ;; Auto vars:     Size  Location     Type
  1185 ;;  data            1    2[COMMON] unsigned char 
  1186 ;;  i               1    3[COMMON] char 
  1187 ;; Return value:  Size  Location     Type
  1188 ;;                  1    wreg      void 
  1189 ;; Registers used:
  1190 ;;		wreg, status,2, status,0
  1191 ;; Tracked objects:
  1192 ;;		On entry : 0/0
  1193 ;;		On exit  : 0/0
  1194 ;;		Unchanged: 0/0
  1195 ;; Data sizes:     COMMON   BANK0   BANK1   BANK2
  1196 ;;      Params:         1       0       0       0
  1197 ;;      Locals:         2       0       0       0
  1198 ;;      Temps:          1       0       0       0
  1199 ;;      Totals:         4       0       0       0
  1200 ;;Total ram usage:        4 bytes
  1201 ;; Hardware stack levels used:    1
  1202 ;; This function calls:
  1203 ;;		Nothing
  1204 ;; This function is called by:
  1205 ;;		_Generic_write_byte
  1206 ;;		_main
  1207 ;;		_Generic_read_byte
  1208 ;; This function uses a non-reentrant model
  1209 ;;
  1210                           
  1211                           
  1212                           ;psect for function _SoftwareI2C_send_byte
  1213  077F                     _SoftwareI2C_send_byte:	
  1214                           
  1215                           ;incstack = 0
  1216                           ; Regs used in _SoftwareI2C_send_byte: [wreg+status,2+status,0]
  1217                           ;SoftwareI2C_send_byte@data stored from wreg
  1218  077F  00F2               	movwf	SoftwareI2C_send_byte@data
  1219                           
  1220                           ;SoftwareI2C.h: 26: for(signed char i = 7; i !=-1; i-- )
  1221  0780  3007               	movlw	7
  1222  0781  00F1               	movwf	??_SoftwareI2C_send_byte
  1223  0782  0871               	movf	??_SoftwareI2C_send_byte,w
  1224  0783  00F3               	movwf	SoftwareI2C_send_byte@i
  1225  0784  0A73               	incf	SoftwareI2C_send_byte@i,w
  1226  0785  1903               	btfsc	3,2
  1227  0786  2FC1               	goto	l62
  1228  0787                     l61:	
  1229                           
  1230                           ;SoftwareI2C.h: 27: {
  1231                           ;SoftwareI2C.h: 29: RA5 = 0;
  1232  0787  0020               	movlb	0	; select bank0
  1233  0788  128C               	bcf	12,5	;volatile
  1234                           
  1235                           ;SoftwareI2C.h: 30: TRISA5 = 0;
  1236  0789  0021               	movlb	1	; select bank1
  1237  078A  128C               	bcf	12,5	;volatile
  1238                           
  1239                           ;SoftwareI2C.h: 31: _delay((unsigned long)((15)*(8000000/4000000.0)));
  1240  078B  3009               	movlw	9
  1241  078C  00F1               	movwf	??_SoftwareI2C_send_byte
  1242  078D                     u407:	
  1243  078D  0BF1               	decfsz	??_SoftwareI2C_send_byte,f
  1244  078E  2F8D               	goto	u407
  1245  078F  3200               	nop2	;nop
  1246                           
  1247                           ;SoftwareI2C.h: 33: RA2 = (data >> i) & 0x1;
  1248  0790  0872               	movf	SoftwareI2C_send_byte@data,w
  1249  0791  00F1               	movwf	??_SoftwareI2C_send_byte
  1250  0792  0A73               	incf	SoftwareI2C_send_byte@i,w
  1251  0793  2F95               	goto	u174
  1252  0794                     u175:	
  1253  0794  36F1               	lsrf	??_SoftwareI2C_send_byte,f
  1254  0795                     u174:	
  1255  0795  0B89               	decfsz	9,f
  1256  0796  2F94               	goto	u175
  1257  0797  1C71               	btfss	??_SoftwareI2C_send_byte,0
  1258  0798  2F9C               	goto	u180
  1259  0799  0020               	movlb	0	; select bank0
  1260  079A  150C               	bsf	12,2	;volatile
  1261  079B  2F9E               	goto	l783
  1262  079C                     u180:	
  1263  079C  0020               	movlb	0	; select bank0
  1264  079D  110C               	bcf	12,2	;volatile
  1265  079E                     l783:	
  1266                           
  1267                           ;SoftwareI2C.h: 34: TRISA2 = (data >> i) & 0x1;
  1268  079E  0872               	movf	SoftwareI2C_send_byte@data,w
  1269  079F  00F1               	movwf	??_SoftwareI2C_send_byte
  1270  07A0  0A73               	incf	SoftwareI2C_send_byte@i,w
  1271  07A1  2FA3               	goto	u204
  1272  07A2                     u205:	
  1273  07A2  36F1               	lsrf	??_SoftwareI2C_send_byte,f
  1274  07A3                     u204:	
  1275  07A3  0B89               	decfsz	9,f
  1276  07A4  2FA2               	goto	u205
  1277  07A5  1C71               	btfss	??_SoftwareI2C_send_byte,0
  1278  07A6  2FAA               	goto	u210
  1279  07A7  0021               	movlb	1	; select bank1
  1280  07A8  150C               	bsf	12,2	;volatile
  1281  07A9  2FAC               	goto	u224
  1282  07AA                     u210:	
  1283  07AA  0021               	movlb	1	; select bank1
  1284  07AB  110C               	bcf	12,2	;volatile
  1285  07AC                     u224:	
  1286                           
  1287                           ;SoftwareI2C.h: 35: _delay((unsigned long)((15)*(8000000/4000000.0)));
  1288  07AC  3009               	movlw	9
  1289  07AD  00F1               	movwf	??_SoftwareI2C_send_byte
  1290  07AE                     u417:	
  1291  07AE  0BF1               	decfsz	??_SoftwareI2C_send_byte,f
  1292  07AF  2FAE               	goto	u417
  1293  07B0  3200               	nop2	;nop
  1294                           
  1295                           ;SoftwareI2C.h: 39: RA5 = 1;
  1296  07B1  0020               	movlb	0	; select bank0
  1297  07B2  168C               	bsf	12,5	;volatile
  1298                           
  1299                           ;SoftwareI2C.h: 40: TRISA5 = 1;
  1300  07B3  0021               	movlb	1	; select bank1
  1301  07B4  168C               	bsf	12,5	;volatile
  1302                           
  1303                           ;SoftwareI2C.h: 41: _delay((unsigned long)((15)*(8000000/4000000.0)));
  1304  07B5  3009               	movlw	9
  1305  07B6  00F1               	movwf	??_SoftwareI2C_send_byte
  1306  07B7                     u427:	
  1307  07B7  0BF1               	decfsz	??_SoftwareI2C_send_byte,f
  1308  07B8  2FB7               	goto	u427
  1309  07B9  3200               	nop2	;nop
  1310  07BA  30FF               	movlw	255
  1311  07BB  00F1               	movwf	??_SoftwareI2C_send_byte
  1312  07BC  0871               	movf	??_SoftwareI2C_send_byte,w
  1313  07BD  07F3               	addwf	SoftwareI2C_send_byte@i,f
  1314  07BE  0A73               	incf	SoftwareI2C_send_byte@i,w
  1315  07BF  1D03               	btfss	3,2
  1316  07C0  2F87               	goto	l61
  1317  07C1                     l62:	
  1318                           
  1319                           ;SoftwareI2C.h: 44: }
  1320                           ;SoftwareI2C.h: 46: RA5 = 0;
  1321  07C1  0020               	movlb	0	; select bank0
  1322  07C2  128C               	bcf	12,5	;volatile
  1323                           
  1324                           ;SoftwareI2C.h: 47: TRISA5 = 0;
  1325  07C3  0021               	movlb	1	; select bank1
  1326  07C4  128C               	bcf	12,5	;volatile
  1327                           
  1328                           ;SoftwareI2C.h: 51: if(ACK_STAT == 2)
  1329  07C5  3002               	movlw	2
  1330  07C6  0670               	xorwf	SoftwareI2C_send_byte@ACK_STAT,w
  1331  07C7  1D03               	btfss	3,2
  1332  07C8  0008               	return
  1333                           
  1334                           ;SoftwareI2C.h: 52: {
  1335                           ;SoftwareI2C.h: 55: RA2 = 0;
  1336  07C9  0020               	movlb	0	; select bank0
  1337  07CA  110C               	bcf	12,2	;volatile
  1338                           
  1339                           ;SoftwareI2C.h: 56: TRISA2 = 1;
  1340  07CB  0021               	movlb	1	; select bank1
  1341  07CC  150C               	bsf	12,2	;volatile
  1342                           
  1343                           ;SoftwareI2C.h: 57: _delay((unsigned long)((15)*(8000000/4000000.0)));
  1344  07CD  3009               	movlw	9
  1345  07CE  00F1               	movwf	??_SoftwareI2C_send_byte
  1346  07CF                     u437:	
  1347  07CF  0BF1               	decfsz	??_SoftwareI2C_send_byte,f
  1348  07D0  2FCF               	goto	u437
  1349  07D1  3200               	nop2	;nop
  1350                           
  1351                           ;SoftwareI2C.h: 64: }
  1352                           ;SoftwareI2C.h: 66: RA5 = 1;
  1353                           
  1354                           ;SoftwareI2C.h: 59: if(RA2 == 0)
  1355                           ;SoftwareI2C.h: 60: {
  1356  07D2  0020               	movlb	0	; select bank0
  1357  07D3  168C               	bsf	12,5	;volatile
  1358                           
  1359                           ;SoftwareI2C.h: 67: TRISA5 = 1;
  1360  07D4  0021               	movlb	1	; select bank1
  1361  07D5  168C               	bsf	12,5	;volatile
  1362                           
  1363                           ;SoftwareI2C.h: 68: _delay((unsigned long)((15)*(8000000/4000000.0)));
  1364  07D6  3009               	movlw	9
  1365  07D7  00F1               	movwf	??_SoftwareI2C_send_byte
  1366  07D8                     u447:	
  1367  07D8  0BF1               	decfsz	??_SoftwareI2C_send_byte,f
  1368  07D9  2FD8               	goto	u447
  1369  07DA  3200               	nop2	;nop
  1370                           
  1371                           ;SoftwareI2C.h: 70: RA5 = 0;
  1372  07DB  0020               	movlb	0	; select bank0
  1373  07DC  128C               	bcf	12,5	;volatile
  1374                           
  1375                           ;SoftwareI2C.h: 71: TRISA5 = 0;
  1376  07DD  0021               	movlb	1	; select bank1
  1377  07DE  128C               	bcf	12,5	;volatile
  1378                           
  1379                           ;SoftwareI2C.h: 72: _delay((unsigned long)((15)*(8000000/4000000.0)));
  1380  07DF  3009               	movlw	9
  1381  07E0  00F1               	movwf	??_SoftwareI2C_send_byte
  1382  07E1                     u457:	
  1383  07E1  0BF1               	decfsz	??_SoftwareI2C_send_byte,f
  1384  07E2  2FE1               	goto	u457
  1385  07E3  3200               	nop2	;nop
  1386                           
  1387                           ;SoftwareI2C.h: 75: RA2 = 1;
  1388  07E4  0020               	movlb	0	; select bank0
  1389  07E5  150C               	bsf	12,2	;volatile
  1390                           
  1391                           ;SoftwareI2C.h: 76: TRISA2 = 1;
  1392  07E6  0021               	movlb	1	; select bank1
  1393  07E7  150C               	bsf	12,2	;volatile
  1394                           
  1395                           ;SoftwareI2C.h: 77: _delay((unsigned long)((15)*(8000000/4000000.0)));
  1396  07E8  3009               	movlw	9
  1397  07E9  00F1               	movwf	??_SoftwareI2C_send_byte
  1398  07EA                     u467:	
  1399  07EA  0BF1               	decfsz	??_SoftwareI2C_send_byte,f
  1400  07EB  2FEA               	goto	u467
  1401  07EC  3200               	nop2	;nop
  1402                           
  1403                           ;SoftwareI2C.h: 79: RA2 = 0;
  1404  07ED  0020               	movlb	0	; select bank0
  1405  07EE  110C               	bcf	12,2	;volatile
  1406                           
  1407                           ;SoftwareI2C.h: 80: TRISA2 = 0;
  1408  07EF  0021               	movlb	1	; select bank1
  1409  07F0  110C               	bcf	12,2	;volatile
  1410                           
  1411                           ;SoftwareI2C.h: 84: {
  1412                           
  1413                           ;SoftwareI2C.h: 82: }
  1414  07F1  0008               	return
  1415  07F2                     __end_of_SoftwareI2C_send_byte:	
  1416                           
  1417                           	psect	text10
  1418  0636                     __ptext10:	
  1419 ;; *************** function _DELAY *****************
  1420 ;; Defined at:
  1421 ;;		line 15 in file "SoftwareI2CTest.c"
  1422 ;; Parameters:    Size  Location     Type
  1423 ;;  number          1    wreg     unsigned char 
  1424 ;; Auto vars:     Size  Location     Type
  1425 ;;  number          1    2[COMMON] unsigned char 
  1426 ;;  k               1    3[COMMON] unsigned char 
  1427 ;; Return value:  Size  Location     Type
  1428 ;;                  1    wreg      void 
  1429 ;; Registers used:
  1430 ;;		wreg, status,2, status,0
  1431 ;; Tracked objects:
  1432 ;;		On entry : 0/0
  1433 ;;		On exit  : 0/0
  1434 ;;		Unchanged: 0/0
  1435 ;; Data sizes:     COMMON   BANK0   BANK1   BANK2
  1436 ;;      Params:         0       0       0       0
  1437 ;;      Locals:         2       0       0       0
  1438 ;;      Temps:          2       0       0       0
  1439 ;;      Totals:         4       0       0       0
  1440 ;;Total ram usage:        4 bytes
  1441 ;; Hardware stack levels used:    1
  1442 ;; This function calls:
  1443 ;;		Nothing
  1444 ;; This function is called by:
  1445 ;;		_Generic_write_byte
  1446 ;;		_main
  1447 ;;		_Generic_read_byte
  1448 ;; This function uses a non-reentrant model
  1449 ;;
  1450                           
  1451                           
  1452                           ;psect for function _DELAY
  1453  0636                     _DELAY:	
  1454                           
  1455                           ;incstack = 0
  1456                           ; Regs used in _DELAY: [wreg+status,2+status,0]
  1457                           ;DELAY@number stored from wreg
  1458  0636  00F2               	movwf	DELAY@number
  1459                           
  1460                           ;SoftwareI2CTest.c: 17: for(byte k=0; k != number; k++)
  1461  0637  01F3               	clrf	DELAY@k
  1462  0638                     l771:	
  1463  0638  0873               	movf	DELAY@k,w
  1464  0639  0672               	xorwf	DELAY@number,w
  1465  063A  1903               	btfsc	3,2
  1466  063B  0008               	return
  1467                           
  1468                           ;SoftwareI2CTest.c: 18: _delay((unsigned long)((1)*(8000000/4000.0)));
  1469  063C  3003               	movlw	3
  1470  063D  00F1               	movwf	??_DELAY+1
  1471  063E  3097               	movlw	151
  1472  063F  00F0               	movwf	??_DELAY
  1473  0640                     u477:	
  1474  0640  0BF0               	decfsz	??_DELAY,f
  1475  0641  2E40               	goto	u477
  1476  0642  0BF1               	decfsz	??_DELAY+1,f
  1477  0643  2E40               	goto	u477
  1478  0644  3200               	nop2
  1479  0645  3001               	movlw	1
  1480  0646  00F0               	movwf	??_DELAY
  1481  0647  0870               	movf	??_DELAY,w
  1482  0648  07F3               	addwf	DELAY@k,f
  1483  0649  2E38               	goto	l771
  1484  064A                     __end_of_DELAY:	
  1485                           
  1486                           	psect	text11
  1487  065F                     __ptext11:	
  1488 ;; *************** function _DELAY100 *****************
  1489 ;; Defined at:
  1490 ;;		line 20 in file "SoftwareI2CTest.c"
  1491 ;; Parameters:    Size  Location     Type
  1492 ;;  number          1    wreg     unsigned char 
  1493 ;; Auto vars:     Size  Location     Type
  1494 ;;  number          1    3[COMMON] unsigned char 
  1495 ;;  k               1    4[COMMON] unsigned char 
  1496 ;; Return value:  Size  Location     Type
  1497 ;;                  1    wreg      void 
  1498 ;; Registers used:
  1499 ;;		wreg, status,2, status,0
  1500 ;; Tracked objects:
  1501 ;;		On entry : 0/0
  1502 ;;		On exit  : 0/0
  1503 ;;		Unchanged: 0/0
  1504 ;; Data sizes:     COMMON   BANK0   BANK1   BANK2
  1505 ;;      Params:         0       0       0       0
  1506 ;;      Locals:         2       0       0       0
  1507 ;;      Temps:          3       0       0       0
  1508 ;;      Totals:         5       0       0       0
  1509 ;;Total ram usage:        5 bytes
  1510 ;; Hardware stack levels used:    1
  1511 ;; This function calls:
  1512 ;;		Nothing
  1513 ;; This function is called by:
  1514 ;;		_main
  1515 ;; This function uses a non-reentrant model
  1516 ;;
  1517                           
  1518                           
  1519                           ;psect for function _DELAY100
  1520  065F                     _DELAY100:	
  1521                           
  1522                           ;incstack = 0
  1523                           ; Regs used in _DELAY100: [wreg+status,2+status,0]
  1524                           ;DELAY100@number stored from wreg
  1525  065F  00F3               	movwf	DELAY100@number
  1526                           
  1527                           ;SoftwareI2CTest.c: 22: for(byte k=0; k != number; k++)
  1528  0660  01F4               	clrf	DELAY100@k
  1529  0661                     l837:	
  1530  0661  0874               	movf	DELAY100@k,w
  1531  0662  0673               	xorwf	DELAY100@number,w
  1532  0663  1903               	btfsc	3,2
  1533  0664  0008               	return
  1534                           
  1535                           ;SoftwareI2CTest.c: 23: _delay((unsigned long)((100)*(8000000/4000.0)));
  1536  0665  3002               	movlw	2
  1537  0666  00F2               	movwf	??_DELAY100+2
  1538  0667  3004               	movlw	4
  1539  0668  00F1               	movwf	??_DELAY100+1
  1540  0669  30BA               	movlw	186
  1541  066A  00F0               	movwf	??_DELAY100
  1542  066B                     u487:	
  1543  066B  0BF0               	decfsz	??_DELAY100,f
  1544  066C  2E6B               	goto	u487
  1545  066D  0BF1               	decfsz	??_DELAY100+1,f
  1546  066E  2E6B               	goto	u487
  1547  066F  0BF2               	decfsz	??_DELAY100+2,f
  1548  0670  2E6B               	goto	u487
  1549  0671  0000               	nop
  1550  0672  3001               	movlw	1
  1551  0673  00F0               	movwf	??_DELAY100
  1552  0674  0870               	movf	??_DELAY100,w
  1553  0675  07F4               	addwf	DELAY100@k,f
  1554  0676  2E61               	goto	l837
  1555  0677                     __end_of_DELAY100:	
  1556  007E                     btemp	set	126	;btemp
  1557  007E                     wtemp	set	126
  1558  007E                     wtemp0	set	126
  1559  0080                     wtemp1	set	128
  1560  0082                     wtemp2	set	130
  1561  0084                     wtemp3	set	132
  1562  0086                     wtemp4	set	134
  1563  0088                     wtemp5	set	136
  1564  007F                     wtemp6	set	127
  1565  007E                     ttemp	set	126
  1566  007E                     ttemp0	set	126
  1567  0081                     ttemp1	set	129
  1568  0084                     ttemp2	set	132
  1569  0087                     ttemp3	set	135
  1570  007F                     ttemp4	set	127
  1571  007E                     ltemp	set	126
  1572  007E                     ltemp0	set	126
  1573  0082                     ltemp1	set	130
  1574  0086                     ltemp2	set	134
  1575  0080                     ltemp3	set	128


Data Sizes:
    Strings     0
    Constant    0
    Data        0
    BSS         11
    Persistent  0
    Stack       0

Auto Spaces:
    Space          Size  Autos    Used
    COMMON           14     14      14
    BANK0            80      2      13
    BANK1            80      0       0
    BANK2            80      0       0

Pointer List with Targets:

    None.

Critical Paths under _main in COMMON

    _main->_EEPROM24C32_write_byte
    _EEPROM24C32_write_byte->_Generic_write_byte
    _Generic_write_byte->_DELAY
    _Generic_write_byte->_SoftwareI2C_send_byte

Critical Paths under _main in BANK0

    None.

Critical Paths under _main in BANK1

    None.

Critical Paths under _main in BANK2

    None.

Call Graph Tables:

 ---------------------------------------------------------------------------------
 (Depth) Function   	        Calls       Base Space   Used Autos Params    Refs
 ---------------------------------------------------------------------------------
 (0) _main                                                 3     3      0    2142
                                             13 COMMON     1     1      0
                                              0 BANK0      2     2      0
                              _DELAY
                           _DELAY100
             _EEPROM24C32_write_byte
                    _SoftwareI2C_ACK
                   _SoftwareI2C_NACK
             _SoftwareI2C_initialize
              _SoftwareI2C_read_byte
              _SoftwareI2C_send_byte
                  _SoftwareI2C_start
                   _SoftwareI2C_stop
 ---------------------------------------------------------------------------------
 (1) _SoftwareI2C_read_byte                                4     4      0      92
                                              0 COMMON     4     4      0
 ---------------------------------------------------------------------------------
 (1) _SoftwareI2C_initialize                               0     0      0       0
 ---------------------------------------------------------------------------------
 (1) _SoftwareI2C_NACK                                     1     1      0       0
                                              0 COMMON     1     1      0
 ---------------------------------------------------------------------------------
 (1) _SoftwareI2C_ACK                                      1     1      0       0
                                              0 COMMON     1     1      0
 ---------------------------------------------------------------------------------
 (1) _EEPROM24C32_write_byte                               4     1      3    1151
                                              9 COMMON     4     1      3
                 _Generic_write_byte
 ---------------------------------------------------------------------------------
 (2) _Generic_write_byte                                   5     2      3    1001
                                              4 COMMON     5     2      3
                              _DELAY
              _SoftwareI2C_send_byte
                  _SoftwareI2C_start
                   _SoftwareI2C_stop
 ---------------------------------------------------------------------------------
 (1) _SoftwareI2C_stop                                     2     2      0       0
                                              0 COMMON     2     2      0
 ---------------------------------------------------------------------------------
 (1) _SoftwareI2C_start                                    1     1      0       0
                                              0 COMMON     1     1      0
 ---------------------------------------------------------------------------------
 (1) _SoftwareI2C_send_byte                                4     3      1     761
                                              0 COMMON     4     3      1
 ---------------------------------------------------------------------------------
 (3) _DELAY                                                4     4      0      46
                                              0 COMMON     4     4      0
 ---------------------------------------------------------------------------------
 (1) _DELAY100                                             5     5      0      46
                                              0 COMMON     5     5      0
 ---------------------------------------------------------------------------------
 Estimated maximum stack depth 3
 ---------------------------------------------------------------------------------

 Call Graph Graphs:

 _main (ROOT)
   _DELAY
   _DELAY100
   _EEPROM24C32_write_byte
     _Generic_write_byte
       _DELAY
       _SoftwareI2C_send_byte
       _SoftwareI2C_start
       _SoftwareI2C_stop
   _SoftwareI2C_ACK
   _SoftwareI2C_NACK
   _SoftwareI2C_initialize
   _SoftwareI2C_read_byte
   _SoftwareI2C_send_byte
   _SoftwareI2C_start
   _SoftwareI2C_stop

 Address spaces:
Name               Size   Autos  Total    Cost      Usage
BIGRAM              F0      0       0       0        0.0%
EEDATA             100      0       0       0        0.0%
NULL                 0      0       0       0        0.0%
CODE                 0      0       0       0        0.0%
BITCOMMON            E      0       0       1        0.0%
BITSFR0              0      0       0       1        0.0%
SFR0                 0      0       0       1        0.0%
COMMON               E      E       E       2      100.0%
BITSFR1              0      0       0       2        0.0%
SFR1                 0      0       0       2        0.0%
BITSFR2              0      0       0       3        0.0%
SFR2                 0      0       0       3        0.0%
STACK                0      0       0       3        0.0%
BITSFR3              0      0       0       4        0.0%
SFR3                 0      0       0       4        0.0%
ABS                  0      0      1B       4        0.0%
BITBANK0            50      0       0       5        0.0%
BITSFR4              0      0       0       5        0.0%
SFR4                 0      0       0       5        0.0%
BANK0               50      2       D       6       16.3%
BITSFR5              0      0       0       6        0.0%
SFR5                 0      0       0       6        0.0%
BITBANK1            50      0       0       7        0.0%
BITSFR6              0      0       0       7        0.0%
SFR6                 0      0       0       7        0.0%
BANK1               50      0       0       8        0.0%
BITSFR7              0      0       0       8        0.0%
SFR7                 0      0       0       8        0.0%
BITBANK2            50      0       0       9        0.0%
BITSFR8              0      0       0       9        0.0%
SFR8                 0      0       0       9        0.0%
BANK2               50      0       0      10        0.0%
BITSFR9              0      0       0      10        0.0%
SFR9                 0      0       0      10        0.0%
BITSFR10             0      0       0      11        0.0%
SFR10                0      0       0      11        0.0%
DATA                 0      0      1B      11        0.0%
BITSFR11             0      0       0      12        0.0%
SFR11                0      0       0      12        0.0%
BITSFR12             0      0       0      13        0.0%
SFR12                0      0       0      13        0.0%
BITSFR13             0      0       0      14        0.0%
SFR13                0      0       0      14        0.0%
BITSFR14             0      0       0      15        0.0%
SFR14                0      0       0      15        0.0%
BITSFR15             0      0       0      16        0.0%
SFR15                0      0       0      16        0.0%
BITSFR16             0      0       0      17        0.0%
SFR16                0      0       0      17        0.0%
BITSFR17             0      0       0      18        0.0%
SFR17                0      0       0      18        0.0%
BITSFR18             0      0       0      19        0.0%
SFR18                0      0       0      19        0.0%
BITSFR19             0      0       0      20        0.0%
SFR19                0      0       0      20        0.0%
BITSFR20             0      0       0      21        0.0%
SFR20                0      0       0      21        0.0%
BITSFR21             0      0       0      22        0.0%
SFR21                0      0       0      22        0.0%
BITSFR22             0      0       0      23        0.0%
SFR22                0      0       0      23        0.0%
BITSFR23             0      0       0      24        0.0%
SFR23                0      0       0      24        0.0%
BITSFR24             0      0       0      25        0.0%
SFR24                0      0       0      25        0.0%
BITSFR25             0      0       0      26        0.0%
SFR25                0      0       0      26        0.0%
BITSFR26             0      0       0      27        0.0%
SFR26                0      0       0      27        0.0%
BITSFR27             0      0       0      28        0.0%
SFR27                0      0       0      28        0.0%
BITSFR28             0      0       0      29        0.0%
SFR28                0      0       0      29        0.0%
BITSFR29             0      0       0      30        0.0%
SFR29                0      0       0      30        0.0%
BITSFR30             0      0       0      31        0.0%
SFR30                0      0       0      31        0.0%
BITSFR31             0      0       0      32        0.0%
SFR31                0      0       0      32        0.0%


Microchip Technology PIC Macro Assembler V1.37 build -260352376 
Symbol Table                                                                                   Sat Mar 14 13:54:43 2020

                             l61 0787                               l62 07C1            _SoftwareI2C_read_byte 06DA  
                            l771 0638                              l837 0661                              l853 06EA  
                            l783 079E                              l935 072C                              l867 0710  
                            _RA0 0060                              _RA2 0062                              _RA5 0065  
                            u210 07AA                              u204 07A3                              u205 07A2  
                            u224 07AC                              u307 06FD                              u180 079C  
                            u317 0706                              u174 0795                              u175 0794  
                            u407 078D                              u327 0699                              u417 07AE  
                            u337 06A2                              u274 06F2                              u427 07B7  
                            u347 06AB                              u275 06F1                              u437 07CF  
                            u357 067D                              u447 07D8                              u367 0686  
                            u457 07E1                              u377 068F                              u297 06E1  
                            u467 07EA                              u387 0656                              u477 0640  
                            u397 0633                              u487 066B                              wreg 0009  
         _SoftwareI2C_initialize 0612       __end_of_Generic_write_byte 06DA            _SoftwareI2C_send_byte 077F  
                           _SCS0 04C8                             _SCS1 04C9                             _main 0712  
                           _saat 0027                             _nisa 0022                             btemp 007E  
               __end_of_DELAY100 0677                             ltemp 007E                             start 0002  
                           ttemp 007E                             wtemp 007E         __size_of_SoftwareI2C_ACK 001C  
                          ?_main 0070                            _DELAY 0636                            _IRCF0 04CB  
                          _IRCF1 04CC                            _IRCF2 04CD                            _IRCF3 04CE  
__size_of_EEPROM24C32_write_byte 000C                            _value 002A                            _start 0029  
                          main@k 002B                            ltemp0 007E                            ltemp1 0082  
                          ltemp2 0086                            ltemp3 0080                            ttemp0 007E  
                          ttemp1 0081                            ttemp2 0084                            ttemp3 0087  
                          ttemp4 007F                            status 0003                            wtemp0 007E  
                          wtemp1 0080                            wtemp2 0082                            wtemp3 0084  
                          wtemp4 0086                            wtemp5 0088                            wtemp6 007F  
     __size_of_SoftwareI2C_start 000F                  __initialization 07F2                     __end_of_main 077F  
         ?_SoftwareI2C_read_byte 0070                           DELAY@k 0073                           ??_main 007D  
                         ?_DELAY 0070           ?_SoftwareI2C_send_byte 0070                        DELAY100@k 0074  
                         _ANSELA 018C                           _SPLLEN 04CF                           _TRISA0 0460  
                         _TRISA2 0462                           _TRISA5 0465           _EEPROM24C32_write_byte 061B  
       __end_of_SoftwareI2C_NACK 06AF         __end_of_SoftwareI2C_stop 065F                           _dakika 0026  
                         _saniye 0028                        ?_DELAY100 0070                ??_SoftwareI2C_ACK 0070  
        __end_of__initialization 07FD    SoftwareI2C_send_byte@ACK_STAT 0070                    __end_of_DELAY 064A  
                 __pcstackCOMMON 0070               _measured_adc_value 0020    EEPROM24C32_write_byte@address 0079  
        ?_SoftwareI2C_initialize 0070                          ??_DELAY 0070                       ??_DELAY100 0070  
                     __pbssBANK0 0020               _Generic_write_byte 06AF                       __pmaintext 0712  
                   _DISPLAY_POEM 0024              ?_Generic_write_byte 0074        SoftwareI2C_read_byte@data 0072  
         SoftwareI2C_read_byte@i 0073   __end_of_SoftwareI2C_initialize 061B             ??_Generic_write_byte 0077  
        ??_SoftwareI2C_read_byte 0070           SoftwareI2C_send_byte@i 0073          ??_SoftwareI2C_send_byte 0071  
                        __ptext1 06DA                          __ptext2 0612                          __ptext3 0693  
                        __ptext4 0677                          __ptext5 061B                          __ptext6 06AF  
                        __ptext7 064A                          __ptext8 0627                          __ptext9 077F  
           end_of_initialization 07FD          ?_EEPROM24C32_write_byte 0079                ?_SoftwareI2C_NACK 0070  
             ??_SoftwareI2C_NACK 0070                ?_SoftwareI2C_stop 0070                  _SoftwareI2C_ACK 0677  
             ??_SoftwareI2C_stop 0070   __end_of_EEPROM24C32_write_byte 0627                __size_of_DELAY100 0018  
                 DELAY100@number 0073              start_initialization 07F2          __end_of_SoftwareI2C_ACK 0693  
                      ___latbits 0001                    __pcstackBANK0 002B           Generic_write_byte@data 0076  
 __size_of_SoftwareI2C_read_byte 0038    __end_of_SoftwareI2C_read_byte 0712         Generic_write_byte@dev_id 0078  
                 __size_of_DELAY 0014   __size_of_SoftwareI2C_send_byte 0073    __end_of_SoftwareI2C_send_byte 07F2  
                       _DELAY100 065F      __size_of_Generic_write_byte 002B       EEPROM24C32_write_byte@data 007B  
               ?_SoftwareI2C_ACK 0070        __size_of_SoftwareI2C_NACK 001C                      DELAY@number 0072  
      __size_of_SoftwareI2C_stop 0015         ??_SoftwareI2C_initialize 0070                         __ptext10 0636  
                       __ptext11 065F                    __size_of_main 006D                       _LCD_LED_ON 0025  
      SoftwareI2C_send_byte@data 0072  __size_of_SoftwareI2C_initialize 0009                _SoftwareI2C_start 0627  
             ?_SoftwareI2C_start 0070         ??_EEPROM24C32_write_byte 007C        Generic_write_byte@address 0074  
               _SoftwareI2C_NACK 0693              ??_SoftwareI2C_start 0070                 _SoftwareI2C_stop 064A  
      __end_of_SoftwareI2C_start 0636  
