MPASM  5.42             PICBOOTINASSEMBLY.ASM   3-14-2020  16:54:24         PAGE  1


LOC  OBJECT CODE     LINE SOURCE TEXT
  VALUE

                      00001 
                      00002 
                      00003 
Warning[205]: Found directive in column 1. (list)
                      00004 list p=16f877a
                      00005 #include p16f877a.inc
                      00001         LIST
                      00002 
                      00003 ;==========================================================================
                      00004 ;  MPASM PIC16F877A processor include
                      00005 ; 
                      00006 ;  (c) Copyright 1999-2011 Microchip Technology, All rights reserved
                      00007 ;==========================================================================
                      00008 
                      00555         LIST
Warning[205]: Found directive in column 1. (org)
                      00006 org 0x1fff ; sayac variable ý için....
1FFF   0200           00007 sayac db 2
                      00008 ;org 0x1ff8
                      00009 ;sayac data 50
                      00010 ;sayac2 data 15
                      00011 
                      00012 ;deneme db 0j  
Warning[205]: Found directive in column 1. (org)
                      00013 org 0x00
Warning[205]: Found directive in column 1. (pagesel)
0000   ???? ????      00014 pagesel Start    
Warning[203]: Found opcode in column 1. (goto)
0002   2???           00015 goto Start
                      00016 
Warning[205]: Found directive in column 1. (org)
                      00017 org 0x1ff6
Warning[203]: Found opcode in column 1. (clrf)
1FF6   0183           00018 clrf STATUS
Warning[203]: Found opcode in column 1. (clrf)
1FF7   018A           00019 clrf PCLATH
Warning[205]: Found directive in column 1. (pagesel)
1FF8   158A 160A      00020 pagesel 0x1ff6
Warning[203]: Found opcode in column 1. (goto)
1FFA   2???           00021 goto $
                      00022 ;
                      00023 ;DENEME code 0x1fb6
                      00024 ;JK
                      00025 ;bcf 0x3 , 6
                      00026 ;bcf 0x3 , 5
                      00027 ;bcf 0xa  , 4
                      00028 ;bcf 0xa , 3
                      00029 ;pagesel  JK
                      00030 ;goto $
                      00031 
                      00032 
                      00033 
                      00034 USART code 0x1fdf;0x1fbf
MPASM  5.42             PICBOOTINASSEMBLY.ASM   3-14-2020  16:54:24         PAGE  2


LOC  OBJECT CODE     LINE SOURCE TEXT
  VALUE

                      00035 
1FDF                  00036 Usart_veri_al:
                      00037 
Warning[205]: Found directive in column 1. (banksel)
1FDF   1283 1303      00038 banksel PIR1
1FE1                  00039 devam:
Warning[203]: Found opcode in column 1. (btfss)
1FE1   1E8C           00040 btfss PIR1 , RCIF
Warning[203]: Found opcode in column 1. (goto)
1FE2   2???           00041 goto devam
Warning[203]: Found opcode in column 1. (movf)
1FE3   081A           00042 movf RCREG , W ; RCREG w içine atýlýyor...
                      00043 ;movf PORTA , W
                      00044 ;XORLW 1
                      00045 ;movwf PORTA
                      00046 
                      00047 
Warning[203]: Found opcode in column 1. (return)
1FE4   0008           00048 return
                      00049 
1FE5                  00050 Usart_veri_gonder
                      00051 
Warning[205]: Found directive in column 1. (banksel)
1FE5   1283 1303      00052 banksel TXREG
Warning[203]: Found opcode in column 1. (movwf)
1FE7   0099           00053 movwf TXREG
1FE8                  00054 dev:
                      00055 
                      00056 
                      00057 
Warning[203]: Found opcode in column 1. (btfss)
1FE8   1E0C           00058 btfss PIR1 , TXIF 
Warning[203]: Found opcode in column 1. (goto)
1FE9   2???           00059 goto dev
                      00060 
Warning[203]: Found opcode in column 1. (return)
1FEA   0008           00061 return
1FEB                  00062 vcv
1FEB                  00063 Usart_ayarla
                      00064 
Warning[205]: Found directive in column 1. (banksel)
1FEB   1683 1303      00065 banksel SPBRG  ;SPBRG = 3
Warning[203]: Found opcode in column 1. (movlw)
1FED   3033           00066 movlw D'51';19200 -current olan for 16 MHZ...
Warning[203]: Found opcode in column 1. (movwf)
Message[302]: Register in operand not in bank 0.  Ensure that bank bits are correct.
1FEE   0099           00067 movwf SPBRG
Warning[203]: Found opcode in column 1. (movlw)
1FEF   3024           00068 movlw B'00100100' ; TX ayarlandý...
Warning[203]: Found opcode in column 1. (movwf)
Message[302]: Register in operand not in bank 0.  Ensure that bank bits are correct.
1FF0   0098           00069 movwf TXSTA
                      00070 
MPASM  5.42             PICBOOTINASSEMBLY.ASM   3-14-2020  16:54:24         PAGE  3


LOC  OBJECT CODE     LINE SOURCE TEXT
  VALUE

Warning[205]: Found directive in column 1. (banksel)
1FF1   1283 1303      00071 banksel RCSTA  ; RX ayarlandý...
Warning[203]: Found opcode in column 1. (movlw)
1FF3   3090           00072 movlw B'10010000'
Warning[203]: Found opcode in column 1. (movwf)
1FF4   0098           00073 movwf RCSTA
Warning[203]: Found opcode in column 1. (return)
1FF5   0008           00074 return
                      00075 
                      00076 
                      00077 FLASH code 0x1f9e + 14
                      00078 
1FB2                  00079 flash_yaz:
                      00080 ;pagesel Usart_veri_al
Warning[203]: Found opcode in column 1. (call)
1FB2   2???           00081 call Usart_veri_al
Warning[203]: Found opcode in column 1. (bcf)
1FB3   1103           00082 bcf STATUS , Z
Warning[203]: Found opcode in column 1. (sublw)
1FB4   3C78           00083 sublw D'120'  ; if ( gelen_veri ==  'x' ) jmp yüklenen programa....
Warning[203]: Found opcode in column 1. (btfss)
1FB5   1D03           00084 btfss STATUS , Z
Warning[203]: Found opcode in column 1. (goto)
1FB6   2???           00085 goto rt
                      00086 ;pagesel 0x1ff6
Warning[203]: Found opcode in column 1. (goto)
1FB7   2FF6           00087 goto 0x1ff6
                      00088 ;bsf PCLATH , 4
                      00089 ;bsf PCLATH , 3
                      00090 ;goto 0x7da
                      00091 
                      00092 
1FB8                  00093 rt:
Warning[205]: Found directive in column 1. (banksel)
1FB8   1283 1303      00094 banksel RCREG
Warning[203]: Found opcode in column 1. (movf)
1FBA   081A           00095 movf RCREG , W
Warning[205]: Found directive in column 1. (banksel)
1FBB   1283 1703      00096 banksel EEADRH
Warning[203]: Found opcode in column 1. (movwf)
Message[302]: Register in operand not in bank 0.  Ensure that bank bits are correct.
1FBD   008F           00097 movwf EEADRH
                      00098 
                      00099 ;pagesel Usart_veri_gonder
Warning[203]: Found opcode in column 1. (call)
1FBE   2???           00100 call Usart_veri_gonder
                      00101 
                      00102 ;pagesel Usart_veri_al
Warning[203]: Found opcode in column 1. (call)
1FBF   2???           00103 call Usart_veri_al
                      00104 
Warning[205]: Found directive in column 1. (banksel)
1FC0   1283 1703      00105 banksel EEADR
MPASM  5.42             PICBOOTINASSEMBLY.ASM   3-14-2020  16:54:24         PAGE  4


LOC  OBJECT CODE     LINE SOURCE TEXT
  VALUE

Warning[203]: Found opcode in column 1. (movwf)
Message[302]: Register in operand not in bank 0.  Ensure that bank bits are correct.
1FC2   008D           00106 movwf EEADR
                      00107 
                      00108 ;pagesel Usart_veri_gonder
Warning[203]: Found opcode in column 1. (call)
1FC3   2???           00109 call Usart_veri_gonder
                      00110 
                      00111 ;pagesel Usart_veri_al; DAtah  alýndý...
Warning[203]: Found opcode in column 1. (call)
1FC4   2???           00112 call Usart_veri_al
Warning[205]: Found directive in column 1. (banksel)
1FC5   1283 1703      00113 banksel EEDATA
Warning[203]: Found opcode in column 1. (movwf)
Message[302]: Register in operand not in bank 0.  Ensure that bank bits are correct.
1FC7   008C           00114 movwf EEDATA
                      00115 ;pagesel Usart_veri_gonder
Warning[203]: Found opcode in column 1. (call)
1FC8   2???           00116 call Usart_veri_gonder
                      00117 
                      00118 ;pagesel Usart_veri_al ;datal alýndý...
Warning[203]: Found opcode in column 1. (call)
1FC9   2???           00119 call Usart_veri_al
                      00120 
Warning[205]: Found directive in column 1. (banksel)
1FCA   1283 1703      00121 banksel EEDATH
Warning[203]: Found opcode in column 1. (movwf)
Message[302]: Register in operand not in bank 0.  Ensure that bank bits are correct.
1FCC   008E           00122 movwf EEDATH
                      00123 
                      00124 ;pagesel Usart_veri_gonder
Warning[203]: Found opcode in column 1. (call)
1FCD   2???           00125 call Usart_veri_gonder
                      00126 
                      00127 
Warning[203]: Found opcode in column 1. (movlw)
1FCE   3084           00128 movlw B'10000100'
                      00129 
Warning[205]: Found directive in column 1. (banksel)
1FCF   1683 1703      00130 banksel EECON2;veriyi yaz...
                      00131 
Warning[203]: Found opcode in column 1. (movwf)
Message[302]: Register in operand not in bank 0.  Ensure that bank bits are correct.
1FD1   008C           00132 movwf EECON1
                      00133 
                      00134 
Warning[203]: Found opcode in column 1. (movlw)
1FD2   3055           00135 movlw 0x55
Warning[203]: Found opcode in column 1. (movwf)
Message[302]: Register in operand not in bank 0.  Ensure that bank bits are correct.
1FD3   008D           00136 movwf EECON2
                      00137 
Warning[203]: Found opcode in column 1. (movlw)
MPASM  5.42             PICBOOTINASSEMBLY.ASM   3-14-2020  16:54:24         PAGE  5


LOC  OBJECT CODE     LINE SOURCE TEXT
  VALUE

1FD4   30AA           00138 movlw 0xaa
Warning[203]: Found opcode in column 1. (movwf)
Message[302]: Register in operand not in bank 0.  Ensure that bank bits are correct.
1FD5   008D           00139 movwf EECON2
                      00140 
Warning[203]: Found opcode in column 1. (bsf)
Message[302]: Register in operand not in bank 0.  Ensure that bank bits are correct.
1FD6   148C           00141 bsf EECON1 , WR
Warning[203]: Found opcode in column 1. (nop)
1FD7   0000           00142 nop
Warning[203]: Found opcode in column 1. (nop)
1FD8   0000           00143 nop
Warning[203]: Found opcode in column 1. (bcf)
Message[302]: Register in operand not in bank 0.  Ensure that bank bits are correct.
1FD9   110C           00144 bcf EECON1 , WREN
                      00145 
1FDA                  00146 loop:;;while( WR == 1 );
                      00147 
Warning[203]: Found opcode in column 1. (btfsc)
Message[302]: Register in operand not in bank 0.  Ensure that bank bits are correct.
1FDA   188C           00148 btfsc EECON1 , WR
Warning[203]: Found opcode in column 1. (goto)
1FDB   2???           00149 goto loop
                      00150 
Warning[203]: Found opcode in column 1. (movlw)
1FDC   3054           00151 movlw A'T'
                      00152 ;pagesel Usart_veri_gonder
Warning[203]: Found opcode in column 1. (call)
1FDD   2???           00153 call Usart_veri_gonder
Warning[203]: Found opcode in column 1. (return)
1FDE   0008           00154 return 
                      00155 
                      00156 Main code 0x1f74 + 0x1d
                      00157 
1F91                  00158 Start
                      00159 
                      00160 ;Bir saniye bekleyeceðiz ve gelen bir bilgi var mý yok mu bakacaðýz uygun karakter alýndýysa bootloader
                      00161 ;çalýþacak eðer yoksa hafýzaya daha önce yüklenmiþ olan programý çalýþtýracaðýz...
                      00162 
                      00163 ;pagesel Usart_ayarla
Warning[203]: Found opcode in column 1. (call)
1F91   2???           00164 call Usart_ayarla
                      00165 
                      00166 
                      00167 
                      00168 ;movlw D'8'
                      00169 ;movwf sayac
                      00170 
                      00171 
                      00172 ;63 ms bekleyecek... resetten sonra...
                      00173 
Warning[205]: Found directive in column 1. (banksel)
1F92   1283 1303      00174 banksel T1CON
MPASM  5.42             PICBOOTINASSEMBLY.ASM   3-14-2020  16:54:24         PAGE  6


LOC  OBJECT CODE     LINE SOURCE TEXT
  VALUE

Warning[203]: Found opcode in column 1. (movlw)
1F94   3020           00175 movlw B'00100000';1:4 prescaler
Warning[203]: Found opcode in column 1. (movwf)
1F95   0090           00176 movwf T1CON
Warning[203]: Found opcode in column 1. (movf)
1F96   081A           00177 movf RCREG , W
                      00178 
                      00179 ;azalt:
                      00180 ;bcf T1CON , TMR1ON
Warning[203]: Found opcode in column 1. (movlw)
1F97   3009           00181 movlw D'9'
Warning[203]: Found opcode in column 1. (movwf)
1F98   008F           00182 movwf TMR1H
Warning[203]: Found opcode in column 1. (movlw)
1F99   30E7           00183 movlw D'231'
Warning[203]: Found opcode in column 1. (movwf)
1F9A   008E           00184 movwf TMR1L
Warning[203]: Found opcode in column 1. (bsf)
1F9B   1410           00185 bsf T1CON , TMR1ON
Warning[203]: Found opcode in column 1. (btfss)
1F9C   1C0C           00186 btfss PIR1 , TMR1IF
Warning[203]: Found opcode in column 1. (goto)
1F9D   2???           00187 goto $-1
                      00188 
Warning[203]: Found opcode in column 1. (bcf)
1F9E   100C           00189 bcf PIR1 , TMR1IF ; TMR1F yazýlýmda silinmelidir...
                      00190 
                      00191 
                      00192 
                      00193 ;decfsz sayac,F
                      00194 ;goto azalt
Warning[203]: Found opcode in column 1. (btfsc)
1F9F   1A8C           00195 btfsc PIR1 , RCIF
Warning[203]: Found opcode in column 1. (goto)
1FA0   2???           00196 goto boot
Warning[203]: Found opcode in column 1. (movf)
1FA1   081A           00197 movf RCREG , W
                      00198 ;pagesel 0x1ff6
Warning[203]: Found opcode in column 1. (goto)
1FA2   2FF6           00199 goto 0x1ff6
1FA3                  00200 boot:
Warning[203]: Found opcode in column 1. (movf)
1FA3   081A           00201 movf RCREG , W
Warning[203]: Found opcode in column 1. (sublw)
1FA4   3C74           00202 sublw A't'
Warning[203]: Found opcode in column 1. (btfss)
1FA5   1D03           00203 btfss STATUS , Z
Warning[203]: Found opcode in column 1. (goto)
1FA6   2FF6           00204 goto 0x1ff6
Warning[203]: Found opcode in column 1. (movlw)
1FA7   3000           00205 movlw 0x0
Warning[205]: Found directive in column 1. (banksel)
1FA8   1683 1303      00206 banksel TRISA
MPASM  5.42             PICBOOTINASSEMBLY.ASM   3-14-2020  16:54:24         PAGE  7


LOC  OBJECT CODE     LINE SOURCE TEXT
  VALUE

Warning[203]: Found opcode in column 1. (movwf)
Message[302]: Register in operand not in bank 0.  Ensure that bank bits are correct.
1FAA   0085           00207 movwf TRISA
Warning[205]: Found directive in column 1. (banksel)
1FAB   1283 1303      00208 banksel PORTA
Warning[203]: Found opcode in column 1. (movwf)
1FAD   0085           00209 movwf PORTA
Warning[203]: Found opcode in column 1. (bsf)
1FAE   1405           00210 bsf  PORTA , 0
1FAF                  00211 infinite: ; main loop
                      00212 ;pagesel flash_yaz
Warning[203]: Found opcode in column 1. (call)
1FAF   2???           00213 call flash_yaz
Warning[203]: Found opcode in column 1. (goto)
1FB0   2???           00214 goto infinite
Warning[203]: Found opcode in column 1. (goto)
1FB1   2???           00215 goto $
Warning[205]: Found directive in column 1. (END)
                      00216 END
MPASM  5.42             PICBOOTINASSEMBLY.ASM   3-14-2020  16:54:24         PAGE  8


SYMBOL TABLE
  LABEL                             VALUE 

ACKDT                             00000005
ACKEN                             00000004
ACKSTAT                           00000006
ADCON0                            0000001F
ADCON1                            0000009F
ADCS0                             00000006
ADCS1                             00000007
ADCS2                             00000006
ADDEN                             00000003
ADFM                              00000007
ADIE                              00000006
ADIF                              00000006
ADON                              00000000
ADRESH                            0000001E
ADRESL                            0000009E
BCLIE                             00000003
BCLIF                             00000003
BF                                00000000
BRGH                              00000002
C                                 00000000
C1INV                             00000004
C1OUT                             00000006
C2INV                             00000005
C2OUT                             00000007
CCP1CON                           00000017
CCP1IE                            00000002
CCP1IF                            00000002
CCP1M0                            00000000
CCP1M1                            00000001
CCP1M2                            00000002
CCP1M3                            00000003
CCP1X                             00000005
CCP1Y                             00000004
CCP2CON                           0000001D
CCP2IE                            00000000
CCP2IF                            00000000
CCP2M0                            00000000
CCP2M1                            00000001
CCP2M2                            00000002
CCP2M3                            00000003
CCP2X                             00000005
CCP2Y                             00000004
CCPR1                             00000015
CCPR1H                            00000016
CCPR1L                            00000015
CCPR2                             0000001B
CCPR2H                            0000001C
CCPR2L                            0000001B
CHS0                              00000003
CHS1                              00000004
CHS2                              00000005
CIS                               00000003
CKE                               00000006
MPASM  5.42             PICBOOTINASSEMBLY.ASM   3-14-2020  16:54:24         PAGE  9


SYMBOL TABLE
  LABEL                             VALUE 

CKP                               00000004
CM0                               00000000
CM1                               00000001
CM2                               00000002
CMCON                             0000009C
CMIE                              00000006
CMIF                              00000006
CREN                              00000004
CSRC                              00000007
CVR0                              00000000
CVR1                              00000001
CVR2                              00000002
CVR3                              00000003
CVRCON                            0000009D
CVREN                             00000007
CVROE                             00000006
CVRR                              00000005
D                                 00000005
DATA_ADDRESS                      00000005
DC                                00000001
D_A                               00000005
D_NOT_A                           00000005
EEADR                             0000010D
EEADRH                            0000010F
EECON1                            0000018C
EECON2                            0000018D
EEDATA                            0000010C
EEDATH                            0000010E
EEIE                              00000004
EEIF                              00000004
EEPGD                             00000007
F                                 00000001
FERR                              00000002
FSR                               00000004
GCEN                              00000007
GIE                               00000007
GO                                00000002
GO_DONE                           00000002
GO_NOT_DONE                       00000002
I2C_DATA                          00000005
I2C_READ                          00000002
I2C_START                         00000003
I2C_STOP                          00000004
IBF                               00000007
IBOV                              00000005
INDF                              00000000
INTCON                            0000000B
INTE                              00000004
INTEDG                            00000006
INTF                              00000001
IRP                               00000007
NOT_A                             00000005
NOT_ADDRESS                       00000005
MPASM  5.42             PICBOOTINASSEMBLY.ASM   3-14-2020  16:54:24         PAGE 10


SYMBOL TABLE
  LABEL                             VALUE 

NOT_BO                            00000000
NOT_BOR                           00000000
NOT_DONE                          00000002
NOT_PD                            00000003
NOT_POR                           00000001
NOT_RBPU                          00000007
NOT_RC8                           00000006
NOT_T1SYNC                        00000002
NOT_TO                            00000004
NOT_TX8                           00000006
NOT_W                             00000002
NOT_WRITE                         00000002
OBF                               00000006
OERR                              00000001
OPTION_REG                        00000081
P                                 00000004
PCFG0                             00000000
PCFG1                             00000001
PCFG2                             00000002
PCFG3                             00000003
PCL                               00000002
PCLATH                            0000000A
PCON                              0000008E
PEIE                              00000006
PEN                               00000002
PIE1                              0000008C
PIE2                              0000008D
PIR1                              0000000C
PIR2                              0000000D
PORTA                             00000005
PORTB                             00000006
PORTC                             00000007
PORTD                             00000008
PORTE                             00000009
PR2                               00000092
PS0                               00000000
PS1                               00000001
PS2                               00000002
PSA                               00000003
PSPIE                             00000007
PSPIF                             00000007
PSPMODE                           00000004
R                                 00000002
RA0                               00000000
RA1                               00000001
RA2                               00000002
RA3                               00000003
RA4                               00000004
RA5                               00000005
RB0                               00000000
RB1                               00000001
RB2                               00000002
RB3                               00000003
MPASM  5.42             PICBOOTINASSEMBLY.ASM   3-14-2020  16:54:24         PAGE 11


SYMBOL TABLE
  LABEL                             VALUE 

RB4                               00000004
RB5                               00000005
RB6                               00000006
RB7                               00000007
RBIE                              00000003
RBIF                              00000000
RC0                               00000000
RC1                               00000001
RC2                               00000002
RC3                               00000003
RC4                               00000004
RC5                               00000005
RC6                               00000006
RC7                               00000007
RC8_9                             00000006
RC9                               00000006
RCD8                              00000000
RCEN                              00000003
RCIE                              00000005
RCIF                              00000005
RCREG                             0000001A
RCSTA                             00000018
RD                                00000000
RD0                               00000000
RD1                               00000001
RD2                               00000002
RD3                               00000003
RD4                               00000004
RD5                               00000005
RD6                               00000006
RD7                               00000007
RE0                               00000000
RE1                               00000001
RE2                               00000002
READ_WRITE                        00000002
RP0                               00000005
RP1                               00000006
RSEN                              00000001
RX9                               00000006
RX9D                              00000000
R_NOT_W                           00000002
R_W                               00000002
S                                 00000003
SEN                               00000000
SMP                               00000007
SPBRG                             00000099
SPEN                              00000007
SREN                              00000005
SSPADD                            00000093
SSPBUF                            00000013
SSPCON                            00000014
SSPCON2                           00000091
SSPEN                             00000005
MPASM  5.42             PICBOOTINASSEMBLY.ASM   3-14-2020  16:54:24         PAGE 12


SYMBOL TABLE
  LABEL                             VALUE 

SSPIE                             00000003
SSPIF                             00000003
SSPM0                             00000000
SSPM1                             00000001
SSPM2                             00000002
SSPM3                             00000003
SSPOV                             00000006
SSPSTAT                           00000094
STATUS                            00000003
SYNC                              00000004
Start                             00001F91
T0CS                              00000005
T0IE                              00000005
T0IF                              00000002
T0SE                              00000004
T1CKPS0                           00000004
T1CKPS1                           00000005
T1CON                             00000010
T1INSYNC                          00000002
T1OSCEN                           00000003
T1SYNC                            00000002
T2CKPS0                           00000000
T2CKPS1                           00000001
T2CON                             00000012
TMR0                              00000001
TMR0IE                            00000005
TMR0IF                            00000002
TMR1CS                            00000001
TMR1H                             0000000F
TMR1IE                            00000000
TMR1IF                            00000000
TMR1L                             0000000E
TMR1ON                            00000000
TMR2                              00000011
TMR2IE                            00000001
TMR2IF                            00000001
TMR2ON                            00000002
TOUTPS0                           00000003
TOUTPS1                           00000004
TOUTPS2                           00000005
TOUTPS3                           00000006
TRISA                             00000085
TRISA0                            00000000
TRISA1                            00000001
TRISA2                            00000002
TRISA3                            00000003
TRISA4                            00000004
TRISA5                            00000005
TRISB                             00000086
TRISB0                            00000000
TRISB1                            00000001
TRISB2                            00000002
TRISB3                            00000003
MPASM  5.42             PICBOOTINASSEMBLY.ASM   3-14-2020  16:54:24         PAGE 13


SYMBOL TABLE
  LABEL                             VALUE 

TRISB4                            00000004
TRISB5                            00000005
TRISB6                            00000006
TRISB7                            00000007
TRISC                             00000087
TRISC0                            00000000
TRISC1                            00000001
TRISC2                            00000002
TRISC3                            00000003
TRISC4                            00000004
TRISC5                            00000005
TRISC6                            00000006
TRISC7                            00000007
TRISD                             00000088
TRISD0                            00000000
TRISD1                            00000001
TRISD2                            00000002
TRISD3                            00000003
TRISD4                            00000004
TRISD5                            00000005
TRISD6                            00000006
TRISD7                            00000007
TRISE                             00000089
TRISE0                            00000000
TRISE1                            00000001
TRISE2                            00000002
TRMT                              00000001
TX8_9                             00000006
TX9                               00000006
TX9D                              00000000
TXD8                              00000000
TXEN                              00000005
TXIE                              00000004
TXIF                              00000004
TXREG                             00000019
TXSTA                             00000098
UA                                00000001
Usart_ayarla                      00001FEB
Usart_veri_al                     00001FDF
Usart_veri_gonder                 00001FE5
W                                 00000000
WCOL                              00000007
WR                                00000001
WREN                              00000002
WRERR                             00000003
Z                                 00000002
_.org_2_1FFA                      00001FFA
_BODEN_OFF                        00003FBF
_BODEN_ON                         00003FFF
_CONFIG                           00002007
_CPD_OFF                          00003FFF
_CPD_ON                           00003EFF
_CP_ALL                           00001FFF
MPASM  5.42             PICBOOTINASSEMBLY.ASM   3-14-2020  16:54:24         PAGE 14


SYMBOL TABLE
  LABEL                             VALUE 

_CP_OFF                           00003FFF
_DEBUG_OFF                        00003FFF
_DEBUG_ON                         000037FF
_DEVID1                           00002006
_HS_OSC                           00003FFE
_IDLOC0                           00002000
_IDLOC1                           00002001
_IDLOC2                           00002002
_IDLOC3                           00002003
_LP_OSC                           00003FFC
_LVP_OFF                          00003F7F
_LVP_ON                           00003FFF
_Main_1F9D                        00001F9D
_Main_1FB1                        00001FB1
_PWRTE_OFF                        00003FFF
_PWRTE_ON                         00003FF7
_RC_OSC                           00003FFF
_WDT_OFF                          00003FFB
_WDT_ON                           00003FFF
_WRT_1FOURTH                      00003BFF
_WRT_256                          00003DFF
_WRT_HALF                         000039FF
_WRT_OFF                          00003FFF
_XT_OSC                           00003FFD
__16F877A                         00000001
boot                              00001FA3
dev                               00001FE8
devam                             00001FE1
flash_yaz                         00001FB2
infinite                          00001FAF
loop                              00001FDA
rt                                00001FB8
sayac                             00001FFF
vcv                               00001FEB

Errors   :     0
Warnings :    99 reported,     0 suppressed
Messages :    13 reported,     0 suppressed

