Warning[205] ..\PICBOOTINASSEMBLY.ASM 4 : Found directive in column 1. (list)
Warning[205] ..\PICBOOTINASSEMBLY.ASM 6 : Found directive in column 1. (org)
Warning[205] ..\PICBOOTINASSEMBLY.ASM 13 : Found directive in column 1. (org)
Warning[205] ..\PICBOOTINASSEMBLY.ASM 14 : Found directive in column 1. (pagesel)
Warning[203] ..\PICBOOTINASSEMBLY.ASM 15 : Found opcode in column 1. (goto)
Warning[205] ..\PICBOOTINASSEMBLY.ASM 17 : Found directive in column 1. (org)
Warning[203] ..\PICBOOTINASSEMBLY.ASM 18 : Found opcode in column 1. (clrf)
Warning[203] ..\PICBOOTINASSEMBLY.ASM 19 : Found opcode in column 1. (clrf)
Warning[205] ..\PICBOOTINASSEMBLY.ASM 20 : Found directive in column 1. (pagesel)
Warning[203] ..\PICBOOTINASSEMBLY.ASM 21 : Found opcode in column 1. (goto)
Warning[205] ..\PICBOOTINASSEMBLY.ASM 38 : Found directive in column 1. (banksel)
Warning[203] ..\PICBOOTINASSEMBLY.ASM 40 : Found opcode in column 1. (btfss)
Warning[203] ..\PICBOOTINASSEMBLY.ASM 41 : Found opcode in column 1. (goto)
Warning[203] ..\PICBOOTINASSEMBLY.ASM 42 : Found opcode in column 1. (movf)
Warning[203] ..\PICBOOTINASSEMBLY.ASM 48 : Found opcode in column 1. (return)
Warning[205] ..\PICBOOTINASSEMBLY.ASM 52 : Found directive in column 1. (banksel)
Warning[203] ..\PICBOOTINASSEMBLY.ASM 53 : Found opcode in column 1. (movwf)
Warning[203] ..\PICBOOTINASSEMBLY.ASM 58 : Found opcode in column 1. (btfss)
Warning[203] ..\PICBOOTINASSEMBLY.ASM 59 : Found opcode in column 1. (goto)
Warning[203] ..\PICBOOTINASSEMBLY.ASM 61 : Found opcode in column 1. (return)
Warning[205] ..\PICBOOTINASSEMBLY.ASM 65 : Found directive in column 1. (banksel)
Warning[203] ..\PICBOOTINASSEMBLY.ASM 66 : Found opcode in column 1. (movlw)
Warning[203] ..\PICBOOTINASSEMBLY.ASM 67 : Found opcode in column 1. (movwf)
Message[302] ..\PICBOOTINASSEMBLY.ASM 67 : Register in operand not in bank 0.  Ensure that bank bits are correct.
Warning[203] ..\PICBOOTINASSEMBLY.ASM 68 : Found opcode in column 1. (movlw)
Warning[203] ..\PICBOOTINASSEMBLY.ASM 69 : Found opcode in column 1. (movwf)
Message[302] ..\PICBOOTINASSEMBLY.ASM 69 : Register in operand not in bank 0.  Ensure that bank bits are correct.
Warning[205] ..\PICBOOTINASSEMBLY.ASM 71 : Found directive in column 1. (banksel)
Warning[203] ..\PICBOOTINASSEMBLY.ASM 72 : Found opcode in column 1. (movlw)
Warning[203] ..\PICBOOTINASSEMBLY.ASM 73 : Found opcode in column 1. (movwf)
Warning[203] ..\PICBOOTINASSEMBLY.ASM 74 : Found opcode in column 1. (return)
Warning[203] ..\PICBOOTINASSEMBLY.ASM 81 : Found opcode in column 1. (call)
Warning[203] ..\PICBOOTINASSEMBLY.ASM 82 : Found opcode in column 1. (bcf)
Warning[203] ..\PICBOOTINASSEMBLY.ASM 83 : Found opcode in column 1. (sublw)
Warning[203] ..\PICBOOTINASSEMBLY.ASM 84 : Found opcode in column 1. (btfss)
Warning[203] ..\PICBOOTINASSEMBLY.ASM 85 : Found opcode in column 1. (goto)
Warning[203] ..\PICBOOTINASSEMBLY.ASM 87 : Found opcode in column 1. (goto)
Warning[205] ..\PICBOOTINASSEMBLY.ASM 94 : Found directive in column 1. (banksel)
Warning[203] ..\PICBOOTINASSEMBLY.ASM 95 : Found opcode in column 1. (movf)
Warning[205] ..\PICBOOTINASSEMBLY.ASM 96 : Found directive in column 1. (banksel)
Warning[203] ..\PICBOOTINASSEMBLY.ASM 97 : Found opcode in column 1. (movwf)
Message[302] ..\PICBOOTINASSEMBLY.ASM 97 : Register in operand not in bank 0.  Ensure that bank bits are correct.
Warning[203] ..\PICBOOTINASSEMBLY.ASM 100 : Found opcode in column 1. (call)
Warning[203] ..\PICBOOTINASSEMBLY.ASM 103 : Found opcode in column 1. (call)
Warning[205] ..\PICBOOTINASSEMBLY.ASM 105 : Found directive in column 1. (banksel)
Warning[203] ..\PICBOOTINASSEMBLY.ASM 106 : Found opcode in column 1. (movwf)
Message[302] ..\PICBOOTINASSEMBLY.ASM 106 : Register in operand not in bank 0.  Ensure that bank bits are correct.
Warning[203] ..\PICBOOTINASSEMBLY.ASM 109 : Found opcode in column 1. (call)
Warning[203] ..\PICBOOTINASSEMBLY.ASM 112 : Found opcode in column 1. (call)
Warning[205] ..\PICBOOTINASSEMBLY.ASM 113 : Found directive in column 1. (banksel)
Warning[203] ..\PICBOOTINASSEMBLY.ASM 114 : Found opcode in column 1. (movwf)
Message[302] ..\PICBOOTINASSEMBLY.ASM 114 : Register in operand not in bank 0.  Ensure that bank bits are correct.
Warning[203] ..\PICBOOTINASSEMBLY.ASM 116 : Found opcode in column 1. (call)
Warning[203] ..\PICBOOTINASSEMBLY.ASM 119 : Found opcode in column 1. (call)
Warning[205] ..\PICBOOTINASSEMBLY.ASM 121 : Found directive in column 1. (banksel)
Warning[203] ..\PICBOOTINASSEMBLY.ASM 122 : Found opcode in column 1. (movwf)
Message[302] ..\PICBOOTINASSEMBLY.ASM 122 : Register in operand not in bank 0.  Ensure that bank bits are correct.
Warning[203] ..\PICBOOTINASSEMBLY.ASM 125 : Found opcode in column 1. (call)
Warning[203] ..\PICBOOTINASSEMBLY.ASM 128 : Found opcode in column 1. (movlw)
Warning[205] ..\PICBOOTINASSEMBLY.ASM 130 : Found directive in column 1. (banksel)
Warning[203] ..\PICBOOTINASSEMBLY.ASM 132 : Found opcode in column 1. (movwf)
Message[302] ..\PICBOOTINASSEMBLY.ASM 132 : Register in operand not in bank 0.  Ensure that bank bits are correct.
Warning[203] ..\PICBOOTINASSEMBLY.ASM 135 : Found opcode in column 1. (movlw)
Warning[203] ..\PICBOOTINASSEMBLY.ASM 136 : Found opcode in column 1. (movwf)
Message[302] ..\PICBOOTINASSEMBLY.ASM 136 : Register in operand not in bank 0.  Ensure that bank bits are correct.
Warning[203] ..\PICBOOTINASSEMBLY.ASM 138 : Found opcode in column 1. (movlw)
Warning[203] ..\PICBOOTINASSEMBLY.ASM 139 : Found opcode in column 1. (movwf)
Message[302] ..\PICBOOTINASSEMBLY.ASM 139 : Register in operand not in bank 0.  Ensure that bank bits are correct.
Warning[203] ..\PICBOOTINASSEMBLY.ASM 141 : Found opcode in column 1. (bsf)
Message[302] ..\PICBOOTINASSEMBLY.ASM 141 : Register in operand not in bank 0.  Ensure that bank bits are correct.
Warning[203] ..\PICBOOTINASSEMBLY.ASM 142 : Found opcode in column 1. (nop)
Warning[203] ..\PICBOOTINASSEMBLY.ASM 143 : Found opcode in column 1. (nop)
Warning[203] ..\PICBOOTINASSEMBLY.ASM 144 : Found opcode in column 1. (bcf)
Message[302] ..\PICBOOTINASSEMBLY.ASM 144 : Register in operand not in bank 0.  Ensure that bank bits are correct.
Warning[203] ..\PICBOOTINASSEMBLY.ASM 148 : Found opcode in column 1. (btfsc)
Message[302] ..\PICBOOTINASSEMBLY.ASM 148 : Register in operand not in bank 0.  Ensure that bank bits are correct.
Warning[203] ..\PICBOOTINASSEMBLY.ASM 149 : Found opcode in column 1. (goto)
Warning[203] ..\PICBOOTINASSEMBLY.ASM 151 : Found opcode in column 1. (movlw)
Warning[203] ..\PICBOOTINASSEMBLY.ASM 153 : Found opcode in column 1. (call)
Warning[203] ..\PICBOOTINASSEMBLY.ASM 154 : Found opcode in column 1. (return)
Warning[203] ..\PICBOOTINASSEMBLY.ASM 164 : Found opcode in column 1. (call)
Warning[205] ..\PICBOOTINASSEMBLY.ASM 174 : Found directive in column 1. (banksel)
Warning[203] ..\PICBOOTINASSEMBLY.ASM 175 : Found opcode in column 1. (movlw)
Warning[203] ..\PICBOOTINASSEMBLY.ASM 176 : Found opcode in column 1. (movwf)
Warning[203] ..\PICBOOTINASSEMBLY.ASM 177 : Found opcode in column 1. (movf)
Warning[203] ..\PICBOOTINASSEMBLY.ASM 181 : Found opcode in column 1. (movlw)
Warning[203] ..\PICBOOTINASSEMBLY.ASM 182 : Found opcode in column 1. (movwf)
Warning[203] ..\PICBOOTINASSEMBLY.ASM 183 : Found opcode in column 1. (movlw)
Warning[203] ..\PICBOOTINASSEMBLY.ASM 184 : Found opcode in column 1. (movwf)
Warning[203] ..\PICBOOTINASSEMBLY.ASM 185 : Found opcode in column 1. (bsf)
Warning[203] ..\PICBOOTINASSEMBLY.ASM 186 : Found opcode in column 1. (btfss)
Warning[203] ..\PICBOOTINASSEMBLY.ASM 187 : Found opcode in column 1. (goto)
Warning[203] ..\PICBOOTINASSEMBLY.ASM 189 : Found opcode in column 1. (bcf)
Warning[203] ..\PICBOOTINASSEMBLY.ASM 195 : Found opcode in column 1. (btfsc)
Warning[203] ..\PICBOOTINASSEMBLY.ASM 196 : Found opcode in column 1. (goto)
Warning[203] ..\PICBOOTINASSEMBLY.ASM 197 : Found opcode in column 1. (movf)
Warning[203] ..\PICBOOTINASSEMBLY.ASM 199 : Found opcode in column 1. (goto)
Warning[203] ..\PICBOOTINASSEMBLY.ASM 201 : Found opcode in column 1. (movf)
Warning[203] ..\PICBOOTINASSEMBLY.ASM 202 : Found opcode in column 1. (sublw)
Warning[203] ..\PICBOOTINASSEMBLY.ASM 203 : Found opcode in column 1. (btfss)
Warning[203] ..\PICBOOTINASSEMBLY.ASM 204 : Found opcode in column 1. (goto)
Warning[203] ..\PICBOOTINASSEMBLY.ASM 205 : Found opcode in column 1. (movlw)
Warning[205] ..\PICBOOTINASSEMBLY.ASM 206 : Found directive in column 1. (banksel)
Warning[203] ..\PICBOOTINASSEMBLY.ASM 207 : Found opcode in column 1. (movwf)
Message[302] ..\PICBOOTINASSEMBLY.ASM 207 : Register in operand not in bank 0.  Ensure that bank bits are correct.
Warning[205] ..\PICBOOTINASSEMBLY.ASM 208 : Found directive in column 1. (banksel)
Warning[203] ..\PICBOOTINASSEMBLY.ASM 209 : Found opcode in column 1. (movwf)
Warning[203] ..\PICBOOTINASSEMBLY.ASM 210 : Found opcode in column 1. (bsf)
Warning[203] ..\PICBOOTINASSEMBLY.ASM 213 : Found opcode in column 1. (call)
Warning[203] ..\PICBOOTINASSEMBLY.ASM 214 : Found opcode in column 1. (goto)
Warning[203] ..\PICBOOTINASSEMBLY.ASM 215 : Found opcode in column 1. (goto)
Warning[205] ..\PICBOOTINASSEMBLY.ASM 216 : Found directive in column 1. (END)
