Warning[205] ..\DELAY.INC 9 : Found directive in column 1. (endm)
Warning[205] ..\DELAY.INC 17 : Found directive in column 1. (banksel)
Warning[203] ..\DELAY.INC 19 : Found opcode in column 1. (movwf)
Warning[203] ..\DELAY.INC 22 : Found opcode in column 1. (movlw)
Warning[203] ..\DELAY.INC 23 : Found opcode in column 1. (movwf)
Warning[203] ..\DELAY.INC 27 : Found opcode in column 1. (nop)
Warning[203] ..\DELAY.INC 28 : Found opcode in column 1. (nop)
Warning[203] ..\DELAY.INC 29 : Found opcode in column 1. (nop)
Warning[203] ..\DELAY.INC 30 : Found opcode in column 1. (decfsz)
Warning[203] ..\DELAY.INC 31 : Found opcode in column 1. (goto)
Warning[203] ..\DELAY.INC 33 : Found opcode in column 1. (decfsz)
Warning[203] ..\DELAY.INC 34 : Found opcode in column 1. (goto)
Warning[203] ..\DELAY.INC 35 : Found opcode in column 1. (return)
Warning[205] ..\SHIFTREG.INC 8 : Found directive in column 1. (endm)
Warning[205] ..\SHIFTREG.INC 14 : Found directive in column 1. (endm)
Warning[205] ..\SHIFTREG.INC 21 : Found directive in column 1. (banksel)
Warning[203] ..\SHIFTREG.INC 22 : Found opcode in column 1. (movwf)
Warning[203] ..\SHIFTREG.INC 23 : Found opcode in column 1. (movlw)
Warning[203] ..\SHIFTREG.INC 24 : Found opcode in column 1. (movwf)
Warning[203] ..\SHIFTREG.INC 26 : Found opcode in column 1. (bsf)
Warning[203] ..\SHIFTREG.INC 27 : Found opcode in column 1. (btfss)
Warning[203] ..\SHIFTREG.INC 28 : Found opcode in column 1. (bcf)
Warning[203] ..\SHIFTREG.INC 30 : Found opcode in column 1. (bsf)
Warning[206] ..\SHIFTREG.INC 31 : Found call to macro in column 1. (DelayMs)
Warning[203] ..\DELAY.INC 7 : Found opcode in column 1. (movlw)
Warning[203] ..\DELAY.INC 8 : Found opcode in column 1. (call)
Warning[203] ..\SHIFTREG.INC 32 : Found opcode in column 1. (bcf)
Warning[203] ..\SHIFTREG.INC 35 : Found opcode in column 1. (LSRF)
Warning[203] ..\SHIFTREG.INC 40 : Found opcode in column 1. (bsf)
Warning[203] ..\SHIFTREG.INC 41 : Found opcode in column 1. (btfss)
Warning[203] ..\SHIFTREG.INC 42 : Found opcode in column 1. (bcf)
Warning[203] ..\SHIFTREG.INC 44 : Found opcode in column 1. (bsf)
Warning[206] ..\SHIFTREG.INC 45 : Found call to macro in column 1. (DelayMs)
Warning[203] ..\DELAY.INC 7 : Found opcode in column 1. (movlw)
Warning[203] ..\DELAY.INC 8 : Found opcode in column 1. (call)
Warning[203] ..\SHIFTREG.INC 46 : Found opcode in column 1. (bcf)
Warning[203] ..\SHIFTREG.INC 49 : Found opcode in column 1. (LSRF)
Warning[203] ..\SHIFTREG.INC 52 : Found opcode in column 1. (decfsz)
Message[305] ..\SHIFTREG.INC 52 : Using default destination of 1 (file).
Warning[203] ..\SHIFTREG.INC 53 : Found opcode in column 1. (goto)
Warning[203] ..\SHIFTREG.INC 55 : Found opcode in column 1. (bsf)
Warning[206] ..\SHIFTREG.INC 56 : Found call to macro in column 1. (DelayMs)
Warning[203] ..\DELAY.INC 7 : Found opcode in column 1. (movlw)
Warning[203] ..\DELAY.INC 8 : Found opcode in column 1. (call)
Warning[203] ..\SHIFTREG.INC 57 : Found opcode in column 1. (bcf)
Warning[203] ..\SHIFTREG.INC 59 : Found opcode in column 1. (return)
Warning[203] ..\PICF1840ASSEMBLY.ASM 29 : Found opcode in column 1. (goto)
Warning[205] ..\PICF1840ASSEMBLY.ASM 33 : Found directive in column 1. (idata)
Warning[205] ..\PICF1840ASSEMBLY.ASM 50 : Found directive in column 1. (banksel)
Warning[203] ..\PICF1840ASSEMBLY.ASM 51 : Found opcode in column 1. (bsf)
Message[302] ..\PICF1840ASSEMBLY.ASM 51 : Register in operand not in bank 0.  Ensure that bank bits are correct.
Warning[203] ..\PICF1840ASSEMBLY.ASM 52 : Found opcode in column 1. (bsf)
Message[302] ..\PICF1840ASSEMBLY.ASM 52 : Register in operand not in bank 0.  Ensure that bank bits are correct.
Warning[203] ..\PICF1840ASSEMBLY.ASM 53 : Found opcode in column 1. (bcf)
Message[302] ..\PICF1840ASSEMBLY.ASM 53 : Register in operand not in bank 0.  Ensure that bank bits are correct.
Warning[203] ..\PICF1840ASSEMBLY.ASM 54 : Found opcode in column 1. (bsf)
Message[302] ..\PICF1840ASSEMBLY.ASM 54 : Register in operand not in bank 0.  Ensure that bank bits are correct.
Warning[203] ..\PICF1840ASSEMBLY.ASM 56 : Found opcode in column 1. (bsf)
Message[302] ..\PICF1840ASSEMBLY.ASM 56 : Register in operand not in bank 0.  Ensure that bank bits are correct.
Warning[203] ..\PICF1840ASSEMBLY.ASM 57 : Found opcode in column 1. (bcf)
Message[302] ..\PICF1840ASSEMBLY.ASM 57 : Register in operand not in bank 0.  Ensure that bank bits are correct.
Warning[206] ..\PICF1840ASSEMBLY.ASM 59 : Found call to macro in column 1. (DelayMs)
Warning[203] ..\DELAY.INC 7 : Found opcode in column 1. (movlw)
Warning[202] ..\DELAY.INC 7 : Argument out of range.  Least significant bits used.
Warning[203] ..\DELAY.INC 8 : Found opcode in column 1. (call)
Warning[205] ..\PICF1840ASSEMBLY.ASM 61 : Found directive in column 1. (banksel)
Warning[203] ..\PICF1840ASSEMBLY.ASM 62 : Found opcode in column 1. (clrf)
Message[302] ..\PICF1840ASSEMBLY.ASM 62 : Register in operand not in bank 0.  Ensure that bank bits are correct.
Warning[205] ..\PICF1840ASSEMBLY.ASM 63 : Found directive in column 1. (banksel)
Warning[203] ..\PICF1840ASSEMBLY.ASM 64 : Found opcode in column 1. (bcf)
Warning[203] ..\PICF1840ASSEMBLY.ASM 65 : Found opcode in column 1. (bcf)
Warning[203] ..\PICF1840ASSEMBLY.ASM 66 : Found opcode in column 1. (bcf)
Warning[205] ..\PICF1840ASSEMBLY.ASM 72 : Found directive in column 1. (banksel)
Warning[203] ..\PICF1840ASSEMBLY.ASM 73 : Found opcode in column 1. (bsf)
Warning[206] ..\PICF1840ASSEMBLY.ASM 74 : Found call to macro in column 1. (DelayMs)
Warning[203] ..\DELAY.INC 7 : Found opcode in column 1. (movlw)
Warning[202] ..\DELAY.INC 7 : Argument out of range.  Least significant bits used.
Warning[203] ..\DELAY.INC 8 : Found opcode in column 1. (call)
Warning[206] ..\PICF1840ASSEMBLY.ASM 75 : Found call to macro in column 1. (DelayMs)
Warning[203] ..\DELAY.INC 7 : Found opcode in column 1. (movlw)
Warning[202] ..\DELAY.INC 7 : Argument out of range.  Least significant bits used.
Warning[203] ..\DELAY.INC 8 : Found opcode in column 1. (call)
Warning[205] ..\PICF1840ASSEMBLY.ASM 76 : Found directive in column 1. (banksel)
Warning[203] ..\PICF1840ASSEMBLY.ASM 77 : Found opcode in column 1. (bcf)
Warning[206] ..\PICF1840ASSEMBLY.ASM 78 : Found call to macro in column 1. (DelayMs)
Warning[203] ..\DELAY.INC 7 : Found opcode in column 1. (movlw)
Warning[202] ..\DELAY.INC 7 : Argument out of range.  Least significant bits used.
Warning[203] ..\DELAY.INC 8 : Found opcode in column 1. (call)
Warning[206] ..\PICF1840ASSEMBLY.ASM 79 : Found call to macro in column 1. (DelayMs)
Warning[203] ..\DELAY.INC 7 : Found opcode in column 1. (movlw)
Warning[202] ..\DELAY.INC 7 : Argument out of range.  Least significant bits used.
Warning[203] ..\DELAY.INC 8 : Found opcode in column 1. (call)
Warning[206] ..\PICF1840ASSEMBLY.ASM 80 : Found call to macro in column 1. (Load_Shift_Var)
Warning[205] ..\SHIFTREG.INC 11 : Found directive in column 1. (banksel)
Warning[203] ..\SHIFTREG.INC 12 : Found opcode in column 1. (movf)
Warning[203] ..\SHIFTREG.INC 13 : Found opcode in column 1. (call)
Warning[203] ..\PICF1840ASSEMBLY.ASM 81 : Found opcode in column 1. (incf)
Message[305] ..\PICF1840ASSEMBLY.ASM 81 : Using default destination of 1 (file).
