Warning[205] ..\..\PIC18F4550_\PIC18BOOTLOADERINASSEMBLY.ASM 2 : Found directive in column 1. (CONFIG)
Warning[203] ..\..\PIC18F4550_\PIC18BOOTLOADERINASSEMBLY.ASM 15 : Found opcode in column 1. (goto)
Warning[203] ..\..\PIC18F4550_\PIC18BOOTLOADERINASSEMBLY.ASM 20 : Found opcode in column 1. (goto)
Warning[203] ..\..\PIC18F4550_\PIC18BOOTLOADERINASSEMBLY.ASM 28 : Found opcode in column 1. (call)
Warning[203] ..\..\PIC18F4550_\PIC18BOOTLOADERINASSEMBLY.ASM 29 : Found opcode in column 1. (movwf)
Warning[203] ..\..\PIC18F4550_\PIC18BOOTLOADERINASSEMBLY.ASM 32 : Found opcode in column 1. (XORLW)
Warning[203] ..\..\PIC18F4550_\PIC18BOOTLOADERINASSEMBLY.ASM 34 : Found opcode in column 1. (btfss)
Warning[203] ..\..\PIC18F4550_\PIC18BOOTLOADERINASSEMBLY.ASM 35 : Found opcode in column 1. (bra)
Warning[203] ..\..\PIC18F4550_\PIC18BOOTLOADERINASSEMBLY.ASM 37 : Found opcode in column 1. (clrf)
Warning[203] ..\..\PIC18F4550_\PIC18BOOTLOADERINASSEMBLY.ASM 38 : Found opcode in column 1. (clrf)
Warning[203] ..\..\PIC18F4550_\PIC18BOOTLOADERINASSEMBLY.ASM 39 : Found opcode in column 1. (clrf)
Warning[203] ..\..\PIC18F4550_\PIC18BOOTLOADERINASSEMBLY.ASM 41 : Found opcode in column 1. (goto)
Warning[203] ..\..\PIC18F4550_\PIC18BOOTLOADERINASSEMBLY.ASM 45 : Found opcode in column 1. (movf)
Warning[203] ..\..\PIC18F4550_\PIC18BOOTLOADERINASSEMBLY.ASM 48 : Found opcode in column 1. (movwf)
Warning[203] ..\..\PIC18F4550_\PIC18BOOTLOADERINASSEMBLY.ASM 49 : Found opcode in column 1. (call)
Warning[203] ..\..\PIC18F4550_\PIC18BOOTLOADERINASSEMBLY.ASM 52 : Found opcode in column 1. (call)
Warning[203] ..\..\PIC18F4550_\PIC18BOOTLOADERINASSEMBLY.ASM 54 : Found opcode in column 1. (movwf)
Warning[203] ..\..\PIC18F4550_\PIC18BOOTLOADERINASSEMBLY.ASM 55 : Found opcode in column 1. (call)
Warning[203] ..\..\PIC18F4550_\PIC18BOOTLOADERINASSEMBLY.ASM 58 : Found opcode in column 1. (call)
Warning[203] ..\..\PIC18F4550_\PIC18BOOTLOADERINASSEMBLY.ASM 61 : Found opcode in column 1. (movwf)
Warning[203] ..\..\PIC18F4550_\PIC18BOOTLOADERINASSEMBLY.ASM 62 : Found opcode in column 1. (call)
Warning[203] ..\..\PIC18F4550_\PIC18BOOTLOADERINASSEMBLY.ASM 63 : Found opcode in column 1. (movlw)
Warning[203] ..\..\PIC18F4550_\PIC18BOOTLOADERINASSEMBLY.ASM 64 : Found opcode in column 1. (movwf)
Warning[203] ..\..\PIC18F4550_\PIC18BOOTLOADERINASSEMBLY.ASM 69 : Found opcode in column 1. (movlw)
Warning[203] ..\..\PIC18F4550_\PIC18BOOTLOADERINASSEMBLY.ASM 70 : Found opcode in column 1. (movwf)
Warning[203] ..\..\PIC18F4550_\PIC18BOOTLOADERINASSEMBLY.ASM 75 : Found opcode in column 1. (call)
Warning[203] ..\..\PIC18F4550_\PIC18BOOTLOADERINASSEMBLY.ASM 76 : Found opcode in column 1. (movwf)
Warning[203] ..\..\PIC18F4550_\PIC18BOOTLOADERINASSEMBLY.ASM 77 : Found opcode in column 1. (call)
Warning[203] ..\..\PIC18F4550_\PIC18BOOTLOADERINASSEMBLY.ASM 78 : Found opcode in column 1. (TBLWT)
Warning[203] ..\..\PIC18F4550_\PIC18BOOTLOADERINASSEMBLY.ASM 79 : Found opcode in column 1. (incf)
Warning[203] ..\..\PIC18F4550_\PIC18BOOTLOADERINASSEMBLY.ASM 80 : Found opcode in column 1. (decfsz)
Warning[203] ..\..\PIC18F4550_\PIC18BOOTLOADERINASSEMBLY.ASM 81 : Found opcode in column 1. (bra)
Warning[203] ..\..\PIC18F4550_\PIC18BOOTLOADERINASSEMBLY.ASM 85 : Found opcode in column 1. (bsf)
Warning[203] ..\..\PIC18F4550_\PIC18BOOTLOADERINASSEMBLY.ASM 86 : Found opcode in column 1. (bcf)
Warning[203] ..\..\PIC18F4550_\PIC18BOOTLOADERINASSEMBLY.ASM 87 : Found opcode in column 1. (bsf)
Warning[203] ..\..\PIC18F4550_\PIC18BOOTLOADERINASSEMBLY.ASM 88 : Found opcode in column 1. (movf)
Warning[203] ..\..\PIC18F4550_\PIC18BOOTLOADERINASSEMBLY.ASM 89 : Found opcode in column 1. (movwf)
Warning[203] ..\..\PIC18F4550_\PIC18BOOTLOADERINASSEMBLY.ASM 90 : Found opcode in column 1. (bcf)
Warning[203] ..\..\PIC18F4550_\PIC18BOOTLOADERINASSEMBLY.ASM 91 : Found opcode in column 1. (movlw)
Warning[203] ..\..\PIC18F4550_\PIC18BOOTLOADERINASSEMBLY.ASM 92 : Found opcode in column 1. (movwf)
Warning[203] ..\..\PIC18F4550_\PIC18BOOTLOADERINASSEMBLY.ASM 93 : Found opcode in column 1. (movlw)
Warning[203] ..\..\PIC18F4550_\PIC18BOOTLOADERINASSEMBLY.ASM 94 : Found opcode in column 1. (movwf)
Warning[203] ..\..\PIC18F4550_\PIC18BOOTLOADERINASSEMBLY.ASM 95 : Found opcode in column 1. (bsf)
Warning[207] ..\..\PIC18F4550_\PIC18BOOTLOADERINASSEMBLY.ASM 97 : Found label after column 1. (yazana_kadar_bekle)
Warning[203] ..\..\PIC18F4550_\PIC18BOOTLOADERINASSEMBLY.ASM 98 : Found opcode in column 1. (btfsc)
Warning[203] ..\..\PIC18F4550_\PIC18BOOTLOADERINASSEMBLY.ASM 99 : Found opcode in column 1. (bra)
Warning[203] ..\..\PIC18F4550_\PIC18BOOTLOADERINASSEMBLY.ASM 102 : Found opcode in column 1. (movlw)
Warning[203] ..\..\PIC18F4550_\PIC18BOOTLOADERINASSEMBLY.ASM 103 : Found opcode in column 1. (call)
Warning[203] ..\..\PIC18F4550_\PIC18BOOTLOADERINASSEMBLY.ASM 104 : Found opcode in column 1. (bcf)
Warning[203] ..\..\PIC18F4550_\PIC18BOOTLOADERINASSEMBLY.ASM 108 : Found opcode in column 1. (return)
Warning[203] ..\..\PIC18F4550_\PIC18BOOTLOADERINASSEMBLY.ASM 119 : Found opcode in column 1. (bsf)
Warning[203] ..\..\PIC18F4550_\PIC18BOOTLOADERINASSEMBLY.ASM 120 : Found opcode in column 1. (bcf)
Warning[203] ..\..\PIC18F4550_\PIC18BOOTLOADERINASSEMBLY.ASM 122 : Found opcode in column 1. (bsf)
Warning[203] ..\..\PIC18F4550_\PIC18BOOTLOADERINASSEMBLY.ASM 124 : Found opcode in column 1. (bsf)
Warning[203] ..\..\PIC18F4550_\PIC18BOOTLOADERINASSEMBLY.ASM 127 : Found opcode in column 1. (clrf)
Warning[203] ..\..\PIC18F4550_\PIC18BOOTLOADERINASSEMBLY.ASM 128 : Found opcode in column 1. (bcf)
Warning[203] ..\..\PIC18F4550_\PIC18BOOTLOADERINASSEMBLY.ASM 129 : Found opcode in column 1. (movlw)
Warning[203] ..\..\PIC18F4550_\PIC18BOOTLOADERINASSEMBLY.ASM 130 : Found opcode in column 1. (movwf)
Warning[203] ..\..\PIC18F4550_\PIC18BOOTLOADERINASSEMBLY.ASM 133 : Found opcode in column 1. (bsf)
Warning[203] ..\..\PIC18F4550_\PIC18BOOTLOADERINASSEMBLY.ASM 135 : Found opcode in column 1. (return)
Warning[203] ..\..\PIC18F4550_\PIC18BOOTLOADERINASSEMBLY.ASM 139 : Found opcode in column 1. (btfss)
Warning[203] ..\..\PIC18F4550_\PIC18BOOTLOADERINASSEMBLY.ASM 140 : Found opcode in column 1. (bra)
Warning[203] ..\..\PIC18F4550_\PIC18BOOTLOADERINASSEMBLY.ASM 141 : Found opcode in column 1. (movf)
Warning[203] ..\..\PIC18F4550_\PIC18BOOTLOADERINASSEMBLY.ASM 142 : Found opcode in column 1. (return)
Warning[203] ..\..\PIC18F4550_\PIC18BOOTLOADERINASSEMBLY.ASM 146 : Found opcode in column 1. (btfss)
Warning[203] ..\..\PIC18F4550_\PIC18BOOTLOADERINASSEMBLY.ASM 147 : Found opcode in column 1. (bra)
Warning[203] ..\..\PIC18F4550_\PIC18BOOTLOADERINASSEMBLY.ASM 148 : Found opcode in column 1. (movwf)
Warning[203] ..\..\PIC18F4550_\PIC18BOOTLOADERINASSEMBLY.ASM 149 : Found opcode in column 1. (return)
Warning[203] ..\..\PIC18F4550_\PIC18BOOTLOADERINASSEMBLY.ASM 156 : Found opcode in column 1. (bcf)
Warning[203] ..\..\PIC18F4550_\PIC18BOOTLOADERINASSEMBLY.ASM 157 : Found opcode in column 1. (bcf)
Warning[203] ..\..\PIC18F4550_\PIC18BOOTLOADERINASSEMBLY.ASM 160 : Found opcode in column 1. (call)
Warning[203] ..\..\PIC18F4550_\PIC18BOOTLOADERINASSEMBLY.ASM 167 : Found opcode in column 1. (clrf)
Warning[203] ..\..\PIC18F4550_\PIC18BOOTLOADERINASSEMBLY.ASM 168 : Found opcode in column 1. (clrf)
Warning[203] ..\..\PIC18F4550_\PIC18BOOTLOADERINASSEMBLY.ASM 169 : Found opcode in column 1. (clrf)
Warning[203] ..\..\PIC18F4550_\PIC18BOOTLOADERINASSEMBLY.ASM 171 : Found opcode in column 1. (bcf)
Warning[203] ..\..\PIC18F4550_\PIC18BOOTLOADERINASSEMBLY.ASM 172 : Found opcode in column 1. (bcf)
Warning[203] ..\..\PIC18F4550_\PIC18BOOTLOADERINASSEMBLY.ASM 173 : Found opcode in column 1. (bsf)
Warning[203] ..\..\PIC18F4550_\PIC18BOOTLOADERINASSEMBLY.ASM 175 : Found opcode in column 1. (bsf)
Warning[203] ..\..\PIC18F4550_\PIC18BOOTLOADERINASSEMBLY.ASM 176 : Found opcode in column 1. (movlw)
Warning[203] ..\..\PIC18F4550_\PIC18BOOTLOADERINASSEMBLY.ASM 177 : Found opcode in column 1. (movwf)
Warning[203] ..\..\PIC18F4550_\PIC18BOOTLOADERINASSEMBLY.ASM 184 : Found opcode in column 1. (btfss)
Warning[203] ..\..\PIC18F4550_\PIC18BOOTLOADERINASSEMBLY.ASM 185 : Found opcode in column 1. (bra)
Warning[203] ..\..\PIC18F4550_\PIC18BOOTLOADERINASSEMBLY.ASM 187 : Found opcode in column 1. (bcf)
Warning[203] ..\..\PIC18F4550_\PIC18BOOTLOADERINASSEMBLY.ASM 188 : Found opcode in column 1. (btg)
Warning[203] ..\..\PIC18F4550_\PIC18BOOTLOADERINASSEMBLY.ASM 189 : Found opcode in column 1. (decfsz)
Warning[203] ..\..\PIC18F4550_\PIC18BOOTLOADERINASSEMBLY.ASM 190 : Found opcode in column 1. (bra)
Warning[203] ..\..\PIC18F4550_\PIC18BOOTLOADERINASSEMBLY.ASM 193 : Found opcode in column 1. (btfsc)
Warning[203] ..\..\PIC18F4550_\PIC18BOOTLOADERINASSEMBLY.ASM 194 : Found opcode in column 1. (bra)
Warning[203] ..\..\PIC18F4550_\PIC18BOOTLOADERINASSEMBLY.ASM 195 : Found opcode in column 1. (movf)
Warning[203] ..\..\PIC18F4550_\PIC18BOOTLOADERINASSEMBLY.ASM 196 : Found opcode in column 1. (goto)
Warning[203] ..\..\PIC18F4550_\PIC18BOOTLOADERINASSEMBLY.ASM 204 : Found opcode in column 1. (movf)
Warning[203] ..\..\PIC18F4550_\PIC18BOOTLOADERINASSEMBLY.ASM 205 : Found opcode in column 1. (sublw)
Warning[203] ..\..\PIC18F4550_\PIC18BOOTLOADERINASSEMBLY.ASM 206 : Found opcode in column 1. (btfss)
Warning[203] ..\..\PIC18F4550_\PIC18BOOTLOADERINASSEMBLY.ASM 207 : Found opcode in column 1. (goto)
Warning[203] ..\..\PIC18F4550_\PIC18BOOTLOADERINASSEMBLY.ASM 208 : Found opcode in column 1. (movlw)
Warning[203] ..\..\PIC18F4550_\PIC18BOOTLOADERINASSEMBLY.ASM 209 : Found opcode in column 1. (clrf)
Warning[203] ..\..\PIC18F4550_\PIC18BOOTLOADERINASSEMBLY.ASM 210 : Found opcode in column 1. (clrf)
Warning[203] ..\..\PIC18F4550_\PIC18BOOTLOADERINASSEMBLY.ASM 211 : Found opcode in column 1. (bsf)
Warning[203] ..\..\PIC18F4550_\PIC18BOOTLOADERINASSEMBLY.ASM 214 : Found opcode in column 1. (call)
Warning[203] ..\..\PIC18F4550_\PIC18BOOTLOADERINASSEMBLY.ASM 215 : Found opcode in column 1. (goto)
Warning[203] ..\..\PIC18F4550_\PIC18BOOTLOADERINASSEMBLY.ASM 216 : Found opcode in column 1. (goto)
Warning[203] ..\..\PIC18F4550_\PIC18BOOTLOADERINASSEMBLY.ASM 228 : Found opcode in column 1. (bra)
Warning[205] ..\..\PIC18F4550_\PIC18BOOTLOADERINASSEMBLY.ASM 231 : Found directive in column 1. (END)
