Warning[205] ..\TIMER1.ASM 2 : Found directive in column 1. (CONFIG)
Warning[203] ..\TIMER1.ASM 8 : Found opcode in column 1. (goto)
Warning[203] ..\TIMER1.ASM 12 : Found opcode in column 1. (clrf)
Warning[203] ..\TIMER1.ASM 13 : Found opcode in column 1. (clrf)
Warning[203] ..\TIMER1.ASM 14 : Found opcode in column 1. (clrf)
Warning[203] ..\TIMER1.ASM 15 : Found opcode in column 1. (clrf)
Warning[203] ..\TIMER1.ASM 16 : Found opcode in column 1. (clrf)
Warning[203] ..\TIMER1.ASM 18 : Found opcode in column 1. (bcf)
Warning[203] ..\TIMER1.ASM 19 : Found opcode in column 1. (bcf)
Warning[203] ..\TIMER1.ASM 20 : Found opcode in column 1. (bsf)
Warning[203] ..\TIMER1.ASM 22 : Found opcode in column 1. (bsf)
Warning[203] ..\TIMER1.ASM 24 : Found opcode in column 1. (movlw)
Warning[203] ..\TIMER1.ASM 25 : Found opcode in column 1. (movwf)
Warning[203] ..\TIMER1.ASM 31 : Found opcode in column 1. (btfss)
Warning[203] ..\TIMER1.ASM 32 : Found opcode in column 1. (bra)
Warning[203] ..\TIMER1.ASM 34 : Found opcode in column 1. (bcf)
Warning[203] ..\TIMER1.ASM 36 : Found opcode in column 1. (decfsz)
Warning[203] ..\TIMER1.ASM 37 : Found opcode in column 1. (bra)
Warning[203] ..\TIMER1.ASM 38 : Found opcode in column 1. (btg)
Warning[203] ..\TIMER1.ASM 46 : Found opcode in column 1. (goto)
Warning[205] ..\TIMER1.ASM 51 : Found directive in column 1. (END)
