     1: #include<htc.h>
     2: typedef unsigned char byte;
     3: #include "ShiftReg.h"
     4: 
     5: void main()
     6: {
     7:         //Internal oscillator will be used...
     8:         SCS1 = 1 ;
     9:         SCS0 = 0 ; 
    10:         
    11:         //4 MHZ...
    12:         IRCF3 = 1 ;
    13:         IRCF2 = 1 ;
    14:         
    15:         IRCF1 = 0;
    16:         IRCF0 = 1 ;
    17:         ANSELA  = 0 ;
    18: 
    19:         TRISA0 = 0;
    20:         TRISA5 = 0; //Main register...
    21:         RA5 = 1; //Must be high, while loading it is pulled down...
    22: 
    23:         __delay_ms(100);
    24: 
    25:         while(1)
    26:         {
    27: //              MainRegisterLoadData(0b01010101);
    28:         //      MainRegisterLoadData(0b1000);
    29: 
    30:                 MainRegisterSetPin(1, 1);
    31:                 //MainRegisterSetPin(1, 0);
    32:                 __delay_ms(500);
    33: 
    34:         }
    35: 
    36: }