MPASM  5.44                        DENEME.ASM   3-14-2020  9:43:53         PAGE  1


LOC  OBJECT CODE     LINE SOURCE TEXT
  VALUE

Warning[205]: Found directive in column 1. (list)
                      00001 list p=16f877a
                      00002 #include p16f877a.inc
                      00001         LIST
                      00002 
                      00003 ;==========================================================================
                      00004 ;  MPASM PIC16F877A processor include
                      00005 ; 
                      00006 ;  (c) Copyright 1999-2012 Microchip Technology, All rights reserved
                      00007 ;==========================================================================
                      00008 
                      00566         LIST
                      00003 
                      00004 
Warning[205]: Found directive in column 1. (org)
                      00005 org 0x00
Warning[203]: Found opcode in column 1. (goto)
0000   2???           00006 goto Start
                      00007 group idata 20
0020   31 32 33       00008 sayilar db A'1' , A'2' , A'3'
                      00009 
                      00010 
Warning[207]: Found label after column 1. (ss)
                      00011  ss code 0x5
0005                  00012 deneme 
Warning[203]: Found opcode in column 1. (retlw)
0005   3401           00013 retlw 01h
Warning[203]: Found opcode in column 1. (retlw)
0006   3402           00014 retlw 02h
Warning[203]: Found opcode in column 1. (retlw)
0007   3403           00015 retlw 03h
Warning[203]: Found opcode in column 1. (retlw)
0008   3404           00016 retlw 04h
                      00017 
  0000002C            00018 index  equ 02ch
  0000002D            00019 temp equ 02dh
                      00020 
                      00021 
0009                  00022 bekle:
                      00023 
Warning[205]: Found directive in column 1. (banksel)
0009   1283 1303      00024 banksel 0x20
Warning[203]: Found opcode in column 1. (movlw)
000B   3064           00025 movlw D'100'
Warning[203]: Found opcode in column 1. (movwf)
000C   00A1           00026 movwf 0x21
                      00027 
                      00028 
                      00029 
                      00030 
000D                  00031 tekrar:
                      00032 
                      00033 
MPASM  5.44                        DENEME.ASM   3-14-2020  9:43:53         PAGE  2


LOC  OBJECT CODE     LINE SOURCE TEXT
  VALUE

                      00034 
Warning[203]: Found opcode in column 1. (movwf)
000D   00A2           00035 movwf 0x22
                      00036 
000E                  00037 tekrar1:
                      00038 
                      00039 
                      00040 
Warning[203]: Found opcode in column 1. (movwf)
000E   00A3           00041 movwf 0x23
                      00042 
                      00043 
000F                  00044 tekrar2:
                      00045 
Warning[203]: Found opcode in column 1. (decfsz)
000F   0BA3           00046 decfsz 0x23 ,f 
                      00047 
Warning[203]: Found opcode in column 1. (goto)
0010   2???           00048 goto tekrar2
                      00049 
                      00050 
                      00051 
                      00052 
Warning[203]: Found opcode in column 1. (decfsz)
0011   0BA2           00053 decfsz 0x22 ,f 
                      00054 
                      00055 
Warning[203]: Found opcode in column 1. (goto)
0012   2???           00056 goto tekrar1
                      00057 
                      00058 
                      00059 
                      00060 
Warning[203]: Found opcode in column 1. (decfsz)
0013   0BA1           00061 decfsz 0x21 , f
Warning[203]: Found opcode in column 1. (goto)
0014   2???           00062 goto tekrar
                      00063 
                      00064 
                      00065 
                      00066 
                      00067 
                      00068 
                      00069 
Warning[203]: Found opcode in column 1. (return)
0015   0008           00070 return
                      00071 
                      00072 
  00000021            00073 sayi equ 0x21
  00000022            00074 sayi2 equ 0x22
                      00075 Main code 0x100
0100                  00076 Start
Warning[203]: Found opcode in column 1. (movlw)
MPASM  5.44                        DENEME.ASM   3-14-2020  9:43:53         PAGE  3


LOC  OBJECT CODE     LINE SOURCE TEXT
  VALUE

0100   30FF           00077 movlw 0xff 
Warning[203]: Found opcode in column 1. (andlw)
0101   3901           00078 andlw 0x1
                      00079 
                      00080 
Warning[205]: Found directive in column 1. (banksel)
0102   1283 1303      00081 banksel sayi
Warning[203]: Found opcode in column 1. (movlw)
0104   3000           00082 movlw 0 
Warning[203]: Found opcode in column 1. (movwf)
0105   00A1           00083 movwf sayi
                      00084 
                      00085 
                      00086 
                      00087 ;movlw 0xff 
Warning[203]: Found opcode in column 1. (movwf)
0106   00A2           00088 movwf sayi2
                      00089 
                      00090 
0107                  00091 loop:
                      00092 
Warning[203]: Found opcode in column 1. (btfsc)
0107   1903           00093 btfsc STATUS , Z 
Warning[203]: Found opcode in column 1. (goto)
0108   2???           00094 goto loop_bitir;
                      00095 
                      00096 
Warning[203]: Found opcode in column 1. (incf)
Message[305]: Using default destination of 1 (file).
0109   0AA1           00097 incf sayi
                      00098 
                      00099 
                      00100 
Warning[203]: Found opcode in column 1. (decf)
010A   03A2           00101 decf sayi2 , F
                      00102 
Warning[203]: Found opcode in column 1. (goto)
010B   2???           00103 goto loop
                      00104 
010C                  00105 loop_bitir:
                      00106 
                      00107 
                      00108 
                      00109 
                      00110 
                      00111 
                      00112 
                      00113 
Warning[203]: Found opcode in column 1. (goto)
010C   2???           00114 goto $
                      00115 
                      00116 
                      00117 
MPASM  5.44                        DENEME.ASM   3-14-2020  9:43:53         PAGE  4


LOC  OBJECT CODE     LINE SOURCE TEXT
  VALUE

                      00118 
                      00119 
                      00120 
                      00121 
Warning[205]: Found directive in column 1. (banksel)
010D   1683 1303      00122 banksel TRISB
Warning[203]: Found opcode in column 1. (movlw)
010F   3000           00123 movlw 0x00
Warning[203]: Found opcode in column 1. (movwf)
Message[302]: Register in operand not in bank 0.  Ensure that bank bits are correct.
0110   0086           00124 movwf TRISB
Warning[205]: Found directive in column 1. (banksel)
0111   1283 1303      00125 banksel PORTB 
Warning[203]: Found opcode in column 1. (movwf)
0113   0086           00126 movwf PORTB
                      00127 
                      00128 
                      00129 
                      00130 
Warning[205]: Found directive in column 1. (banksel)
0114   1683 1303      00131 banksel TXSTA
Warning[203]: Found opcode in column 1. (movlw)
0116   3024           00132 movlw B'00100100'  ;TXSTA = 0b00100100  ; TXEN = 1 , SYNC = 0 , BRGH = 1
Warning[203]: Found opcode in column 1. (movwf)
Message[302]: Register in operand not in bank 0.  Ensure that bank bits are correct.
0117   0098           00133 movwf TXSTA
Warning[205]: Found directive in column 1. (banksel)
0118   1283 1303      00134 banksel RCSTA
Warning[203]: Found opcode in column 1. (movlw)
011A   3090           00135 movlw B'10010000' ;RCSTA = 0b10010000 ; SPEN = 1 , CREN = 1 
Warning[203]: Found opcode in column 1. (movwf)
011B   0098           00136 movwf RCSTA
Warning[205]: Found directive in column 1. (banksel)
011C   1683 1303      00137 banksel SPBRG
Warning[203]: Found opcode in column 1. (movlw)
011E   3033           00138 movlw D'51' ;SPBRG = 51 for 16MHZ 19600 baud...
Warning[203]: Found opcode in column 1. (movwf)
Message[302]: Register in operand not in bank 0.  Ensure that bank bits are correct.
011F   0099           00139 movwf SPBRG
Warning[203]: Found opcode in column 1. (nop)
0120   0000           00140 nop
Warning[203]: Found opcode in column 1. (nop)
0121   0000           00141 nop
Warning[203]: Found opcode in column 1. (nop)
0122   0000           00142 nop
                      00143 
0123                  00144 gonder:
                      00145 
Warning[203]: Found opcode in column 1. (movlw)
0123   3073           00146 movlw A's'
Warning[205]: Found directive in column 1. (banksel)
0124   1283 1303      00147 banksel TXREG
Warning[203]: Found opcode in column 1. (movwf)
MPASM  5.44                        DENEME.ASM   3-14-2020  9:43:53         PAGE  5


LOC  OBJECT CODE     LINE SOURCE TEXT
  VALUE

0126   0099           00148 movwf 19h
0127                  00149 label:
Warning[205]: Found directive in column 1. (banksel)
0127   1683 1303      00150 banksel TXSTA
Warning[203]: Found opcode in column 1. (btfss)
Message[302]: Register in operand not in bank 0.  Ensure that bank bits are correct.
0129   1C98           00151 btfss 0x98 , TRMT
Warning[203]: Found opcode in column 1. (goto)
012A   2???           00152 goto label 
                      00153 
Warning[203]: Found opcode in column 1. (bcf)
Message[302]: Register in operand not in bank 0.  Ensure that bank bits are correct.
012B   1098           00154 bcf 0x98 , TRMT
Warning[203]: Found opcode in column 1. (nop)
012C   0000           00155 nop
                      00156 
Warning[205]: Found directive in column 1. (banksel)
012D   1283 1303      00157 banksel PORTB
Warning[203]: Found opcode in column 1. (bsf)
012F   1406           00158 bsf PORTB , RB0
                      00159 
                      00160 
Warning[203]: Found opcode in column 1. (call)
0130   2???           00161 call bekle
                      00162 
Warning[203]: Found opcode in column 1. (bcf)
0131   1006           00163 bcf PORTB , RB0
Warning[203]: Found opcode in column 1. (call)
0132   2???           00164 call bekle
                      00165 
                      00166 
                      00167 
Warning[203]: Found opcode in column 1. (goto)
0133   2???           00168 goto gonder
                      00169 
Warning[203]: Found opcode in column 1. (goto)
0134   2???           00170 goto $
Warning[205]: Found directive in column 1. (END)
                      00171 END
MPASM  5.44                        DENEME.ASM   3-14-2020  9:43:53         PAGE  6


SYMBOL TABLE
  LABEL                             VALUE 

ACKDT                             00000005
ACKEN                             00000004
ACKSTAT                           00000006
ADCON0                            0000001F
ADCON1                            0000009F
ADCS0                             00000006
ADCS1                             00000007
ADCS2                             00000006
ADDEN                             00000003
ADFM                              00000007
ADIE                              00000006
ADIF                              00000006
ADON                              00000000
ADRESH                            0000001E
ADRESL                            0000009E
BCLIE                             00000003
BCLIF                             00000003
BF                                00000000
BRGH                              00000002
C                                 00000000
C1INV                             00000004
C1OUT                             00000006
C2INV                             00000005
C2OUT                             00000007
CCP1CON                           00000017
CCP1IE                            00000002
CCP1IF                            00000002
CCP1M0                            00000000
CCP1M1                            00000001
CCP1M2                            00000002
CCP1M3                            00000003
CCP1X                             00000005
CCP1Y                             00000004
CCP2CON                           0000001D
CCP2IE                            00000000
CCP2IF                            00000000
CCP2M0                            00000000
CCP2M1                            00000001
CCP2M2                            00000002
CCP2M3                            00000003
CCP2X                             00000005
CCP2Y                             00000004
CCPR1                             00000015
CCPR1H                            00000016
CCPR1L                            00000015
CCPR2                             0000001B
CCPR2H                            0000001C
CCPR2L                            0000001B
CHS0                              00000003
CHS1                              00000004
CHS2                              00000005
CIS                               00000003
CKE                               00000006
MPASM  5.44                        DENEME.ASM   3-14-2020  9:43:53         PAGE  7


SYMBOL TABLE
  LABEL                             VALUE 

CKP                               00000004
CM0                               00000000
CM1                               00000001
CM2                               00000002
CMCON                             0000009C
CMIE                              00000006
CMIF                              00000006
CREN                              00000004
CSRC                              00000007
CVR0                              00000000
CVR1                              00000001
CVR2                              00000002
CVR3                              00000003
CVRCON                            0000009D
CVREN                             00000007
CVROE                             00000006
CVRR                              00000005
D                                 00000005
DATA_ADDRESS                      00000005
DC                                00000001
D_A                               00000005
D_NOT_A                           00000005
EEADR                             0000010D
EEADRH                            0000010F
EECON1                            0000018C
EECON2                            0000018D
EEDATA                            0000010C
EEDATH                            0000010E
EEIE                              00000004
EEIF                              00000004
EEPGD                             00000007
F                                 00000001
FERR                              00000002
FSR                               00000004
GCEN                              00000007
GIE                               00000007
GO                                00000002
GO_DONE                           00000002
GO_NOT_DONE                       00000002
I2C_DATA                          00000005
I2C_READ                          00000002
I2C_START                         00000003
I2C_STOP                          00000004
IBF                               00000007
IBOV                              00000005
INDF                              00000000
INTCON                            0000000B
INTE                              00000004
INTEDG                            00000006
INTF                              00000001
IRP                               00000007
NOT_A                             00000005
NOT_ADDRESS                       00000005
MPASM  5.44                        DENEME.ASM   3-14-2020  9:43:53         PAGE  8


SYMBOL TABLE
  LABEL                             VALUE 

NOT_BO                            00000000
NOT_BOR                           00000000
NOT_DONE                          00000002
NOT_PD                            00000003
NOT_POR                           00000001
NOT_RBPU                          00000007
NOT_RC8                           00000006
NOT_T1SYNC                        00000002
NOT_TO                            00000004
NOT_TX8                           00000006
NOT_W                             00000002
NOT_WRITE                         00000002
OBF                               00000006
OERR                              00000001
OPTION_REG                        00000081
P                                 00000004
PCFG0                             00000000
PCFG1                             00000001
PCFG2                             00000002
PCFG3                             00000003
PCL                               00000002
PCLATH                            0000000A
PCON                              0000008E
PEIE                              00000006
PEN                               00000002
PIE1                              0000008C
PIE2                              0000008D
PIR1                              0000000C
PIR2                              0000000D
PORTA                             00000005
PORTB                             00000006
PORTC                             00000007
PORTD                             00000008
PORTE                             00000009
PR2                               00000092
PS0                               00000000
PS1                               00000001
PS2                               00000002
PSA                               00000003
PSPIE                             00000007
PSPIF                             00000007
PSPMODE                           00000004
R                                 00000002
RA0                               00000000
RA1                               00000001
RA2                               00000002
RA3                               00000003
RA4                               00000004
RA5                               00000005
RB0                               00000000
RB1                               00000001
RB2                               00000002
RB3                               00000003
MPASM  5.44                        DENEME.ASM   3-14-2020  9:43:53         PAGE  9


SYMBOL TABLE
  LABEL                             VALUE 

RB4                               00000004
RB5                               00000005
RB6                               00000006
RB7                               00000007
RBIE                              00000003
RBIF                              00000000
RC0                               00000000
RC1                               00000001
RC2                               00000002
RC3                               00000003
RC4                               00000004
RC5                               00000005
RC6                               00000006
RC7                               00000007
RC8_9                             00000006
RC9                               00000006
RCD8                              00000000
RCEN                              00000003
RCIE                              00000005
RCIF                              00000005
RCREG                             0000001A
RCSTA                             00000018
RD                                00000000
RD0                               00000000
RD1                               00000001
RD2                               00000002
RD3                               00000003
RD4                               00000004
RD5                               00000005
RD6                               00000006
RD7                               00000007
RE0                               00000000
RE1                               00000001
RE2                               00000002
READ_WRITE                        00000002
RP0                               00000005
RP1                               00000006
RSEN                              00000001
RX9                               00000006
RX9D                              00000000
R_NOT_W                           00000002
R_W                               00000002
S                                 00000003
SEN                               00000000
SMP                               00000007
SPBRG                             00000099
SPEN                              00000007
SREN                              00000005
SSPADD                            00000093
SSPBUF                            00000013
SSPCON                            00000014
SSPCON2                           00000091
SSPEN                             00000005
MPASM  5.44                        DENEME.ASM   3-14-2020  9:43:53         PAGE 10


SYMBOL TABLE
  LABEL                             VALUE 

SSPIE                             00000003
SSPIF                             00000003
SSPM0                             00000000
SSPM1                             00000001
SSPM2                             00000002
SSPM3                             00000003
SSPOV                             00000006
SSPSTAT                           00000094
STATUS                            00000003
SYNC                              00000004
Start                             00000100
T0CS                              00000005
T0IE                              00000005
T0IF                              00000002
T0SE                              00000004
T1CKPS0                           00000004
T1CKPS1                           00000005
T1CON                             00000010
T1INSYNC                          00000002
T1OSCEN                           00000003
T1SYNC                            00000002
T2CKPS0                           00000000
T2CKPS1                           00000001
T2CON                             00000012
TMR0                              00000001
TMR0IE                            00000005
TMR0IF                            00000002
TMR1                              0000000E
TMR1CS                            00000001
TMR1H                             0000000F
TMR1IE                            00000000
TMR1IF                            00000000
TMR1L                             0000000E
TMR1ON                            00000000
TMR2                              00000011
TMR2IE                            00000001
TMR2IF                            00000001
TMR2ON                            00000002
TOUTPS0                           00000003
TOUTPS1                           00000004
TOUTPS2                           00000005
TOUTPS3                           00000006
TRISA                             00000085
TRISA0                            00000000
TRISA1                            00000001
TRISA2                            00000002
TRISA3                            00000003
TRISA4                            00000004
TRISA5                            00000005
TRISB                             00000086
TRISB0                            00000000
TRISB1                            00000001
TRISB2                            00000002
MPASM  5.44                        DENEME.ASM   3-14-2020  9:43:53         PAGE 11


SYMBOL TABLE
  LABEL                             VALUE 

TRISB3                            00000003
TRISB4                            00000004
TRISB5                            00000005
TRISB6                            00000006
TRISB7                            00000007
TRISC                             00000087
TRISC0                            00000000
TRISC1                            00000001
TRISC2                            00000002
TRISC3                            00000003
TRISC4                            00000004
TRISC5                            00000005
TRISC6                            00000006
TRISC7                            00000007
TRISD                             00000088
TRISD0                            00000000
TRISD1                            00000001
TRISD2                            00000002
TRISD3                            00000003
TRISD4                            00000004
TRISD5                            00000005
TRISD6                            00000006
TRISD7                            00000007
TRISE                             00000089
TRISE0                            00000000
TRISE1                            00000001
TRISE2                            00000002
TRMT                              00000001
TX8_9                             00000006
TX9                               00000006
TX9D                              00000000
TXD8                              00000000
TXEN                              00000005
TXIE                              00000004
TXIF                              00000004
TXREG                             00000019
TXSTA                             00000098
UA                                00000001
W                                 00000000
WCOL                              00000007
WR                                00000001
WREN                              00000002
WRERR                             00000003
Z                                 00000002
_BODEN_OFF                        00003FBF
_BODEN_ON                         00003FFF
_BOREN_OFF                        00003FBF
_BOREN_ON                         00003FFF
_CONFIG                           00002007
_CPD_OFF                          00003FFF
_CPD_ON                           00003EFF
_CP_ALL                           00001FFF
_CP_OFF                           00003FFF
MPASM  5.44                        DENEME.ASM   3-14-2020  9:43:53         PAGE 12


SYMBOL TABLE
  LABEL                             VALUE 

_CP_ON                            00001FFF
_DEBUG_OFF                        00003FFF
_DEBUG_ON                         000037FF
_DEVID1                           00002006
_FOSC_EXTRC                       00003FFF
_FOSC_HS                          00003FFE
_FOSC_LP                          00003FFC
_FOSC_XT                          00003FFD
_HS_OSC                           00003FFE
_IDLOC0                           00002000
_IDLOC1                           00002001
_IDLOC2                           00002002
_IDLOC3                           00002003
_LP_OSC                           00003FFC
_LVP_OFF                          00003F7F
_LVP_ON                           00003FFF
_Main_010C                        0000010C
_Main_0134                        00000134
_PWRTE_OFF                        00003FFF
_PWRTE_ON                         00003FF7
_RC_OSC                           00003FFF
_WDTE_OFF                         00003FFB
_WDTE_ON                          00003FFF
_WDT_OFF                          00003FFB
_WDT_ON                           00003FFF
_WRT_1FOURTH                      00003BFF
_WRT_256                          00003DFF
_WRT_HALF                         000039FF
_WRT_OFF                          00003FFF
_XT_OSC                           00003FFD
__16F877A                         00000001
bekle                             00000009
deneme                            00000005
gonder                            00000123
index                             0000002C
label                             00000127
loop                              00000107
loop_bitir                        0000010C
sayi                              00000021
sayi2                             00000022
sayilar                           00000020
tekrar                            0000000D
tekrar1                           0000000E
tekrar2                           0000000F
temp                              0000002D

Errors   :     0
Warnings :    65 reported,     0 suppressed
Messages :     6 reported,     0 suppressed

