Warning[205] ..\..\DENEME.ASM 1 : Found directive in column 1. (list)
Warning[205] ..\..\DENEME.ASM 5 : Found directive in column 1. (org)
Warning[203] ..\..\DENEME.ASM 6 : Found opcode in column 1. (goto)
Warning[207] ..\..\DENEME.ASM 11 : Found label after column 1. (ss)
Warning[203] ..\..\DENEME.ASM 13 : Found opcode in column 1. (retlw)
Warning[203] ..\..\DENEME.ASM 14 : Found opcode in column 1. (retlw)
Warning[203] ..\..\DENEME.ASM 15 : Found opcode in column 1. (retlw)
Warning[203] ..\..\DENEME.ASM 16 : Found opcode in column 1. (retlw)
Warning[205] ..\..\DENEME.ASM 24 : Found directive in column 1. (banksel)
Warning[203] ..\..\DENEME.ASM 25 : Found opcode in column 1. (movlw)
Warning[203] ..\..\DENEME.ASM 26 : Found opcode in column 1. (movwf)
Warning[203] ..\..\DENEME.ASM 35 : Found opcode in column 1. (movwf)
Warning[203] ..\..\DENEME.ASM 41 : Found opcode in column 1. (movwf)
Warning[203] ..\..\DENEME.ASM 46 : Found opcode in column 1. (decfsz)
Warning[203] ..\..\DENEME.ASM 48 : Found opcode in column 1. (goto)
Warning[203] ..\..\DENEME.ASM 53 : Found opcode in column 1. (decfsz)
Warning[203] ..\..\DENEME.ASM 56 : Found opcode in column 1. (goto)
Warning[203] ..\..\DENEME.ASM 61 : Found opcode in column 1. (decfsz)
Warning[203] ..\..\DENEME.ASM 62 : Found opcode in column 1. (goto)
Warning[203] ..\..\DENEME.ASM 70 : Found opcode in column 1. (return)
Warning[203] ..\..\DENEME.ASM 77 : Found opcode in column 1. (movlw)
Warning[203] ..\..\DENEME.ASM 78 : Found opcode in column 1. (andlw)
Warning[205] ..\..\DENEME.ASM 81 : Found directive in column 1. (banksel)
Warning[203] ..\..\DENEME.ASM 82 : Found opcode in column 1. (movlw)
Warning[203] ..\..\DENEME.ASM 83 : Found opcode in column 1. (movwf)
Warning[203] ..\..\DENEME.ASM 88 : Found opcode in column 1. (movwf)
Warning[203] ..\..\DENEME.ASM 93 : Found opcode in column 1. (btfsc)
Warning[203] ..\..\DENEME.ASM 94 : Found opcode in column 1. (goto)
Warning[203] ..\..\DENEME.ASM 97 : Found opcode in column 1. (incf)
Message[305] ..\..\DENEME.ASM 97 : Using default destination of 1 (file).
Warning[203] ..\..\DENEME.ASM 101 : Found opcode in column 1. (decf)
Warning[203] ..\..\DENEME.ASM 103 : Found opcode in column 1. (goto)
Warning[203] ..\..\DENEME.ASM 114 : Found opcode in column 1. (goto)
Warning[205] ..\..\DENEME.ASM 122 : Found directive in column 1. (banksel)
Warning[203] ..\..\DENEME.ASM 123 : Found opcode in column 1. (movlw)
Warning[203] ..\..\DENEME.ASM 124 : Found opcode in column 1. (movwf)
Message[302] ..\..\DENEME.ASM 124 : Register in operand not in bank 0.  Ensure that bank bits are correct.
Warning[205] ..\..\DENEME.ASM 125 : Found directive in column 1. (banksel)
Warning[203] ..\..\DENEME.ASM 126 : Found opcode in column 1. (movwf)
Warning[205] ..\..\DENEME.ASM 131 : Found directive in column 1. (banksel)
Warning[203] ..\..\DENEME.ASM 132 : Found opcode in column 1. (movlw)
Warning[203] ..\..\DENEME.ASM 133 : Found opcode in column 1. (movwf)
Message[302] ..\..\DENEME.ASM 133 : Register in operand not in bank 0.  Ensure that bank bits are correct.
Warning[205] ..\..\DENEME.ASM 134 : Found directive in column 1. (banksel)
Warning[203] ..\..\DENEME.ASM 135 : Found opcode in column 1. (movlw)
Warning[203] ..\..\DENEME.ASM 136 : Found opcode in column 1. (movwf)
Warning[205] ..\..\DENEME.ASM 137 : Found directive in column 1. (banksel)
Warning[203] ..\..\DENEME.ASM 138 : Found opcode in column 1. (movlw)
Warning[203] ..\..\DENEME.ASM 139 : Found opcode in column 1. (movwf)
Message[302] ..\..\DENEME.ASM 139 : Register in operand not in bank 0.  Ensure that bank bits are correct.
Warning[203] ..\..\DENEME.ASM 140 : Found opcode in column 1. (nop)
Warning[203] ..\..\DENEME.ASM 141 : Found opcode in column 1. (nop)
Warning[203] ..\..\DENEME.ASM 142 : Found opcode in column 1. (nop)
Warning[203] ..\..\DENEME.ASM 146 : Found opcode in column 1. (movlw)
Warning[205] ..\..\DENEME.ASM 147 : Found directive in column 1. (banksel)
Warning[203] ..\..\DENEME.ASM 148 : Found opcode in column 1. (movwf)
Warning[205] ..\..\DENEME.ASM 150 : Found directive in column 1. (banksel)
Warning[203] ..\..\DENEME.ASM 151 : Found opcode in column 1. (btfss)
Message[302] ..\..\DENEME.ASM 151 : Register in operand not in bank 0.  Ensure that bank bits are correct.
Warning[203] ..\..\DENEME.ASM 152 : Found opcode in column 1. (goto)
Warning[203] ..\..\DENEME.ASM 154 : Found opcode in column 1. (bcf)
Message[302] ..\..\DENEME.ASM 154 : Register in operand not in bank 0.  Ensure that bank bits are correct.
Warning[203] ..\..\DENEME.ASM 155 : Found opcode in column 1. (nop)
Warning[205] ..\..\DENEME.ASM 157 : Found directive in column 1. (banksel)
Warning[203] ..\..\DENEME.ASM 158 : Found opcode in column 1. (bsf)
Warning[203] ..\..\DENEME.ASM 161 : Found opcode in column 1. (call)
Warning[203] ..\..\DENEME.ASM 163 : Found opcode in column 1. (bcf)
Warning[203] ..\..\DENEME.ASM 164 : Found opcode in column 1. (call)
Warning[203] ..\..\DENEME.ASM 168 : Found opcode in column 1. (goto)
Warning[203] ..\..\DENEME.ASM 170 : Found opcode in column 1. (goto)
Warning[205] ..\..\DENEME.ASM 171 : Found directive in column 1. (END)
