

Microchip Technology PIC LITE Macro Assembler V1.37 build -260352376 
                                                                                               Mon Jan 13 20:08:52 2020

Microchip Technology Omniscient Code Generator v1.37 (Free mode) build 201603110536
     1                           	processor	12F1840
     2                           	opt	pw 120
     3                           	opt	lm
     4                           	psect	idataBANK0,global,class=CODE,delta=2
     5                           	psect	cinit,global,class=CODE,merge=1,delta=2
     6                           	psect	bssCOMMON,global,class=COMMON,space=1,delta=1
     7                           	psect	bssBANK0,global,class=BANK0,space=1,delta=1
     8                           	psect	dataBANK0,global,class=BANK0,space=1,delta=1
     9                           	psect	cstackCOMMON,global,class=COMMON,space=1,delta=1
    10                           	psect	maintext,global,class=CODE,merge=1,split=1,delta=2
    11                           	psect	text1,local,class=CODE,merge=1,delta=2
    12                           	psect	text2,local,class=CODE,merge=1,delta=2
    13                           	psect	text3,local,class=CODE,merge=1,delta=2
    14                           	psect	text4,local,class=CODE,merge=1,delta=2
    15                           	psect	text5,local,class=CODE,merge=1,delta=2
    16                           	dabs	1,0x7E,2
    17  0000                     	;# 
    18  0001                     	;# 
    19  0002                     	;# 
    20  0003                     	;# 
    21  0004                     	;# 
    22  0005                     	;# 
    23  0006                     	;# 
    24  0007                     	;# 
    25  0008                     	;# 
    26  0009                     	;# 
    27  000A                     	;# 
    28  000B                     	;# 
    29  000C                     	;# 
    30  0011                     	;# 
    31  0012                     	;# 
    32  0015                     	;# 
    33  0016                     	;# 
    34  0016                     	;# 
    35  0017                     	;# 
    36  0018                     	;# 
    37  0019                     	;# 
    38  001A                     	;# 
    39  001B                     	;# 
    40  001C                     	;# 
    41  001E                     	;# 
    42  001F                     	;# 
    43  008C                     	;# 
    44  0091                     	;# 
    45  0092                     	;# 
    46  0095                     	;# 
    47  0096                     	;# 
    48  0097                     	;# 
    49  0098                     	;# 
    50  0099                     	;# 
    51  009A                     	;# 
    52  009B                     	;# 
    53  009B                     	;# 
    54  009C                     	;# 
    55  009D                     	;# 
    56  009E                     	;# 
    57  010C                     	;# 
    58  0111                     	;# 
    59  0112                     	;# 
    60  0115                     	;# 
    61  0116                     	;# 
    62  0117                     	;# 
    63  0118                     	;# 
    64  0119                     	;# 
    65  011A                     	;# 
    66  011B                     	;# 
    67  011D                     	;# 
    68  011D                     	;# 
    69  018C                     	;# 
    70  0191                     	;# 
    71  0191                     	;# 
    72  0192                     	;# 
    73  0193                     	;# 
    74  0193                     	;# 
    75  0193                     	;# 
    76  0194                     	;# 
    77  0195                     	;# 
    78  0196                     	;# 
    79  0197                     	;# 
    80  0199                     	;# 
    81  019A                     	;# 
    82  019B                     	;# 
    83  019B                     	;# 
    84  019B                     	;# 
    85  019B                     	;# 
    86  019C                     	;# 
    87  019C                     	;# 
    88  019D                     	;# 
    89  019E                     	;# 
    90  019F                     	;# 
    91  020C                     	;# 
    92  0211                     	;# 
    93  0211                     	;# 
    94  0212                     	;# 
    95  0212                     	;# 
    96  0213                     	;# 
    97  0213                     	;# 
    98  0214                     	;# 
    99  0214                     	;# 
   100  0215                     	;# 
   101  0215                     	;# 
   102  0215                     	;# 
   103  0216                     	;# 
   104  0216                     	;# 
   105  0217                     	;# 
   106  0217                     	;# 
   107  0291                     	;# 
   108  0291                     	;# 
   109  0292                     	;# 
   110  0293                     	;# 
   111  0294                     	;# 
   112  0295                     	;# 
   113  0295                     	;# 
   114  0296                     	;# 
   115  0391                     	;# 
   116  0392                     	;# 
   117  0393                     	;# 
   118  039A                     	;# 
   119  039C                     	;# 
   120  039D                     	;# 
   121  039E                     	;# 
   122  039F                     	;# 
   123  0FE4                     	;# 
   124  0FE5                     	;# 
   125  0FE6                     	;# 
   126  0FE7                     	;# 
   127  0FE8                     	;# 
   128  0FE9                     	;# 
   129  0FEA                     	;# 
   130  0FEB                     	;# 
   131  0FED                     	;# 
   132  0FEE                     	;# 
   133  0FEF                     	;# 
   134                           
   135                           	psect	idataBANK0
   136  070D                     __pidataBANK0:	
   137                           
   138                           ;initializer for _bilgi
   139  070D  344E               	retlw	78
   140  070E  3469               	retlw	105
   141  070F  3473               	retlw	115
   142  0710  3461               	retlw	97
   143  0711  3420               	retlw	32
   144  0060                     _RA0	set	96
   145  0062                     _RA2	set	98
   146  0064                     _RA4	set	100
   147  0065                     _RA5	set	101
   148  04CB                     _IRCF0	set	1227
   149  04CC                     _IRCF1	set	1228
   150  04CD                     _IRCF2	set	1229
   151  04CE                     _IRCF3	set	1230
   152  04C8                     _SCS0	set	1224
   153  04C9                     _SCS1	set	1225
   154  04CF                     _SPLLEN	set	1231
   155  0460                     _TRISA0	set	1120
   156  0462                     _TRISA2	set	1122
   157  0464                     _TRISA4	set	1124
   158  0465                     _TRISA5	set	1125
   159  018C                     _ANSELA	set	396
   160                           
   161                           ; #config settings
   162  0000                     
   163                           	psect	cinit
   164  07DE                     start_initialization:	
   165  07DE                     __initialization:	
   166                           
   167                           ; Clear objects allocated to COMMON
   168  07DE  01F8               	clrf	__pbssCOMMON& (0+127)
   169  07DF  01F9               	clrf	(__pbssCOMMON+1)& (0+127)
   170  07E0  01FA               	clrf	(__pbssCOMMON+2)& (0+127)
   171  07E1  01FB               	clrf	(__pbssCOMMON+3)& (0+127)
   172  07E2  01FC               	clrf	(__pbssCOMMON+4)& (0+127)
   173  07E3  01FD               	clrf	(__pbssCOMMON+5)& (0+127)
   174                           
   175                           ; Clear objects allocated to BANK0
   176  07E4  01A0               	clrf	__pbssBANK0& (0+127)
   177  07E5  01A1               	clrf	(__pbssBANK0+1)& (0+127)
   178  07E6  01A2               	clrf	(__pbssBANK0+2)& (0+127)
   179  07E7  01A3               	clrf	(__pbssBANK0+3)& (0+127)
   180  07E8  01A4               	clrf	(__pbssBANK0+4)& (0+127)
   181  07E9  01A5               	clrf	(__pbssBANK0+5)& (0+127)
   182  07EA  01A6               	clrf	(__pbssBANK0+6)& (0+127)
   183  07EB  01A7               	clrf	(__pbssBANK0+7)& (0+127)
   184  07EC  01A8               	clrf	(__pbssBANK0+8)& (0+127)
   185  07ED  01A9               	clrf	(__pbssBANK0+9)& (0+127)
   186  07EE  01AA               	clrf	(__pbssBANK0+10)& (0+127)
   187                           
   188                           ; Initialize objects allocated to BANK0
   189  07EF  300D               	movlw	low __pidataBANK0
   190  07F0  0084               	movwf	4
   191  07F1  3087               	movlw	(high __pidataBANK0)| (0+128)
   192  07F2  0085               	movwf	5
   193  07F3  0012               	moviw fsr0++
   194  07F4  00AB               	movwf	__pdataBANK0& (0+127)
   195  07F5  0012               	moviw fsr0++
   196  07F6  00AC               	movwf	(__pdataBANK0+1)& (0+127)
   197  07F7  0012               	moviw fsr0++
   198  07F8  00AD               	movwf	(__pdataBANK0+2)& (0+127)
   199  07F9  0012               	moviw fsr0++
   200  07FA  00AE               	movwf	(__pdataBANK0+3)& (0+127)
   201  07FB  0012               	moviw fsr0++
   202  07FC  00AF               	movwf	(__pdataBANK0+4)& (0+127)
   203  07FD                     end_of_initialization:	
   204                           ;End of C runtime variable initialization code
   205                           
   206  07FD                     __end_of__initialization:	
   207  07FD  0020               	movlb	0
   208  07FE  3187  2F44         	ljmp	_main	;jump to C main() function
   209                           
   210                           	psect	bssCOMMON
   211  0078                     __pbssCOMMON:	
   212  0078                     _DISPLAY_POEM:	
   213  0078                     	ds	1
   214  0079                     _LCD_LED_ON:	
   215  0079                     	ds	1
   216  007A                     _dakika:	
   217  007A                     	ds	1
   218  007B                     _saat:	
   219  007B                     	ds	1
   220  007C                     _saniye:	
   221  007C                     	ds	1
   222  007D                     _start:	
   223  007D                     	ds	1
   224                           
   225                           	psect	bssBANK0
   226  0020                     __pbssBANK0:	
   227  0020                     _bilgi2:	
   228  0020                     	ds	5
   229  0025                     _measured_adc_value:	
   230  0025                     	ds	2
   231  0027                     _nisa:	
   232  0027                     	ds	2
   233  0029                     _gelen:	
   234  0029                     	ds	1
   235  002A                     _value:	
   236  002A                     	ds	1
   237                           
   238                           	psect	dataBANK0
   239  002B                     __pdataBANK0:	
   240  002B                     _bilgi:	
   241  002B                     	ds	5
   242                           
   243                           	psect	cstackCOMMON
   244  0070                     __pcstackCOMMON:	
   245  0070                     ?_DELAY:	
   246  0070                     ??_DELAY:	
   247                           ; 1 bytes @ 0x0
   248                           
   249  0070                     ?_DELAY100:	
   250                           ; 1 bytes @ 0x0
   251                           
   252  0070                     ??_DELAY100:	
   253                           ; 1 bytes @ 0x0
   254                           
   255  0070                     ?_SoftwareUART_send_byte:	
   256                           ; 1 bytes @ 0x0
   257                           
   258  0070                     ??_SoftwareUART_send_byte:	
   259                           ; 1 bytes @ 0x0
   260                           
   261  0070                     ?_Software_read_byte:	
   262                           ; 1 bytes @ 0x0
   263                           
   264  0070                     ??_Software_read_byte:	
   265                           ; 1 bytes @ 0x0
   266                           
   267  0070                     ?_SoftwareUART_initialize:	
   268                           ; 1 bytes @ 0x0
   269                           
   270  0070                     ??_SoftwareUART_initialize:	
   271                           ; 1 bytes @ 0x0
   272                           
   273  0070                     ?_main:	
   274                           ; 1 bytes @ 0x0
   275                           
   276                           
   277                           ; 1 bytes @ 0x0
   278  0070                     	ds	1
   279  0071                     SoftwareUART_send_byte@data:	
   280                           
   281                           ; 1 bytes @ 0x1
   282  0071                     	ds	1
   283  0072                     DELAY@number:	
   284  0072                     SoftwareUART_send_byte@i:	
   285                           ; 1 bytes @ 0x2
   286                           
   287  0072                     Software_read_byte@data:	
   288                           ; 1 bytes @ 0x2
   289                           
   290                           
   291                           ; 1 bytes @ 0x2
   292  0072                     	ds	1
   293  0073                     DELAY@k:	
   294  0073                     DELAY100@number:	
   295                           ; 1 bytes @ 0x3
   296                           
   297  0073                     Software_read_byte@i:	
   298                           ; 1 bytes @ 0x3
   299                           
   300                           
   301                           ; 1 bytes @ 0x3
   302  0073                     	ds	1
   303  0074                     DELAY100@k:	
   304                           
   305                           ; 1 bytes @ 0x4
   306  0074                     	ds	1
   307  0075                     ??_main:	
   308                           
   309                           ; 1 bytes @ 0x5
   310  0075                     	ds	1
   311  0076                     main@k:	
   312                           
   313                           ; 2 bytes @ 0x6
   314  0076                     	ds	2
   315                           
   316                           	psect	maintext
   317  0744                     __pmaintext:	
   318 ;;
   319 ;;Main: autosize = 0, tempsize = 1, incstack = 0, save=0
   320 ;;
   321 ;; *************** function _main *****************
   322 ;; Defined at:
   323 ;;		line 34 in file "SoftwareUARTTest.c"
   324 ;; Parameters:    Size  Location     Type
   325 ;;		None
   326 ;; Auto vars:     Size  Location     Type
   327 ;;  k               2    6[COMMON] int 
   328 ;; Return value:  Size  Location     Type
   329 ;;                  1    wreg      void 
   330 ;; Registers used:
   331 ;;		wreg, status,2, status,0, pclath, cstack
   332 ;; Tracked objects:
   333 ;;		On entry : B1F/0
   334 ;;		On exit  : 0/0
   335 ;;		Unchanged: 0/0
   336 ;; Data sizes:     COMMON   BANK0   BANK1   BANK2
   337 ;;      Params:         0       0       0       0
   338 ;;      Locals:         2       0       0       0
   339 ;;      Temps:          1       0       0       0
   340 ;;      Totals:         3       0       0       0
   341 ;;Total ram usage:        3 bytes
   342 ;; Hardware stack levels required when called:    1
   343 ;; This function calls:
   344 ;;		_DELAY
   345 ;;		_DELAY100
   346 ;;		_SoftwareUART_initialize
   347 ;;		_SoftwareUART_send_byte
   348 ;;		_Software_read_byte
   349 ;; This function is called by:
   350 ;;		Startup code after reset
   351 ;; This function uses a non-reentrant model
   352 ;;
   353                           
   354                           
   355                           ;psect for function _main
   356  0744                     _main:	
   357                           
   358                           ;SoftwareUARTTest.c: 36: ANSELA = 0;
   359                           
   360                           ;incstack = 0
   361                           ; Regs used in _main: [wreg+status,2+status,0+pclath+cstack]
   362  0744  0023               	movlb	3	; select bank3
   363  0745  018C               	clrf	12	;volatile
   364                           
   365                           ;SoftwareUARTTest.c: 38: SPLLEN = 0;
   366  0746  0021               	movlb	1	; select bank1
   367  0747  1399               	bcf	25,7	;volatile
   368                           
   369                           ;SoftwareUARTTest.c: 43: IRCF3 = 1;
   370  0748  1719               	bsf	25,6	;volatile
   371                           
   372                           ;SoftwareUARTTest.c: 44: IRCF2 = 1;
   373  0749  1699               	bsf	25,5	;volatile
   374                           
   375                           ;SoftwareUARTTest.c: 45: IRCF1 = 1;
   376  074A  1619               	bsf	25,4	;volatile
   377                           
   378                           ;SoftwareUARTTest.c: 46: IRCF0 = 0;
   379  074B  1199               	bcf	25,3	;volatile
   380                           
   381                           ;SoftwareUARTTest.c: 48: SCS1 = 1 ;
   382  074C  1499               	bsf	25,1	;volatile
   383                           
   384                           ;SoftwareUARTTest.c: 49: SCS0 = 0;
   385  074D  1019               	bcf	25,0	;volatile
   386                           
   387                           ;SoftwareUARTTest.c: 50: TRISA2 = 0;
   388  074E  110C               	bcf	12,2	;volatile
   389                           
   390                           ;SoftwareUARTTest.c: 51: RA2 = 1;
   391  074F  0020               	movlb	0	; select bank0
   392  0750  150C               	bsf	12,2	;volatile
   393                           
   394                           ;SoftwareUARTTest.c: 52: DELAY(120);
   395  0751  3078               	movlw	120
   396  0752  3187  2718  3187   	fcall	_DELAY
   397                           
   398                           ;SoftwareUARTTest.c: 54: TRISA0 = 0;
   399  0755  0021               	movlb	1	; select bank1
   400  0756  100C               	bcf	12,0	;volatile
   401                           
   402                           ;SoftwareUARTTest.c: 55: SoftwareUART_initialize();
   403  0757  3187  2712  3187   	fcall	_SoftwareUART_initialize
   404                           
   405                           ;SoftwareUARTTest.c: 56: DELAY(100);
   406  075A  3064               	movlw	100
   407  075B  3187  2718  3187   	fcall	_DELAY
   408                           
   409                           ;SoftwareUARTTest.c: 58: int k = 0;
   410  075E  01F6               	clrf	main@k
   411  075F  01F7               	clrf	main@k+1
   412  0760                     l738:	
   413                           ;SoftwareUARTTest.c: 59: while(1)
   414                           
   415                           
   416                           ;SoftwareUARTTest.c: 60: {
   417                           ;SoftwareUARTTest.c: 61: SoftwareUART_send_byte(k++);
   418  0760  0876               	movf	main@k,w
   419  0761  3187  2776  3187   	fcall	_SoftwareUART_send_byte
   420  0764  3001               	movlw	1
   421  0765  07F6               	addwf	main@k,f
   422  0766  3000               	movlw	0
   423  0767  3DF7               	addwfc	main@k+1,f
   424                           
   425                           ;SoftwareUARTTest.c: 62: value = Software_read_byte();
   426  0768  3187  27AA  3187   	fcall	_Software_read_byte
   427  076B  00F5               	movwf	??_main
   428  076C  0875               	movf	??_main,w
   429  076D  0020               	movlb	0	; select bank0
   430  076E  00AA               	movwf	_value
   431                           
   432                           ;SoftwareUARTTest.c: 64: RA0 = ~RA0;
   433  076F  3001               	movlw	1
   434  0770  068C               	xorwf	12,f
   435                           
   436                           ;SoftwareUARTTest.c: 66: DELAY100(10);
   437  0771  300A               	movlw	10
   438  0772  3187  272C  3187   	fcall	_DELAY100
   439  0775  2F60               	goto	l738
   440  0776                     __end_of_main:	
   441                           
   442                           	psect	text1
   443  07AA                     __ptext1:	
   444 ;; *************** function _Software_read_byte *****************
   445 ;; Defined at:
   446 ;;		line 39 in file "SoftwareUART.h"
   447 ;; Parameters:    Size  Location     Type
   448 ;;		None
   449 ;; Auto vars:     Size  Location     Type
   450 ;;  i               1    3[COMMON] unsigned char 
   451 ;;  data            1    2[COMMON] unsigned char 
   452 ;; Return value:  Size  Location     Type
   453 ;;                  1    wreg      unsigned char 
   454 ;; Registers used:
   455 ;;		wreg, status,2, status,0
   456 ;; Tracked objects:
   457 ;;		On entry : 0/0
   458 ;;		On exit  : 0/0
   459 ;;		Unchanged: 0/0
   460 ;; Data sizes:     COMMON   BANK0   BANK1   BANK2
   461 ;;      Params:         0       0       0       0
   462 ;;      Locals:         2       0       0       0
   463 ;;      Temps:          2       0       0       0
   464 ;;      Totals:         4       0       0       0
   465 ;;Total ram usage:        4 bytes
   466 ;; Hardware stack levels used:    1
   467 ;; This function calls:
   468 ;;		Nothing
   469 ;; This function is called by:
   470 ;;		_main
   471 ;; This function uses a non-reentrant model
   472 ;;
   473                           
   474                           
   475                           ;psect for function _Software_read_byte
   476  07AA                     _Software_read_byte:	
   477                           
   478                           ;SoftwareUART.h: 41: byte data = 0;
   479                           
   480                           ;incstack = 0
   481                           ; Regs used in _Software_read_byte: [wreg+status,2+status,0]
   482  07AA  01F2               	clrf	Software_read_byte@data
   483  07AB                     l70:	
   484                           ;SoftwareUART.h: 42: while(RA5);
   485                           
   486  07AB  0020               	movlb	0	; select bank0
   487  07AC  1A8C               	btfsc	12,5	;volatile
   488  07AD  2FAB               	goto	l70
   489                           
   490                           ;SoftwareUART.h: 43: _delay((unsigned long)((150)*(8000000/4000000.0)));
   491  07AE  3063               	movlw	99
   492  07AF  00F0               	movwf	??_Software_read_byte
   493  07B0                     u237:	
   494  07B0  0BF0               	decfsz	??_Software_read_byte,f
   495  07B1  2FB0               	goto	u237
   496  07B2  3200               	nop2	;nop
   497                           
   498                           ;SoftwareUART.h: 44: for(byte i=0;i != 8;i++)
   499  07B3  01F3               	clrf	Software_read_byte@i
   500  07B4  3008               	movlw	8
   501  07B5  0673               	xorwf	Software_read_byte@i,w
   502  07B6  1903               	btfsc	3,2
   503  07B7  2FD2               	goto	l702
   504  07B8                     l694:	
   505                           
   506                           ;SoftwareUART.h: 45: {
   507                           ;SoftwareUART.h: 46: data |= RA5 << i;
   508  07B8  3000               	movlw	0
   509  07B9  0020               	movlb	0	; select bank0
   510  07BA  1A8C               	btfsc	12,5	;volatile
   511  07BB  3001               	movlw	1
   512  07BC  00F0               	movwf	??_Software_read_byte
   513  07BD  0A73               	incf	Software_read_byte@i,w
   514  07BE  2FC0               	goto	u214
   515  07BF                     u215:	
   516  07BF  35F0               	lslf	??_Software_read_byte,f
   517  07C0                     u214:	
   518  07C0  0B89               	decfsz	9,f
   519  07C1  2FBF               	goto	u215
   520  07C2  0870               	movf	??_Software_read_byte,w
   521  07C3  00F1               	movwf	??_Software_read_byte+1
   522  07C4  0871               	movf	??_Software_read_byte+1,w
   523  07C5  04F2               	iorwf	Software_read_byte@data,f
   524                           
   525                           ;SoftwareUART.h: 47: _delay((unsigned long)((86)*(8000000/4000000.0)));
   526  07C6  3039               	movlw	57
   527  07C7  00F0               	movwf	??_Software_read_byte
   528  07C8                     u247:	
   529  07C8  0BF0               	decfsz	??_Software_read_byte,f
   530  07C9  2FC8               	goto	u247
   531  07CA  3001               	movlw	1
   532  07CB  00F0               	movwf	??_Software_read_byte
   533  07CC  0870               	movf	??_Software_read_byte,w
   534  07CD  07F3               	addwf	Software_read_byte@i,f
   535  07CE  3008               	movlw	8
   536  07CF  0673               	xorwf	Software_read_byte@i,w
   537  07D0  1D03               	btfss	3,2
   538  07D1  2FB8               	goto	l694
   539  07D2                     l702:	
   540                           
   541                           ;SoftwareUART.h: 48: }
   542                           ;SoftwareUART.h: 49: _delay((unsigned long)((99)*(8000000/4000000.0)));
   543  07D2  3041               	movlw	65
   544  07D3  00F0               	movwf	??_Software_read_byte
   545  07D4                     u257:	
   546  07D4  0BF0               	decfsz	??_Software_read_byte,f
   547  07D5  2FD4               	goto	u257
   548  07D6  3200               	nop2	;nop
   549                           
   550                           ;SoftwareUART.h: 50: _delay((unsigned long)((99)*(8000000/4000000.0)));
   551  07D7  3041               	movlw	65
   552  07D8  00F0               	movwf	??_Software_read_byte
   553  07D9                     u267:	
   554  07D9  0BF0               	decfsz	??_Software_read_byte,f
   555  07DA  2FD9               	goto	u267
   556  07DB  3200               	nop2	;nop
   557                           
   558                           ;SoftwareUART.h: 51: return data;
   559  07DC  0872               	movf	Software_read_byte@data,w
   560  07DD  0008               	return
   561  07DE                     __end_of_Software_read_byte:	
   562                           
   563                           	psect	text2
   564  0776                     __ptext2:	
   565 ;; *************** function _SoftwareUART_send_byte *****************
   566 ;; Defined at:
   567 ;;		line 20 in file "SoftwareUART.h"
   568 ;; Parameters:    Size  Location     Type
   569 ;;  data            1    wreg     unsigned char 
   570 ;; Auto vars:     Size  Location     Type
   571 ;;  data            1    1[COMMON] unsigned char 
   572 ;;  i               1    2[COMMON] unsigned char 
   573 ;; Return value:  Size  Location     Type
   574 ;;                  1    wreg      void 
   575 ;; Registers used:
   576 ;;		wreg, status,2, status,0
   577 ;; Tracked objects:
   578 ;;		On entry : 0/0
   579 ;;		On exit  : 0/0
   580 ;;		Unchanged: 0/0
   581 ;; Data sizes:     COMMON   BANK0   BANK1   BANK2
   582 ;;      Params:         0       0       0       0
   583 ;;      Locals:         2       0       0       0
   584 ;;      Temps:          1       0       0       0
   585 ;;      Totals:         3       0       0       0
   586 ;;Total ram usage:        3 bytes
   587 ;; Hardware stack levels used:    1
   588 ;; This function calls:
   589 ;;		Nothing
   590 ;; This function is called by:
   591 ;;		_main
   592 ;; This function uses a non-reentrant model
   593 ;;
   594                           
   595                           
   596                           ;psect for function _SoftwareUART_send_byte
   597  0776                     _SoftwareUART_send_byte:	
   598                           
   599                           ;incstack = 0
   600                           ; Regs used in _SoftwareUART_send_byte: [wreg+status,2+status,0]
   601                           ;SoftwareUART_send_byte@data stored from wreg
   602  0776  00F1               	movwf	SoftwareUART_send_byte@data
   603                           
   604                           ;SoftwareUART.h: 23: RA4 = 0;
   605  0777  0020               	movlb	0	; select bank0
   606  0778  120C               	bcf	12,4	;volatile
   607                           
   608                           ;SoftwareUART.h: 24: _delay((unsigned long)((99)*(8000000/4000000.0)));
   609  0779  3041               	movlw	65
   610  077A  00F0               	movwf	??_SoftwareUART_send_byte
   611  077B                     u277:	
   612  077B  0BF0               	decfsz	??_SoftwareUART_send_byte,f
   613  077C  2F7B               	goto	u277
   614  077D  3200               	nop2	;nop
   615                           
   616                           ;SoftwareUART.h: 25: for(byte i = 0; i != 8; i++)
   617  077E  01F2               	clrf	SoftwareUART_send_byte@i
   618  077F  3008               	movlw	8
   619  0780  0672               	xorwf	SoftwareUART_send_byte@i,w
   620  0781  1903               	btfsc	3,2
   621  0782  2F9D               	goto	l66
   622  0783                     l674:	
   623                           
   624                           ;SoftwareUART.h: 26: {
   625                           ;SoftwareUART.h: 27: RA4 = data >> i;
   626  0783  0871               	movf	SoftwareUART_send_byte@data,w
   627  0784  00F0               	movwf	??_SoftwareUART_send_byte
   628  0785  0A72               	incf	SoftwareUART_send_byte@i,w
   629  0786  2F88               	goto	u154
   630  0787                     u155:	
   631  0787  36F0               	lsrf	??_SoftwareUART_send_byte,f
   632  0788                     u154:	
   633  0788  0B89               	decfsz	9,f
   634  0789  2F87               	goto	u155
   635  078A  1C70               	btfss	??_SoftwareUART_send_byte,0
   636  078B  2F8F               	goto	u160
   637  078C  0020               	movlb	0	; select bank0
   638  078D  160C               	bsf	12,4	;volatile
   639  078E  2F91               	goto	l676
   640  078F                     u160:	
   641  078F  0020               	movlb	0	; select bank0
   642  0790  120C               	bcf	12,4	;volatile
   643  0791                     l676:	
   644                           
   645                           ;SoftwareUART.h: 28: _delay((unsigned long)((92)*(8000000/4000000.0)));
   646  0791  303D               	movlw	61
   647  0792  00F0               	movwf	??_SoftwareUART_send_byte
   648  0793                     u287:	
   649  0793  0BF0               	decfsz	??_SoftwareUART_send_byte,f
   650  0794  2F93               	goto	u287
   651  0795  3001               	movlw	1
   652  0796  00F0               	movwf	??_SoftwareUART_send_byte
   653  0797  0870               	movf	??_SoftwareUART_send_byte,w
   654  0798  07F2               	addwf	SoftwareUART_send_byte@i,f
   655  0799  3008               	movlw	8
   656  079A  0672               	xorwf	SoftwareUART_send_byte@i,w
   657  079B  1D03               	btfss	3,2
   658  079C  2F83               	goto	l674
   659  079D                     l66:	
   660                           
   661                           ;SoftwareUART.h: 29: }
   662                           ;SoftwareUART.h: 32: RA4 = 1;
   663  079D  0020               	movlb	0	; select bank0
   664  079E  160C               	bsf	12,4	;volatile
   665                           
   666                           ;SoftwareUART.h: 33: _delay((unsigned long)((99)*(8000000/4000000.0)));
   667  079F  3041               	movlw	65
   668  07A0  00F0               	movwf	??_SoftwareUART_send_byte
   669  07A1                     u297:	
   670  07A1  0BF0               	decfsz	??_SoftwareUART_send_byte,f
   671  07A2  2FA1               	goto	u297
   672  07A3  3200               	nop2	;nop
   673                           
   674                           ;SoftwareUART.h: 34: _delay((unsigned long)((99)*(8000000/4000000.0)));
   675  07A4  3041               	movlw	65
   676  07A5  00F0               	movwf	??_SoftwareUART_send_byte
   677  07A6                     u307:	
   678  07A6  0BF0               	decfsz	??_SoftwareUART_send_byte,f
   679  07A7  2FA6               	goto	u307
   680  07A8  3200               	nop2	;nop
   681  07A9  0008               	return
   682  07AA                     __end_of_SoftwareUART_send_byte:	
   683                           
   684                           	psect	text3
   685  0712                     __ptext3:	
   686 ;; *************** function _SoftwareUART_initialize *****************
   687 ;; Defined at:
   688 ;;		line 56 in file "SoftwareUART.h"
   689 ;; Parameters:    Size  Location     Type
   690 ;;		None
   691 ;; Auto vars:     Size  Location     Type
   692 ;;		None
   693 ;; Return value:  Size  Location     Type
   694 ;;                  1    wreg      void 
   695 ;; Registers used:
   696 ;;		None
   697 ;; Tracked objects:
   698 ;;		On entry : 0/0
   699 ;;		On exit  : 0/0
   700 ;;		Unchanged: 0/0
   701 ;; Data sizes:     COMMON   BANK0   BANK1   BANK2
   702 ;;      Params:         0       0       0       0
   703 ;;      Locals:         0       0       0       0
   704 ;;      Temps:          0       0       0       0
   705 ;;      Totals:         0       0       0       0
   706 ;;Total ram usage:        0 bytes
   707 ;; Hardware stack levels used:    1
   708 ;; This function calls:
   709 ;;		Nothing
   710 ;; This function is called by:
   711 ;;		_main
   712 ;; This function uses a non-reentrant model
   713 ;;
   714                           
   715                           
   716                           ;psect for function _SoftwareUART_initialize
   717  0712                     _SoftwareUART_initialize:	
   718                           
   719                           ;SoftwareUART.h: 59: TRISA5 = 1;
   720                           
   721                           ;incstack = 0
   722                           ; Regs used in _SoftwareUART_initialize: []
   723  0712  0021               	movlb	1	; select bank1
   724  0713  168C               	bsf	12,5	;volatile
   725                           
   726                           ;SoftwareUART.h: 60: TRISA4 = 0;
   727  0714  120C               	bcf	12,4	;volatile
   728                           
   729                           ;SoftwareUART.h: 62: RA4 = 1;
   730  0715  0020               	movlb	0	; select bank0
   731  0716  160C               	bsf	12,4	;volatile
   732  0717  0008               	return
   733  0718                     __end_of_SoftwareUART_initialize:	
   734                           
   735                           	psect	text4
   736  072C                     __ptext4:	
   737 ;; *************** function _DELAY100 *****************
   738 ;; Defined at:
   739 ;;		line 21 in file "SoftwareUARTTest.c"
   740 ;; Parameters:    Size  Location     Type
   741 ;;  number          1    wreg     unsigned char 
   742 ;; Auto vars:     Size  Location     Type
   743 ;;  number          1    3[COMMON] unsigned char 
   744 ;;  k               1    4[COMMON] unsigned char 
   745 ;; Return value:  Size  Location     Type
   746 ;;                  1    wreg      void 
   747 ;; Registers used:
   748 ;;		wreg, status,2, status,0
   749 ;; Tracked objects:
   750 ;;		On entry : 0/0
   751 ;;		On exit  : 0/0
   752 ;;		Unchanged: 0/0
   753 ;; Data sizes:     COMMON   BANK0   BANK1   BANK2
   754 ;;      Params:         0       0       0       0
   755 ;;      Locals:         2       0       0       0
   756 ;;      Temps:          3       0       0       0
   757 ;;      Totals:         5       0       0       0
   758 ;;Total ram usage:        5 bytes
   759 ;; Hardware stack levels used:    1
   760 ;; This function calls:
   761 ;;		Nothing
   762 ;; This function is called by:
   763 ;;		_main
   764 ;; This function uses a non-reentrant model
   765 ;;
   766                           
   767                           
   768                           ;psect for function _DELAY100
   769  072C                     _DELAY100:	
   770                           
   771                           ;incstack = 0
   772                           ; Regs used in _DELAY100: [wreg+status,2+status,0]
   773                           ;DELAY100@number stored from wreg
   774  072C  00F3               	movwf	DELAY100@number
   775                           
   776                           ;SoftwareUARTTest.c: 23: for(byte k=0; k != number; k++)
   777  072D  01F4               	clrf	DELAY100@k
   778  072E                     l662:	
   779  072E  0874               	movf	DELAY100@k,w
   780  072F  0673               	xorwf	DELAY100@number,w
   781  0730  1903               	btfsc	3,2
   782  0731  0008               	return
   783                           
   784                           ;SoftwareUARTTest.c: 24: _delay((unsigned long)((100)*(8000000/4000.0)));
   785  0732  3002               	movlw	2
   786  0733  00F2               	movwf	??_DELAY100+2
   787  0734  3004               	movlw	4
   788  0735  00F1               	movwf	??_DELAY100+1
   789  0736  30BA               	movlw	186
   790  0737  00F0               	movwf	??_DELAY100
   791  0738                     u317:	
   792  0738  0BF0               	decfsz	??_DELAY100,f
   793  0739  2F38               	goto	u317
   794  073A  0BF1               	decfsz	??_DELAY100+1,f
   795  073B  2F38               	goto	u317
   796  073C  0BF2               	decfsz	??_DELAY100+2,f
   797  073D  2F38               	goto	u317
   798  073E  0000               	nop
   799  073F  3001               	movlw	1
   800  0740  00F0               	movwf	??_DELAY100
   801  0741  0870               	movf	??_DELAY100,w
   802  0742  07F4               	addwf	DELAY100@k,f
   803  0743  2F2E               	goto	l662
   804  0744                     __end_of_DELAY100:	
   805                           
   806                           	psect	text5
   807  0718                     __ptext5:	
   808 ;; *************** function _DELAY *****************
   809 ;; Defined at:
   810 ;;		line 16 in file "SoftwareUARTTest.c"
   811 ;; Parameters:    Size  Location     Type
   812 ;;  number          1    wreg     unsigned char 
   813 ;; Auto vars:     Size  Location     Type
   814 ;;  number          1    2[COMMON] unsigned char 
   815 ;;  k               1    3[COMMON] unsigned char 
   816 ;; Return value:  Size  Location     Type
   817 ;;                  1    wreg      void 
   818 ;; Registers used:
   819 ;;		wreg, status,2, status,0
   820 ;; Tracked objects:
   821 ;;		On entry : 0/0
   822 ;;		On exit  : 0/0
   823 ;;		Unchanged: 0/0
   824 ;; Data sizes:     COMMON   BANK0   BANK1   BANK2
   825 ;;      Params:         0       0       0       0
   826 ;;      Locals:         2       0       0       0
   827 ;;      Temps:          2       0       0       0
   828 ;;      Totals:         4       0       0       0
   829 ;;Total ram usage:        4 bytes
   830 ;; Hardware stack levels used:    1
   831 ;; This function calls:
   832 ;;		Nothing
   833 ;; This function is called by:
   834 ;;		_main
   835 ;; This function uses a non-reentrant model
   836 ;;
   837                           
   838                           
   839                           ;psect for function _DELAY
   840  0718                     _DELAY:	
   841                           
   842                           ;incstack = 0
   843                           ; Regs used in _DELAY: [wreg+status,2+status,0]
   844                           ;DELAY@number stored from wreg
   845  0718  00F2               	movwf	DELAY@number
   846                           
   847                           ;SoftwareUARTTest.c: 18: for(byte k=0; k != number; k++)
   848  0719  01F3               	clrf	DELAY@k
   849  071A                     l654:	
   850  071A  0873               	movf	DELAY@k,w
   851  071B  0672               	xorwf	DELAY@number,w
   852  071C  1903               	btfsc	3,2
   853  071D  0008               	return
   854                           
   855                           ;SoftwareUARTTest.c: 19: _delay((unsigned long)((1)*(8000000/4000.0)));
   856  071E  3003               	movlw	3
   857  071F  00F1               	movwf	??_DELAY+1
   858  0720  3097               	movlw	151
   859  0721  00F0               	movwf	??_DELAY
   860  0722                     u327:	
   861  0722  0BF0               	decfsz	??_DELAY,f
   862  0723  2F22               	goto	u327
   863  0724  0BF1               	decfsz	??_DELAY+1,f
   864  0725  2F22               	goto	u327
   865  0726  3200               	nop2
   866  0727  3001               	movlw	1
   867  0728  00F0               	movwf	??_DELAY
   868  0729  0870               	movf	??_DELAY,w
   869  072A  07F3               	addwf	DELAY@k,f
   870  072B  2F1A               	goto	l654
   871  072C                     __end_of_DELAY:	
   872  007E                     btemp	set	126	;btemp
   873  007E                     wtemp	set	126
   874  007E                     wtemp0	set	126
   875  0080                     wtemp1	set	128
   876  0082                     wtemp2	set	130
   877  0084                     wtemp3	set	132
   878  0086                     wtemp4	set	134
   879  0088                     wtemp5	set	136
   880  007F                     wtemp6	set	127
   881  007E                     ttemp	set	126
   882  007E                     ttemp0	set	126
   883  0081                     ttemp1	set	129
   884  0084                     ttemp2	set	132
   885  0087                     ttemp3	set	135
   886  007F                     ttemp4	set	127
   887  007E                     ltemp	set	126
   888  007E                     ltemp0	set	126
   889  0082                     ltemp1	set	130
   890  0086                     ltemp2	set	134
   891  0080                     ltemp3	set	128


Data Sizes:
    Strings     0
    Constant    0
    Data        5
    BSS         17
    Persistent  0
    Stack       0

Auto Spaces:
    Space          Size  Autos    Used
    COMMON           14      8      14
    BANK0            80      0      16
    BANK1            80      0       0
    BANK2            80      0       0

Pointer List with Targets:

    None.

Critical Paths under _main in COMMON

    _main->_DELAY100

Critical Paths under _main in BANK0

    None.

Critical Paths under _main in BANK1

    None.

Critical Paths under _main in BANK2

    None.

Call Graph Tables:

 ---------------------------------------------------------------------------------
 (Depth) Function   	        Calls       Base Space   Used Autos Params    Refs
 ---------------------------------------------------------------------------------
 (0) _main                                                 3     3      0     298
                                              5 COMMON     3     3      0
                              _DELAY
                           _DELAY100
            _SoftwareUART_initialize
             _SoftwareUART_send_byte
                 _Software_read_byte
 ---------------------------------------------------------------------------------
 (1) _Software_read_byte                                   4     4      0      92
                                              0 COMMON     4     4      0
 ---------------------------------------------------------------------------------
 (1) _SoftwareUART_send_byte                               3     3      0      90
                                              0 COMMON     3     3      0
 ---------------------------------------------------------------------------------
 (1) _SoftwareUART_initialize                              0     0      0       0
 ---------------------------------------------------------------------------------
 (1) _DELAY100                                             5     5      0      46
                                              0 COMMON     5     5      0
 ---------------------------------------------------------------------------------
 (1) _DELAY                                                4     4      0      46
                                              0 COMMON     4     4      0
 ---------------------------------------------------------------------------------
 Estimated maximum stack depth 1
 ---------------------------------------------------------------------------------

 Call Graph Graphs:

 _main (ROOT)
   _DELAY
   _DELAY100
   _SoftwareUART_initialize
   _SoftwareUART_send_byte
   _Software_read_byte

 Address spaces:
Name               Size   Autos  Total    Cost      Usage
BIGRAM              F0      0       0       0        0.0%
EEDATA             100      0       0       0        0.0%
NULL                 0      0       0       0        0.0%
CODE                 0      0       0       0        0.0%
BITCOMMON            E      0       0       1        0.0%
BITSFR0              0      0       0       1        0.0%
SFR0                 0      0       0       1        0.0%
COMMON               E      8       E       2      100.0%
BITSFR1              0      0       0       2        0.0%
SFR1                 0      0       0       2        0.0%
BITSFR2              0      0       0       3        0.0%
SFR2                 0      0       0       3        0.0%
STACK                0      0       0       3        0.0%
BITSFR3              0      0       0       4        0.0%
SFR3                 0      0       0       4        0.0%
ABS                  0      0      1E       4        0.0%
BITBANK0            50      0       0       5        0.0%
BITSFR4              0      0       0       5        0.0%
SFR4                 0      0       0       5        0.0%
BANK0               50      0      10       6       20.0%
BITSFR5              0      0       0       6        0.0%
SFR5                 0      0       0       6        0.0%
BITBANK1            50      0       0       7        0.0%
BITSFR6              0      0       0       7        0.0%
SFR6                 0      0       0       7        0.0%
BANK1               50      0       0       8        0.0%
BITSFR7              0      0       0       8        0.0%
SFR7                 0      0       0       8        0.0%
BITBANK2            50      0       0       9        0.0%
BITSFR8              0      0       0       9        0.0%
SFR8                 0      0       0       9        0.0%
BANK2               50      0       0      10        0.0%
BITSFR9              0      0       0      10        0.0%
SFR9                 0      0       0      10        0.0%
BITSFR10             0      0       0      11        0.0%
SFR10                0      0       0      11        0.0%
DATA                 0      0      1E      11        0.0%
BITSFR11             0      0       0      12        0.0%
SFR11                0      0       0      12        0.0%
BITSFR12             0      0       0      13        0.0%
SFR12                0      0       0      13        0.0%
BITSFR13             0      0       0      14        0.0%
SFR13                0      0       0      14        0.0%
BITSFR14             0      0       0      15        0.0%
SFR14                0      0       0      15        0.0%
BITSFR15             0      0       0      16        0.0%
SFR15                0      0       0      16        0.0%
BITSFR16             0      0       0      17        0.0%
SFR16                0      0       0      17        0.0%
BITSFR17             0      0       0      18        0.0%
SFR17                0      0       0      18        0.0%
BITSFR18             0      0       0      19        0.0%
SFR18                0      0       0      19        0.0%
BITSFR19             0      0       0      20        0.0%
SFR19                0      0       0      20        0.0%
BITSFR20             0      0       0      21        0.0%
SFR20                0      0       0      21        0.0%
BITSFR21             0      0       0      22        0.0%
SFR21                0      0       0      22        0.0%
BITSFR22             0      0       0      23        0.0%
SFR22                0      0       0      23        0.0%
BITSFR23             0      0       0      24        0.0%
SFR23                0      0       0      24        0.0%
BITSFR24             0      0       0      25        0.0%
SFR24                0      0       0      25        0.0%
BITSFR25             0      0       0      26        0.0%
SFR25                0      0       0      26        0.0%
BITSFR26             0      0       0      27        0.0%
SFR26                0      0       0      27        0.0%
BITSFR27             0      0       0      28        0.0%
SFR27                0      0       0      28        0.0%
BITSFR28             0      0       0      29        0.0%
SFR28                0      0       0      29        0.0%
BITSFR29             0      0       0      30        0.0%
SFR29                0      0       0      30        0.0%
BITSFR30             0      0       0      31        0.0%
SFR30                0      0       0      31        0.0%
BITSFR31             0      0       0      32        0.0%
SFR31                0      0       0      32        0.0%


Microchip Technology PIC Macro Assembler V1.37 build -260352376 
Symbol Table                                                                                   Mon Jan 13 20:08:52 2020

                     __CFG_CP$OFF 0000                                l70 07AB                                l66 079D  
                             l702 07D2                               l654 071A                               l662 072E  
                             l674 0783                               l738 0760                               l676 0791  
                             l694 07B8                               _RA0 0060                               _RA2 0062  
                             _RA4 0064                               _RA5 0065                               u214 07C0  
                             u215 07BF                               u160 078F                               u154 0788  
                             u307 07A6                               u155 0787                               u317 0738  
                             u237 07B0                               u327 0722                               u247 07C8  
                             u257 07D4                      __CFG_CPD$OFF 0000                               u267 07D9  
                             u277 077B                               u287 0793                               u297 07A1  
                    __CFG_BORV$LO 0000                               wreg 0009                      __CFG_IESO$ON 0000  
                    __CFG_LVP$OFF 0000                              _SCS0 04C8                              _SCS1 04C9  
                    __CFG_WRT$OFF 0000                              _main 0744                              _saat 007B  
                            _nisa 0027                              fsr0h 0005                              fsr0l 0004  
                            btemp 007E                  __end_of_DELAY100 0744                              ltemp 007E  
                            start 0002                              ttemp 007E                              wtemp 007E  
                           ?_main 0070                     __CFG_WDTE$OFF 0000                             _DELAY 0718  
                           _IRCF0 04CB                             _IRCF1 04CC                             _IRCF2 04CD  
                           _IRCF3 04CE                    __CFG_FCMEN$OFF 0000                             _bilgi 002B  
                           _gelen 0029            Software_read_byte@data 0072        __end_of_Software_read_byte 07DE  
                           _value 002A                             _start 007D                             main@k 0076  
                  __CFG_BOREN$OFF 0000                             ltemp0 007E                             ltemp1 0082  
                           ltemp2 0086                             ltemp3 0080                             ttemp0 007E  
                           ttemp1 0081                             ttemp2 0084                             ttemp3 0087  
                           ttemp4 007F                             status 0003                             wtemp0 007E  
                           wtemp1 0080                             wtemp2 0082                             wtemp3 0084  
                           wtemp4 0086                             wtemp5 0088                             wtemp6 007F  
                  __CFG_MCLRE$OFF 0000                   __initialization 07DE                      __end_of_main 0776  
                          DELAY@k 0073                            ??_main 0075                            ?_DELAY 0070  
                  __CFG_PLLEN$OFF 0000           ?_SoftwareUART_send_byte 0070                         DELAY100@k 0074  
                          _ANSELA 018C                            _SPLLEN 04CF                            _TRISA0 0460  
                          _TRISA2 0462                            _TRISA4 0464                            _TRISA5 0465  
                  __CFG_PWRTE$OFF 0000           SoftwareUART_send_byte@i 0072                            _dakika 007A  
                          _bilgi2 0020                            _saniye 007C    __end_of_SoftwareUART_send_byte 07AA  
                       ?_DELAY100 0070           __end_of__initialization 07FD                     __end_of_DELAY 072C  
                  __pcstackCOMMON 0070                      __pidataBANK0 070D                _measured_adc_value 0025  
                         ??_DELAY 0070                        ??_DELAY100 0070          ?_SoftwareUART_initialize 0070  
                      __pbssBANK0 0020                        __pmaintext 0744                      _DISPLAY_POEM 0078  
              _Software_read_byte 07AA                   __CFG_STVREN$OFF 0000   __end_of_SoftwareUART_initialize 0718  
             ?_Software_read_byte 0070                           __ptext1 07AA                           __ptext2 0776  
                         __ptext3 0712                           __ptext4 072C                           __ptext5 0718  
      SoftwareUART_send_byte@data 0071              end_of_initialization 07FD              ??_Software_read_byte 0070  
                __CFG_FOSC$INTOSC 0000                 __size_of_DELAY100 0018                    DELAY100@number 0073  
             start_initialization 07DE  __size_of_SoftwareUART_initialize 0006                       __pdataBANK0 002B  
                     __pbssCOMMON 0078                         ___latbits 0001          ??_SoftwareUART_send_byte 0070  
                  __size_of_DELAY 0014                          _DELAY100 072C                       DELAY@number 0072  
     __size_of_Software_read_byte 0034           _SoftwareUART_initialize 0712   __size_of_SoftwareUART_send_byte 0034  
                   __size_of_main 0032                        _LCD_LED_ON 0079               Software_read_byte@i 0073  
       ??_SoftwareUART_initialize 0070            _SoftwareUART_send_byte 0776                 __CFG_CLKOUTEN$OFF 0000  
