

Microchip Technology PIC LITE Macro Assembler V1.37 build -260352376 
                                                                                               Sat Apr 25 13:56:26 2020

Microchip Technology Omniscient Code Generator v1.37 (Free mode) build 201603110536
     1                           	processor	12F1840
     2                           	opt	pw 120
     3                           	opt	lm
     4                           	psect	idataCOMMON,global,class=CODE,delta=2
     5                           	psect	idataBANK0,global,class=CODE,delta=2
     6                           	psect	cinit,global,class=CODE,merge=1,delta=2
     7                           	psect	dataCOMMON,global,class=COMMON,space=1,delta=1
     8                           	psect	bssBANK0,global,class=BANK0,space=1,delta=1
     9                           	psect	dataBANK0,global,class=BANK0,space=1,delta=1
    10                           	psect	inittext,global,class=CODE,delta=2
    11                           	psect	cstackCOMMON,global,class=COMMON,space=1,delta=1
    12                           	psect	cstackBANK0,global,class=BANK0,space=1,delta=1
    13                           	psect	maintext,global,class=CODE,merge=1,split=1,delta=2
    14                           	psect	text1,local,class=CODE,merge=1,delta=2
    15                           	psect	intentry,global,class=CODE,delta=2
    16                           	psect	text3,local,class=CODE,merge=1,delta=2
    17                           	psect	text4,local,class=CODE,merge=1,delta=2
    18                           	psect	text5,local,class=CODE,merge=1,delta=2
    19                           	psect	text6,local,class=CODE,merge=1,delta=2
    20                           	psect	text7,local,class=CODE,merge=1,delta=2
    21                           	psect	text8,local,class=CODE,merge=1,delta=2
    22                           	dabs	1,0x7E,2
    23  0000                     	;# 
    24  0001                     	;# 
    25  0002                     	;# 
    26  0003                     	;# 
    27  0004                     	;# 
    28  0005                     	;# 
    29  0006                     	;# 
    30  0007                     	;# 
    31  0008                     	;# 
    32  0009                     	;# 
    33  000A                     	;# 
    34  000B                     	;# 
    35  000C                     	;# 
    36  0011                     	;# 
    37  0012                     	;# 
    38  0015                     	;# 
    39  0016                     	;# 
    40  0016                     	;# 
    41  0017                     	;# 
    42  0018                     	;# 
    43  0019                     	;# 
    44  001A                     	;# 
    45  001B                     	;# 
    46  001C                     	;# 
    47  001E                     	;# 
    48  001F                     	;# 
    49  008C                     	;# 
    50  0091                     	;# 
    51  0092                     	;# 
    52  0095                     	;# 
    53  0096                     	;# 
    54  0097                     	;# 
    55  0098                     	;# 
    56  0099                     	;# 
    57  009A                     	;# 
    58  009B                     	;# 
    59  009B                     	;# 
    60  009C                     	;# 
    61  009D                     	;# 
    62  009E                     	;# 
    63  010C                     	;# 
    64  0111                     	;# 
    65  0112                     	;# 
    66  0115                     	;# 
    67  0116                     	;# 
    68  0117                     	;# 
    69  0118                     	;# 
    70  0119                     	;# 
    71  011A                     	;# 
    72  011B                     	;# 
    73  011D                     	;# 
    74  011D                     	;# 
    75  018C                     	;# 
    76  0191                     	;# 
    77  0191                     	;# 
    78  0192                     	;# 
    79  0193                     	;# 
    80  0193                     	;# 
    81  0193                     	;# 
    82  0194                     	;# 
    83  0195                     	;# 
    84  0196                     	;# 
    85  0197                     	;# 
    86  0199                     	;# 
    87  019A                     	;# 
    88  019B                     	;# 
    89  019B                     	;# 
    90  019B                     	;# 
    91  019B                     	;# 
    92  019C                     	;# 
    93  019C                     	;# 
    94  019D                     	;# 
    95  019E                     	;# 
    96  019F                     	;# 
    97  020C                     	;# 
    98  0211                     	;# 
    99  0211                     	;# 
   100  0212                     	;# 
   101  0212                     	;# 
   102  0213                     	;# 
   103  0213                     	;# 
   104  0214                     	;# 
   105  0214                     	;# 
   106  0215                     	;# 
   107  0215                     	;# 
   108  0215                     	;# 
   109  0216                     	;# 
   110  0216                     	;# 
   111  0217                     	;# 
   112  0217                     	;# 
   113  0291                     	;# 
   114  0291                     	;# 
   115  0292                     	;# 
   116  0293                     	;# 
   117  0294                     	;# 
   118  0295                     	;# 
   119  0295                     	;# 
   120  0296                     	;# 
   121  0391                     	;# 
   122  0392                     	;# 
   123  0393                     	;# 
   124  039A                     	;# 
   125  039C                     	;# 
   126  039D                     	;# 
   127  039E                     	;# 
   128  039F                     	;# 
   129  0FE4                     	;# 
   130  0FE5                     	;# 
   131  0FE6                     	;# 
   132  0FE7                     	;# 
   133  0FE8                     	;# 
   134  0FE9                     	;# 
   135  0FEA                     	;# 
   136  0FEB                     	;# 
   137  0FED                     	;# 
   138  0FEE                     	;# 
   139  0FEF                     	;# 
   140                           
   141                           	psect	idataCOMMON
   142  0287                     __pidataCOMMON:	
   143                           
   144                           ;initializer for _count_status
   145  0287  3408               	retlw	8
   146                           
   147                           	psect	idataBANK0
   148  0277                     __pidataBANK0:	
   149                           
   150                           ;initializer for _rakamlar
   151  0277  3440               	retlw	64
   152  0278  34F9               	retlw	249
   153  0279  3424               	retlw	36
   154  027A  3430               	retlw	48
   155  027B  3419               	retlw	25
   156  027C  3412               	retlw	18
   157  027D  3402               	retlw	2
   158  027E  34F8               	retlw	248
   159  027F  3400               	retlw	0
   160  0280  3410               	retlw	16
   161  0016                     _TMR1	set	22
   162  000C                     _PORTA	set	12
   163  005F                     _GIE	set	95
   164  005B                     _IOCIE	set	91
   165  0058                     _IOCIF	set	88
   166  005E                     _PEIE	set	94
   167  0060                     _RA0	set	96
   168  0065                     _RA5	set	101
   169  00C4                     _T1CKPS0	set	196
   170  00C5                     _T1CKPS1	set	197
   171  00C6                     _TMR1CS0	set	198
   172  00C7                     _TMR1CS1	set	199
   173  00CF                     _TMR1GE	set	207
   174  0088                     _TMR1IF	set	136
   175  00C0                     _TMR1ON	set	192
   176  008C                     _TRISA	set	140
   177  04CB                     _IRCF0	set	1227
   178  04CC                     _IRCF1	set	1228
   179  04CD                     _IRCF2	set	1229
   180  04CE                     _IRCF3	set	1230
   181  04C8                     _SCS0	set	1224
   182  04C9                     _SCS1	set	1225
   183  04CF                     _SPLLEN	set	1231
   184  0488                     _TMR1IE	set	1160
   185  0460                     _TRISA0	set	1120
   186  018C                     _ANSELA	set	396
   187  0393                     _IOCAF	set	915
   188  0392                     _IOCAN	set	914
   189  0391                     _IOCAP	set	913
   190  1C8B                     _IOCAP3	set	7307
   191                           
   192                           ; #config settings
   193  0000                     
   194                           	psect	cinit
   195  0056                     start_initialization:	
   196  0056                     __initialization:	
   197                           
   198                           ; Clear objects allocated to BANK0
   199  0056  01BA               	clrf	__pbssBANK0& (0+127)
   200  0057  01BB               	clrf	(__pbssBANK0+1)& (0+127)
   201  0058  01BC               	clrf	(__pbssBANK0+2)& (0+127)
   202                           
   203                           ; Initialize objects allocated to COMMON
   204  0059  3182  2287  3180   	fcall	__pidataCOMMON	;fetch initializer
   205  005C  00FD               	movwf	__pdataCOMMON& (0+127)
   206                           
   207                           ; Initialize objects allocated to BANK0
   208  005D  3077               	movlw	low __pidataBANK0
   209  005E  0084               	movwf	4
   210  005F  3082               	movlw	(high __pidataBANK0)| (0+128)
   211  0060  0085               	movwf	5
   212  0061  3030               	movlw	low __pdataBANK0
   213  0062  0086               	movwf	6
   214  0063  3000               	movlw	high __pdataBANK0
   215  0064  0087               	movwf	7
   216  0065  300A               	movlw	10
   217  0066  3182  2281         	fcall	init_ram
   218  0068                     end_of_initialization:	
   219                           ;End of C runtime variable initialization code
   220                           
   221  0068                     __end_of__initialization:	
   222  0068  107E               	bcf	int$flags,0	;clear compiler interrupt flag (level 1)
   223  0069  0020               	movlb	0
   224  006A  3181  2936         	ljmp	_main	;jump to C main() function
   225                           
   226                           	psect	dataCOMMON
   227  007D                     __pdataCOMMON:	
   228  007D                     _count_status:	
   229  007D                     	ds	1
   230                           
   231                           	psect	bssBANK0
   232  003A                     __pbssBANK0:	
   233  003A                     _SHIFT_REG_DATA:	
   234  003A                     	ds	1
   235  003B                     _second_count:	
   236  003B                     	ds	1
   237  003C                     _timer_count:	
   238  003C                     	ds	1
   239                           
   240                           	psect	dataBANK0
   241  0030                     __pdataBANK0:	
   242  0030                     _rakamlar:	
   243  0030                     	ds	10
   244                           
   245                           	psect	inittext
   246  0281                     init_ram:	
   247  0281  00FE               	movwf	126
   248  0282                     initloop:	
   249  0282  0012               	moviw fsr0++
   250  0283  001E               	movwi fsr1++
   251  0284  0BFE               	decfsz	126,f
   252  0285  2A82               	goto	initloop
   253  0286  3400               	retlw	0
   254                           
   255                           	psect	cstackCOMMON
   256  0070                     __pcstackCOMMON:	
   257  0070                     ?_shift_register:	
   258  0070                     ??_shift_register:	
   259                           ; 1 bytes @ 0x0
   260                           
   261  0070                     ?_display_number:	
   262                           ; 1 bytes @ 0x0
   263                           
   264  0070                     ?_FNC:	
   265                           ; 1 bytes @ 0x0
   266                           
   267  0070                     ?_DELAY:	
   268                           ; 1 bytes @ 0x0
   269                           
   270  0070                     ?_main:	
   271                           ; 1 bytes @ 0x0
   272                           
   273  0070                     ?___awdiv:	
   274                           ; 1 bytes @ 0x0
   275                           
   276  0070                     ?___awmod:	
   277                           ; 2 bytes @ 0x0
   278                           
   279  0070                     ___awdiv@divisor:	
   280                           ; 2 bytes @ 0x0
   281                           
   282  0070                     ___awmod@divisor:	
   283                           ; 2 bytes @ 0x0
   284                           
   285                           
   286                           ; 2 bytes @ 0x0
   287  0070                     	ds	1
   288  0071                     shift_register@data:	
   289                           
   290                           ; 1 bytes @ 0x1
   291  0071                     	ds	1
   292  0072                     shift_register@a:	
   293  0072                     ___awdiv@dividend:	
   294                           ; 2 bytes @ 0x2
   295                           
   296  0072                     ___awmod@dividend:	
   297                           ; 2 bytes @ 0x2
   298                           
   299                           
   300                           ; 2 bytes @ 0x2
   301  0072                     	ds	2
   302  0074                     ?_set_shift_pin:	
   303  0074                     ??___awdiv:	
   304                           ; 1 bytes @ 0x4
   305                           
   306  0074                     ??___awmod:	
   307                           ; 1 bytes @ 0x4
   308                           
   309  0074                     set_shift_pin@value:	
   310                           ; 1 bytes @ 0x4
   311                           
   312                           
   313                           ; 1 bytes @ 0x4
   314  0074                     	ds	1
   315  0075                     ??_set_shift_pin:	
   316  0075                     ___awdiv@counter:	
   317                           ; 1 bytes @ 0x5
   318                           
   319  0075                     ___awmod@counter:	
   320                           ; 1 bytes @ 0x5
   321                           
   322                           
   323                           ; 1 bytes @ 0x5
   324  0075                     	ds	1
   325  0076                     ___awdiv@sign:	
   326  0076                     ___awmod@sign:	
   327                           ; 1 bytes @ 0x6
   328                           
   329                           
   330                           ; 1 bytes @ 0x6
   331  0076                     	ds	1
   332  0077                     set_shift_pin@pin_number:	
   333  0077                     ___awdiv@quotient:	
   334                           ; 1 bytes @ 0x7
   335                           
   336                           
   337                           ; 2 bytes @ 0x7
   338  0077                     	ds	2
   339  0079                     ?_set_digit:	
   340  0079                     set_digit@value:	
   341                           ; 1 bytes @ 0x9
   342                           
   343                           
   344                           ; 1 bytes @ 0x9
   345  0079                     	ds	1
   346  007A                     ??_set_digit:	
   347                           
   348                           ; 1 bytes @ 0xA
   349  007A                     	ds	2
   350  007C                     display_number@rakam:	
   351                           
   352                           ; 1 bytes @ 0xC
   353  007C                     	ds	1
   354                           
   355                           	psect	cstackBANK0
   356  0020                     __pcstackBANK0:	
   357  0020                     set_digit@digit_number:	
   358                           
   359                           ; 1 bytes @ 0x0
   360  0020                     	ds	1
   361  0021                     set_digit@i:	
   362                           
   363                           ; 2 bytes @ 0x1
   364  0021                     	ds	2
   365  0023                     ??_display_number:	
   366                           
   367                           ; 1 bytes @ 0x3
   368  0023                     	ds	3
   369  0026                     ??_FNC:	
   370                           
   371                           ; 1 bytes @ 0x6
   372  0026                     	ds	2
   373  0028                     ??_DELAY:	
   374                           
   375                           ; 1 bytes @ 0x8
   376  0028                     	ds	2
   377  002A                     DELAY@number:	
   378                           
   379                           ; 1 bytes @ 0xA
   380  002A                     	ds	1
   381  002B                     DELAY@k:	
   382                           
   383                           ; 1 bytes @ 0xB
   384  002B                     	ds	1
   385  002C                     ??_main:	
   386                           
   387                           ; 1 bytes @ 0xC
   388  002C                     	ds	3
   389  002F                     main@rakam:	
   390                           
   391                           ; 1 bytes @ 0xF
   392  002F                     	ds	1
   393                           
   394                           	psect	maintext
   395  0136                     __pmaintext:	
   396 ;;
   397 ;;Main: autosize = 0, tempsize = 3, incstack = 0, save=0
   398 ;;
   399 ;; *************** function _main *****************
   400 ;; Defined at:
   401 ;;		line 39 in file "PIC12F1840OneShiftRegCounter.c"
   402 ;; Parameters:    Size  Location     Type
   403 ;;		None
   404 ;; Auto vars:     Size  Location     Type
   405 ;;  rakam           1   15[BANK0 ] unsigned char 
   406 ;; Return value:  Size  Location     Type
   407 ;;                  1    wreg      void 
   408 ;; Registers used:
   409 ;;		wreg, status,2, status,0, pclath, cstack
   410 ;; Tracked objects:
   411 ;;		On entry : B1F/0
   412 ;;		On exit  : 0/0
   413 ;;		Unchanged: 0/0
   414 ;; Data sizes:     COMMON   BANK0   BANK1   BANK2
   415 ;;      Params:         0       0       0       0
   416 ;;      Locals:         0       1       0       0
   417 ;;      Temps:          0       3       0       0
   418 ;;      Totals:         0       4       0       0
   419 ;;Total ram usage:        4 bytes
   420 ;; Hardware stack levels required when called:    6
   421 ;; This function calls:
   422 ;;		_DELAY
   423 ;; This function is called by:
   424 ;;		Startup code after reset
   425 ;; This function uses a non-reentrant model
   426 ;;
   427                           
   428                           
   429                           ;psect for function _main
   430  0136                     _main:	
   431                           
   432                           ;PIC12F1840OneShiftRegCounter.c: 41: ANSELA = 0;
   433                           
   434                           ;incstack = 0
   435                           ; Regs used in _main: [wreg+status,2+status,0+pclath+cstack]
   436  0136  0023               	movlb	3	; select bank3
   437  0137  018C               	clrf	12	;volatile
   438                           
   439                           ;PIC12F1840OneShiftRegCounter.c: 43: TRISA = 0;
   440  0138  0021               	movlb	1	; select bank1
   441  0139  018C               	clrf	12	;volatile
   442                           
   443                           ;PIC12F1840OneShiftRegCounter.c: 45: SPLLEN = 0;
   444  013A  1399               	bcf	25,7	;volatile
   445                           
   446                           ;PIC12F1840OneShiftRegCounter.c: 50: IRCF3 = 1;
   447  013B  1719               	bsf	25,6	;volatile
   448                           
   449                           ;PIC12F1840OneShiftRegCounter.c: 51: IRCF2 = 1;
   450  013C  1699               	bsf	25,5	;volatile
   451                           
   452                           ;PIC12F1840OneShiftRegCounter.c: 52: IRCF1 = 1;
   453  013D  1619               	bsf	25,4	;volatile
   454                           
   455                           ;PIC12F1840OneShiftRegCounter.c: 53: IRCF0 = 0;
   456  013E  1199               	bcf	25,3	;volatile
   457                           
   458                           ;PIC12F1840OneShiftRegCounter.c: 55: SCS1 = 1 ;
   459  013F  1499               	bsf	25,1	;volatile
   460                           
   461                           ;PIC12F1840OneShiftRegCounter.c: 56: SCS0 = 0;
   462  0140  1019               	bcf	25,0	;volatile
   463                           
   464                           ;PIC12F1840OneShiftRegCounter.c: 58: IOCAN = 0;
   465  0141  0027               	movlb	7	; select bank7
   466  0142  0192               	clrf	18	;volatile
   467                           
   468                           ;PIC12F1840OneShiftRegCounter.c: 59: IOCAP = 0;
   469  0143  0191               	clrf	17	;volatile
   470                           
   471                           ;PIC12F1840OneShiftRegCounter.c: 61: IOCAP3 = 1;
   472  0144  1591               	bsf	17,3	;volatile
   473                           
   474                           ;PIC12F1840OneShiftRegCounter.c: 62: IOCIE = 1;
   475  0145  158B               	bsf	11,3	;volatile
   476                           
   477                           ;PIC12F1840OneShiftRegCounter.c: 63: IOCIF = 0;
   478  0146  100B               	bcf	11,0	;volatile
   479                           
   480                           ;PIC12F1840OneShiftRegCounter.c: 64: DELAY(120);
   481  0147  3078               	movlw	120
   482  0148  3182  2261  3181   	fcall	_DELAY
   483                           
   484                           ;PIC12F1840OneShiftRegCounter.c: 66: TMR1 = 0 ;
   485  014B  0020               	movlb	0	; select bank0
   486  014C  0196               	clrf	22	;volatile
   487  014D  0197               	clrf	23	;volatile
   488                           
   489                           ;PIC12F1840OneShiftRegCounter.c: 69: TMR1CS1 = 0 ;
   490  014E  1398               	bcf	24,7	;volatile
   491                           
   492                           ;PIC12F1840OneShiftRegCounter.c: 70: TMR1CS0 = 1 ;
   493  014F  1718               	bsf	24,6	;volatile
   494                           
   495                           ;PIC12F1840OneShiftRegCounter.c: 73: T1CKPS1 = 1 ;
   496  0150  1698               	bsf	24,5	;volatile
   497                           
   498                           ;PIC12F1840OneShiftRegCounter.c: 74: T1CKPS0 = 1 ;
   499  0151  1618               	bsf	24,4	;volatile
   500                           
   501                           ;PIC12F1840OneShiftRegCounter.c: 76: TMR1IF = 0 ;
   502  0152  1011               	bcf	17,0	;volatile
   503                           
   504                           ;PIC12F1840OneShiftRegCounter.c: 77: TMR1GE = 0 ;
   505  0153  1399               	bcf	25,7	;volatile
   506                           
   507                           ;PIC12F1840OneShiftRegCounter.c: 80: TMR1 = 15535 ;
   508  0154  303C               	movlw	60
   509  0155  0097               	movwf	23	;volatile
   510  0156  30AF               	movlw	175
   511  0157  0096               	movwf	22	;volatile
   512                           
   513                           ;PIC12F1840OneShiftRegCounter.c: 83: TMR1IE = 1 ;
   514  0158  0021               	movlb	1	; select bank1
   515  0159  1411               	bsf	17,0	;volatile
   516                           
   517                           ;PIC12F1840OneShiftRegCounter.c: 89: DELAY(100);
   518  015A  3064               	movlw	100
   519  015B  3182  2261  3181   	fcall	_DELAY
   520                           
   521                           ;PIC12F1840OneShiftRegCounter.c: 90: PORTA = 0;
   522  015E  0020               	movlb	0	; select bank0
   523  015F  018C               	clrf	12	;volatile
   524                           
   525                           ;PIC12F1840OneShiftRegCounter.c: 91: TRISA0 = 0;
   526  0160  0021               	movlb	1	; select bank1
   527  0161  100C               	bcf	12,0	;volatile
   528                           
   529                           ;PIC12F1840OneShiftRegCounter.c: 92: RA0=1;
   530  0162  0020               	movlb	0	; select bank0
   531  0163  140C               	bsf	12,0	;volatile
   532                           
   533                           ;PIC12F1840OneShiftRegCounter.c: 93: DELAY(100);
   534  0164  3064               	movlw	100
   535  0165  3182  2261  3181   	fcall	_DELAY
   536                           
   537                           ;PIC12F1840OneShiftRegCounter.c: 94: PEIE = 1;
   538  0168  170B               	bsf	11,6	;volatile
   539                           
   540                           ;PIC12F1840OneShiftRegCounter.c: 97: byte rakam = 0;
   541  0169  0020               	movlb	0	; select bank0
   542  016A  01AF               	clrf	main@rakam
   543                           
   544                           ;PIC12F1840OneShiftRegCounter.c: 98: GIE = 1;
   545  016B  178B               	bsf	11,7	;volatile
   546  016C                     l1103:	
   547                           ;PIC12F1840OneShiftRegCounter.c: 100: while(1)
   548                           
   549                           
   550                           ;PIC12F1840OneShiftRegCounter.c: 101: {
   551                           ;PIC12F1840OneShiftRegCounter.c: 102: if(count_status == 8)
   552  016C  3008               	movlw	8
   553  016D  067D               	xorwf	_count_status,w
   554  016E  1D03               	btfss	3,2
   555  016F  2973               	goto	l124
   556                           
   557                           ;PIC12F1840OneShiftRegCounter.c: 103: RA5 = ~RA5;
   558  0170  3020               	movlw	32
   559  0171  0020               	movlb	0	; select bank0
   560  0172  068C               	xorwf	12,f
   561  0173                     l124:	
   562                           
   563                           ;PIC12F1840OneShiftRegCounter.c: 104: _delay((unsigned long)((1000)*(8000000/4000.0)));
   564  0173  300B               	movlw	11
   565  0174  0020               	movlb	0	; select bank0
   566  0175  00AE               	movwf	??_main+2
   567  0176  3026               	movlw	38
   568  0177  00AD               	movwf	??_main+1
   569  0178  3066               	movlw	102
   570  0179  00AC               	movwf	??_main
   571  017A                     u847:	
   572  017A  0BAC               	decfsz	??_main,f
   573  017B  297A               	goto	u847
   574  017C  0BAD               	decfsz	??_main+1,f
   575  017D  297A               	goto	u847
   576  017E  0BAE               	decfsz	??_main+2,f
   577  017F  297A               	goto	u847
   578  0180  3200               	nop2
   579  0181  296C               	goto	l1103
   580  0182                     __end_of_main:	
   581                           
   582                           	psect	text1
   583  0261                     __ptext1:	
   584 ;; *************** function _DELAY *****************
   585 ;; Defined at:
   586 ;;		line 27 in file "PIC12F1840OneShiftRegCounter.c"
   587 ;; Parameters:    Size  Location     Type
   588 ;;  number          1    wreg     unsigned char 
   589 ;; Auto vars:     Size  Location     Type
   590 ;;  number          1   10[BANK0 ] unsigned char 
   591 ;;  k               1   11[BANK0 ] unsigned char 
   592 ;; Return value:  Size  Location     Type
   593 ;;                  1    wreg      void 
   594 ;; Registers used:
   595 ;;		wreg, status,2, status,0
   596 ;; Tracked objects:
   597 ;;		On entry : 0/0
   598 ;;		On exit  : 0/0
   599 ;;		Unchanged: 0/0
   600 ;; Data sizes:     COMMON   BANK0   BANK1   BANK2
   601 ;;      Params:         0       0       0       0
   602 ;;      Locals:         0       2       0       0
   603 ;;      Temps:          0       2       0       0
   604 ;;      Totals:         0       4       0       0
   605 ;;Total ram usage:        4 bytes
   606 ;; Hardware stack levels used:    1
   607 ;; Hardware stack levels required when called:    5
   608 ;; This function calls:
   609 ;;		Nothing
   610 ;; This function is called by:
   611 ;;		_main
   612 ;; This function uses a non-reentrant model
   613 ;;
   614                           
   615                           
   616                           ;psect for function _DELAY
   617  0261                     _DELAY:	
   618                           
   619                           ;incstack = 0
   620                           ; Regs used in _DELAY: [wreg+status,2+status,0]
   621                           ;DELAY@number stored from wreg
   622  0261  0020               	movlb	0	; select bank0
   623  0262  00AA               	movwf	DELAY@number
   624                           
   625                           ;PIC12F1840OneShiftRegCounter.c: 29: for(byte k=0; k != number; k++)
   626  0263  01AB               	clrf	DELAY@k
   627  0264                     l1001:	
   628  0264  082B               	movf	DELAY@k,w
   629  0265  062A               	xorwf	DELAY@number,w
   630  0266  1903               	btfsc	3,2
   631  0267  0008               	return
   632                           
   633                           ;PIC12F1840OneShiftRegCounter.c: 30: _delay((unsigned long)((1)*(8000000/4000.0)));
   634  0268  3003               	movlw	3
   635  0269  00A9               	movwf	??_DELAY+1
   636  026A  3097               	movlw	151
   637  026B  00A8               	movwf	??_DELAY
   638  026C                     u857:	
   639  026C  0BA8               	decfsz	??_DELAY,f
   640  026D  2A6C               	goto	u857
   641  026E  0BA9               	decfsz	??_DELAY+1,f
   642  026F  2A6C               	goto	u857
   643  0270  3200               	nop2
   644  0271  3001               	movlw	1
   645  0272  0020               	movlb	0	; select bank0
   646  0273  00A8               	movwf	??_DELAY
   647  0274  0828               	movf	??_DELAY,w
   648  0275  07AB               	addwf	DELAY@k,f
   649  0276  2A64               	goto	l1001
   650  0277                     __end_of_DELAY:	
   651                           
   652                           	psect	intentry
   653  0004                     __pintentry:	
   654 ;; *************** function _FNC *****************
   655 ;; Defined at:
   656 ;;		line 22 in file "INTERRUPT.h"
   657 ;; Parameters:    Size  Location     Type
   658 ;;		None
   659 ;; Auto vars:     Size  Location     Type
   660 ;;		None
   661 ;; Return value:  Size  Location     Type
   662 ;;                  1    wreg      void 
   663 ;; Registers used:
   664 ;;		wreg, fsr1l, fsr1h, status,2, status,0, pclath, cstack
   665 ;; Tracked objects:
   666 ;;		On entry : 0/0
   667 ;;		On exit  : 0/0
   668 ;;		Unchanged: 0/0
   669 ;; Data sizes:     COMMON   BANK0   BANK1   BANK2
   670 ;;      Params:         0       0       0       0
   671 ;;      Locals:         0       0       0       0
   672 ;;      Temps:          0       2       0       0
   673 ;;      Totals:         0       2       0       0
   674 ;;Total ram usage:        2 bytes
   675 ;; Hardware stack levels used:    1
   676 ;; Hardware stack levels required when called:    4
   677 ;; This function calls:
   678 ;;		_display_number
   679 ;; This function is called by:
   680 ;;		Interrupt level 1
   681 ;; This function uses a non-reentrant model
   682 ;;
   683                           
   684  0004                     _FNC:	
   685                           
   686                           ;incstack = 0
   687                           ; Regs used in _FNC: [wreg+fsr1l+fsr1h+status,2+status,0+pclath+cstack]
   688  0004  147E               	bsf	126,0	;set compiler interrupt flag (level 1)
   689  0005  3180               	pagesel	$
   690  0006  0020               	movlb	0	; select bank0
   691  0007  087F               	movf	127,w
   692  0008  00A7               	movwf	??_FNC+1
   693                           
   694                           ;INTERRUPT.h: 24: if(TMR1IF == 1)
   695  0009  1C11               	btfss	17,0	;volatile
   696  000A  2832               	goto	i1l99
   697                           
   698                           ;INTERRUPT.h: 25: { TMR1ON = 0;
   699  000B  1018               	bcf	24,0	;volatile
   700                           
   701                           ;INTERRUPT.h: 26: timer_count ++;
   702  000C  3001               	movlw	1
   703  000D  00A6               	movwf	??_FNC
   704  000E  0826               	movf	??_FNC,w
   705  000F  07BC               	addwf	_timer_count,f
   706                           
   707                           ;INTERRUPT.h: 27: if(timer_count == 20)
   708  0010  3014               	movlw	20
   709  0011  063C               	xorwf	_timer_count,w
   710  0012  1D03               	btfss	3,2
   711  0013  2826               	goto	i1l1021
   712                           
   713                           ;INTERRUPT.h: 28: {
   714                           ;INTERRUPT.h: 29: timer_count = 0;
   715  0014  01BC               	clrf	_timer_count
   716                           
   717                           ;INTERRUPT.h: 30: second_count ++;
   718  0015  3001               	movlw	1
   719  0016  00A6               	movwf	??_FNC
   720  0017  0826               	movf	??_FNC,w
   721  0018  07BB               	addwf	_second_count,f
   722                           
   723                           ;INTERRUPT.h: 31: if(second_count == 99)
   724  0019  3063               	movlw	99
   725  001A  063B               	xorwf	_second_count,w
   726  001B  1D03               	btfss	3,2
   727  001C  2822               	goto	i1l1019
   728                           
   729                           ;INTERRUPT.h: 32: {
   730                           ;INTERRUPT.h: 34: TMR1ON = 0;
   731  001D  1018               	bcf	24,0	;volatile
   732                           
   733                           ;INTERRUPT.h: 35: count_status = 8;
   734  001E  3008               	movlw	8
   735  001F  00A6               	movwf	??_FNC
   736  0020  0826               	movf	??_FNC,w
   737  0021  00FD               	movwf	_count_status
   738  0022                     i1l1019:	
   739                           
   740                           ;INTERRUPT.h: 36: }
   741                           ;INTERRUPT.h: 38: display_number(second_count);
   742  0022  083B               	movf	_second_count,w
   743  0023  3182  2202  3180   	fcall	_display_number
   744  0026                     i1l1021:	
   745                           
   746                           ;INTERRUPT.h: 39: }
   747                           ;INTERRUPT.h: 41: TMR1 = 15535;
   748  0026  303C               	movlw	60
   749  0027  0020               	movlb	0	; select bank0
   750  0028  0097               	movwf	23	;volatile
   751  0029  30AF               	movlw	175
   752  002A  0096               	movwf	22	;volatile
   753                           
   754                           ;INTERRUPT.h: 42: TMR1IF = 0;
   755  002B  1011               	bcf	17,0	;volatile
   756                           
   757                           ;INTERRUPT.h: 43: if(count_status != 8)
   758  002C  3008               	movlw	8
   759  002D  067D               	xorwf	_count_status,w
   760  002E  1903               	btfsc	3,2
   761  002F  284F               	goto	i1l108
   762                           
   763                           ;INTERRUPT.h: 44: {
   764                           ;INTERRUPT.h: 45: TMR1ON = 1;
   765  0030  1418               	bsf	24,0	;volatile
   766                           
   767                           ;INTERRUPT.h: 46: }
   768                           ;INTERRUPT.h: 47: }
   769  0031  284F               	goto	i1l108
   770  0032                     i1l99:	
   771                           
   772                           ;INTERRUPT.h: 48: else
   773                           ;INTERRUPT.h: 50: if(IOCIF == 1)
   774  0032  1C0B               	btfss	11,0	;volatile
   775  0033  284F               	goto	i1l108
   776                           
   777                           ;INTERRUPT.h: 51: {
   778                           ;INTERRUPT.h: 52: if(count_status == 8)
   779  0034  3008               	movlw	8
   780  0035  067D               	xorwf	_count_status,w
   781  0036  1D03               	btfss	3,2
   782  0037  2843               	goto	i1l1039
   783                           
   784                           ;INTERRUPT.h: 53: {
   785                           ;INTERRUPT.h: 54: count_status = 9;
   786  0038  3009               	movlw	9
   787  0039  00A6               	movwf	??_FNC
   788  003A  0826               	movf	??_FNC,w
   789  003B  00FD               	movwf	_count_status
   790                           
   791                           ;INTERRUPT.h: 55: TMR1 = 15535;
   792  003C  303C               	movlw	60
   793  003D  0097               	movwf	23	;volatile
   794  003E  30AF               	movlw	175
   795  003F  0096               	movwf	22	;volatile
   796                           
   797                           ;INTERRUPT.h: 56: second_count = 0;
   798  0040  01BB               	clrf	_second_count
   799                           
   800                           ;INTERRUPT.h: 57: TMR1ON = 1;
   801  0041  1418               	bsf	24,0	;volatile
   802                           
   803                           ;INTERRUPT.h: 58: }
   804  0042  284C               	goto	i1l1045
   805  0043                     i1l1039:	
   806                           
   807                           ;INTERRUPT.h: 59: else if(count_status == 9)
   808  0043  3009               	movlw	9
   809  0044  067D               	xorwf	_count_status,w
   810  0045  1D03               	btfss	3,2
   811  0046  284C               	goto	i1l1045
   812                           
   813                           ;INTERRUPT.h: 60: {
   814                           ;INTERRUPT.h: 61: count_status = 8;
   815  0047  3008               	movlw	8
   816  0048  00A6               	movwf	??_FNC
   817  0049  0826               	movf	??_FNC,w
   818  004A  00FD               	movwf	_count_status
   819                           
   820                           ;INTERRUPT.h: 62: TMR1ON = 0;
   821  004B  1018               	bcf	24,0	;volatile
   822  004C                     i1l1045:	
   823                           
   824                           ;INTERRUPT.h: 64: }
   825                           ;INTERRUPT.h: 66: IOCIF = 0;
   826  004C  100B               	bcf	11,0	;volatile
   827                           
   828                           ;INTERRUPT.h: 67: IOCAF = 0;
   829  004D  0027               	movlb	7	; select bank7
   830  004E  0193               	clrf	19	;volatile
   831  004F                     i1l108:	
   832  004F  0020               	movlb	0	; select bank0
   833  0050  0827               	movf	??_FNC+1,w
   834  0051  00FF               	movwf	127
   835  0052  107E               	bcf	126,0	;clear compiler interrupt flag (level 1)
   836  0053  0009               	retfie
   837  0054                     __end_of_FNC:	
   838                           
   839                           	psect	text3
   840  0202                     __ptext3:	
   841 ;; *************** function _display_number *****************
   842 ;; Defined at:
   843 ;;		line 120 in file "OneShiftRegisterSevenSegment.h"
   844 ;; Parameters:    Size  Location     Type
   845 ;;  rakam           1    wreg     unsigned char 
   846 ;; Auto vars:     Size  Location     Type
   847 ;;  rakam           1   12[COMMON] unsigned char 
   848 ;; Return value:  Size  Location     Type
   849 ;;                  1    wreg      void 
   850 ;; Registers used:
   851 ;;		wreg, fsr1l, fsr1h, status,2, status,0, pclath, cstack
   852 ;; Tracked objects:
   853 ;;		On entry : 0/0
   854 ;;		On exit  : 0/0
   855 ;;		Unchanged: 0/0
   856 ;; Data sizes:     COMMON   BANK0   BANK1   BANK2
   857 ;;      Params:         0       0       0       0
   858 ;;      Locals:         1       0       0       0
   859 ;;      Temps:          0       3       0       0
   860 ;;      Totals:         1       3       0       0
   861 ;;Total ram usage:        4 bytes
   862 ;; Hardware stack levels used:    1
   863 ;; Hardware stack levels required when called:    3
   864 ;; This function calls:
   865 ;;		___awdiv
   866 ;;		___awmod
   867 ;;		_set_digit
   868 ;; This function is called by:
   869 ;;		_FNC
   870 ;; This function uses a non-reentrant model
   871 ;;
   872                           
   873                           
   874                           ;psect for function _display_number
   875  0202                     _display_number:	
   876                           
   877                           ;incstack = 0
   878                           ; Regs used in _display_number: [wreg+fsr1l+fsr1h+status,2+status,0+pclath+cstack]
   879                           ;display_number@rakam stored from wreg
   880  0202  00FC               	movwf	display_number@rakam
   881                           
   882                           ;OneShiftRegisterSevenSegment.h: 123: set_digit(2, rakamlar[rakam%10]);
   883  0203  300A               	movlw	10
   884  0204  00F0               	movwf	___awmod@divisor
   885  0205  3000               	movlw	0
   886  0206  00F1               	movwf	___awmod@divisor+1
   887  0207  087C               	movf	display_number@rakam,w
   888  0208  0020               	movlb	0	; select bank0
   889  0209  00A3               	movwf	??_display_number
   890  020A  01A4               	clrf	??_display_number+1
   891  020B  0823               	movf	??_display_number,w
   892  020C  00F2               	movwf	___awmod@dividend
   893  020D  0824               	movf	??_display_number+1,w
   894  020E  00F3               	movwf	___awmod@dividend+1
   895  020F  3181  2182  3182   	fcall	___awmod
   896  0212  0870               	movf	?___awmod,w
   897  0213  3E30               	addlw	(low (_rakamlar| 0))& (0+255)
   898  0214  0086               	movwf	6
   899  0215  0187               	clrf	7
   900  0216  0801               	movf	1,w
   901  0217  0020               	movlb	0	; select bank0
   902  0218  00A5               	movwf	??_display_number+2
   903  0219  0825               	movf	??_display_number+2,w
   904  021A  00F9               	movwf	set_digit@value
   905  021B  3002               	movlw	2
   906  021C  3180  206C  3182   	fcall	_set_digit
   907                           
   908                           ;OneShiftRegisterSevenSegment.h: 124: set_digit(1, rakamlar[rakam/10]);
   909  021F  300A               	movlw	10
   910  0220  00F0               	movwf	___awdiv@divisor
   911  0221  3000               	movlw	0
   912  0222  00F1               	movwf	___awdiv@divisor+1
   913  0223  087C               	movf	display_number@rakam,w
   914  0224  0020               	movlb	0	; select bank0
   915  0225  00A3               	movwf	??_display_number
   916  0226  01A4               	clrf	??_display_number+1
   917  0227  0823               	movf	??_display_number,w
   918  0228  00F2               	movwf	___awdiv@dividend
   919  0229  0824               	movf	??_display_number+1,w
   920  022A  00F3               	movwf	___awdiv@dividend+1
   921  022B  3180  20E5  3182   	fcall	___awdiv
   922  022E  0870               	movf	?___awdiv,w
   923  022F  3E30               	addlw	(low (_rakamlar| 0))& (0+255)
   924  0230  0086               	movwf	6
   925  0231  0187               	clrf	7
   926  0232  0801               	movf	1,w
   927  0233  0020               	movlb	0	; select bank0
   928  0234  00A5               	movwf	??_display_number+2
   929  0235  0825               	movf	??_display_number+2,w
   930  0236  00F9               	movwf	set_digit@value
   931  0237  3001               	movlw	1
   932  0238  3180  206C         	fcall	_set_digit
   933  023A  0008               	return
   934  023B                     __end_of_display_number:	
   935                           
   936                           	psect	text4
   937  006C                     __ptext4:	
   938 ;; *************** function _set_digit *****************
   939 ;; Defined at:
   940 ;;		line 89 in file "OneShiftRegisterSevenSegment.h"
   941 ;; Parameters:    Size  Location     Type
   942 ;;  digit_number    1    wreg     unsigned char 
   943 ;;  value           1    9[COMMON] unsigned char 
   944 ;; Auto vars:     Size  Location     Type
   945 ;;  digit_number    1    0[BANK0 ] unsigned char 
   946 ;;  i               2    1[BANK0 ] int 
   947 ;; Return value:  Size  Location     Type
   948 ;;                  1    wreg      void 
   949 ;; Registers used:
   950 ;;		wreg, status,2, status,0, pclath, cstack
   951 ;; Tracked objects:
   952 ;;		On entry : 0/0
   953 ;;		On exit  : 0/0
   954 ;;		Unchanged: 0/0
   955 ;; Data sizes:     COMMON   BANK0   BANK1   BANK2
   956 ;;      Params:         1       0       0       0
   957 ;;      Locals:         0       3       0       0
   958 ;;      Temps:          2       0       0       0
   959 ;;      Totals:         3       3       0       0
   960 ;;Total ram usage:        6 bytes
   961 ;; Hardware stack levels used:    1
   962 ;; Hardware stack levels required when called:    2
   963 ;; This function calls:
   964 ;;		_set_shift_pin
   965 ;; This function is called by:
   966 ;;		_display_number
   967 ;; This function uses a non-reentrant model
   968 ;;
   969                           
   970                           
   971                           ;psect for function _set_digit
   972  006C                     _set_digit:	
   973                           
   974                           ;incstack = 0
   975                           ; Regs used in _set_digit: [wreg+status,2+status,0+pclath+cstack]
   976                           ;set_digit@digit_number stored from wreg
   977  006C  0020               	movlb	0	; select bank0
   978  006D  00A0               	movwf	set_digit@digit_number
   979                           
   980                           ;OneShiftRegisterSevenSegment.h: 91: for(int i = 7; i > -1 ; i--)
   981  006E  3007               	movlw	7
   982  006F  00A1               	movwf	set_digit@i
   983  0070  3000               	movlw	0
   984  0071  00A2               	movwf	set_digit@i+1
   985  0072  1BA2               	btfsc	set_digit@i+1,7
   986  0073  28AB               	goto	i1l895
   987  0074                     i1l885:	
   988                           
   989                           ;OneShiftRegisterSevenSegment.h: 92: {
   990                           ;OneShiftRegisterSevenSegment.h: 93: set_shift_pin(1, (value >> (i))&0x1);
   991  0074  0879               	movf	set_digit@value,w
   992  0075  00FA               	movwf	??_set_digit
   993  0076  0A21               	incf	set_digit@i,w
   994  0077  2879               	goto	u52_24
   995  0078                     u52_25:	
   996  0078  36FA               	lsrf	??_set_digit,f
   997  0079                     u52_24:	
   998  0079  0B89               	decfsz	9,f
   999  007A  2878               	goto	u52_25
  1000  007B  087A               	movf	??_set_digit,w
  1001  007C  3901               	andlw	1
  1002  007D  00FB               	movwf	??_set_digit+1
  1003  007E  087B               	movf	??_set_digit+1,w
  1004  007F  00F4               	movwf	set_shift_pin@value
  1005  0080  3001               	movlw	1
  1006  0081  3182  223B  3180   	fcall	_set_shift_pin
  1007                           
  1008                           ;OneShiftRegisterSevenSegment.h: 94: _delay((unsigned long)((3)*(8000000/4000000.0)));
  1009  0084  3200               	nop2	;2 cycle nop
  1010  0085  3200               	nop2	;2 cycle nop
  1011  0086  3200               	nop2	;2 cycle nop
  1012                           
  1013                           ;OneShiftRegisterSevenSegment.h: 95: set_shift_pin(0, 1);
  1014  0087  01F4               	clrf	set_shift_pin@value
  1015  0088  0AF4               	incf	set_shift_pin@value,f
  1016  0089  3000               	movlw	0
  1017  008A  3182  223B  3180   	fcall	_set_shift_pin
  1018                           
  1019                           ;OneShiftRegisterSevenSegment.h: 96: _delay((unsigned long)((1)*(8000000/4000.0)));
  1020  008D  3003               	movlw	3
  1021  008E  00FB               	movwf	??_set_digit+1
  1022  008F  3097               	movlw	151
  1023  0090  00FA               	movwf	??_set_digit
  1024  0091                     u86_27:	
  1025  0091  0BFA               	decfsz	??_set_digit,f
  1026  0092  2891               	goto	u86_27
  1027  0093  0BFB               	decfsz	??_set_digit+1,f
  1028  0094  2891               	goto	u86_27
  1029  0095  3200               	nop2
  1030                           
  1031                           ;OneShiftRegisterSevenSegment.h: 97: set_shift_pin(0, 0);
  1032  0096  01F4               	clrf	set_shift_pin@value
  1033  0097  3000               	movlw	0
  1034  0098  3182  223B  3180   	fcall	_set_shift_pin
  1035                           
  1036                           ;OneShiftRegisterSevenSegment.h: 98: _delay((unsigned long)((1)*(8000000/4000.0)));
  1037  009B  3003               	movlw	3
  1038  009C  00FB               	movwf	??_set_digit+1
  1039  009D  3097               	movlw	151
  1040  009E  00FA               	movwf	??_set_digit
  1041  009F                     u87_27:	
  1042  009F  0BFA               	decfsz	??_set_digit,f
  1043  00A0  289F               	goto	u87_27
  1044  00A1  0BFB               	decfsz	??_set_digit+1,f
  1045  00A2  289F               	goto	u87_27
  1046  00A3  3200               	nop2
  1047  00A4  30FF               	movlw	255
  1048  00A5  0020               	movlb	0	; select bank0
  1049  00A6  07A1               	addwf	set_digit@i,f
  1050  00A7  30FF               	movlw	255
  1051  00A8  3DA2               	addwfc	set_digit@i+1,f
  1052  00A9  1FA2               	btfss	set_digit@i+1,7
  1053  00AA  2874               	goto	i1l885
  1054  00AB                     i1l895:	
  1055                           
  1056                           ;OneShiftRegisterSevenSegment.h: 99: }
  1057                           ;OneShiftRegisterSevenSegment.h: 101: if(digit_number == 1)
  1058  00AB  0320               	decf	set_digit@digit_number,w
  1059  00AC  1D03               	btfss	3,2
  1060  00AD  28C7               	goto	i1l903
  1061                           
  1062                           ;OneShiftRegisterSevenSegment.h: 102: {
  1063                           ;OneShiftRegisterSevenSegment.h: 103: set_shift_pin(2, 1);
  1064  00AE  01F4               	clrf	set_shift_pin@value
  1065  00AF  0AF4               	incf	set_shift_pin@value,f
  1066  00B0  3002               	movlw	2
  1067  00B1  3182  223B  3180   	fcall	_set_shift_pin
  1068                           
  1069                           ;OneShiftRegisterSevenSegment.h: 104: _delay((unsigned long)((1)*(8000000/4000.0)));
  1070  00B4  3003               	movlw	3
  1071  00B5  00FB               	movwf	??_set_digit+1
  1072  00B6  3097               	movlw	151
  1073  00B7  00FA               	movwf	??_set_digit
  1074  00B8                     u88_27:	
  1075  00B8  0BFA               	decfsz	??_set_digit,f
  1076  00B9  28B8               	goto	u88_27
  1077  00BA  0BFB               	decfsz	??_set_digit+1,f
  1078  00BB  28B8               	goto	u88_27
  1079  00BC  3200               	nop2
  1080                           
  1081                           ;OneShiftRegisterSevenSegment.h: 105: set_shift_pin(2, 0);
  1082  00BD  01F4               	clrf	set_shift_pin@value
  1083  00BE  3002               	movlw	2
  1084  00BF  3182  223B  3180   	fcall	_set_shift_pin
  1085                           
  1086                           ;OneShiftRegisterSevenSegment.h: 106: _delay((unsigned long)((5)*(8000000/4000000.0)));
  1087  00C2  3003               	movlw	3
  1088  00C3  00FA               	movwf	??_set_digit
  1089  00C4                     u89_27:	
  1090  00C4  0BFA               	decfsz	??_set_digit,f
  1091  00C5  28C4               	goto	u89_27
  1092                           
  1093                           ;OneShiftRegisterSevenSegment.h: 107: }
  1094  00C6  0008               	return
  1095  00C7                     i1l903:	
  1096                           
  1097                           ;OneShiftRegisterSevenSegment.h: 108: else if(digit_number == 2)
  1098  00C7  3002               	movlw	2
  1099  00C8  0020               	movlb	0	; select bank0
  1100  00C9  0620               	xorwf	set_digit@digit_number,w
  1101  00CA  1D03               	btfss	3,2
  1102  00CB  0008               	return
  1103                           
  1104                           ;OneShiftRegisterSevenSegment.h: 109: {
  1105                           ;OneShiftRegisterSevenSegment.h: 110: set_shift_pin(3, 1);
  1106  00CC  01F4               	clrf	set_shift_pin@value
  1107  00CD  0AF4               	incf	set_shift_pin@value,f
  1108  00CE  3003               	movlw	3
  1109  00CF  3182  223B  3180   	fcall	_set_shift_pin
  1110                           
  1111                           ;OneShiftRegisterSevenSegment.h: 111: _delay((unsigned long)((1)*(8000000/4000.0)));
  1112  00D2  3003               	movlw	3
  1113  00D3  00FB               	movwf	??_set_digit+1
  1114  00D4  3097               	movlw	151
  1115  00D5  00FA               	movwf	??_set_digit
  1116  00D6                     u90_27:	
  1117  00D6  0BFA               	decfsz	??_set_digit,f
  1118  00D7  28D6               	goto	u90_27
  1119  00D8  0BFB               	decfsz	??_set_digit+1,f
  1120  00D9  28D6               	goto	u90_27
  1121  00DA  3200               	nop2
  1122                           
  1123                           ;OneShiftRegisterSevenSegment.h: 112: set_shift_pin(3, 0);
  1124  00DB  01F4               	clrf	set_shift_pin@value
  1125  00DC  3003               	movlw	3
  1126  00DD  3182  223B  3180   	fcall	_set_shift_pin
  1127                           
  1128                           ;OneShiftRegisterSevenSegment.h: 113: _delay((unsigned long)((5)*(8000000/4000000.0)));
  1129  00E0  3003               	movlw	3
  1130  00E1  00FA               	movwf	??_set_digit
  1131  00E2                     u91_27:	
  1132  00E2  0BFA               	decfsz	??_set_digit,f
  1133  00E3  28E2               	goto	u91_27
  1134  00E4  0008               	return
  1135  00E5                     __end_of_set_digit:	
  1136                           
  1137                           	psect	text5
  1138  023B                     __ptext5:	
  1139 ;; *************** function _set_shift_pin *****************
  1140 ;; Defined at:
  1141 ;;		line 65 in file "OneShiftRegisterSevenSegment.h"
  1142 ;; Parameters:    Size  Location     Type
  1143 ;;  pin_number      1    wreg     unsigned char 
  1144 ;;  value           1    4[COMMON] unsigned char 
  1145 ;; Auto vars:     Size  Location     Type
  1146 ;;  pin_number      1    7[COMMON] unsigned char 
  1147 ;; Return value:  Size  Location     Type
  1148 ;;                  1    wreg      void 
  1149 ;; Registers used:
  1150 ;;		wreg, status,2, status,0, pclath, cstack
  1151 ;; Tracked objects:
  1152 ;;		On entry : 0/0
  1153 ;;		On exit  : 0/0
  1154 ;;		Unchanged: 0/0
  1155 ;; Data sizes:     COMMON   BANK0   BANK1   BANK2
  1156 ;;      Params:         1       0       0       0
  1157 ;;      Locals:         1       0       0       0
  1158 ;;      Temps:          2       0       0       0
  1159 ;;      Totals:         4       0       0       0
  1160 ;;Total ram usage:        4 bytes
  1161 ;; Hardware stack levels used:    1
  1162 ;; Hardware stack levels required when called:    1
  1163 ;; This function calls:
  1164 ;;		_shift_register
  1165 ;; This function is called by:
  1166 ;;		_set_digit
  1167 ;; This function uses a non-reentrant model
  1168 ;;
  1169                           
  1170                           
  1171                           ;psect for function _set_shift_pin
  1172  023B                     _set_shift_pin:	
  1173                           
  1174                           ;incstack = 0
  1175                           ; Regs used in _set_shift_pin: [wreg+status,2+status,0+pclath+cstack]
  1176                           ;set_shift_pin@pin_number stored from wreg
  1177  023B  00F7               	movwf	set_shift_pin@pin_number
  1178                           
  1179                           ;OneShiftRegisterSevenSegment.h: 67: if(value == 1)
  1180  023C  0374               	decf	set_shift_pin@value,w
  1181  023D  1D03               	btfss	3,2
  1182  023E  2A4C               	goto	i1l875
  1183                           
  1184                           ;OneShiftRegisterSevenSegment.h: 68: {
  1185                           ;OneShiftRegisterSevenSegment.h: 69: SHIFT_REG_DATA |= 1 << pin_number;
  1186  023F  3001               	movlw	1
  1187  0240  00F5               	movwf	??_set_shift_pin
  1188  0241  0A77               	incf	set_shift_pin@pin_number,w
  1189  0242  2A44               	goto	u48_24
  1190  0243                     u48_25:	
  1191  0243  35F5               	lslf	??_set_shift_pin,f
  1192  0244                     u48_24:	
  1193  0244  0B89               	decfsz	9,f
  1194  0245  2A43               	goto	u48_25
  1195  0246  0875               	movf	??_set_shift_pin,w
  1196  0247  00F6               	movwf	??_set_shift_pin+1
  1197  0248  0876               	movf	??_set_shift_pin+1,w
  1198  0249  0020               	movlb	0	; select bank0
  1199  024A  04BA               	iorwf	_SHIFT_REG_DATA,f
  1200                           
  1201                           ;OneShiftRegisterSevenSegment.h: 70: }
  1202  024B  2A5C               	goto	i1l879
  1203  024C                     i1l875:	
  1204                           
  1205                           ;OneShiftRegisterSevenSegment.h: 71: else if(value == 0)
  1206  024C  0874               	movf	set_shift_pin@value,w
  1207  024D  1D03               	btfss	3,2
  1208  024E  2A5C               	goto	i1l879
  1209                           
  1210                           ;OneShiftRegisterSevenSegment.h: 72: {
  1211                           ;OneShiftRegisterSevenSegment.h: 73: SHIFT_REG_DATA &= ~(1 << pin_number);
  1212  024F  3001               	movlw	1
  1213  0250  00F5               	movwf	??_set_shift_pin
  1214  0251  0A77               	incf	set_shift_pin@pin_number,w
  1215  0252  2A54               	goto	u50_24
  1216  0253                     u50_25:	
  1217  0253  35F5               	lslf	??_set_shift_pin,f
  1218  0254                     u50_24:	
  1219  0254  0B89               	decfsz	9,f
  1220  0255  2A53               	goto	u50_25
  1221  0256  0875               	movf	??_set_shift_pin,w
  1222  0257  3AFF               	xorlw	255
  1223  0258  00F6               	movwf	??_set_shift_pin+1
  1224  0259  0876               	movf	??_set_shift_pin+1,w
  1225  025A  0020               	movlb	0	; select bank0
  1226  025B  05BA               	andwf	_SHIFT_REG_DATA,f
  1227  025C                     i1l879:	
  1228                           
  1229                           ;OneShiftRegisterSevenSegment.h: 74: }
  1230                           ;OneShiftRegisterSevenSegment.h: 76: shift_register(SHIFT_REG_DATA);
  1231  025C  0020               	movlb	0	; select bank0
  1232  025D  083A               	movf	_SHIFT_REG_DATA,w
  1233  025E  3181  21C7         	fcall	_shift_register
  1234  0260  0008               	return
  1235  0261                     __end_of_set_shift_pin:	
  1236                           
  1237                           	psect	text6
  1238  01C7                     __ptext6:	
  1239 ;; *************** function _shift_register *****************
  1240 ;; Defined at:
  1241 ;;		line 22 in file "OneShiftRegisterSevenSegment.h"
  1242 ;; Parameters:    Size  Location     Type
  1243 ;;  data            1    wreg     unsigned char 
  1244 ;; Auto vars:     Size  Location     Type
  1245 ;;  data            1    1[COMMON] unsigned char 
  1246 ;;  a               2    2[COMMON] int 
  1247 ;; Return value:  Size  Location     Type
  1248 ;;                  1    wreg      void 
  1249 ;; Registers used:
  1250 ;;		wreg, status,2, status,0
  1251 ;; Tracked objects:
  1252 ;;		On entry : 0/0
  1253 ;;		On exit  : 0/0
  1254 ;;		Unchanged: 0/0
  1255 ;; Data sizes:     COMMON   BANK0   BANK1   BANK2
  1256 ;;      Params:         0       0       0       0
  1257 ;;      Locals:         3       0       0       0
  1258 ;;      Temps:          1       0       0       0
  1259 ;;      Totals:         4       0       0       0
  1260 ;;Total ram usage:        4 bytes
  1261 ;; Hardware stack levels used:    1
  1262 ;; This function calls:
  1263 ;;		Nothing
  1264 ;; This function is called by:
  1265 ;;		_set_shift_pin
  1266 ;; This function uses a non-reentrant model
  1267 ;;
  1268                           
  1269                           
  1270                           ;psect for function _shift_register
  1271  01C7                     _shift_register:	
  1272                           
  1273                           ;incstack = 0
  1274                           ; Regs used in _shift_register: [wreg+status,2+status,0]
  1275                           ;shift_register@data stored from wreg
  1276  01C7  00F1               	movwf	shift_register@data
  1277                           
  1278                           ;OneShiftRegisterSevenSegment.h: 27: for(int a=7; a >-1 ; a--)
  1279  01C8  3007               	movlw	7
  1280  01C9  00F2               	movwf	shift_register@a
  1281  01CA  3000               	movlw	0
  1282  01CB  00F3               	movwf	shift_register@a+1
  1283  01CC  1BF3               	btfsc	shift_register@a+1,7
  1284  01CD  29F4               	goto	i1l66
  1285  01CE                     i1l855:	
  1286                           
  1287                           ;OneShiftRegisterSevenSegment.h: 28: {
  1288                           ;OneShiftRegisterSevenSegment.h: 29: if((data >> a) & 0x1)
  1289  01CE  0871               	movf	shift_register@data,w
  1290  01CF  00F0               	movwf	??_shift_register
  1291  01D0  0A72               	incf	shift_register@a,w
  1292  01D1  29D3               	goto	u44_24
  1293  01D2                     u44_25:	
  1294  01D2  36F0               	lsrf	??_shift_register,f
  1295  01D3                     u44_24:	
  1296  01D3  0B89               	decfsz	9,f
  1297  01D4  29D2               	goto	u44_25
  1298  01D5  1C70               	btfss	??_shift_register,0
  1299  01D6  29E1               	goto	i1l67
  1300                           
  1301                           ;OneShiftRegisterSevenSegment.h: 30: {
  1302                           ;OneShiftRegisterSevenSegment.h: 32: RA0 = 0;
  1303  01D7  0020               	movlb	0	; select bank0
  1304  01D8  100C               	bcf	12,0	;volatile
  1305  01D9  0000               	nop	;# 
  1306                           
  1307                           ;OneShiftRegisterSevenSegment.h: 34: RA0 = 1;
  1308  01DA  0020               	movlb	0	; select bank0
  1309  01DB  140C               	bsf	12,0	;volatile
  1310                           
  1311                           ;OneShiftRegisterSevenSegment.h: 36: _delay((unsigned long)((20)*(8000000/4000000.0)));
  1312  01DC  300D               	movlw	13
  1313  01DD  00F0               	movwf	??_shift_register
  1314  01DE                     u92_27:	
  1315  01DE  0BF0               	decfsz	??_shift_register,f
  1316  01DF  29DE               	goto	u92_27
  1317                           
  1318                           ;OneShiftRegisterSevenSegment.h: 37: }
  1319  01E0  29EE               	goto	i1l68
  1320  01E1                     i1l67:	
  1321                           
  1322                           ;OneShiftRegisterSevenSegment.h: 38: else
  1323                           ;OneShiftRegisterSevenSegment.h: 39: {
  1324                           ;OneShiftRegisterSevenSegment.h: 41: RA0 = 0;
  1325  01E1  0020               	movlb	0	; select bank0
  1326  01E2  100C               	bcf	12,0	;volatile
  1327                           
  1328                           ;OneShiftRegisterSevenSegment.h: 43: _delay((unsigned long)((14)*(8000000/4000000.0)));
  1329  01E3  3009               	movlw	9
  1330  01E4  00F0               	movwf	??_shift_register
  1331  01E5                     u93_27:	
  1332  01E5  0BF0               	decfsz	??_shift_register,f
  1333  01E6  29E5               	goto	u93_27
  1334                           
  1335                           ;OneShiftRegisterSevenSegment.h: 45: RA0 = 1;
  1336  01E7  0020               	movlb	0	; select bank0
  1337  01E8  140C               	bsf	12,0	;volatile
  1338                           
  1339                           ;OneShiftRegisterSevenSegment.h: 47: _delay((unsigned long)((30)*(8000000/4000000.0)));
  1340  01E9  3013               	movlw	19
  1341  01EA  00F0               	movwf	??_shift_register
  1342  01EB                     u94_27:	
  1343  01EB  0BF0               	decfsz	??_shift_register,f
  1344  01EC  29EB               	goto	u94_27
  1345  01ED  3200               	nop2	;nop
  1346  01EE                     i1l68:	
  1347  01EE  30FF               	movlw	255
  1348  01EF  07F2               	addwf	shift_register@a,f
  1349  01F0  30FF               	movlw	255
  1350  01F1  3DF3               	addwfc	shift_register@a+1,f
  1351  01F2  1FF3               	btfss	shift_register@a+1,7
  1352  01F3  29CE               	goto	i1l855
  1353  01F4                     i1l66:	
  1354                           
  1355                           ;OneShiftRegisterSevenSegment.h: 49: }
  1356                           ;OneShiftRegisterSevenSegment.h: 52: }
  1357                           ;OneShiftRegisterSevenSegment.h: 54: RA0 = 0;
  1358  01F4  0020               	movlb	0	; select bank0
  1359  01F5  100C               	bcf	12,0	;volatile
  1360                           
  1361                           ;OneShiftRegisterSevenSegment.h: 56: _delay((unsigned long)((204)*(8000000/4000000.0)));
  1362  01F6  3087               	movlw	135
  1363  01F7  00F0               	movwf	??_shift_register
  1364  01F8                     u95_27:	
  1365  01F8  0BF0               	decfsz	??_shift_register,f
  1366  01F9  29F8               	goto	u95_27
  1367  01FA  3200               	nop2	;nop
  1368                           
  1369                           ;OneShiftRegisterSevenSegment.h: 58: RA0 = 1;
  1370  01FB  0020               	movlb	0	; select bank0
  1371  01FC  140C               	bsf	12,0	;volatile
  1372                           
  1373                           ;OneShiftRegisterSevenSegment.h: 60: _delay((unsigned long)((320)*(8000000/4000000.0)));
  1374  01FD  30D5               	movlw	213
  1375  01FE  00F0               	movwf	??_shift_register
  1376  01FF                     u96_27:	
  1377  01FF  0BF0               	decfsz	??_shift_register,f
  1378  0200  29FF               	goto	u96_27
  1379  0201  0008               	return
  1380  0202                     __end_of_shift_register:	
  1381                           
  1382                           	psect	text7
  1383  0182                     __ptext7:	
  1384 ;; *************** function ___awmod *****************
  1385 ;; Defined at:
  1386 ;;		line 6 in file "C:\Program Files (x86)\Microchip\xc8\v1.37\sources\common\awmod.c"
  1387 ;; Parameters:    Size  Location     Type
  1388 ;;  divisor         2    0[COMMON] int 
  1389 ;;  dividend        2    2[COMMON] int 
  1390 ;; Auto vars:     Size  Location     Type
  1391 ;;  sign            1    6[COMMON] unsigned char 
  1392 ;;  counter         1    5[COMMON] unsigned char 
  1393 ;; Return value:  Size  Location     Type
  1394 ;;                  2    0[COMMON] int 
  1395 ;; Registers used:
  1396 ;;		wreg, status,2, status,0
  1397 ;; Tracked objects:
  1398 ;;		On entry : 0/0
  1399 ;;		On exit  : 0/0
  1400 ;;		Unchanged: 0/0
  1401 ;; Data sizes:     COMMON   BANK0   BANK1   BANK2
  1402 ;;      Params:         4       0       0       0
  1403 ;;      Locals:         2       0       0       0
  1404 ;;      Temps:          1       0       0       0
  1405 ;;      Totals:         7       0       0       0
  1406 ;;Total ram usage:        7 bytes
  1407 ;; Hardware stack levels used:    1
  1408 ;; This function calls:
  1409 ;;		Nothing
  1410 ;; This function is called by:
  1411 ;;		_display_number
  1412 ;; This function uses a non-reentrant model
  1413 ;;
  1414                           
  1415                           
  1416                           ;psect for function ___awmod
  1417  0182                     ___awmod:	
  1418                           
  1419                           ;incstack = 0
  1420                           ; Regs used in ___awmod: [wreg+status,2+status,0]
  1421  0182  01F6               	clrf	___awmod@sign
  1422  0183  1FF3               	btfss	___awmod@dividend+1,7
  1423  0184  298C               	goto	i1l963
  1424  0185  09F2               	comf	___awmod@dividend,f
  1425  0186  09F3               	comf	___awmod@dividend+1,f
  1426  0187  0AF2               	incf	___awmod@dividend,f
  1427  0188  1903               	skipnz
  1428  0189  0AF3               	incf	___awmod@dividend+1,f
  1429  018A  01F6               	clrf	___awmod@sign
  1430  018B  0AF6               	incf	___awmod@sign,f
  1431  018C                     i1l963:	
  1432  018C  1FF1               	btfss	___awmod@divisor+1,7
  1433  018D  2993               	goto	i1l967
  1434  018E  09F0               	comf	___awmod@divisor,f
  1435  018F  09F1               	comf	___awmod@divisor+1,f
  1436  0190  0AF0               	incf	___awmod@divisor,f
  1437  0191  1903               	skipnz
  1438  0192  0AF1               	incf	___awmod@divisor+1,f
  1439  0193                     i1l967:	
  1440  0193  0870               	movf	___awmod@divisor,w
  1441  0194  0471               	iorwf	___awmod@divisor+1,w
  1442  0195  1903               	btfsc	3,2
  1443  0196  29BA               	goto	i1l985
  1444  0197  01F5               	clrf	___awmod@counter
  1445  0198  0AF5               	incf	___awmod@counter,f
  1446  0199                     i1l975:	
  1447  0199  1BF1               	btfsc	___awmod@divisor+1,7
  1448  019A  29A5               	goto	i1l977
  1449  019B  3001               	movlw	1
  1450  019C                     u69_25:	
  1451  019C  35F0               	lslf	___awmod@divisor,f
  1452  019D  0DF1               	rlf	___awmod@divisor+1,f
  1453  019E  0B89               	decfsz	9,f
  1454  019F  299C               	goto	u69_25
  1455  01A0  3001               	movlw	1
  1456  01A1  00F4               	movwf	??___awmod
  1457  01A2  0874               	movf	??___awmod,w
  1458  01A3  07F5               	addwf	___awmod@counter,f
  1459  01A4  2999               	goto	i1l975
  1460  01A5                     i1l977:	
  1461  01A5  0871               	movf	___awmod@divisor+1,w
  1462  01A6  0273               	subwf	___awmod@dividend+1,w
  1463  01A7  1D03               	skipz
  1464  01A8  29AB               	goto	u71_25
  1465  01A9  0870               	movf	___awmod@divisor,w
  1466  01AA  0272               	subwf	___awmod@dividend,w
  1467  01AB                     u71_25:	
  1468  01AB  1C03               	skipc
  1469  01AC  29B1               	goto	i1l981
  1470  01AD  0870               	movf	___awmod@divisor,w
  1471  01AE  02F2               	subwf	___awmod@dividend,f
  1472  01AF  0871               	movf	___awmod@divisor+1,w
  1473  01B0  3BF3               	subwfb	___awmod@dividend+1,f
  1474  01B1                     i1l981:	
  1475  01B1  3001               	movlw	1
  1476  01B2                     u72_25:	
  1477  01B2  36F1               	lsrf	___awmod@divisor+1,f
  1478  01B3  0CF0               	rrf	___awmod@divisor,f
  1479  01B4  0B89               	decfsz	9,f
  1480  01B5  29B2               	goto	u72_25
  1481  01B6  3001               	movlw	1
  1482  01B7  02F5               	subwf	___awmod@counter,f
  1483  01B8  1D03               	btfss	3,2
  1484  01B9  29A5               	goto	i1l977
  1485  01BA                     i1l985:	
  1486  01BA  0876               	movf	___awmod@sign,w
  1487  01BB  1903               	btfsc	3,2
  1488  01BC  29C2               	goto	i1l989
  1489  01BD  09F2               	comf	___awmod@dividend,f
  1490  01BE  09F3               	comf	___awmod@dividend+1,f
  1491  01BF  0AF2               	incf	___awmod@dividend,f
  1492  01C0  1903               	skipnz
  1493  01C1  0AF3               	incf	___awmod@dividend+1,f
  1494  01C2                     i1l989:	
  1495  01C2  0873               	movf	___awmod@dividend+1,w
  1496  01C3  00F1               	movwf	?___awmod+1
  1497  01C4  0872               	movf	___awmod@dividend,w
  1498  01C5  00F0               	movwf	?___awmod
  1499  01C6  0008               	return
  1500  01C7                     __end_of___awmod:	
  1501                           
  1502                           	psect	text8
  1503  00E5                     __ptext8:	
  1504 ;; *************** function ___awdiv *****************
  1505 ;; Defined at:
  1506 ;;		line 6 in file "C:\Program Files (x86)\Microchip\xc8\v1.37\sources\common\awdiv.c"
  1507 ;; Parameters:    Size  Location     Type
  1508 ;;  divisor         2    0[COMMON] int 
  1509 ;;  dividend        2    2[COMMON] int 
  1510 ;; Auto vars:     Size  Location     Type
  1511 ;;  quotient        2    7[COMMON] int 
  1512 ;;  sign            1    6[COMMON] unsigned char 
  1513 ;;  counter         1    5[COMMON] unsigned char 
  1514 ;; Return value:  Size  Location     Type
  1515 ;;                  2    0[COMMON] int 
  1516 ;; Registers used:
  1517 ;;		wreg, status,2, status,0
  1518 ;; Tracked objects:
  1519 ;;		On entry : 0/0
  1520 ;;		On exit  : 0/0
  1521 ;;		Unchanged: 0/0
  1522 ;; Data sizes:     COMMON   BANK0   BANK1   BANK2
  1523 ;;      Params:         4       0       0       0
  1524 ;;      Locals:         4       0       0       0
  1525 ;;      Temps:          1       0       0       0
  1526 ;;      Totals:         9       0       0       0
  1527 ;;Total ram usage:        9 bytes
  1528 ;; Hardware stack levels used:    1
  1529 ;; This function calls:
  1530 ;;		Nothing
  1531 ;; This function is called by:
  1532 ;;		_display_number
  1533 ;; This function uses a non-reentrant model
  1534 ;;
  1535                           
  1536                           
  1537                           ;psect for function ___awdiv
  1538  00E5                     ___awdiv:	
  1539                           
  1540                           ;incstack = 0
  1541                           ; Regs used in ___awdiv: [wreg+status,2+status,0]
  1542  00E5  01F6               	clrf	___awdiv@sign
  1543  00E6  1FF1               	btfss	___awdiv@divisor+1,7
  1544  00E7  28EF               	goto	i1l919
  1545  00E8  09F0               	comf	___awdiv@divisor,f
  1546  00E9  09F1               	comf	___awdiv@divisor+1,f
  1547  00EA  0AF0               	incf	___awdiv@divisor,f
  1548  00EB  1903               	skipnz
  1549  00EC  0AF1               	incf	___awdiv@divisor+1,f
  1550  00ED  01F6               	clrf	___awdiv@sign
  1551  00EE  0AF6               	incf	___awdiv@sign,f
  1552  00EF                     i1l919:	
  1553  00EF  1FF3               	btfss	___awdiv@dividend+1,7
  1554  00F0  28FA               	goto	i1l925
  1555  00F1  09F2               	comf	___awdiv@dividend,f
  1556  00F2  09F3               	comf	___awdiv@dividend+1,f
  1557  00F3  0AF2               	incf	___awdiv@dividend,f
  1558  00F4  1903               	skipnz
  1559  00F5  0AF3               	incf	___awdiv@dividend+1,f
  1560  00F6  3001               	movlw	1
  1561  00F7  00F4               	movwf	??___awdiv
  1562  00F8  0874               	movf	??___awdiv,w
  1563  00F9  06F6               	xorwf	___awdiv@sign,f
  1564  00FA                     i1l925:	
  1565  00FA  01F7               	clrf	___awdiv@quotient
  1566  00FB  01F8               	clrf	___awdiv@quotient+1
  1567  00FC  0870               	movf	___awdiv@divisor,w
  1568  00FD  0471               	iorwf	___awdiv@divisor+1,w
  1569  00FE  1903               	btfsc	3,2
  1570  00FF  2929               	goto	i1l947
  1571  0100  01F5               	clrf	___awdiv@counter
  1572  0101  0AF5               	incf	___awdiv@counter,f
  1573  0102                     i1l935:	
  1574  0102  1BF1               	btfsc	___awdiv@divisor+1,7
  1575  0103  290E               	goto	i1l937
  1576  0104  3001               	movlw	1
  1577  0105                     u59_25:	
  1578  0105  35F0               	lslf	___awdiv@divisor,f
  1579  0106  0DF1               	rlf	___awdiv@divisor+1,f
  1580  0107  0B89               	decfsz	9,f
  1581  0108  2905               	goto	u59_25
  1582  0109  3001               	movlw	1
  1583  010A  00F4               	movwf	??___awdiv
  1584  010B  0874               	movf	??___awdiv,w
  1585  010C  07F5               	addwf	___awdiv@counter,f
  1586  010D  2902               	goto	i1l935
  1587  010E                     i1l937:	
  1588  010E  3001               	movlw	1
  1589  010F                     u61_25:	
  1590  010F  35F7               	lslf	___awdiv@quotient,f
  1591  0110  0DF8               	rlf	___awdiv@quotient+1,f
  1592  0111  0B89               	decfsz	9,f
  1593  0112  290F               	goto	u61_25
  1594  0113  0871               	movf	___awdiv@divisor+1,w
  1595  0114  0273               	subwf	___awdiv@dividend+1,w
  1596  0115  1D03               	skipz
  1597  0116  2919               	goto	u62_25
  1598  0117  0870               	movf	___awdiv@divisor,w
  1599  0118  0272               	subwf	___awdiv@dividend,w
  1600  0119                     u62_25:	
  1601  0119  1C03               	skipc
  1602  011A  2920               	goto	i1l943
  1603  011B  0870               	movf	___awdiv@divisor,w
  1604  011C  02F2               	subwf	___awdiv@dividend,f
  1605  011D  0871               	movf	___awdiv@divisor+1,w
  1606  011E  3BF3               	subwfb	___awdiv@dividend+1,f
  1607  011F  1477               	bsf	___awdiv@quotient,0
  1608  0120                     i1l943:	
  1609  0120  3001               	movlw	1
  1610  0121                     u63_25:	
  1611  0121  36F1               	lsrf	___awdiv@divisor+1,f
  1612  0122  0CF0               	rrf	___awdiv@divisor,f
  1613  0123  0B89               	decfsz	9,f
  1614  0124  2921               	goto	u63_25
  1615  0125  3001               	movlw	1
  1616  0126  02F5               	subwf	___awdiv@counter,f
  1617  0127  1D03               	btfss	3,2
  1618  0128  290E               	goto	i1l937
  1619  0129                     i1l947:	
  1620  0129  0876               	movf	___awdiv@sign,w
  1621  012A  1903               	btfsc	3,2
  1622  012B  2931               	goto	i1l951
  1623  012C  09F7               	comf	___awdiv@quotient,f
  1624  012D  09F8               	comf	___awdiv@quotient+1,f
  1625  012E  0AF7               	incf	___awdiv@quotient,f
  1626  012F  1903               	skipnz
  1627  0130  0AF8               	incf	___awdiv@quotient+1,f
  1628  0131                     i1l951:	
  1629  0131  0878               	movf	___awdiv@quotient+1,w
  1630  0132  00F1               	movwf	?___awdiv+1
  1631  0133  0877               	movf	___awdiv@quotient,w
  1632  0134  00F0               	movwf	?___awdiv
  1633  0135  0008               	return
  1634  0136                     __end_of___awdiv:	
  1635  007E                     btemp	set	126	;btemp
  1636  007E                     int$flags	set	126
  1637  007E                     wtemp	set	126
  1638  007E                     wtemp0	set	126
  1639  0080                     wtemp1	set	128
  1640  0082                     wtemp2	set	130
  1641  0084                     wtemp3	set	132
  1642  0086                     wtemp4	set	134
  1643  0088                     wtemp5	set	136
  1644  007F                     wtemp6	set	127
  1645  007E                     ttemp	set	126
  1646  007E                     ttemp0	set	126
  1647  0081                     ttemp1	set	129
  1648  0084                     ttemp2	set	132
  1649  0087                     ttemp3	set	135
  1650  007F                     ttemp4	set	127
  1651  007E                     ltemp	set	126
  1652  007E                     ltemp0	set	126
  1653  0082                     ltemp1	set	130
  1654  0086                     ltemp2	set	134
  1655  0080                     ltemp3	set	128


Data Sizes:
    Strings     0
    Constant    0
    Data        11
    BSS         3
    Persistent  0
    Stack       0

Auto Spaces:
    Space          Size  Autos    Used
    COMMON           14     13      14
    BANK0            80     16      29
    BANK1            80      0       0
    BANK2            80      0       0

Pointer List with Targets:

    None.

Critical Paths under _main in COMMON

    None.

Critical Paths under _FNC in COMMON

    _FNC->_display_number
    _display_number->_set_digit
    _set_digit->___awdiv
    _set_shift_pin->_shift_register

Critical Paths under _main in BANK0

    _main->_DELAY

Critical Paths under _FNC in BANK0

    _FNC->_display_number
    _display_number->_set_digit

Critical Paths under _main in BANK1

    None.

Critical Paths under _FNC in BANK1

    None.

Critical Paths under _main in BANK2

    None.

Critical Paths under _FNC in BANK2

    None.

Call Graph Tables:

 ---------------------------------------------------------------------------------
 (Depth) Function   	        Calls       Base Space   Used Autos Params    Refs
 ---------------------------------------------------------------------------------
 (0) _main                                                 4     4      0      47
                                             12 BANK0      4     4      0
                              _DELAY
 ---------------------------------------------------------------------------------
 (1) _DELAY                                                4     4      0      46
                                              8 BANK0      4     4      0
 ---------------------------------------------------------------------------------
 Estimated maximum stack depth 1
 ---------------------------------------------------------------------------------
 (Depth) Function   	        Calls       Base Space   Used Autos Params    Refs
 ---------------------------------------------------------------------------------
 (2) _FNC                                                  2     2      0    1641
                                              6 BANK0      2     2      0
                     _display_number
 ---------------------------------------------------------------------------------
 (3) _display_number                                       4     4      0    1641
                                             12 COMMON     1     1      0
                                              3 BANK0      3     3      0
                            ___awdiv
                            ___awmod
                          _set_digit
 ---------------------------------------------------------------------------------
 (4) _set_digit                                            6     5      1     789
                                              9 COMMON     3     2      1
                                              0 BANK0      3     3      0
                            ___awdiv (ARG)
                            ___awmod (ARG)
                      _set_shift_pin
 ---------------------------------------------------------------------------------
 (5) _set_shift_pin                                        4     3      1     549
                                              4 COMMON     4     3      1
                     _shift_register
 ---------------------------------------------------------------------------------
 (6) _shift_register                                       4     4      0      90
                                              0 COMMON     4     4      0
 ---------------------------------------------------------------------------------
 (4) ___awmod                                              7     3      4     402
                                              0 COMMON     7     3      4
 ---------------------------------------------------------------------------------
 (4) ___awdiv                                              9     5      4     406
                                              0 COMMON     9     5      4
 ---------------------------------------------------------------------------------
 Estimated maximum stack depth 6
 ---------------------------------------------------------------------------------

 Call Graph Graphs:

 _main (ROOT)
   _DELAY

 _FNC (ROOT)
   _display_number
     ___awdiv
     ___awmod
     _set_digit
       ___awdiv (ARG)
       ___awmod (ARG)
       _set_shift_pin (ARG)
         _shift_register

 Address spaces:
Name               Size   Autos  Total    Cost      Usage
BIGRAM              F0      0       0       0        0.0%
EEDATA             100      0       0       0        0.0%
NULL                 0      0       0       0        0.0%
CODE                 0      0       0       0        0.0%
BITCOMMON            E      0       0       1        0.0%
BITSFR0              0      0       0       1        0.0%
SFR0                 0      0       0       1        0.0%
COMMON               E      D       E       2      100.0%
BITSFR1              0      0       0       2        0.0%
SFR1                 0      0       0       2        0.0%
BITSFR2              0      0       0       3        0.0%
SFR2                 0      0       0       3        0.0%
STACK                0      0       0       3        0.0%
BITSFR3              0      0       0       4        0.0%
SFR3                 0      0       0       4        0.0%
ABS                  0      0      2B       4        0.0%
BITBANK0            50      0       0       5        0.0%
BITSFR4              0      0       0       5        0.0%
SFR4                 0      0       0       5        0.0%
BANK0               50     10      1D       6       36.3%
BITSFR5              0      0       0       6        0.0%
SFR5                 0      0       0       6        0.0%
BITBANK1            50      0       0       7        0.0%
BITSFR6              0      0       0       7        0.0%
SFR6                 0      0       0       7        0.0%
BANK1               50      0       0       8        0.0%
BITSFR7              0      0       0       8        0.0%
SFR7                 0      0       0       8        0.0%
BITBANK2            50      0       0       9        0.0%
BITSFR8              0      0       0       9        0.0%
SFR8                 0      0       0       9        0.0%
BANK2               50      0       0      10        0.0%
BITSFR9              0      0       0      10        0.0%
SFR9                 0      0       0      10        0.0%
BITSFR10             0      0       0      11        0.0%
SFR10                0      0       0      11        0.0%
DATA                 0      0      2B      11        0.0%
BITSFR11             0      0       0      12        0.0%
SFR11                0      0       0      12        0.0%
BITSFR12             0      0       0      13        0.0%
SFR12                0      0       0      13        0.0%
BITSFR13             0      0       0      14        0.0%
SFR13                0      0       0      14        0.0%
BITSFR14             0      0       0      15        0.0%
SFR14                0      0       0      15        0.0%
BITSFR15             0      0       0      16        0.0%
SFR15                0      0       0      16        0.0%
BITSFR16             0      0       0      17        0.0%
SFR16                0      0       0      17        0.0%
BITSFR17             0      0       0      18        0.0%
SFR17                0      0       0      18        0.0%
BITSFR18             0      0       0      19        0.0%
SFR18                0      0       0      19        0.0%
BITSFR19             0      0       0      20        0.0%
SFR19                0      0       0      20        0.0%
BITSFR20             0      0       0      21        0.0%
SFR20                0      0       0      21        0.0%
BITSFR21             0      0       0      22        0.0%
SFR21                0      0       0      22        0.0%
BITSFR22             0      0       0      23        0.0%
SFR22                0      0       0      23        0.0%
BITSFR23             0      0       0      24        0.0%
SFR23                0      0       0      24        0.0%
BITSFR24             0      0       0      25        0.0%
SFR24                0      0       0      25        0.0%
BITSFR25             0      0       0      26        0.0%
SFR25                0      0       0      26        0.0%
BITSFR26             0      0       0      27        0.0%
SFR26                0      0       0      27        0.0%
BITSFR27             0      0       0      28        0.0%
SFR27                0      0       0      28        0.0%
BITSFR28             0      0       0      29        0.0%
SFR28                0      0       0      29        0.0%
BITSFR29             0      0       0      30        0.0%
SFR29                0      0       0      30        0.0%
BITSFR30             0      0       0      31        0.0%
SFR30                0      0       0      31        0.0%
BITSFR31             0      0       0      32        0.0%
SFR31                0      0       0      32        0.0%


Microchip Technology PIC Macro Assembler V1.37 build -260352376 
Symbol Table                                                                                   Sat Apr 25 13:56:26 2020

            __CFG_CP$OFF 0000             ___awdiv@sign 0076                      l124 0173  
                    _GIE 005F                      _FNC 0004                      _RA0 0060  
                    _RA5 0065             __CFG_CPD$OFF 0000                      u847 017A  
                    u857 026C   __end_of_display_number 023B             ___awmod@sign 0076  
           __CFG_BORV$LO 0000                      wreg 0009             __CFG_IESO$ON 0000  
           __CFG_LVP$OFF 0000                     ?_FNC 0070                     l1001 0264  
                   l1103 016C                     _PEIE 005E                     i1l66 01F4  
                   _SCS0 04C8                     i1l67 01E1                     _SCS1 04C9  
                   i1l68 01EE                     i1l99 0032                     _TMR1 0016  
set_shift_pin@pin_number 0077             __CFG_WRT$OFF 0000                     _main 0136  
                   fsr0h 0005                     fsr1h 0007                     fsr0l 0004  
                   indf1 0001                     fsr1l 0006                     btemp 007E  
                   ltemp 007E                     start 0054                     ttemp 007E  
                   wtemp 007E                    ??_FNC 0026                    ?_main 0070  
        __end_of___awdiv 0136            __CFG_WDTE$OFF 0000          __end_of___awmod 01C7  
                  _DELAY 0261          ___awdiv@divisor 0070                    _IOCAF 0393  
                  _IOCAN 0392                    _IOCAP 0391                    _IRCF0 04CB  
                  _IRCF1 04CC                    _IRCF2 04CD                    _IRCF3 04CE  
                  _IOCIE 005B                    _IOCIF 0058                    i1l108 004F  
                  i1l903 00C7                    i1l925 00FA                    i1l951 0131  
                  i1l943 0120                    i1l935 0102                    i1l919 00EF  
                  i1l855 01CE                    i1l937 010E                    i1l947 0129  
                  i1l963 018C                    i1l875 024C                    i1l981 01B1  
                  i1l885 0074                    i1l975 0199                    i1l967 0193  
                  i1l879 025C                    i1l895 00AB                    i1l977 01A5  
                  i1l985 01BA                    i1l989 01C2          ___awdiv@counter 0075  
                  u50_24 0254                    u50_25 0253                    _PORTA 000C  
                  u44_24 01D3                    u52_24 0079                    u44_25 01D2  
                  u52_25 0078                    u61_25 010F                    u62_25 0119  
                  u63_25 0121                    u71_25 01AB                    u48_24 0244  
                  u72_25 01B2                    u48_25 0243                    _TRISA 008C  
                  u90_27 00D6                    u59_25 0105                    u91_27 00E2  
                  u92_27 01DE                    u69_25 019C                    u93_27 01E5  
                  u94_27 01EB                    u86_27 0091                    u95_27 01F8  
                  u87_27 009F                    u96_27 01FF                    u88_27 00B8  
                  u89_27 00C4          ?_display_number 0070           __CFG_FCMEN$OFF 0000  
         __CFG_BOREN$OFF 0000                    ltemp0 007E                    ltemp1 0082  
                  ltemp2 0086                    ltemp3 0080                    ttemp0 007E  
                  ttemp1 0081                    ttemp2 0084                    ttemp3 0087  
                  ttemp4 007F                    status 0003                    wtemp0 007E  
                  wtemp1 0080                    wtemp2 0082                    wtemp3 0084  
                  wtemp4 0086                    wtemp5 0088                    wtemp6 007F  
         __CFG_MCLRE$OFF 0000          __initialization 0056             __end_of_main 0182  
                 DELAY@k 002B                   ??_main 002C                   ?_DELAY 0070  
         __CFG_PLLEN$OFF 0000         ___awdiv@dividend 0072                   _ANSELA 018C  
                 _IOCAP3 1C8B                   i1l1021 0026                   i1l1019 0022  
                 i1l1045 004C                   i1l1039 0043                   _TMR1GE 00CF  
                 _TMR1IE 0488                   _TMR1IF 0088    set_digit@digit_number 0020  
                 _TMR1ON 00C0                   _SPLLEN 04CF                   _TRISA0 0460  
         __CFG_PWRTE$OFF 0000                ??___awdiv 0074                ??___awmod 0074  
       ___awdiv@quotient 0077          ___awmod@divisor 0070          ___awmod@counter 0075  
           __pdataCOMMON 007D  __end_of__initialization 0068            __end_of_DELAY 0277  
         __pcstackCOMMON 0070             __pidataBANK0 0277  __size_of_shift_register 003B  
    display_number@rakam 007C                  ??_DELAY 0028    __end_of_set_shift_pin 0261  
             __pbssBANK0 003A               __pmaintext 0136               __pintentry 0004  
       ??_display_number 0023           set_digit@value 0079       __size_of_set_digit 0079  
                _T1CKPS0 00C4                  _T1CKPS1 00C5                  _TMR1CS0 00C6  
                _TMR1CS1 00C7                  ___awdiv 00E5                  ___awmod 0182  
        __CFG_STVREN$OFF 0000                  __ptext1 0261                  __ptext3 0202  
                __ptext4 006C                  __ptext5 023B                  __ptext6 01C7  
                __ptext7 0182                  __ptext8 00E5             __size_of_FNC 0050  
       ___awmod@dividend 0072     end_of_initialization 0068                  init_ram 0281  
      __end_of_set_digit 00E5                  initloop 0282           _shift_register 01C7  
       __CFG_FOSC$INTOSC 0000   __end_of_shift_register 0202            __pidataCOMMON 0287  
    start_initialization 0056              __end_of_FNC 0054             _count_status 007D  
        ?_shift_register 0070              __pdataBANK0 0030                ___latbits 0001  
          __pcstackBANK0 0020   __size_of_set_shift_pin 0026                 ?___awdiv 0070  
               ?___awmod 0070           __size_of_DELAY 0016       shift_register@data 0071  
             set_digit@i 0021                _set_digit 006C              DELAY@number 002A  
              main@rakam 002F            _set_shift_pin 023B  __size_of_display_number 0039  
     set_shift_pin@value 0074             _second_count 003B               ?_set_digit 0079  
       __size_of___awdiv 0051         __size_of___awmod 0045           ?_set_shift_pin 0074  
       ??_shift_register 0070            __size_of_main 004C                 _rakamlar 0030  
               int$flags 007E                 intlevel1 0000        __CFG_CLKOUTEN$OFF 0000  
            ??_set_digit 007A           _SHIFT_REG_DATA 003A          ??_set_shift_pin 0075  
        shift_register@a 0072           _display_number 0202              _timer_count 003C  
