

Microchip Technology PIC18 LITE Macro Assembler V1.37 build -260352376 
                                                                                               Mon Mar 23 14:08:28 2020

Microchip Technology Omniscient Code Generator v1.37 (Free mode) build 201603110536
     1                           	processor	18F2550
     2                           	fnconf	rparam,??,?,0
     3                           	opt	pw 120
     4                           	opt	lm
     5                           	psect	cinit,global,reloc=2,class=CODE,delta=1
     6                           	psect	bssCOMRAM,global,class=COMRAM,space=1,delta=1
     7                           	psect	cstackCOMRAM,global,class=COMRAM,space=1,delta=1
     8                           	psect	text0,global,reloc=2,class=CODE,delta=1
     9                           	psect	text1,global,reloc=2,class=CODE,delta=1
    10                           	psect	text2,global,reloc=2,class=CODE,delta=1
    11                           	psect	text3,global,reloc=2,class=CODE,delta=1
    12                           	psect	text4,global,reloc=2,class=CODE,delta=1
    13                           	psect	intsave_regs,global,class=BIGRAM,space=1,delta=1
    14                           	psect	rparam,global,class=COMRAM,space=1,delta=1
    15  0000                     _INTSRC	set	31967
    16  0000                     _RB0	set	31752
    17  0000                     _RB1	set	31753
    18  0000                     _RC0	set	31760
    19  0000                     _TRISB0	set	31896
    20  0000                     _TRISB1	set	31897
    21  0000                     _TRISC0	set	31904
    22  0000                     _PIR1bits	set	3998
    23  0000                     _SSPADD	set	4040
    24  0000                     _SSPBUF	set	4041
    25  0000                     _SSPCON1	set	4038
    26  0000                     _SSPCON1bits	set	4038
    27  0000                     _SSPCON2bits	set	4037
    28  0000                     _SSPSTAT	set	4039
    29  0000                     _SSPSTATbits	set	4039
    30  0000                     _IRCF0	set	32412
    31  0000                     _IRCF1	set	32413
    32  0000                     _IRCF2	set	32414
    33                           
    34                           ; #config settings
    35  0000                     
    36                           	psect	cinit
    37  007C28                     __pcinit:
    38                           	opt stack 0
    39  007C28                     start_initialization:
    40                           	opt stack 0
    41  007C28                     __initialization:
    42                           	opt stack 0
    43                           
    44                           ; Clear objects allocated to COMRAM (14 bytes)
    45  007C28  EE00  F001         	lfsr	0,__pbssCOMRAM
    46  007C2C  0E0E               	movlw	14
    47  007C2E                     clear_0:
    48  007C2E  6AEE               	clrf	postinc0,c
    49  007C30  06E8               	decf	wreg,f,c
    50  007C32  E1FD               	bnz	clear_0
    51  007C34                     end_of_initialization:
    52                           	opt stack 0
    53  007C34                     __end_of__initialization:
    54                           	opt stack 0
    55  007C34  0100               	movlb	0
    56  007C36  EF5A  F03E         	goto	_main	;jump to C main() function
    57                           postinc0	equ	0xFEE
    58                           wreg	equ	0xFE8
    59                           
    60                           	psect	bssCOMRAM
    61  000001                     __pbssCOMRAM:
    62                           	opt stack 0
    63  000001                     _time_array:
    64                           	opt stack 0
    65  000001                     	ds	3
    66  000004                     _dakika:
    67                           	opt stack 0
    68  000004                     	ds	1
    69  000005                     _saat:
    70                           	opt stack 0
    71  000005                     	ds	1
    72  000006                     _saniye:
    73                           	opt stack 0
    74  000006                     	ds	1
    75  000007                     _t_i:
    76                           	opt stack 0
    77  000007                     	ds	1
    78  000008                     _unnecessary:
    79                           	opt stack 0
    80  000008                     	ds	1
    81  000009                     _zaman:
    82                           	opt stack 0
    83  000009                     	ds	6
    84                           postinc0	equ	0xFEE
    85                           wreg	equ	0xFE8
    86                           
    87                           	psect	cstackCOMRAM
    88  00000F                     __pcstackCOMRAM:
    89                           	opt stack 0
    90  00000F                     ??_wait:
    91  00000F                     ??_I2C_initialize:
    92  00000F                     ??_I2C_Start:
    93  00000F                     
    94                           ; 1 bytes @ 0x0
    95  00000F                     	ds	1
    96  000010                     wait@val:
    97                           	opt stack 0
    98                           
    99                           ; 1 bytes @ 0x1
   100  000010                     	ds	1
   101  000011                     wait@k:
   102                           	opt stack 0
   103                           
   104                           ; 1 bytes @ 0x2
   105  000011                     	ds	1
   106  000012                     ??_main:
   107                           
   108                           ; 1 bytes @ 0x3
   109  000012                     	ds	1
   110                           postinc0	equ	0xFEE
   111                           wreg	equ	0xFE8
   112                           
   113 ;;
   114 ;;Main: autosize = 0, tempsize = 1, incstack = 0, save=0
   115 ;;
   116 ;; *************** function _main *****************
   117 ;; Defined at:
   118 ;;		line 77 in file "PIC18F2550I2C.c"
   119 ;; Parameters:    Size  Location     Type
   120 ;;		None
   121 ;; Auto vars:     Size  Location     Type
   122 ;;		None
   123 ;; Return value:  Size  Location     Type
   124 ;;                  1    wreg      void 
   125 ;; Registers used:
   126 ;;		wreg, status,2, status,0, cstack
   127 ;; Tracked objects:
   128 ;;		On entry : 0/0
   129 ;;		On exit  : 0/0
   130 ;;		Unchanged: 0/0
   131 ;; Data sizes:     COMRAM   BANK0   BANK1   BANK2   BANK3   BANK4   BANK5   BANK6   BANK7
   132 ;;      Params:         0       0       0       0       0       0       0       0       0
   133 ;;      Locals:         0       0       0       0       0       0       0       0       0
   134 ;;      Temps:          1       0       0       0       0       0       0       0       0
   135 ;;      Totals:         1       0       0       0       0       0       0       0       0
   136 ;;Total ram usage:        1 bytes
   137 ;; Hardware stack levels required when called:    1
   138 ;; This function calls:
   139 ;;		_I2C_Start
   140 ;;		_I2C_Stop
   141 ;;		_I2C_initialize
   142 ;;		_wait
   143 ;; This function is called by:
   144 ;;		Startup code after reset
   145 ;; This function uses a non-reentrant model
   146 ;;
   147                           
   148                           	psect	text0
   149  007CB4                     __ptext0:
   150                           	opt stack 0
   151  007CB4                     _main:
   152                           	opt stack 30
   153                           
   154                           ;PIC18F2550I2C.c: 80: INTSRC = 1;
   155                           
   156                           ;incstack = 0
   157  007CB4  8E9B               	bsf	3995,7,c	;volatile
   158                           
   159                           ;PIC18F2550I2C.c: 85: _delay((unsigned long)((5)*(8000000UL/4000.0)));
   160  007CB6  0E0D               	movlw	13
   161  007CB8  6E12               	movwf	??_main& (0+255),c
   162  007CBA  0EFC               	movlw	252
   163  007CBC                     u207:
   164  007CBC  2EE8               	decfsz	wreg,f,c
   165  007CBE  D7FE               	goto	u207
   166  007CC0  2E12               	decfsz	??_main& (0+255),f,c
   167  007CC2  D7FC               	goto	u207
   168                           
   169                           ;PIC18F2550I2C.c: 90: IRCF2 = 1;
   170  007CC4  8CD3               	bsf	4051,6,c	;volatile
   171                           
   172                           ;PIC18F2550I2C.c: 91: IRCF1 = 1;
   173  007CC6  8AD3               	bsf	4051,5,c	;volatile
   174                           
   175                           ;PIC18F2550I2C.c: 92: IRCF0 = 1;
   176  007CC8  88D3               	bsf	4051,4,c	;volatile
   177                           
   178                           ;PIC18F2550I2C.c: 93: I2C_initialize();
   179  007CCA  EC3E  F03E         	call	_I2C_initialize	;wreg free
   180                           
   181                           ;PIC18F2550I2C.c: 95: _delay((unsigned long)((10)*(8000000UL/4000.0)));
   182  007CCE  0E1A               	movlw	26
   183  007CD0  6E12               	movwf	??_main& (0+255),c
   184  007CD2  0EF8               	movlw	248
   185  007CD4                     u217:
   186  007CD4  2EE8               	decfsz	wreg,f,c
   187  007CD6  D7FE               	goto	u217
   188  007CD8  2E12               	decfsz	??_main& (0+255),f,c
   189  007CDA  D7FC               	goto	u217
   190  007CDC  D000               	nop2	
   191                           
   192                           ;PIC18F2550I2C.c: 96: wait(50);
   193  007CDE  0E32               	movlw	50
   194  007CE0  EC2C  F03E         	call	_wait
   195                           
   196                           ;PIC18F2550I2C.c: 97: TRISC0 = 0;
   197  007CE4  9094               	bcf	3988,0,c	;volatile
   198  007CE6                     l896:
   199                           
   200                           ;PIC18F2550I2C.c: 99: {
   201                           ;PIC18F2550I2C.c: 101: I2C_Start();
   202  007CE6  EC1D  F03E         	call	_I2C_Start	;wreg free
   203                           
   204                           ;PIC18F2550I2C.c: 103: I2C_Stop();
   205  007CEA  EC0F  F03E         	call	_I2C_Stop	;wreg free
   206                           
   207                           ;PIC18F2550I2C.c: 108: RC0 = ~RC0;
   208  007CEE  B082               	btfsc	3970,0,c	;volatile
   209  007CF0  D002               	goto	u180
   210  007CF2  8082               	bsf	3970,0,c	;volatile
   211  007CF4  D001               	goto	l902
   212  007CF6                     u180:
   213  007CF6  9082               	bcf	3970,0,c	;volatile
   214  007CF8                     l902:
   215                           
   216                           ;PIC18F2550I2C.c: 109: wait(100);
   217  007CF8  0E64               	movlw	100
   218  007CFA  EC2C  F03E         	call	_wait
   219  007CFE  D7F3               	goto	l896
   220  007D00                     __end_of_main:
   221                           	opt stack 0
   222                           postinc0	equ	0xFEE
   223                           wreg	equ	0xFE8
   224                           
   225 ;; *************** function _wait *****************
   226 ;; Defined at:
   227 ;;		line 69 in file "PIC18F2550I2C.c"
   228 ;; Parameters:    Size  Location     Type
   229 ;;  val             1    wreg     unsigned char 
   230 ;; Auto vars:     Size  Location     Type
   231 ;;  val             1    1[COMRAM] unsigned char 
   232 ;;  k               1    2[COMRAM] unsigned char 
   233 ;; Return value:  Size  Location     Type
   234 ;;                  1    wreg      void 
   235 ;; Registers used:
   236 ;;		wreg, status,2, status,0, cstack
   237 ;; Tracked objects:
   238 ;;		On entry : 0/0
   239 ;;		On exit  : 0/0
   240 ;;		Unchanged: 0/0
   241 ;; Data sizes:     COMRAM   BANK0   BANK1   BANK2   BANK3   BANK4   BANK5   BANK6   BANK7
   242 ;;      Params:         0       0       0       0       0       0       0       0       0
   243 ;;      Locals:         2       0       0       0       0       0       0       0       0
   244 ;;      Temps:          1       0       0       0       0       0       0       0       0
   245 ;;      Totals:         3       0       0       0       0       0       0       0       0
   246 ;;Total ram usage:        3 bytes
   247 ;; Hardware stack levels used:    1
   248 ;; This function calls:
   249 ;;		Nothing
   250 ;; This function is called by:
   251 ;;		_main
   252 ;; This function uses a non-reentrant model
   253 ;;
   254                           
   255                           	psect	text1
   256  007C58                     __ptext1:
   257                           	opt stack 0
   258  007C58                     _wait:
   259                           	opt stack 30
   260                           
   261                           ;incstack = 0
   262                           ;wait@val stored from wreg
   263  007C58  6E10               	movwf	wait@val,c
   264                           
   265                           ;PIC18F2550I2C.c: 72: for(byte k = 0; k < val; k++)_delay((unsigned long)((10)*(8000000U
      +                          L/4000.0)));
   266  007C5A  0E00               	movlw	0
   267  007C5C  6E11               	movwf	wait@k,c
   268  007C5E  D009               	goto	l762
   269  007C60                     l758:
   270  007C60  0E1A               	movlw	26
   271  007C62  6E0F               	movwf	??_wait& (0+255),c
   272  007C64  0EF8               	movlw	248
   273  007C66                     u227:
   274  007C66  2EE8               	decfsz	wreg,f,c
   275  007C68  D7FE               	goto	u227
   276  007C6A  2E0F               	decfsz	??_wait& (0+255),f,c
   277  007C6C  D7FC               	goto	u227
   278  007C6E  D000               	nop2	
   279  007C70  2A11               	incf	wait@k,f,c
   280  007C72                     l762:
   281  007C72  5010               	movf	wait@val,w,c
   282  007C74  5C11               	subwf	wait@k,w,c
   283  007C76  B0D8               	btfsc	status,0,c
   284  007C78  0012               	return	
   285  007C7A  D7F2               	goto	l758
   286  007C7C                     __end_of_wait:
   287                           	opt stack 0
   288                           postinc0	equ	0xFEE
   289                           wreg	equ	0xFE8
   290                           status	equ	0xFD8
   291                           
   292 ;; *************** function _I2C_initialize *****************
   293 ;; Defined at:
   294 ;;		line 150 in file "I2C.h"
   295 ;; Parameters:    Size  Location     Type
   296 ;;		None
   297 ;; Auto vars:     Size  Location     Type
   298 ;;		None
   299 ;; Return value:  Size  Location     Type
   300 ;;                  1    wreg      void 
   301 ;; Registers used:
   302 ;;		wreg, status,2
   303 ;; Tracked objects:
   304 ;;		On entry : 0/0
   305 ;;		On exit  : 0/0
   306 ;;		Unchanged: 0/0
   307 ;; Data sizes:     COMRAM   BANK0   BANK1   BANK2   BANK3   BANK4   BANK5   BANK6   BANK7
   308 ;;      Params:         0       0       0       0       0       0       0       0       0
   309 ;;      Locals:         0       0       0       0       0       0       0       0       0
   310 ;;      Temps:          1       0       0       0       0       0       0       0       0
   311 ;;      Totals:         1       0       0       0       0       0       0       0       0
   312 ;;Total ram usage:        1 bytes
   313 ;; Hardware stack levels used:    1
   314 ;; This function calls:
   315 ;;		Nothing
   316 ;; This function is called by:
   317 ;;		_main
   318 ;; This function uses a non-reentrant model
   319 ;;
   320                           
   321                           	psect	text2
   322  007C7C                     __ptext2:
   323                           	opt stack 0
   324  007C7C                     _I2C_initialize:
   325                           	opt stack 30
   326                           
   327                           ;I2C.h: 160: TRISB1 = 1;
   328                           
   329                           ;incstack = 0
   330  007C7C  8293               	bsf	3987,1,c	;volatile
   331                           
   332                           ;I2C.h: 161: TRISB0 = 1;
   333  007C7E  8093               	bsf	3987,0,c	;volatile
   334                           
   335                           ;I2C.h: 162: RB1 = RB0 = 0;
   336  007C80  9081               	bcf	3969,0,c	;volatile
   337  007C82  9281               	bcf	3969,1,c	;volatile
   338                           
   339                           ;I2C.h: 164: SSPCON1bits.SSPM3 = 1;
   340  007C84  86C6               	bsf	4038,3,c	;volatile
   341                           
   342                           ;I2C.h: 165: SSPCON1bits.SSPM2 = 0;
   343  007C86  94C6               	bcf	4038,2,c	;volatile
   344                           
   345                           ;I2C.h: 166: SSPCON1bits.SSPM1 = 0;
   346  007C88  92C6               	bcf	4038,1,c	;volatile
   347                           
   348                           ;I2C.h: 167: SSPCON1bits.SSPM0 = 0;
   349  007C8A  90C6               	bcf	4038,0,c	;volatile
   350                           
   351                           ;I2C.h: 197: SSPSTATbits.SMP = 1;
   352  007C8C  8EC7               	bsf	4039,7,c	;volatile
   353                           
   354                           ;I2C.h: 198: SSPSTATbits.CKE = 0;
   355  007C8E  9CC7               	bcf	4039,6,c	;volatile
   356                           
   357                           ;I2C.h: 199: SSPADD = 19;
   358  007C90  0E13               	movlw	19
   359  007C92  6EC8               	movwf	4040,c	;volatile
   360                           
   361                           ;I2C.h: 204: SSPSTAT = 0x80;
   362  007C94  0E80               	movlw	128
   363  007C96  6EC7               	movwf	4039,c	;volatile
   364                           
   365                           ;I2C.h: 206: SSPCON1 = 0x28;
   366  007C98  0E28               	movlw	40
   367  007C9A  6EC6               	movwf	4038,c	;volatile
   368                           
   369                           ;I2C.h: 208: SSPADD = 0x13;
   370  007C9C  0E13               	movlw	19
   371  007C9E  6EC8               	movwf	4040,c	;volatile
   372                           
   373                           ;I2C.h: 211: SSPCON1bits.SSPEN = 1 ;
   374  007CA0  8AC6               	bsf	4038,5,c	;volatile
   375                           
   376                           ;I2C.h: 212: PIR1bits.SSPIF = 0;
   377  007CA2  969E               	bcf	3998,3,c	;volatile
   378                           
   379                           ;I2C.h: 213: _delay((unsigned long)((5)*(8000000UL/4000.0)));
   380  007CA4  0E0D               	movlw	13
   381  007CA6  6E0F               	movwf	??_I2C_initialize& (0+255),c
   382  007CA8  0EFC               	movlw	252
   383  007CAA                     u237:
   384  007CAA  2EE8               	decfsz	wreg,f,c
   385  007CAC  D7FE               	goto	u237
   386  007CAE  2E0F               	decfsz	??_I2C_initialize& (0+255),f,c
   387  007CB0  D7FC               	goto	u237
   388  007CB2  0012               	return		;funcret
   389  007CB4                     __end_of_I2C_initialize:
   390                           	opt stack 0
   391                           postinc0	equ	0xFEE
   392                           wreg	equ	0xFE8
   393                           status	equ	0xFD8
   394                           
   395 ;; *************** function _I2C_Stop *****************
   396 ;; Defined at:
   397 ;;		line 390 in file "I2C.h"
   398 ;; Parameters:    Size  Location     Type
   399 ;;		None
   400 ;; Auto vars:     Size  Location     Type
   401 ;;		None
   402 ;; Return value:  Size  Location     Type
   403 ;;                  1    wreg      void 
   404 ;; Registers used:
   405 ;;		None
   406 ;; Tracked objects:
   407 ;;		On entry : 0/0
   408 ;;		On exit  : 0/0
   409 ;;		Unchanged: 0/0
   410 ;; Data sizes:     COMRAM   BANK0   BANK1   BANK2   BANK3   BANK4   BANK5   BANK6   BANK7
   411 ;;      Params:         0       0       0       0       0       0       0       0       0
   412 ;;      Locals:         0       0       0       0       0       0       0       0       0
   413 ;;      Temps:          0       0       0       0       0       0       0       0       0
   414 ;;      Totals:         0       0       0       0       0       0       0       0       0
   415 ;;Total ram usage:        0 bytes
   416 ;; Hardware stack levels used:    1
   417 ;; This function calls:
   418 ;;		Nothing
   419 ;; This function is called by:
   420 ;;		_main
   421 ;;		_DS1307_shared_get
   422 ;;		_DS1307_set_shared
   423 ;; This function uses a non-reentrant model
   424 ;;
   425                           
   426                           	psect	text3
   427  007C1E                     __ptext3:
   428                           	opt stack 0
   429  007C1E                     _I2C_Stop:
   430                           	opt stack 30
   431                           
   432                           ;I2C.h: 392: SSPCON2bits.PEN = 1;
   433                           
   434                           ;incstack = 0
   435  007C1E  84C5               	bsf	4037,2,c	;volatile
   436  007C20                     l92:
   437  007C20  B4C5               	btfsc	4037,2,c	;volatile
   438  007C22  D7FE               	goto	l92
   439                           
   440                           ;I2C.h: 395: PIR1bits.SSPIF = 0;
   441  007C24  969E               	bcf	3998,3,c	;volatile
   442  007C26  0012               	return		;funcret
   443  007C28                     __end_of_I2C_Stop:
   444                           	opt stack 0
   445                           postinc0	equ	0xFEE
   446                           wreg	equ	0xFE8
   447                           status	equ	0xFD8
   448                           
   449 ;; *************** function _I2C_Start *****************
   450 ;; Defined at:
   451 ;;		line 225 in file "I2C.h"
   452 ;; Parameters:    Size  Location     Type
   453 ;;		None
   454 ;; Auto vars:     Size  Location     Type
   455 ;;		None
   456 ;; Return value:  Size  Location     Type
   457 ;;                  1    wreg      void 
   458 ;; Registers used:
   459 ;;		wreg
   460 ;; Tracked objects:
   461 ;;		On entry : 0/0
   462 ;;		On exit  : 0/0
   463 ;;		Unchanged: 0/0
   464 ;; Data sizes:     COMRAM   BANK0   BANK1   BANK2   BANK3   BANK4   BANK5   BANK6   BANK7
   465 ;;      Params:         0       0       0       0       0       0       0       0       0
   466 ;;      Locals:         0       0       0       0       0       0       0       0       0
   467 ;;      Temps:          1       0       0       0       0       0       0       0       0
   468 ;;      Totals:         1       0       0       0       0       0       0       0       0
   469 ;;Total ram usage:        1 bytes
   470 ;; Hardware stack levels used:    1
   471 ;; This function calls:
   472 ;;		Nothing
   473 ;; This function is called by:
   474 ;;		_main
   475 ;;		_DS1307_shared_get
   476 ;;		_DS1307_set_shared
   477 ;; This function uses a non-reentrant model
   478 ;;
   479                           
   480                           	psect	text4
   481  007C3A                     __ptext4:
   482                           	opt stack 0
   483  007C3A                     _I2C_Start:
   484                           	opt stack 30
   485                           
   486                           ;I2C.h: 227: SSPCON2bits.SEN = 1;
   487                           
   488                           ;incstack = 0
   489  007C3A  80C5               	bsf	4037,0,c	;volatile
   490  007C3C                     l50:
   491  007C3C  B0C5               	btfsc	4037,0,c	;volatile
   492  007C3E  D7FE               	goto	l50
   493  007C40                     l53:
   494  007C40  A6C7               	btfss	4039,3,c	;volatile
   495  007C42  D7FE               	goto	l53
   496                           
   497                           ;I2C.h: 233: SSPSTATbits.S = 0;
   498  007C44  96C7               	bcf	4039,3,c	;volatile
   499                           
   500                           ;I2C.h: 234: PIR1bits.SSPIF = 0;
   501  007C46  969E               	bcf	3998,3,c	;volatile
   502                           
   503                           ;I2C.h: 235: _delay((unsigned long)((20)*(8000000UL/4000.0)));
   504  007C48  0E34               	movlw	52
   505  007C4A  6E0F               	movwf	??_I2C_Start& (0+255),c
   506  007C4C  0EF2               	movlw	242
   507  007C4E                     u247:
   508  007C4E  2EE8               	decfsz	wreg,f,c
   509  007C50  D7FE               	goto	u247
   510  007C52  2E0F               	decfsz	??_I2C_Start& (0+255),f,c
   511  007C54  D7FC               	goto	u247
   512  007C56  0012               	return		;funcret
   513  007C58                     __end_of_I2C_Start:
   514                           	opt stack 0
   515  0000                     postinc0	equ	0xFEE
   516                           wreg	equ	0xFE8
   517                           status	equ	0xFD8
   518                           postinc0	equ	0xFEE
   519                           wreg	equ	0xFE8
   520                           status	equ	0xFD8
   521                           
   522                           	psect	rparam
   523  0000                     postinc0	equ	0xFEE
   524                           wreg	equ	0xFE8
   525                           status	equ	0xFD8


Data Sizes:
    Strings     0
    Constant    0
    Data        0
    BSS         14
    Persistent  0
    Stack       0

Auto Spaces:
    Space          Size  Autos    Used
    COMRAM           95      4      18
    BANK0           160      0       0
    BANK1           256      0       0
    BANK2           256      0       0
    BANK3           239      0       0
    BANK4           256      0       0
    BANK5           256      0       0
    BANK6           256      0       0
    BANK7           256      0       0

Pointer List with Targets:

    None.

Critical Paths under _main in COMRAM

    _main->_wait

Critical Paths under _main in BANK0

    None.

Critical Paths under _main in BANK1

    None.

Critical Paths under _main in BANK2

    None.

Critical Paths under _main in BANK3

    None.

Critical Paths under _main in BANK4

    None.

Critical Paths under _main in BANK5

    None.

Critical Paths under _main in BANK6

    None.

Critical Paths under _main in BANK7

    None.

Call Graph Tables:

 ---------------------------------------------------------------------------------
 (Depth) Function   	        Calls       Base Space   Used Autos Params    Refs
 ---------------------------------------------------------------------------------
 (0) _main                                                 1     1      0      30
                                              3 COMRAM     1     1      0
                          _I2C_Start
                           _I2C_Stop
                     _I2C_initialize
                               _wait
 ---------------------------------------------------------------------------------
 (1) _wait                                                 3     3      0      30
                                              0 COMRAM     3     3      0
 ---------------------------------------------------------------------------------
 (1) _I2C_initialize                                       1     1      0       0
                                              0 COMRAM     1     1      0
 ---------------------------------------------------------------------------------
 (1) _I2C_Stop                                             0     0      0       0
 ---------------------------------------------------------------------------------
 (1) _I2C_Start                                            1     1      0       0
                                              0 COMRAM     1     1      0
 ---------------------------------------------------------------------------------
 Estimated maximum stack depth 1
 ---------------------------------------------------------------------------------

 Call Graph Graphs:

 _main (ROOT)
   _I2C_Start
   _I2C_Stop
   _I2C_initialize
   _wait

 Address spaces:
Name               Size   Autos  Total    Cost      Usage
BIGRAM_1           400      0       0      21        0.0%
BIGRAM             3EE      0       0      22        0.0%
EEDATA             100      0       0       0        0.0%
BITBANK7           100      0       0      19        0.0%
BANK7              100      0       0      20        0.0%
BITBANK6           100      0       0      17        0.0%
BANK6              100      0       0      18        0.0%
BITBANK5           100      0       0      15        0.0%
BANK5              100      0       0      16        0.0%
BITBANK4           100      0       0      13        0.0%
BANK4              100      0       0      14        0.0%
BITBANK2           100      0       0       8        0.0%
BANK2              100      0       0       9        0.0%
BITBANK1           100      0       0       6        0.0%
BANK1              100      0       0       7        0.0%
BITBANK3            EF      0       0      12        0.0%
BANK3               EF      0       0      10        0.0%
BITBANK0            A0      0       0       4        0.0%
BANK0               A0      0       0       5        0.0%
BITCOMRAM           5F      0       0       0        0.0%
COMRAM              5F      4      12       1       18.9%
BITSFR_5             0      0       0      40        0.0%
SFR_5                0      0       0      40        0.0%
BITSFR_4             0      0       0      40        0.0%
SFR_4                0      0       0      40        0.0%
BITSFR_3             0      0       0      40        0.0%
SFR_3                0      0       0      40        0.0%
BITSFR_2             0      0       0      40        0.0%
SFR_2                0      0       0      40        0.0%
BITSFR_1             0      0       0      40        0.0%
SFR_1                0      0       0      40        0.0%
BITSFR               0      0       0      40        0.0%
SFR                  0      0       0      40        0.0%
STACK                0      0       0       2        0.0%
NULL                 0      0       0       0        0.0%
ABS                  0      0      12      11        0.0%
DATA                 0      0      12       3        0.0%
CODE                 0      0       0       0        0.0%


Microchip Technology PIC18 Macro Assembler V1.37 build -260352376 
Symbol Table                                                                                   Mon Mar 23 14:08:28 2020

     __size_of_I2C_Start 001E              _SSPSTATbits 000FC7                       l50 7C3C  
                     l53 7C40                       l92 7C20              __CFG_BOR$ON 000000  
            __CFG_BORV$3 000000             __CFG_CP0$OFF 000000             __CFG_CP1$OFF 000000  
           __CFG_CP2$OFF 000000             __CFG_CP3$OFF 000000              __CFG_LVP$ON 000000  
                    l902 7CF8                      l762 7C72                      l758 7C60  
                    l896 7CE6             __CFG_CPB$OFF 000000                      _RB0 007C08  
                    _RB1 007C09                      _RC0 007C10                      u207 7CBC  
                    u217 7CD4                      u227 7C66                      u180 7CF6  
                    u237 7CAA                      u247 7C4E             __CFG_CPD$OFF 000000  
            _unnecessary 0008                      _t_i 0007                      wreg 000FE8  
           __CFG_IESO$ON 000000             __CFG_WDT$OFF 000000                     _main 7CB4  
                   _saat 0005                     _wait 7C58         __end_of_I2C_Stop 7C28  
                   start 0002         ??_I2C_initialize 000F             ___param_bank 000010  
          __CFG_PLLDIV$1 000000           __CFG_CCP2MX$ON 000000                    ?_main 000F  
                  ?_wait 000F                    _IRCF0 007E9C                    _IRCF1 007E9D  
                  _IRCF2 007E9E            __CFG_USBDIV$2 000000            __CFG_PWRT$OFF 000000  
          __CFG_WRT0$OFF 000000            __CFG_WRT1$OFF 000000            __CFG_WRT2$OFF 000000  
          __CFG_WRT3$OFF 000000           __CFG_EBTR0$OFF 000000           __CFG_FCMEN$OFF 000000  
         __CFG_EBTR1$OFF 000000           __CFG_EBTR2$OFF 000000           __CFG_EBTR3$OFF 000000  
          __CFG_WRTB$OFF 000000            __CFG_WRTC$OFF 000000            __CFG_WRTD$OFF 000000  
         __CFG_EBTRB$OFF 000000                    _zaman 0009        __end_of_I2C_Start 7C58  
                  wait@k 0011                    status 000FD8           __CFG_PBADEN$ON 000000  
         __CFG_MCLRE$OFF 000000          __initialization 7C28             __end_of_main 7D00  
           __end_of_wait 7C7C                   ??_main 0012                   ??_wait 000F  
          __activetblptr 000000                   _INTSRC 007CDF                   _SSPADD 000FC8  
                 _TRISB0 007C98                   _TRISB1 007C99                   _TRISC0 007CA0  
                 _SSPBUF 000FC9           __CFG_XINST$OFF 000000                   _dakika 0004  
         __CFG_STVREN$ON 000000                   clear_0 7C2E                   _saniye 0006  
              ?_I2C_Stop 000F               __accesstop 0060  __end_of__initialization 7C34  
          ___rparam_used 000001           __pcstackCOMRAM 000F               ??_I2C_Stop 000F  
                _SSPCON1 000FC6                  _SSPSTAT 000FC7          __CFG_VREGEN$OFF 000000  
              _I2C_Start 7C3A                  __Hparam 0000                  __Lparam 0000  
                __pcinit 7C28                  __ramtop 0800                  __ptext0 7CB4  
                __ptext1 7C58                  __ptext2 7C7C                  __ptext3 7C1E  
                __ptext4 7C3A     end_of_initialization 7C34               ?_I2C_Start 000F  
                wait@val 0010                  postinc0 000FEE               _time_array 0001  
__size_of_I2C_initialize 0038        __size_of_I2C_Stop 000A      start_initialization 7C28  
            ??_I2C_Start 000F         __CFG_LPT1OSC$OFF 000000              __pbssCOMRAM 0001  
         _I2C_initialize 7C7C                 _I2C_Stop 7C1E                 _PIR1bits 000F9E  
       __CFG_WDTPS$32768 000000   __end_of_I2C_initialize 7CB4                 __Hrparam 0000  
               __Lrparam 0000          ?_I2C_initialize 000F    __CFG_FOSC$INTOSCIO_EC 000000  
          __size_of_main 004C            __size_of_wait 0024    __CFG_CPUDIV$OSC1_PLL2 000000  
            _SSPCON1bits 000FC6              _SSPCON2bits 000FC5  
